2020-11-09 16:25:42,075 Reading the input fasta file: /2/scratch/keaton/plague-phylogeography/results/snippy_multi/all/snippy-core_chromosome.snps.filter2.aln.tmp
2020-11-09 16:25:42,145 Reading alignment length...
2020-11-09 16:25:42,146 Alignment length: 12922
2020-11-09 16:25:42,147 Reading alignment sample names...
2020-11-09 16:25:42,148 Number of samples: 540
2020-11-09 16:25:42,149 Analyzing alignment for sites with >=0.98 samples with data...
2020-11-09 16:25:42,697 5% Complete
2020-11-09 16:25:42,993 10% Complete
2020-11-09 16:25:43,281 15% Complete
2020-11-09 16:25:43,555 20% Complete
2020-11-09 16:25:43,891 25% Complete
2020-11-09 16:25:44,176 30% Complete
2020-11-09 16:25:44,448 35% Complete
2020-11-09 16:25:44,726 40% Complete
2020-11-09 16:25:45,007 45% Complete
2020-11-09 16:25:45,271 50% Complete
2020-11-09 16:25:45,566 55% Complete
2020-11-09 16:25:45,858 60% Complete
2020-11-09 16:25:46,179 65% Complete
2020-11-09 16:25:46,497 70% Complete
2020-11-09 16:25:46,827 75% Complete
2020-11-09 16:25:47,178 80% Complete
2020-11-09 16:25:47,500 85% Complete
2020-11-09 16:25:47,976 90% Complete
2020-11-09 16:25:48,384 95% Complete
2020-11-09 16:25:48,816 100% Complete
2020-11-09 16:25:48,816 Creating the filtered multiple alignment..
2020-11-09 16:25:48,865 Writing to the output fasta file: /2/scratch/keaton/plague-phylogeography/results/snippy_multi/all/snippy-core_chromosome.snps.filter2.aln
2020-11-09 16:25:48,869 Parsimony informative sites: 4832 (37%)
2020-11-09 16:25:48,869 Biallelic singleton sites: 8020 (62%)
2020-11-09 16:25:48,869 Multiallelic singleton sites: 41 (0%)
2020-11-09 16:25:48,869 Pseudo singleton sites: 29 (0%)
2020-11-09 16:25:48,869 Total singleton sites: 8090 (62%)
2020-11-09 16:25:48,869 Sites passing missing data filter: 218
2020-11-09 16:25:48,869 Sites failing missing data filter: 4614
2020-11-09 16:25:48,869 Wrote a multi-fasta alignment of length: 218
