
0.00	-TreeAnc: set-up
Assigned discrete traits to 496 out of 523 taxa.


0.27	-SequenceData: loaded alignment.

0.27	-SeqData: making compressed alignment...

0.28	-SequenceData: constructed compressed alignment...

0.30	-TreeAnc.infer_ancestral_sequences with method: ml, marginal
0.30	--TreeAnc._ml_anc_marginal: type of reconstruction: Marginal
0.30	---Attaching sequence profiles to leafs...
0.31	---Postorder: computing likelihoods...
22.72	---Computing root node sequence and total tree likelihood...
22.72	---Preorder: computing marginal profiles...
33.61	---TreeAnc._ml_anc_marginal: ...done
33.81	--TreeAnc.infer_gtr: counting mutations...
48.47	---TreeAnc.infer_gtr: counting mutations...done

48.48	-GTR: with alphabet: ['A', 'B', 'C', 'D', 'E', 'F', 'G', 'H', 'I', 'J',
     	 'K', 'L', 'M', 'N', 'O', 'P', 'Q', 'R', 'S', 'T', 'U', 'V', 'W', 'X',
     	 'Y', 'Z', '[', '\\', ']', '^', '_', '`', 'a', 'b', 'c', 'd', 'e', 'f',
     	 'g', 'h', 'i', 'j', 'k', 'l', 'm', 'n', 'o', 'p', 'q', 'r', 's', 't',
     	 'u', 'v', 'w', 'x', 'y', 'z', '{', '|', '}', '~', '\x7f', '\x80', '\x81',
     	 '\x82', '\x83', '\x84', '\x85', '\x86', '\x87', '\x88', '\x89', '\x8a',
     	 '\x8b', '\x8c', '\x8d', '\x8e', '\x8f', '\x90', '\x91', '\x92', '\x93',
     	 '\x94', '\x95', '\x96', '\x97', '\x98', '\x99', '\x9a', '\x9b', '\x9c',
     	 '\x9d', '\x9e', '\x9f', '\xa0', '¡', '¢', '£', '¤']
48.48	--GTR: ambiguous character: ¥
48.48	----GTR: no gap symbol!
48.48	---GTR: init with dummy values!

48.72	-GTR: model inference
48.72	---GTR inference iteration 0 change: 0.1
48.74	---GTR inference iteration 1 change: 0.0027747331674518078
48.74	---GTR inference iteration 2 change: 3.589989932820437e-05
48.88	--TreeAnc._ml_anc_marginal: type of reconstruction: Marginal
48.88	---Attaching sequence profiles to leafs...
48.92	---Postorder: computing likelihoods...
67.82	---Computing root node sequence and total tree likelihood...
67.82	---Preorder: computing marginal profiles...
83.04	---TreeAnc._ml_anc_marginal: ...done
83.50	---Attaching sequence profiles to leafs...
83.52	---Postorder: computing likelihoods...
99.85	---Computing root node sequence and total tree likelihood...
99.86	---Attaching sequence profiles to leafs...
99.87	---Postorder: computing likelihoods...
120.32	---Computing root node sequence and total tree likelihood...
120.43	---Attaching sequence profiles to leafs...
120.45	---Postorder: computing likelihoods...
140.34	---Computing root node sequence and total tree likelihood...
140.44	---Attaching sequence profiles to leafs...
140.44	---Postorder: computing likelihoods...
154.33	---Computing root node sequence and total tree likelihood...
154.34	---Attaching sequence profiles to leafs...
154.34	---Postorder: computing likelihoods...
167.83	---Computing root node sequence and total tree likelihood...
167.84	---Attaching sequence profiles to leafs...
167.85	---Postorder: computing likelihoods...
183.46	---Computing root node sequence and total tree likelihood...
183.55	---Attaching sequence profiles to leafs...
183.57	---Postorder: computing likelihoods...
199.17	---Computing root node sequence and total tree likelihood...
199.23	---Attaching sequence profiles to leafs...
199.24	---Postorder: computing likelihoods...
217.72	---Computing root node sequence and total tree likelihood...
217.78	---Attaching sequence profiles to leafs...
217.83	---Postorder: computing likelihoods...
234.55	---Computing root node sequence and total tree likelihood...
234.60	---Attaching sequence profiles to leafs...
234.61	---Postorder: computing likelihoods...
249.74	---Computing root node sequence and total tree likelihood...
249.81	---Attaching sequence profiles to leafs...
249.82	---Postorder: computing likelihoods...
258.96	---Computing root node sequence and total tree likelihood...
258.97	---Attaching sequence profiles to leafs...
259.01	---Postorder: computing likelihoods...
266.55	---Computing root node sequence and total tree likelihood...
266.62	---Attaching sequence profiles to leafs...
266.63	---Postorder: computing likelihoods...
283.83	---Computing root node sequence and total tree likelihood...
283.94	---Attaching sequence profiles to leafs...
283.95	---Postorder: computing likelihoods...
299.75	---Computing root node sequence and total tree likelihood...
299.77	---Attaching sequence profiles to leafs...
299.77	---Postorder: computing likelihoods...
309.72	---Computing root node sequence and total tree likelihood...
309.82	---Attaching sequence profiles to leafs...
309.83	---Postorder: computing likelihoods...
325.63	---Computing root node sequence and total tree likelihood...
325.71	---Attaching sequence profiles to leafs...
325.73	---Postorder: computing likelihoods...
340.36	---Computing root node sequence and total tree likelihood...
340.55	---Attaching sequence profiles to leafs...
340.56	---Postorder: computing likelihoods...
351.61	---Computing root node sequence and total tree likelihood...
351.64	---Attaching sequence profiles to leafs...
351.65	---Postorder: computing likelihoods...
359.11	---Computing root node sequence and total tree likelihood...
359.13	---Attaching sequence profiles to leafs...
359.14	---Postorder: computing likelihoods...
368.62	---Computing root node sequence and total tree likelihood...
368.63	---Attaching sequence profiles to leafs...
368.64	---Postorder: computing likelihoods...
374.41	---Computing root node sequence and total tree likelihood...
374.44	---Attaching sequence profiles to leafs...
374.46	---Postorder: computing likelihoods...
381.83	---Computing root node sequence and total tree likelihood...
381.84	---Attaching sequence profiles to leafs...
381.85	---Postorder: computing likelihoods...
386.16	---Computing root node sequence and total tree likelihood...
386.31	---Attaching sequence profiles to leafs...
386.33	---Postorder: computing likelihoods...
393.22	---Computing root node sequence and total tree likelihood...
393.23	---Attaching sequence profiles to leafs...
393.24	---Postorder: computing likelihoods...
401.73	---Computing root node sequence and total tree likelihood...
401.74	---Attaching sequence profiles to leafs...
401.81	---Postorder: computing likelihoods...
410.14	---Computing root node sequence and total tree likelihood...
410.15	---Attaching sequence profiles to leafs...
410.16	---Postorder: computing likelihoods...
415.76	---Computing root node sequence and total tree likelihood...
415.82	---Attaching sequence profiles to leafs...
415.83	---Postorder: computing likelihoods...
423.23	---Computing root node sequence and total tree likelihood...
423.25	---Attaching sequence profiles to leafs...
423.26	---Postorder: computing likelihoods...
427.52	---Computing root node sequence and total tree likelihood...

427.55	-treeanc:optimize_gtr_rate: optimization successful. Overall rate
      	 estimated to be 163.359967
427.55	--TreeAnc.infer_gtr: counting mutations...
436.34	---TreeAnc.infer_gtr: counting mutations...done

436.34	-GTR: with alphabet: ['A', 'B', 'C', 'D', 'E', 'F', 'G', 'H', 'I', 'J',
      	 'K', 'L', 'M', 'N', 'O', 'P', 'Q', 'R', 'S', 'T', 'U', 'V', 'W', 'X',
      	 'Y', 'Z', '[', '\\', ']', '^', '_', '`', 'a', 'b', 'c', 'd', 'e', 'f',
      	 'g', 'h', 'i', 'j', 'k', 'l', 'm', 'n', 'o', 'p', 'q', 'r', 's', 't',
      	 'u', 'v', 'w', 'x', 'y', 'z', '{', '|', '}', '~', '\x7f', '\x80',
      	 '\x81', '\x82', '\x83', '\x84', '\x85', '\x86', '\x87', '\x88', '\x89',
      	 '\x8a', '\x8b', '\x8c', '\x8d', '\x8e', '\x8f', '\x90', '\x91', '\x92',
      	 '\x93', '\x94', '\x95', '\x96', '\x97', '\x98', '\x99', '\x9a', '\x9b',
      	 '\x9c', '\x9d', '\x9e', '\x9f', '\xa0', '¡', '¢', '£', '¤']
436.34	--GTR: ambiguous character: ¥
436.34	----GTR: no gap symbol!
436.34	---GTR: init with dummy values!

436.35	-GTR: model inference
436.35	---GTR inference iteration 0 change: 0.1
436.35	---GTR inference iteration 1 change: 0.0029259412937508423
436.35	---GTR inference iteration 2 change: 3.672735251665012e-05
436.41	---Attaching sequence profiles to leafs...
436.42	---Postorder: computing likelihoods...
447.06	---Computing root node sequence and total tree likelihood...
447.12	---Attaching sequence profiles to leafs...
447.14	---Postorder: computing likelihoods...
451.06	---Computing root node sequence and total tree likelihood...
451.12	---Attaching sequence profiles to leafs...
451.13	---Postorder: computing likelihoods...
456.71	---Computing root node sequence and total tree likelihood...
456.72	---Attaching sequence profiles to leafs...
456.73	---Postorder: computing likelihoods...
462.41	---Computing root node sequence and total tree likelihood...
462.42	---Attaching sequence profiles to leafs...
462.43	---Postorder: computing likelihoods...
465.73	---Computing root node sequence and total tree likelihood...
465.75	---Attaching sequence profiles to leafs...
465.76	---Postorder: computing likelihoods...
477.96	---Computing root node sequence and total tree likelihood...
478.26	---Attaching sequence profiles to leafs...
478.28	---Postorder: computing likelihoods...
490.51	---Computing root node sequence and total tree likelihood...
490.54	---Attaching sequence profiles to leafs...
490.55	---Postorder: computing likelihoods...
498.85	---Computing root node sequence and total tree likelihood...
498.93	---Attaching sequence profiles to leafs...
498.94	---Postorder: computing likelihoods...
504.95	---Computing root node sequence and total tree likelihood...
504.96	---Attaching sequence profiles to leafs...
505.01	---Postorder: computing likelihoods...
513.81	---Computing root node sequence and total tree likelihood...
513.96	---Attaching sequence profiles to leafs...
513.96	---Postorder: computing likelihoods...
521.43	---Computing root node sequence and total tree likelihood...
521.45	---Attaching sequence profiles to leafs...
521.46	---Postorder: computing likelihoods...
526.71	---Computing root node sequence and total tree likelihood...
526.72	---Attaching sequence profiles to leafs...
526.73	---Postorder: computing likelihoods...
531.93	---Computing root node sequence and total tree likelihood...
531.94	---Attaching sequence profiles to leafs...
531.96	---Postorder: computing likelihoods...
537.91	---Computing root node sequence and total tree likelihood...
537.93	---Attaching sequence profiles to leafs...
537.95	---Postorder: computing likelihoods...
554.96	---Computing root node sequence and total tree likelihood...
555.03	---Attaching sequence profiles to leafs...
555.04	---Postorder: computing likelihoods...
570.58	---Computing root node sequence and total tree likelihood...
570.75	---Attaching sequence profiles to leafs...
570.80	---Postorder: computing likelihoods...
584.15	---Computing root node sequence and total tree likelihood...
584.22	---Attaching sequence profiles to leafs...
584.23	---Postorder: computing likelihoods...
591.14	---Computing root node sequence and total tree likelihood...

591.15	-treeanc:optimize_gtr_rate: optimization successful. Overall rate
      	 estimated to be 163.149457
591.15	--TreeAnc.infer_gtr: counting mutations...
601.74	---TreeAnc.infer_gtr: counting mutations...done

601.74	-GTR: with alphabet: ['A', 'B', 'C', 'D', 'E', 'F', 'G', 'H', 'I', 'J',
      	 'K', 'L', 'M', 'N', 'O', 'P', 'Q', 'R', 'S', 'T', 'U', 'V', 'W', 'X',
      	 'Y', 'Z', '[', '\\', ']', '^', '_', '`', 'a', 'b', 'c', 'd', 'e', 'f',
      	 'g', 'h', 'i', 'j', 'k', 'l', 'm', 'n', 'o', 'p', 'q', 'r', 's', 't',
      	 'u', 'v', 'w', 'x', 'y', 'z', '{', '|', '}', '~', '\x7f', '\x80',
      	 '\x81', '\x82', '\x83', '\x84', '\x85', '\x86', '\x87', '\x88', '\x89',
      	 '\x8a', '\x8b', '\x8c', '\x8d', '\x8e', '\x8f', '\x90', '\x91', '\x92',
      	 '\x93', '\x94', '\x95', '\x96', '\x97', '\x98', '\x99', '\x9a', '\x9b',
      	 '\x9c', '\x9d', '\x9e', '\x9f', '\xa0', '¡', '¢', '£', '¤']
601.75	--GTR: ambiguous character: ¥
601.75	----GTR: no gap symbol!
601.75	---GTR: init with dummy values!

601.81	-GTR: model inference
601.81	---GTR inference iteration 0 change: 0.1
601.81	---GTR inference iteration 1 change: 0.002937495098505435
601.82	---GTR inference iteration 2 change: 3.689726010899072e-05
601.84	---Attaching sequence profiles to leafs...
601.85	---Postorder: computing likelihoods...
609.44	---Computing root node sequence and total tree likelihood...
609.45	---Attaching sequence profiles to leafs...
609.52	---Postorder: computing likelihoods...
625.04	---Computing root node sequence and total tree likelihood...
625.12	---Attaching sequence profiles to leafs...
625.14	---Postorder: computing likelihoods...
640.76	---Computing root node sequence and total tree likelihood...
640.83	---Attaching sequence profiles to leafs...
640.85	---Postorder: computing likelihoods...
649.61	---Computing root node sequence and total tree likelihood...
649.71	---Attaching sequence profiles to leafs...
649.73	---Postorder: computing likelihoods...
676.30	---Computing root node sequence and total tree likelihood...
676.38	---Attaching sequence profiles to leafs...
676.39	---Postorder: computing likelihoods...
697.37	---Computing root node sequence and total tree likelihood...
697.39	---Attaching sequence profiles to leafs...
697.42	---Postorder: computing likelihoods...
716.46	---Computing root node sequence and total tree likelihood...
716.82	---Attaching sequence profiles to leafs...
716.83	---Postorder: computing likelihoods...
745.17	---Computing root node sequence and total tree likelihood...
745.28	---Attaching sequence profiles to leafs...
745.29	---Postorder: computing likelihoods...
770.65	---Computing root node sequence and total tree likelihood...
770.75	---Attaching sequence profiles to leafs...
770.76	---Postorder: computing likelihoods...
792.18	---Computing root node sequence and total tree likelihood...
792.34	---Attaching sequence profiles to leafs...
792.36	---Postorder: computing likelihoods...
815.26	---Computing root node sequence and total tree likelihood...
815.42	---Attaching sequence profiles to leafs...
815.44	---Postorder: computing likelihoods...
831.48	---Computing root node sequence and total tree likelihood...
831.67	---Attaching sequence profiles to leafs...
831.69	---Postorder: computing likelihoods...
846.93	---Computing root node sequence and total tree likelihood...
846.95	---Attaching sequence profiles to leafs...
846.96	---Postorder: computing likelihoods...
857.75	---Computing root node sequence and total tree likelihood...
857.82	---Attaching sequence profiles to leafs...
857.83	---Postorder: computing likelihoods...
873.74	---Computing root node sequence and total tree likelihood...
873.85	---Attaching sequence profiles to leafs...
873.86	---Postorder: computing likelihoods...
889.32	---Computing root node sequence and total tree likelihood...
889.34	---Attaching sequence profiles to leafs...
889.36	---Postorder: computing likelihoods...
898.52	---Computing root node sequence and total tree likelihood...
898.72	---Attaching sequence profiles to leafs...
898.72	---Postorder: computing likelihoods...
906.45	---Computing root node sequence and total tree likelihood...
906.46	---Attaching sequence profiles to leafs...
906.47	---Postorder: computing likelihoods...
911.12	---Computing root node sequence and total tree likelihood...

911.13	-treeanc:optimize_gtr_rate: optimization successful. Overall rate
      	 estimated to be 163.126767
911.13	--TreeAnc.infer_gtr: counting mutations...
923.77	---TreeAnc.infer_gtr: counting mutations...done

923.78	-GTR: with alphabet: ['A', 'B', 'C', 'D', 'E', 'F', 'G', 'H', 'I', 'J',
      	 'K', 'L', 'M', 'N', 'O', 'P', 'Q', 'R', 'S', 'T', 'U', 'V', 'W', 'X',
      	 'Y', 'Z', '[', '\\', ']', '^', '_', '`', 'a', 'b', 'c', 'd', 'e', 'f',
      	 'g', 'h', 'i', 'j', 'k', 'l', 'm', 'n', 'o', 'p', 'q', 'r', 's', 't',
      	 'u', 'v', 'w', 'x', 'y', 'z', '{', '|', '}', '~', '\x7f', '\x80',
      	 '\x81', '\x82', '\x83', '\x84', '\x85', '\x86', '\x87', '\x88', '\x89',
      	 '\x8a', '\x8b', '\x8c', '\x8d', '\x8e', '\x8f', '\x90', '\x91', '\x92',
      	 '\x93', '\x94', '\x95', '\x96', '\x97', '\x98', '\x99', '\x9a', '\x9b',
      	 '\x9c', '\x9d', '\x9e', '\x9f', '\xa0', '¡', '¢', '£', '¤']
923.78	--GTR: ambiguous character: ¥
923.78	----GTR: no gap symbol!
923.78	---GTR: init with dummy values!

923.83	-GTR: model inference
923.83	---GTR inference iteration 0 change: 0.1
923.85	---GTR inference iteration 1 change: 0.00293972644226107
923.86	---GTR inference iteration 2 change: 3.693351716219129e-05
924.12	---Attaching sequence profiles to leafs...
924.15	---Postorder: computing likelihoods...
938.20	---Computing root node sequence and total tree likelihood...
938.54	---Attaching sequence profiles to leafs...
938.56	---Postorder: computing likelihoods...
961.51	---Computing root node sequence and total tree likelihood...
961.63	---Attaching sequence profiles to leafs...
961.64	---Postorder: computing likelihoods...
976.45	---Computing root node sequence and total tree likelihood...
976.56	---Attaching sequence profiles to leafs...
976.57	---Postorder: computing likelihoods...
1000.22	---Computing root node sequence and total tree likelihood...
1000.27	---Attaching sequence profiles to leafs...
1000.31	---Postorder: computing likelihoods...
1017.56	---Computing root node sequence and total tree likelihood...
1017.63	---Attaching sequence profiles to leafs...
1017.64	---Postorder: computing likelihoods...
1037.03	---Computing root node sequence and total tree likelihood...
1037.14	---Attaching sequence profiles to leafs...
1037.15	---Postorder: computing likelihoods...
1057.41	---Computing root node sequence and total tree likelihood...
1057.44	---Attaching sequence profiles to leafs...
1057.45	---Postorder: computing likelihoods...
1067.74	---Computing root node sequence and total tree likelihood...
1067.83	---Attaching sequence profiles to leafs...
1067.84	---Postorder: computing likelihoods...
1085.61	---Computing root node sequence and total tree likelihood...
1085.65	---Attaching sequence profiles to leafs...
1085.66	---Postorder: computing likelihoods...
1094.41	---Computing root node sequence and total tree likelihood...
1094.42	---Attaching sequence profiles to leafs...
1094.43	---Postorder: computing likelihoods...
1110.86	---Computing root node sequence and total tree likelihood...
1110.92	---Attaching sequence profiles to leafs...
1110.93	---Postorder: computing likelihoods...
1127.53	---Computing root node sequence and total tree likelihood...
1127.55	---Attaching sequence profiles to leafs...
1127.61	---Postorder: computing likelihoods...
1138.83	---Computing root node sequence and total tree likelihood...
1138.85	---Attaching sequence profiles to leafs...
1138.86	---Postorder: computing likelihoods...
1147.02	---Computing root node sequence and total tree likelihood...
1147.04	---Attaching sequence profiles to leafs...
1147.05	---Postorder: computing likelihoods...
1157.81	---Computing root node sequence and total tree likelihood...
1157.84	---Attaching sequence profiles to leafs...
1157.85	---Postorder: computing likelihoods...
1164.62	---Computing root node sequence and total tree likelihood...
1164.62	---Attaching sequence profiles to leafs...
1164.63	---Postorder: computing likelihoods...
1171.45	---Computing root node sequence and total tree likelihood...
1171.53	---Attaching sequence profiles to leafs...
1171.54	---Postorder: computing likelihoods...
1181.61	---Computing root node sequence and total tree likelihood...
1181.62	---Attaching sequence profiles to leafs...
1181.62	---Postorder: computing likelihoods...
1186.33	---Computing root node sequence and total tree likelihood...
1186.34	---Attaching sequence profiles to leafs...
1186.35	---Postorder: computing likelihoods...
1196.35	---Computing root node sequence and total tree likelihood...

1196.43	-treeanc:optimize_gtr_rate: optimization successful. Overall rate
       	 estimated to be 163.121318
1196.43	--TreeAnc.infer_gtr: counting mutations...
1214.93	---TreeAnc.infer_gtr: counting mutations...done

1214.93	-GTR: with alphabet: ['A', 'B', 'C', 'D', 'E', 'F', 'G', 'H', 'I', 'J',
       	 'K', 'L', 'M', 'N', 'O', 'P', 'Q', 'R', 'S', 'T', 'U', 'V', 'W', 'X',
       	 'Y', 'Z', '[', '\\', ']', '^', '_', '`', 'a', 'b', 'c', 'd', 'e', 'f',
       	 'g', 'h', 'i', 'j', 'k', 'l', 'm', 'n', 'o', 'p', 'q', 'r', 's', 't',
       	 'u', 'v', 'w', 'x', 'y', 'z', '{', '|', '}', '~', '\x7f', '\x80',
       	 '\x81', '\x82', '\x83', '\x84', '\x85', '\x86', '\x87', '\x88', '\x89',
       	 '\x8a', '\x8b', '\x8c', '\x8d', '\x8e', '\x8f', '\x90', '\x91', '\x92',
       	 '\x93', '\x94', '\x95', '\x96', '\x97', '\x98', '\x99', '\x9a', '\x9b',
       	 '\x9c', '\x9d', '\x9e', '\x9f', '\xa0', '¡', '¢', '£', '¤']
1214.93	--GTR: ambiguous character: ¥
1214.93	----GTR: no gap symbol!
1214.94	---GTR: init with dummy values!

1215.16	-GTR: model inference
1215.16	---GTR inference iteration 0 change: 0.1
1215.17	---GTR inference iteration 1 change: 0.0029401897317446655
1215.18	---GTR inference iteration 2 change: 3.6941800194334985e-05
1215.86	---Attaching sequence profiles to leafs...
1215.88	---Postorder: computing likelihoods...
1237.99	---Computing root node sequence and total tree likelihood...
1238.03	---Attaching sequence profiles to leafs...
1238.05	---Postorder: computing likelihoods...
1261.26	---Computing root node sequence and total tree likelihood...
1261.40	---Attaching sequence profiles to leafs...
1261.44	---Postorder: computing likelihoods...
1286.58	---Computing root node sequence and total tree likelihood...
1286.62	---Attaching sequence profiles to leafs...
1286.63	---Postorder: computing likelihoods...
1311.03	---Computing root node sequence and total tree likelihood...
1311.17	---Attaching sequence profiles to leafs...
1311.20	---Postorder: computing likelihoods...
1330.95	---Computing root node sequence and total tree likelihood...
1331.14	---Attaching sequence profiles to leafs...
1331.15	---Postorder: computing likelihoods...
1338.06	---Computing root node sequence and total tree likelihood...
1338.11	---Attaching sequence profiles to leafs...
1338.12	---Postorder: computing likelihoods...
1344.84	---Computing root node sequence and total tree likelihood...
1344.86	---Attaching sequence profiles to leafs...
1344.92	---Postorder: computing likelihoods...
1350.96	---Computing root node sequence and total tree likelihood...
1351.01	---Attaching sequence profiles to leafs...
1351.02	---Postorder: computing likelihoods...
1359.45	---Computing root node sequence and total tree likelihood...
1359.57	---Attaching sequence profiles to leafs...
1359.61	---Postorder: computing likelihoods...
1372.62	---Computing root node sequence and total tree likelihood...
1372.72	---Attaching sequence profiles to leafs...
1372.76	---Postorder: computing likelihoods...
1385.41	---Computing root node sequence and total tree likelihood...
1385.44	---Attaching sequence profiles to leafs...
1385.46	---Postorder: computing likelihoods...
1397.67	---Computing root node sequence and total tree likelihood...
1397.72	---Attaching sequence profiles to leafs...
1397.74	---Postorder: computing likelihoods...
1405.82	---Computing root node sequence and total tree likelihood...
1405.86	---Attaching sequence profiles to leafs...
1405.87	---Postorder: computing likelihoods...
1421.94	---Computing root node sequence and total tree likelihood...
1422.01	---Attaching sequence profiles to leafs...
1422.02	---Postorder: computing likelihoods...
1438.24	---Computing root node sequence and total tree likelihood...
1438.51	---Attaching sequence profiles to leafs...
1438.52	---Postorder: computing likelihoods...
1450.33	---Computing root node sequence and total tree likelihood...
1450.41	---Attaching sequence profiles to leafs...
1450.43	---Postorder: computing likelihoods...
1457.02	---Computing root node sequence and total tree likelihood...
1457.03	---Attaching sequence profiles to leafs...
1457.03	---Postorder: computing likelihoods...
1461.14	---Computing root node sequence and total tree likelihood...
1461.21	---Attaching sequence profiles to leafs...
1461.22	---Postorder: computing likelihoods...
1471.63	---Computing root node sequence and total tree likelihood...
1471.64	---Attaching sequence profiles to leafs...
1471.65	---Postorder: computing likelihoods...
1477.73	---Computing root node sequence and total tree likelihood...

1477.74	-treeanc:optimize_gtr_rate: optimization successful. Overall rate
       	 estimated to be 163.120036
1477.74	--TreeAnc.infer_gtr: counting mutations...
1488.35	---TreeAnc.infer_gtr: counting mutations...done

1488.35	-GTR: with alphabet: ['A', 'B', 'C', 'D', 'E', 'F', 'G', 'H', 'I', 'J',
       	 'K', 'L', 'M', 'N', 'O', 'P', 'Q', 'R', 'S', 'T', 'U', 'V', 'W', 'X',
       	 'Y', 'Z', '[', '\\', ']', '^', '_', '`', 'a', 'b', 'c', 'd', 'e', 'f',
       	 'g', 'h', 'i', 'j', 'k', 'l', 'm', 'n', 'o', 'p', 'q', 'r', 's', 't',
       	 'u', 'v', 'w', 'x', 'y', 'z', '{', '|', '}', '~', '\x7f', '\x80',
       	 '\x81', '\x82', '\x83', '\x84', '\x85', '\x86', '\x87', '\x88', '\x89',
       	 '\x8a', '\x8b', '\x8c', '\x8d', '\x8e', '\x8f', '\x90', '\x91', '\x92',
       	 '\x93', '\x94', '\x95', '\x96', '\x97', '\x98', '\x99', '\x9a', '\x9b',
       	 '\x9c', '\x9d', '\x9e', '\x9f', '\xa0', '¡', '¢', '£', '¤']
1488.35	--GTR: ambiguous character: ¥
1488.35	----GTR: no gap symbol!
1488.35	---GTR: init with dummy values!

1488.54	-GTR: model inference
1488.54	---GTR inference iteration 0 change: 0.1
1488.54	---GTR inference iteration 1 change: 0.002940291963194427
1488.54	---GTR inference iteration 2 change: 3.6943779962885085e-05
1488.62	---Attaching sequence profiles to leafs...
1488.63	---Postorder: computing likelihoods...
1492.53	---Computing root node sequence and total tree likelihood...
1492.54	---Attaching sequence profiles to leafs...
1492.55	---Postorder: computing likelihoods...
1497.23	---Computing root node sequence and total tree likelihood...
1497.24	---Attaching sequence profiles to leafs...
1497.25	---Postorder: computing likelihoods...
1501.21	---Computing root node sequence and total tree likelihood...
1501.22	---Attaching sequence profiles to leafs...
1501.23	---Postorder: computing likelihoods...
1508.53	---Computing root node sequence and total tree likelihood...
1508.54	---Attaching sequence profiles to leafs...
1508.55	---Postorder: computing likelihoods...
1511.25	---Computing root node sequence and total tree likelihood...
1511.26	---Attaching sequence profiles to leafs...
1511.26	---Postorder: computing likelihoods...
1515.32	---Computing root node sequence and total tree likelihood...
1515.33	---Attaching sequence profiles to leafs...
1515.33	---Postorder: computing likelihoods...
1520.83	---Computing root node sequence and total tree likelihood...
1520.85	---Attaching sequence profiles to leafs...
1520.86	---Postorder: computing likelihoods...
1526.92	---Computing root node sequence and total tree likelihood...
1526.93	---Attaching sequence profiles to leafs...
1526.94	---Postorder: computing likelihoods...
1534.06	---Computing root node sequence and total tree likelihood...
1534.14	---Attaching sequence profiles to leafs...
1534.14	---Postorder: computing likelihoods...
1540.65	---Computing root node sequence and total tree likelihood...
1540.72	---Attaching sequence profiles to leafs...
1540.73	---Postorder: computing likelihoods...
1547.54	---Computing root node sequence and total tree likelihood...
1547.64	---Attaching sequence profiles to leafs...
1547.65	---Postorder: computing likelihoods...
1567.25	---Computing root node sequence and total tree likelihood...
1567.34	---Attaching sequence profiles to leafs...
1567.35	---Postorder: computing likelihoods...
1585.52	---Computing root node sequence and total tree likelihood...
1585.55	---Attaching sequence profiles to leafs...
1585.56	---Postorder: computing likelihoods...
1592.65	---Computing root node sequence and total tree likelihood...
1592.72	---Attaching sequence profiles to leafs...
1592.73	---Postorder: computing likelihoods...
1597.64	---Computing root node sequence and total tree likelihood...
1597.64	---Attaching sequence profiles to leafs...
1597.65	---Postorder: computing likelihoods...
1605.53	---Computing root node sequence and total tree likelihood...
1605.55	---Attaching sequence profiles to leafs...
1605.56	---Postorder: computing likelihoods...
1614.55	---Computing root node sequence and total tree likelihood...
1614.62	---Attaching sequence profiles to leafs...
1614.63	---Postorder: computing likelihoods...
1619.03	---Computing root node sequence and total tree likelihood...
1619.04	---Attaching sequence profiles to leafs...
1619.04	---Postorder: computing likelihoods...
1621.24	---Computing root node sequence and total tree likelihood...
1621.24	---Attaching sequence profiles to leafs...
1621.25	---Postorder: computing likelihoods...
1625.95	---Computing root node sequence and total tree likelihood...

1626.04	-treeanc:optimize_gtr_rate: optimization successful. Overall rate
       	 estimated to be 163.119723

1626.04	-TreeAnc.infer_ancestral_sequences with method: probabilistic, marginal
1626.04	--TreeAnc._ml_anc_marginal: type of reconstruction: Marginal
1626.04	---Attaching sequence profiles to leafs...
1626.07	---Postorder: computing likelihoods...
1633.14	---Computing root node sequence and total tree likelihood...
1633.14	---Preorder: computing marginal profiles...
1644.65	---TreeAnc._ml_anc_marginal: ...done
NOTE: previous versions (<0.7.0) of this command made a 'short-branch
length assumption. TreeTime now optimizes the overall rate numerically
and thus allows for long branches along which multiple changes
accumulated. This is expected to affect estimates of the overall rate
while leaving the relative rates mostly unchanged.
