
0.00	-TreeAnc: set-up
Assigned discrete traits to 509 out of 523 taxa.


0.21	-SequenceData: loaded alignment.

0.21	-SeqData: making compressed alignment...

0.21	-SequenceData: constructed compressed alignment...

0.23	-TreeAnc.infer_ancestral_sequences with method: ml, marginal
0.23	--TreeAnc._ml_anc_marginal: type of reconstruction: Marginal
0.23	---Attaching sequence profiles to leafs...
0.24	---Postorder: computing likelihoods...
0.30	---Computing root node sequence and total tree likelihood...
0.30	---Preorder: computing marginal profiles...
0.38	---TreeAnc._ml_anc_marginal: ...done
0.46	--TreeAnc.infer_gtr: counting mutations...
0.58	---TreeAnc.infer_gtr: counting mutations...done

0.58	-GTR: with alphabet: ['A', 'B', 'C', 'D', 'E', 'F', 'G', 'H', 'I', 'J',
    	 'K', 'L', 'M', 'N', 'O', 'P', 'Q', 'R', 'S', 'T', 'U', 'V', 'W', 'X', 'Y',
    	 'Z', '[', '\\', ']', '^', '_', '`', 'a', 'b', 'c', 'd', 'e']
0.58	--GTR: ambiguous character: f
0.58	----GTR: no gap symbol!
0.58	---GTR: init with dummy values!

0.58	-GTR: model inference
0.58	---GTR inference iteration 0 change: 0.1643989873053573
0.58	---GTR inference iteration 1 change: 0.017388973669349394
0.58	---GTR inference iteration 2 change: 0.0005266394712093212
0.58	---GTR inference iteration 3 change: 6.055650807201622e-05
0.59	--TreeAnc._ml_anc_marginal: type of reconstruction: Marginal
0.59	---Attaching sequence profiles to leafs...
0.59	---Postorder: computing likelihoods...
0.67	---Computing root node sequence and total tree likelihood...
0.67	---Preorder: computing marginal profiles...
0.85	---TreeAnc._ml_anc_marginal: ...done
0.96	---Attaching sequence profiles to leafs...
0.97	---Postorder: computing likelihoods...
1.04	---Computing root node sequence and total tree likelihood...
1.04	---Attaching sequence profiles to leafs...
1.04	---Postorder: computing likelihoods...
1.15	---Computing root node sequence and total tree likelihood...
1.15	---Attaching sequence profiles to leafs...
1.16	---Postorder: computing likelihoods...
1.27	---Computing root node sequence and total tree likelihood...
1.27	---Attaching sequence profiles to leafs...
1.28	---Postorder: computing likelihoods...
1.39	---Computing root node sequence and total tree likelihood...
1.39	---Attaching sequence profiles to leafs...
1.39	---Postorder: computing likelihoods...
1.54	---Computing root node sequence and total tree likelihood...
1.54	---Attaching sequence profiles to leafs...
1.55	---Postorder: computing likelihoods...
1.66	---Computing root node sequence and total tree likelihood...
1.66	---Attaching sequence profiles to leafs...
1.67	---Postorder: computing likelihoods...
1.77	---Computing root node sequence and total tree likelihood...
1.78	---Attaching sequence profiles to leafs...
1.78	---Postorder: computing likelihoods...
1.89	---Computing root node sequence and total tree likelihood...
1.89	---Attaching sequence profiles to leafs...
1.90	---Postorder: computing likelihoods...
2.03	---Computing root node sequence and total tree likelihood...
2.03	---Attaching sequence profiles to leafs...
2.04	---Postorder: computing likelihoods...
2.15	---Computing root node sequence and total tree likelihood...
2.15	---Attaching sequence profiles to leafs...
2.16	---Postorder: computing likelihoods...
2.26	---Computing root node sequence and total tree likelihood...
2.26	---Attaching sequence profiles to leafs...
2.27	---Postorder: computing likelihoods...
2.38	---Computing root node sequence and total tree likelihood...
2.38	---Attaching sequence profiles to leafs...
2.39	---Postorder: computing likelihoods...
2.51	---Computing root node sequence and total tree likelihood...
2.52	---Attaching sequence profiles to leafs...
2.52	---Postorder: computing likelihoods...
2.67	---Computing root node sequence and total tree likelihood...
2.67	---Attaching sequence profiles to leafs...
2.68	---Postorder: computing likelihoods...
2.79	---Computing root node sequence and total tree likelihood...
2.79	---Attaching sequence profiles to leafs...
2.80	---Postorder: computing likelihoods...
2.97	---Computing root node sequence and total tree likelihood...
2.97	---Attaching sequence profiles to leafs...
2.98	---Postorder: computing likelihoods...
3.10	---Computing root node sequence and total tree likelihood...
3.10	---Attaching sequence profiles to leafs...
3.11	---Postorder: computing likelihoods...
3.22	---Computing root node sequence and total tree likelihood...
3.23	---Attaching sequence profiles to leafs...
3.23	---Postorder: computing likelihoods...
3.34	---Computing root node sequence and total tree likelihood...
3.35	---Attaching sequence profiles to leafs...
3.35	---Postorder: computing likelihoods...
3.48	---Computing root node sequence and total tree likelihood...
3.48	---Attaching sequence profiles to leafs...
3.49	---Postorder: computing likelihoods...
3.62	---Computing root node sequence and total tree likelihood...

3.63	-treeanc:optimize_gtr_rate: optimization successful. Overall rate estimated
    	 to be 81.232927
3.63	--TreeAnc.infer_gtr: counting mutations...
3.80	---TreeAnc.infer_gtr: counting mutations...done

3.80	-GTR: with alphabet: ['A', 'B', 'C', 'D', 'E', 'F', 'G', 'H', 'I', 'J',
    	 'K', 'L', 'M', 'N', 'O', 'P', 'Q', 'R', 'S', 'T', 'U', 'V', 'W', 'X', 'Y',
    	 'Z', '[', '\\', ']', '^', '_', '`', 'a', 'b', 'c', 'd', 'e']
3.80	--GTR: ambiguous character: f
3.80	----GTR: no gap symbol!
3.80	---GTR: init with dummy values!

3.80	-GTR: model inference
3.80	---GTR inference iteration 0 change: 0.1643989873053573
3.80	---GTR inference iteration 1 change: 0.01896324758676804
3.80	---GTR inference iteration 2 change: 0.0005136860530498028
3.80	---GTR inference iteration 3 change: 7.326208888956996e-05
3.81	---Attaching sequence profiles to leafs...
3.81	---Postorder: computing likelihoods...
3.92	---Computing root node sequence and total tree likelihood...
3.92	---Attaching sequence profiles to leafs...
3.93	---Postorder: computing likelihoods...
4.05	---Computing root node sequence and total tree likelihood...
4.05	---Attaching sequence profiles to leafs...
4.05	---Postorder: computing likelihoods...
4.15	---Computing root node sequence and total tree likelihood...
4.15	---Attaching sequence profiles to leafs...
4.16	---Postorder: computing likelihoods...
4.27	---Computing root node sequence and total tree likelihood...
4.27	---Attaching sequence profiles to leafs...
4.28	---Postorder: computing likelihoods...
4.38	---Computing root node sequence and total tree likelihood...
4.38	---Attaching sequence profiles to leafs...
4.39	---Postorder: computing likelihoods...
4.52	---Computing root node sequence and total tree likelihood...
4.52	---Attaching sequence profiles to leafs...
4.53	---Postorder: computing likelihoods...
4.64	---Computing root node sequence and total tree likelihood...
4.65	---Attaching sequence profiles to leafs...
4.65	---Postorder: computing likelihoods...
4.78	---Computing root node sequence and total tree likelihood...
4.78	---Attaching sequence profiles to leafs...
4.79	---Postorder: computing likelihoods...
4.91	---Computing root node sequence and total tree likelihood...
4.92	---Attaching sequence profiles to leafs...
4.92	---Postorder: computing likelihoods...
5.07	---Computing root node sequence and total tree likelihood...
5.08	---Attaching sequence profiles to leafs...
5.09	---Postorder: computing likelihoods...
5.20	---Computing root node sequence and total tree likelihood...
5.20	---Attaching sequence profiles to leafs...
5.21	---Postorder: computing likelihoods...
5.33	---Computing root node sequence and total tree likelihood...
5.33	---Attaching sequence profiles to leafs...
5.34	---Postorder: computing likelihoods...
5.46	---Computing root node sequence and total tree likelihood...
5.47	---Attaching sequence profiles to leafs...
5.48	---Postorder: computing likelihoods...
5.61	---Computing root node sequence and total tree likelihood...
5.61	---Attaching sequence profiles to leafs...
5.62	---Postorder: computing likelihoods...
5.77	---Computing root node sequence and total tree likelihood...
5.77	---Attaching sequence profiles to leafs...
5.78	---Postorder: computing likelihoods...
5.91	---Computing root node sequence and total tree likelihood...
5.91	---Attaching sequence profiles to leafs...
5.92	---Postorder: computing likelihoods...
6.04	---Computing root node sequence and total tree likelihood...
6.04	---Attaching sequence profiles to leafs...
6.05	---Postorder: computing likelihoods...
6.16	---Computing root node sequence and total tree likelihood...

6.16	-treeanc:optimize_gtr_rate: optimization successful. Overall rate estimated
    	 to be 81.016366
6.16	--TreeAnc.infer_gtr: counting mutations...
6.33	---TreeAnc.infer_gtr: counting mutations...done

6.33	-GTR: with alphabet: ['A', 'B', 'C', 'D', 'E', 'F', 'G', 'H', 'I', 'J',
    	 'K', 'L', 'M', 'N', 'O', 'P', 'Q', 'R', 'S', 'T', 'U', 'V', 'W', 'X', 'Y',
    	 'Z', '[', '\\', ']', '^', '_', '`', 'a', 'b', 'c', 'd', 'e']
6.33	--GTR: ambiguous character: f
6.33	----GTR: no gap symbol!
6.33	---GTR: init with dummy values!

6.33	-GTR: model inference
6.33	---GTR inference iteration 0 change: 0.1643989873053573
6.33	---GTR inference iteration 1 change: 0.019158001149064786
6.33	---GTR inference iteration 2 change: 0.000511157028930479
6.33	---GTR inference iteration 3 change: 7.510126378318488e-05
6.33	---Attaching sequence profiles to leafs...
6.34	---Postorder: computing likelihoods...
6.47	---Computing root node sequence and total tree likelihood...
6.47	---Attaching sequence profiles to leafs...
6.48	---Postorder: computing likelihoods...
6.58	---Computing root node sequence and total tree likelihood...
6.59	---Attaching sequence profiles to leafs...
6.61	---Postorder: computing likelihoods...
6.72	---Computing root node sequence and total tree likelihood...
6.72	---Attaching sequence profiles to leafs...
6.73	---Postorder: computing likelihoods...
6.86	---Computing root node sequence and total tree likelihood...
6.86	---Attaching sequence profiles to leafs...
6.87	---Postorder: computing likelihoods...
7.00	---Computing root node sequence and total tree likelihood...
7.00	---Attaching sequence profiles to leafs...
7.01	---Postorder: computing likelihoods...
7.14	---Computing root node sequence and total tree likelihood...
7.14	---Attaching sequence profiles to leafs...
7.14	---Postorder: computing likelihoods...
7.27	---Computing root node sequence and total tree likelihood...
7.27	---Attaching sequence profiles to leafs...
7.28	---Postorder: computing likelihoods...
7.41	---Computing root node sequence and total tree likelihood...
7.43	---Attaching sequence profiles to leafs...
7.44	---Postorder: computing likelihoods...
7.57	---Computing root node sequence and total tree likelihood...
7.57	---Attaching sequence profiles to leafs...
7.58	---Postorder: computing likelihoods...
7.68	---Computing root node sequence and total tree likelihood...
7.68	---Attaching sequence profiles to leafs...
7.69	---Postorder: computing likelihoods...
7.80	---Computing root node sequence and total tree likelihood...
7.80	---Attaching sequence profiles to leafs...
7.81	---Postorder: computing likelihoods...
7.93	---Computing root node sequence and total tree likelihood...
7.93	---Attaching sequence profiles to leafs...
7.94	---Postorder: computing likelihoods...
8.04	---Computing root node sequence and total tree likelihood...
8.04	---Attaching sequence profiles to leafs...
8.04	---Postorder: computing likelihoods...
8.16	---Computing root node sequence and total tree likelihood...
8.16	---Attaching sequence profiles to leafs...
8.17	---Postorder: computing likelihoods...
8.26	---Computing root node sequence and total tree likelihood...
8.26	---Attaching sequence profiles to leafs...
8.27	---Postorder: computing likelihoods...
8.39	---Computing root node sequence and total tree likelihood...
8.39	---Attaching sequence profiles to leafs...
8.40	---Postorder: computing likelihoods...
8.53	---Computing root node sequence and total tree likelihood...
8.54	---Attaching sequence profiles to leafs...
8.54	---Postorder: computing likelihoods...
8.66	---Computing root node sequence and total tree likelihood...

8.66	-treeanc:optimize_gtr_rate: optimization successful. Overall rate estimated
    	 to be 81.017701
8.67	--TreeAnc.infer_gtr: counting mutations...
8.82	---TreeAnc.infer_gtr: counting mutations...done

8.82	-GTR: with alphabet: ['A', 'B', 'C', 'D', 'E', 'F', 'G', 'H', 'I', 'J',
    	 'K', 'L', 'M', 'N', 'O', 'P', 'Q', 'R', 'S', 'T', 'U', 'V', 'W', 'X', 'Y',
    	 'Z', '[', '\\', ']', '^', '_', '`', 'a', 'b', 'c', 'd', 'e']
8.82	--GTR: ambiguous character: f
8.82	----GTR: no gap symbol!
8.82	---GTR: init with dummy values!

8.82	-GTR: model inference
8.82	---GTR inference iteration 0 change: 0.1643989873053573
8.82	---GTR inference iteration 1 change: 0.01919902438911451
8.82	---GTR inference iteration 2 change: 0.0005102558633396959
8.82	---GTR inference iteration 3 change: 7.548989720542227e-05
8.83	---Attaching sequence profiles to leafs...
8.84	---Postorder: computing likelihoods...
8.94	---Computing root node sequence and total tree likelihood...
8.94	---Attaching sequence profiles to leafs...
8.95	---Postorder: computing likelihoods...
9.07	---Computing root node sequence and total tree likelihood...
9.07	---Attaching sequence profiles to leafs...
9.08	---Postorder: computing likelihoods...
9.18	---Computing root node sequence and total tree likelihood...
9.18	---Attaching sequence profiles to leafs...
9.19	---Postorder: computing likelihoods...
9.30	---Computing root node sequence and total tree likelihood...
9.30	---Attaching sequence profiles to leafs...
9.30	---Postorder: computing likelihoods...
9.43	---Computing root node sequence and total tree likelihood...
9.43	---Attaching sequence profiles to leafs...
9.44	---Postorder: computing likelihoods...
9.53	---Computing root node sequence and total tree likelihood...
9.53	---Attaching sequence profiles to leafs...
9.54	---Postorder: computing likelihoods...
9.67	---Computing root node sequence and total tree likelihood...
9.67	---Attaching sequence profiles to leafs...
9.68	---Postorder: computing likelihoods...
9.78	---Computing root node sequence and total tree likelihood...
9.78	---Attaching sequence profiles to leafs...
9.79	---Postorder: computing likelihoods...
9.90	---Computing root node sequence and total tree likelihood...
9.91	---Attaching sequence profiles to leafs...
9.92	---Postorder: computing likelihoods...
10.04	---Computing root node sequence and total tree likelihood...
10.04	---Attaching sequence profiles to leafs...
10.05	---Postorder: computing likelihoods...
10.15	---Computing root node sequence and total tree likelihood...
10.15	---Attaching sequence profiles to leafs...
10.16	---Postorder: computing likelihoods...
10.31	---Computing root node sequence and total tree likelihood...
10.31	---Attaching sequence profiles to leafs...
10.32	---Postorder: computing likelihoods...
10.46	---Computing root node sequence and total tree likelihood...
10.46	---Attaching sequence profiles to leafs...
10.47	---Postorder: computing likelihoods...
10.57	---Computing root node sequence and total tree likelihood...
10.57	---Attaching sequence profiles to leafs...
10.58	---Postorder: computing likelihoods...
10.75	---Computing root node sequence and total tree likelihood...
10.75	---Attaching sequence profiles to leafs...
10.76	---Postorder: computing likelihoods...
10.89	---Computing root node sequence and total tree likelihood...
10.89	---Attaching sequence profiles to leafs...
10.90	---Postorder: computing likelihoods...
11.01	---Computing root node sequence and total tree likelihood...
11.02	---Attaching sequence profiles to leafs...
11.02	---Postorder: computing likelihoods...
11.17	---Computing root node sequence and total tree likelihood...
11.17	---Attaching sequence profiles to leafs...
11.18	---Postorder: computing likelihoods...
11.32	---Computing root node sequence and total tree likelihood...

11.32	-treeanc:optimize_gtr_rate: optimization successful. Overall rate
     	 estimated to be 81.019719
11.32	--TreeAnc.infer_gtr: counting mutations...
11.53	---TreeAnc.infer_gtr: counting mutations...done

11.53	-GTR: with alphabet: ['A', 'B', 'C', 'D', 'E', 'F', 'G', 'H', 'I', 'J',
     	 'K', 'L', 'M', 'N', 'O', 'P', 'Q', 'R', 'S', 'T', 'U', 'V', 'W', 'X',
     	 'Y', 'Z', '[', '\\', ']', '^', '_', '`', 'a', 'b', 'c', 'd', 'e']
11.54	--GTR: ambiguous character: f
11.54	----GTR: no gap symbol!
11.54	---GTR: init with dummy values!

11.54	-GTR: model inference
11.54	---GTR inference iteration 0 change: 0.1643989873053573
11.54	---GTR inference iteration 1 change: 0.019208338369503152
11.54	---GTR inference iteration 2 change: 0.0005099962603743143
11.54	---GTR inference iteration 3 change: 7.558113966403094e-05
11.54	---Attaching sequence profiles to leafs...
11.55	---Postorder: computing likelihoods...
11.66	---Computing root node sequence and total tree likelihood...
11.66	---Attaching sequence profiles to leafs...
11.67	---Postorder: computing likelihoods...
11.77	---Computing root node sequence and total tree likelihood...
11.80	---Attaching sequence profiles to leafs...
11.82	---Postorder: computing likelihoods...
11.91	---Computing root node sequence and total tree likelihood...
11.92	---Attaching sequence profiles to leafs...
11.93	---Postorder: computing likelihoods...
12.06	---Computing root node sequence and total tree likelihood...
12.08	---Attaching sequence profiles to leafs...
12.10	---Postorder: computing likelihoods...
12.24	---Computing root node sequence and total tree likelihood...
12.25	---Attaching sequence profiles to leafs...
12.26	---Postorder: computing likelihoods...
12.43	---Computing root node sequence and total tree likelihood...
12.46	---Attaching sequence profiles to leafs...
12.49	---Postorder: computing likelihoods...
12.68	---Computing root node sequence and total tree likelihood...
12.68	---Attaching sequence profiles to leafs...
12.69	---Postorder: computing likelihoods...
12.87	---Computing root node sequence and total tree likelihood...
12.88	---Attaching sequence profiles to leafs...
12.89	---Postorder: computing likelihoods...
13.01	---Computing root node sequence and total tree likelihood...
13.02	---Attaching sequence profiles to leafs...
13.03	---Postorder: computing likelihoods...
13.16	---Computing root node sequence and total tree likelihood...
13.17	---Attaching sequence profiles to leafs...
13.18	---Postorder: computing likelihoods...
13.27	---Computing root node sequence and total tree likelihood...
13.28	---Attaching sequence profiles to leafs...
13.29	---Postorder: computing likelihoods...
13.39	---Computing root node sequence and total tree likelihood...
13.40	---Attaching sequence profiles to leafs...
13.41	---Postorder: computing likelihoods...
13.55	---Computing root node sequence and total tree likelihood...
13.57	---Attaching sequence profiles to leafs...
13.58	---Postorder: computing likelihoods...
13.76	---Computing root node sequence and total tree likelihood...
13.77	---Attaching sequence profiles to leafs...
13.78	---Postorder: computing likelihoods...
13.90	---Computing root node sequence and total tree likelihood...
13.91	---Attaching sequence profiles to leafs...
13.91	---Postorder: computing likelihoods...
14.02	---Computing root node sequence and total tree likelihood...
14.03	---Attaching sequence profiles to leafs...
14.07	---Postorder: computing likelihoods...
14.26	---Computing root node sequence and total tree likelihood...

14.27	-treeanc:optimize_gtr_rate: optimization successful. Overall rate
     	 estimated to be 81.020501
14.27	--TreeAnc.infer_gtr: counting mutations...
14.50	---TreeAnc.infer_gtr: counting mutations...done

14.51	-GTR: with alphabet: ['A', 'B', 'C', 'D', 'E', 'F', 'G', 'H', 'I', 'J',
     	 'K', 'L', 'M', 'N', 'O', 'P', 'Q', 'R', 'S', 'T', 'U', 'V', 'W', 'X',
     	 'Y', 'Z', '[', '\\', ']', '^', '_', '`', 'a', 'b', 'c', 'd', 'e']
14.51	--GTR: ambiguous character: f
14.51	----GTR: no gap symbol!
14.51	---GTR: init with dummy values!

14.51	-GTR: model inference
14.51	---GTR inference iteration 0 change: 0.1643989873053573
14.51	---GTR inference iteration 1 change: 0.019210502628885903
14.51	---GTR inference iteration 2 change: 0.0005099257695755074
14.51	---GTR inference iteration 3 change: 7.560306245767579e-05
14.51	---Attaching sequence profiles to leafs...
14.52	---Postorder: computing likelihoods...
14.66	---Computing root node sequence and total tree likelihood...
14.66	---Attaching sequence profiles to leafs...
14.67	---Postorder: computing likelihoods...
14.78	---Computing root node sequence and total tree likelihood...
14.78	---Attaching sequence profiles to leafs...
14.79	---Postorder: computing likelihoods...
14.92	---Computing root node sequence and total tree likelihood...
14.97	---Attaching sequence profiles to leafs...
14.97	---Postorder: computing likelihoods...
15.14	---Computing root node sequence and total tree likelihood...
15.16	---Attaching sequence profiles to leafs...
15.17	---Postorder: computing likelihoods...
15.28	---Computing root node sequence and total tree likelihood...
15.29	---Attaching sequence profiles to leafs...
15.30	---Postorder: computing likelihoods...
15.41	---Computing root node sequence and total tree likelihood...
15.43	---Attaching sequence profiles to leafs...
15.44	---Postorder: computing likelihoods...
15.61	---Computing root node sequence and total tree likelihood...
15.61	---Attaching sequence profiles to leafs...
15.62	---Postorder: computing likelihoods...
15.74	---Computing root node sequence and total tree likelihood...
15.75	---Attaching sequence profiles to leafs...
15.76	---Postorder: computing likelihoods...
15.92	---Computing root node sequence and total tree likelihood...
15.93	---Attaching sequence profiles to leafs...
15.94	---Postorder: computing likelihoods...
16.09	---Computing root node sequence and total tree likelihood...
16.10	---Attaching sequence profiles to leafs...
16.10	---Postorder: computing likelihoods...
16.25	---Computing root node sequence and total tree likelihood...
16.26	---Attaching sequence profiles to leafs...
16.27	---Postorder: computing likelihoods...
16.41	---Computing root node sequence and total tree likelihood...
16.42	---Attaching sequence profiles to leafs...
16.42	---Postorder: computing likelihoods...
16.52	---Computing root node sequence and total tree likelihood...
16.52	---Attaching sequence profiles to leafs...
16.53	---Postorder: computing likelihoods...
16.68	---Computing root node sequence and total tree likelihood...
16.69	---Attaching sequence profiles to leafs...
16.72	---Postorder: computing likelihoods...
16.83	---Computing root node sequence and total tree likelihood...
16.84	---Attaching sequence profiles to leafs...
16.84	---Postorder: computing likelihoods...
16.94	---Computing root node sequence and total tree likelihood...
16.94	---Attaching sequence profiles to leafs...
16.95	---Postorder: computing likelihoods...
17.05	---Computing root node sequence and total tree likelihood...
17.06	---Attaching sequence profiles to leafs...
17.06	---Postorder: computing likelihoods...
17.16	---Computing root node sequence and total tree likelihood...

17.17	-treeanc:optimize_gtr_rate: optimization successful. Overall rate
     	 estimated to be 81.020750

17.17	-TreeAnc.infer_ancestral_sequences with method: probabilistic, marginal
17.17	--TreeAnc._ml_anc_marginal: type of reconstruction: Marginal
17.17	---Attaching sequence profiles to leafs...
17.17	---Postorder: computing likelihoods...
17.31	---Computing root node sequence and total tree likelihood...
17.31	---Preorder: computing marginal profiles...
17.55	---TreeAnc._ml_anc_marginal: ...done
NOTE: previous versions (<0.7.0) of this command made a 'short-branch
length assumption. TreeTime now optimizes the overall rate numerically
and thus allows for long branches along which multiple changes
accumulated. This is expected to affect estimates of the overall rate
while leaving the relative rates mostly unchanged.
