
0.00	-TreeAnc: set-up
Assigned discrete traits to 522 out of 523 taxa.


0.17	-SequenceData: loaded alignment.

0.17	-SeqData: making compressed alignment...

0.17	-SequenceData: constructed compressed alignment...

0.19	-TreeAnc.infer_ancestral_sequences with method: ml, marginal
0.19	--TreeAnc._ml_anc_marginal: type of reconstruction: Marginal
0.19	---Attaching sequence profiles to leafs...
0.20	---Postorder: computing likelihoods...
0.25	---Computing root node sequence and total tree likelihood...
0.25	---Preorder: computing marginal profiles...
0.31	---TreeAnc._ml_anc_marginal: ...done
0.38	--TreeAnc.infer_gtr: counting mutations...
0.49	---TreeAnc.infer_gtr: counting mutations...done

0.49	-GTR: with alphabet: ['A', 'B', 'C', 'D', 'E', 'F', 'G', 'H', 'I', 'J',
    	 'K', 'L', 'M', 'N', 'O', 'P', 'Q', 'R', 'S', 'T', 'U', 'V', 'W', 'X', 'Y',
    	 'Z', '[', '\\', ']', '^', '_', '`', 'a']
0.49	--GTR: ambiguous character: b
0.49	----GTR: no gap symbol!
0.49	---GTR: init with dummy values!

0.49	-GTR: model inference
0.49	---GTR inference iteration 0 change: 0.17407765595569785
0.49	---GTR inference iteration 1 change: 0.0046442842327378995
0.49	--TreeAnc._ml_anc_marginal: type of reconstruction: Marginal
0.49	---Attaching sequence profiles to leafs...
0.50	---Postorder: computing likelihoods...
0.58	---Computing root node sequence and total tree likelihood...
0.58	---Preorder: computing marginal profiles...
0.73	---TreeAnc._ml_anc_marginal: ...done
0.81	---Attaching sequence profiles to leafs...
0.81	---Postorder: computing likelihoods...
0.87	---Computing root node sequence and total tree likelihood...
0.87	---Attaching sequence profiles to leafs...
0.87	---Postorder: computing likelihoods...
0.93	---Computing root node sequence and total tree likelihood...
0.93	---Attaching sequence profiles to leafs...
0.94	---Postorder: computing likelihoods...
1.04	---Computing root node sequence and total tree likelihood...
1.04	---Attaching sequence profiles to leafs...
1.04	---Postorder: computing likelihoods...
1.13	---Computing root node sequence and total tree likelihood...
1.13	---Attaching sequence profiles to leafs...
1.14	---Postorder: computing likelihoods...
1.23	---Computing root node sequence and total tree likelihood...
1.24	---Attaching sequence profiles to leafs...
1.24	---Postorder: computing likelihoods...
1.37	---Computing root node sequence and total tree likelihood...
1.37	---Attaching sequence profiles to leafs...
1.38	---Postorder: computing likelihoods...
1.51	---Computing root node sequence and total tree likelihood...
1.51	---Attaching sequence profiles to leafs...
1.52	---Postorder: computing likelihoods...
1.63	---Computing root node sequence and total tree likelihood...
1.63	---Attaching sequence profiles to leafs...
1.63	---Postorder: computing likelihoods...
1.73	---Computing root node sequence and total tree likelihood...
1.73	---Attaching sequence profiles to leafs...
1.74	---Postorder: computing likelihoods...
1.84	---Computing root node sequence and total tree likelihood...
1.84	---Attaching sequence profiles to leafs...
1.84	---Postorder: computing likelihoods...
1.94	---Computing root node sequence and total tree likelihood...
1.94	---Attaching sequence profiles to leafs...
1.95	---Postorder: computing likelihoods...
2.01	---Computing root node sequence and total tree likelihood...
2.01	---Attaching sequence profiles to leafs...
2.02	---Postorder: computing likelihoods...
2.08	---Computing root node sequence and total tree likelihood...
2.08	---Attaching sequence profiles to leafs...
2.09	---Postorder: computing likelihoods...
2.15	---Computing root node sequence and total tree likelihood...
2.15	---Attaching sequence profiles to leafs...
2.15	---Postorder: computing likelihoods...
2.22	---Computing root node sequence and total tree likelihood...
2.23	---Attaching sequence profiles to leafs...
2.23	---Postorder: computing likelihoods...
2.32	---Computing root node sequence and total tree likelihood...
2.32	---Attaching sequence profiles to leafs...
2.33	---Postorder: computing likelihoods...
2.41	---Computing root node sequence and total tree likelihood...
2.41	---Attaching sequence profiles to leafs...
2.41	---Postorder: computing likelihoods...
2.51	---Computing root node sequence and total tree likelihood...

2.51	-treeanc:optimize_gtr_rate: optimization successful. Overall rate estimated
    	 to be 31.242862
2.51	--TreeAnc.infer_gtr: counting mutations...
2.67	---TreeAnc.infer_gtr: counting mutations...done

2.67	-GTR: with alphabet: ['A', 'B', 'C', 'D', 'E', 'F', 'G', 'H', 'I', 'J',
    	 'K', 'L', 'M', 'N', 'O', 'P', 'Q', 'R', 'S', 'T', 'U', 'V', 'W', 'X', 'Y',
    	 'Z', '[', '\\', ']', '^', '_', '`', 'a']
2.67	--GTR: ambiguous character: b
2.67	----GTR: no gap symbol!
2.67	---GTR: init with dummy values!

2.67	-GTR: model inference
2.67	---GTR inference iteration 0 change: 0.17407765595569785
2.67	---GTR inference iteration 1 change: 0.004687209070496285
2.67	---Attaching sequence profiles to leafs...
2.68	---Postorder: computing likelihoods...
2.74	---Computing root node sequence and total tree likelihood...
2.74	---Attaching sequence profiles to leafs...
2.75	---Postorder: computing likelihoods...
2.82	---Computing root node sequence and total tree likelihood...
2.82	---Attaching sequence profiles to leafs...
2.82	---Postorder: computing likelihoods...
2.89	---Computing root node sequence and total tree likelihood...
2.89	---Attaching sequence profiles to leafs...
2.89	---Postorder: computing likelihoods...
2.94	---Computing root node sequence and total tree likelihood...
2.94	---Attaching sequence profiles to leafs...
2.95	---Postorder: computing likelihoods...
3.02	---Computing root node sequence and total tree likelihood...
3.02	---Attaching sequence profiles to leafs...
3.02	---Postorder: computing likelihoods...
3.12	---Computing root node sequence and total tree likelihood...
3.12	---Attaching sequence profiles to leafs...
3.13	---Postorder: computing likelihoods...
3.22	---Computing root node sequence and total tree likelihood...
3.22	---Attaching sequence profiles to leafs...
3.23	---Postorder: computing likelihoods...
3.33	---Computing root node sequence and total tree likelihood...
3.34	---Attaching sequence profiles to leafs...
3.34	---Postorder: computing likelihoods...
3.44	---Computing root node sequence and total tree likelihood...
3.44	---Attaching sequence profiles to leafs...
3.45	---Postorder: computing likelihoods...
3.55	---Computing root node sequence and total tree likelihood...
3.55	---Attaching sequence profiles to leafs...
3.56	---Postorder: computing likelihoods...
3.65	---Computing root node sequence and total tree likelihood...
3.65	---Attaching sequence profiles to leafs...
3.67	---Postorder: computing likelihoods...
3.78	---Computing root node sequence and total tree likelihood...
3.78	---Attaching sequence profiles to leafs...
3.79	---Postorder: computing likelihoods...
3.89	---Computing root node sequence and total tree likelihood...
3.89	---Attaching sequence profiles to leafs...
3.89	---Postorder: computing likelihoods...
4.00	---Computing root node sequence and total tree likelihood...
4.00	---Attaching sequence profiles to leafs...
4.01	---Postorder: computing likelihoods...
4.10	---Computing root node sequence and total tree likelihood...
4.10	---Attaching sequence profiles to leafs...
4.11	---Postorder: computing likelihoods...
4.21	---Computing root node sequence and total tree likelihood...
4.21	---Attaching sequence profiles to leafs...
4.22	---Postorder: computing likelihoods...
4.31	---Computing root node sequence and total tree likelihood...

4.31	-treeanc:optimize_gtr_rate: optimization successful. Overall rate estimated
    	 to be 31.237835
4.31	--TreeAnc.infer_gtr: counting mutations...
4.46	---TreeAnc.infer_gtr: counting mutations...done

4.46	-GTR: with alphabet: ['A', 'B', 'C', 'D', 'E', 'F', 'G', 'H', 'I', 'J',
    	 'K', 'L', 'M', 'N', 'O', 'P', 'Q', 'R', 'S', 'T', 'U', 'V', 'W', 'X', 'Y',
    	 'Z', '[', '\\', ']', '^', '_', '`', 'a']
4.46	--GTR: ambiguous character: b
4.46	----GTR: no gap symbol!
4.46	---GTR: init with dummy values!

4.47	-GTR: model inference
4.47	---GTR inference iteration 0 change: 0.17407765595569785
4.47	---GTR inference iteration 1 change: 0.004694329458719785
4.47	---Attaching sequence profiles to leafs...
4.48	---Postorder: computing likelihoods...
4.58	---Computing root node sequence and total tree likelihood...
4.58	---Attaching sequence profiles to leafs...
4.59	---Postorder: computing likelihoods...
4.69	---Computing root node sequence and total tree likelihood...
4.69	---Attaching sequence profiles to leafs...
4.70	---Postorder: computing likelihoods...
4.79	---Computing root node sequence and total tree likelihood...
4.79	---Attaching sequence profiles to leafs...
4.80	---Postorder: computing likelihoods...
4.90	---Computing root node sequence and total tree likelihood...
4.90	---Attaching sequence profiles to leafs...
4.91	---Postorder: computing likelihoods...
5.00	---Computing root node sequence and total tree likelihood...
5.00	---Attaching sequence profiles to leafs...
5.01	---Postorder: computing likelihoods...
5.11	---Computing root node sequence and total tree likelihood...
5.11	---Attaching sequence profiles to leafs...
5.12	---Postorder: computing likelihoods...
5.24	---Computing root node sequence and total tree likelihood...
5.24	---Attaching sequence profiles to leafs...
5.25	---Postorder: computing likelihoods...
5.36	---Computing root node sequence and total tree likelihood...
5.36	---Attaching sequence profiles to leafs...
5.37	---Postorder: computing likelihoods...
5.46	---Computing root node sequence and total tree likelihood...
5.46	---Attaching sequence profiles to leafs...
5.47	---Postorder: computing likelihoods...
5.52	---Computing root node sequence and total tree likelihood...
5.52	---Attaching sequence profiles to leafs...
5.53	---Postorder: computing likelihoods...
5.60	---Computing root node sequence and total tree likelihood...
5.60	---Attaching sequence profiles to leafs...
5.60	---Postorder: computing likelihoods...
5.68	---Computing root node sequence and total tree likelihood...
5.68	---Attaching sequence profiles to leafs...
5.69	---Postorder: computing likelihoods...
5.74	---Computing root node sequence and total tree likelihood...
5.74	---Attaching sequence profiles to leafs...
5.75	---Postorder: computing likelihoods...
5.83	---Computing root node sequence and total tree likelihood...
5.83	---Attaching sequence profiles to leafs...
5.83	---Postorder: computing likelihoods...
5.93	---Computing root node sequence and total tree likelihood...
5.93	---Attaching sequence profiles to leafs...
5.94	---Postorder: computing likelihoods...
6.04	---Computing root node sequence and total tree likelihood...
6.05	---Attaching sequence profiles to leafs...
6.06	---Postorder: computing likelihoods...
6.15	---Computing root node sequence and total tree likelihood...
6.15	---Attaching sequence profiles to leafs...
6.16	---Postorder: computing likelihoods...
6.28	---Computing root node sequence and total tree likelihood...
6.29	---Attaching sequence profiles to leafs...
6.29	---Postorder: computing likelihoods...
6.37	---Computing root node sequence and total tree likelihood...
6.37	---Attaching sequence profiles to leafs...
6.38	---Postorder: computing likelihoods...
6.51	---Computing root node sequence and total tree likelihood...
6.51	---Attaching sequence profiles to leafs...
6.52	---Postorder: computing likelihoods...
6.58	---Computing root node sequence and total tree likelihood...
6.58	---Attaching sequence profiles to leafs...
6.58	---Postorder: computing likelihoods...
6.64	---Computing root node sequence and total tree likelihood...

6.64	-treeanc:optimize_gtr_rate: optimization successful. Overall rate estimated
    	 to be 31.237531
6.64	--TreeAnc.infer_gtr: counting mutations...
6.77	---TreeAnc.infer_gtr: counting mutations...done

6.77	-GTR: with alphabet: ['A', 'B', 'C', 'D', 'E', 'F', 'G', 'H', 'I', 'J',
    	 'K', 'L', 'M', 'N', 'O', 'P', 'Q', 'R', 'S', 'T', 'U', 'V', 'W', 'X', 'Y',
    	 'Z', '[', '\\', ']', '^', '_', '`', 'a']
6.77	--GTR: ambiguous character: b
6.77	----GTR: no gap symbol!
6.77	---GTR: init with dummy values!

6.77	-GTR: model inference
6.77	---GTR inference iteration 0 change: 0.17407765595569785
6.77	---GTR inference iteration 1 change: 0.004695428521850982
6.77	---Attaching sequence profiles to leafs...
6.78	---Postorder: computing likelihoods...
6.86	---Computing root node sequence and total tree likelihood...
6.87	---Attaching sequence profiles to leafs...
6.88	---Postorder: computing likelihoods...
6.95	---Computing root node sequence and total tree likelihood...
6.97	---Attaching sequence profiles to leafs...
6.98	---Postorder: computing likelihoods...
7.05	---Computing root node sequence and total tree likelihood...
7.06	---Attaching sequence profiles to leafs...
7.06	---Postorder: computing likelihoods...
7.16	---Computing root node sequence and total tree likelihood...
7.16	---Attaching sequence profiles to leafs...
7.17	---Postorder: computing likelihoods...
7.28	---Computing root node sequence and total tree likelihood...
7.28	---Attaching sequence profiles to leafs...
7.28	---Postorder: computing likelihoods...
7.39	---Computing root node sequence and total tree likelihood...
7.39	---Attaching sequence profiles to leafs...
7.40	---Postorder: computing likelihoods...
7.51	---Computing root node sequence and total tree likelihood...
7.51	---Attaching sequence profiles to leafs...
7.52	---Postorder: computing likelihoods...
7.58	---Computing root node sequence and total tree likelihood...
7.58	---Attaching sequence profiles to leafs...
7.59	---Postorder: computing likelihoods...
7.65	---Computing root node sequence and total tree likelihood...
7.65	---Attaching sequence profiles to leafs...
7.66	---Postorder: computing likelihoods...
7.74	---Computing root node sequence and total tree likelihood...
7.74	---Attaching sequence profiles to leafs...
7.75	---Postorder: computing likelihoods...
7.82	---Computing root node sequence and total tree likelihood...
7.82	---Attaching sequence profiles to leafs...
7.83	---Postorder: computing likelihoods...
7.89	---Computing root node sequence and total tree likelihood...
7.90	---Attaching sequence profiles to leafs...
7.90	---Postorder: computing likelihoods...
7.97	---Computing root node sequence and total tree likelihood...
7.98	---Attaching sequence profiles to leafs...
7.98	---Postorder: computing likelihoods...
8.05	---Computing root node sequence and total tree likelihood...
8.05	---Attaching sequence profiles to leafs...
8.07	---Postorder: computing likelihoods...
8.16	---Computing root node sequence and total tree likelihood...
8.16	---Attaching sequence profiles to leafs...
8.17	---Postorder: computing likelihoods...
8.28	---Computing root node sequence and total tree likelihood...
8.29	---Attaching sequence profiles to leafs...
8.29	---Postorder: computing likelihoods...
8.39	---Computing root node sequence and total tree likelihood...
8.39	---Attaching sequence profiles to leafs...
8.40	---Postorder: computing likelihoods...
8.49	---Computing root node sequence and total tree likelihood...
8.50	---Attaching sequence profiles to leafs...
8.50	---Postorder: computing likelihoods...
8.60	---Computing root node sequence and total tree likelihood...

8.60	-treeanc:optimize_gtr_rate: optimization successful. Overall rate estimated
    	 to be 31.237480
8.61	--TreeAnc.infer_gtr: counting mutations...
8.77	---TreeAnc.infer_gtr: counting mutations...done

8.77	-GTR: with alphabet: ['A', 'B', 'C', 'D', 'E', 'F', 'G', 'H', 'I', 'J',
    	 'K', 'L', 'M', 'N', 'O', 'P', 'Q', 'R', 'S', 'T', 'U', 'V', 'W', 'X', 'Y',
    	 'Z', '[', '\\', ']', '^', '_', '`', 'a']
8.77	--GTR: ambiguous character: b
8.77	----GTR: no gap symbol!
8.77	---GTR: init with dummy values!

8.77	-GTR: model inference
8.77	---GTR inference iteration 0 change: 0.17407765595569785
8.77	---GTR inference iteration 1 change: 0.00469559789015265
8.77	---Attaching sequence profiles to leafs...
8.78	---Postorder: computing likelihoods...
8.88	---Computing root node sequence and total tree likelihood...
8.89	---Attaching sequence profiles to leafs...
8.89	---Postorder: computing likelihoods...
9.00	---Computing root node sequence and total tree likelihood...
9.00	---Attaching sequence profiles to leafs...
9.01	---Postorder: computing likelihoods...
9.13	---Computing root node sequence and total tree likelihood...
9.13	---Attaching sequence profiles to leafs...
9.14	---Postorder: computing likelihoods...
9.22	---Computing root node sequence and total tree likelihood...
9.23	---Attaching sequence profiles to leafs...
9.23	---Postorder: computing likelihoods...
9.30	---Computing root node sequence and total tree likelihood...
9.30	---Attaching sequence profiles to leafs...
9.30	---Postorder: computing likelihoods...
9.38	---Computing root node sequence and total tree likelihood...
9.38	---Attaching sequence profiles to leafs...
9.39	---Postorder: computing likelihoods...
9.50	---Computing root node sequence and total tree likelihood...
9.50	---Attaching sequence profiles to leafs...
9.51	---Postorder: computing likelihoods...
9.61	---Computing root node sequence and total tree likelihood...
9.62	---Attaching sequence profiles to leafs...
9.62	---Postorder: computing likelihoods...
9.73	---Computing root node sequence and total tree likelihood...
9.73	---Attaching sequence profiles to leafs...
9.74	---Postorder: computing likelihoods...
9.84	---Computing root node sequence and total tree likelihood...
9.84	---Attaching sequence profiles to leafs...
9.85	---Postorder: computing likelihoods...
9.95	---Computing root node sequence and total tree likelihood...
9.95	---Attaching sequence profiles to leafs...
9.96	---Postorder: computing likelihoods...
10.06	---Computing root node sequence and total tree likelihood...
10.06	---Attaching sequence profiles to leafs...
10.07	---Postorder: computing likelihoods...
10.18	---Computing root node sequence and total tree likelihood...
10.18	---Attaching sequence profiles to leafs...
10.19	---Postorder: computing likelihoods...
10.29	---Computing root node sequence and total tree likelihood...
10.29	---Attaching sequence profiles to leafs...
10.30	---Postorder: computing likelihoods...
10.39	---Computing root node sequence and total tree likelihood...
10.40	---Attaching sequence profiles to leafs...
10.40	---Postorder: computing likelihoods...
10.50	---Computing root node sequence and total tree likelihood...
10.50	---Attaching sequence profiles to leafs...
10.50	---Postorder: computing likelihoods...
10.61	---Computing root node sequence and total tree likelihood...
10.61	---Attaching sequence profiles to leafs...
10.61	---Postorder: computing likelihoods...
10.67	---Computing root node sequence and total tree likelihood...
10.67	---Attaching sequence profiles to leafs...
10.67	---Postorder: computing likelihoods...
10.73	---Computing root node sequence and total tree likelihood...
10.73	---Attaching sequence profiles to leafs...
10.74	---Postorder: computing likelihoods...
10.81	---Computing root node sequence and total tree likelihood...

10.81	-treeanc:optimize_gtr_rate: optimization successful. Overall rate
     	 estimated to be 31.237474
10.81	--TreeAnc.infer_gtr: counting mutations...
10.93	---TreeAnc.infer_gtr: counting mutations...done

10.93	-GTR: with alphabet: ['A', 'B', 'C', 'D', 'E', 'F', 'G', 'H', 'I', 'J',
     	 'K', 'L', 'M', 'N', 'O', 'P', 'Q', 'R', 'S', 'T', 'U', 'V', 'W', 'X',
     	 'Y', 'Z', '[', '\\', ']', '^', '_', '`', 'a']
10.93	--GTR: ambiguous character: b
10.93	----GTR: no gap symbol!
10.93	---GTR: init with dummy values!

10.93	-GTR: model inference
10.93	---GTR inference iteration 0 change: 0.17407765595569785
10.93	---GTR inference iteration 1 change: 0.004695624820032946
10.93	---Attaching sequence profiles to leafs...
10.93	---Postorder: computing likelihoods...
10.99	---Computing root node sequence and total tree likelihood...
10.99	---Attaching sequence profiles to leafs...
11.00	---Postorder: computing likelihoods...
11.06	---Computing root node sequence and total tree likelihood...
11.06	---Attaching sequence profiles to leafs...
11.07	---Postorder: computing likelihoods...
11.16	---Computing root node sequence and total tree likelihood...
11.16	---Attaching sequence profiles to leafs...
11.17	---Postorder: computing likelihoods...
11.27	---Computing root node sequence and total tree likelihood...
11.28	---Attaching sequence profiles to leafs...
11.28	---Postorder: computing likelihoods...
11.38	---Computing root node sequence and total tree likelihood...
11.39	---Attaching sequence profiles to leafs...
11.39	---Postorder: computing likelihoods...
11.49	---Computing root node sequence and total tree likelihood...
11.49	---Attaching sequence profiles to leafs...
11.50	---Postorder: computing likelihoods...
11.59	---Computing root node sequence and total tree likelihood...
11.59	---Attaching sequence profiles to leafs...
11.60	---Postorder: computing likelihoods...
11.69	---Computing root node sequence and total tree likelihood...
11.70	---Attaching sequence profiles to leafs...
11.70	---Postorder: computing likelihoods...
11.80	---Computing root node sequence and total tree likelihood...
11.80	---Attaching sequence profiles to leafs...
11.81	---Postorder: computing likelihoods...
11.92	---Computing root node sequence and total tree likelihood...
11.92	---Attaching sequence profiles to leafs...
11.93	---Postorder: computing likelihoods...
12.04	---Computing root node sequence and total tree likelihood...
12.04	---Attaching sequence profiles to leafs...
12.05	---Postorder: computing likelihoods...
12.15	---Computing root node sequence and total tree likelihood...
12.15	---Attaching sequence profiles to leafs...
12.16	---Postorder: computing likelihoods...
12.26	---Computing root node sequence and total tree likelihood...
12.26	---Attaching sequence profiles to leafs...
12.27	---Postorder: computing likelihoods...
12.37	---Computing root node sequence and total tree likelihood...
12.37	---Attaching sequence profiles to leafs...
12.38	---Postorder: computing likelihoods...
12.48	---Computing root node sequence and total tree likelihood...
12.48	---Attaching sequence profiles to leafs...
12.49	---Postorder: computing likelihoods...
12.58	---Computing root node sequence and total tree likelihood...
12.58	---Attaching sequence profiles to leafs...
12.59	---Postorder: computing likelihoods...
12.69	---Computing root node sequence and total tree likelihood...

12.69	-treeanc:optimize_gtr_rate: optimization successful. Overall rate
     	 estimated to be 31.237473

12.69	-TreeAnc.infer_ancestral_sequences with method: probabilistic, marginal
12.69	--TreeAnc._ml_anc_marginal: type of reconstruction: Marginal
12.69	---Attaching sequence profiles to leafs...
12.70	---Postorder: computing likelihoods...
12.79	---Computing root node sequence and total tree likelihood...
12.79	---Preorder: computing marginal profiles...
12.89	---TreeAnc._ml_anc_marginal: ...done
NOTE: previous versions (<0.7.0) of this command made a 'short-branch
length assumption. TreeTime now optimizes the overall rate numerically
and thus allows for long branches along which multiple changes
accumulated. This is expected to affect estimates of the overall rate
while leaving the relative rates mostly unchanged.
