
0.00	-TreeAnc: set-up
Assigned discrete traits to 520 out of 523 taxa.


0.13	-SequenceData: loaded alignment.

0.13	-SeqData: making compressed alignment...

0.14	-SequenceData: constructed compressed alignment...

0.15	-TreeAnc.infer_ancestral_sequences with method: ml, marginal
0.15	--TreeAnc._ml_anc_marginal: type of reconstruction: Marginal
0.15	---Attaching sequence profiles to leafs...
0.16	---Postorder: computing likelihoods...
0.21	---Computing root node sequence and total tree likelihood...
0.21	---Preorder: computing marginal profiles...
0.28	---TreeAnc._ml_anc_marginal: ...done
0.36	--TreeAnc.infer_gtr: counting mutations...
0.46	---TreeAnc.infer_gtr: counting mutations...done

0.46	-GTR: with alphabet: ['A', 'B', 'C', 'D', 'E', 'F', 'G', 'H', 'I', 'J',
    	 'K', 'L', 'M', 'N', 'O', 'P', 'Q', 'R', 'S', 'T', 'U', 'V', 'W', 'X', 'Y',
    	 'Z', '[', '\\', ']', '^', '_', '`', 'a']
0.46	--GTR: ambiguous character: b
0.46	----GTR: no gap symbol!
0.46	---GTR: init with dummy values!

0.46	-GTR: model inference
0.46	---GTR inference iteration 0 change: 0.17407765595569785
0.46	---GTR inference iteration 1 change: 0.004644464662687914
0.47	--TreeAnc._ml_anc_marginal: type of reconstruction: Marginal
0.47	---Attaching sequence profiles to leafs...
0.47	---Postorder: computing likelihoods...
0.53	---Computing root node sequence and total tree likelihood...
0.53	---Preorder: computing marginal profiles...
0.66	---TreeAnc._ml_anc_marginal: ...done
0.75	---Attaching sequence profiles to leafs...
0.75	---Postorder: computing likelihoods...
0.83	---Computing root node sequence and total tree likelihood...
0.83	---Attaching sequence profiles to leafs...
0.84	---Postorder: computing likelihoods...
0.93	---Computing root node sequence and total tree likelihood...
0.93	---Attaching sequence profiles to leafs...
0.94	---Postorder: computing likelihoods...
1.03	---Computing root node sequence and total tree likelihood...
1.03	---Attaching sequence profiles to leafs...
1.04	---Postorder: computing likelihoods...
1.14	---Computing root node sequence and total tree likelihood...
1.14	---Attaching sequence profiles to leafs...
1.15	---Postorder: computing likelihoods...
1.28	---Computing root node sequence and total tree likelihood...
1.28	---Attaching sequence profiles to leafs...
1.28	---Postorder: computing likelihoods...
1.39	---Computing root node sequence and total tree likelihood...
1.39	---Attaching sequence profiles to leafs...
1.40	---Postorder: computing likelihoods...
1.48	---Computing root node sequence and total tree likelihood...
1.49	---Attaching sequence profiles to leafs...
1.49	---Postorder: computing likelihoods...
1.58	---Computing root node sequence and total tree likelihood...
1.58	---Attaching sequence profiles to leafs...
1.59	---Postorder: computing likelihoods...
1.65	---Computing root node sequence and total tree likelihood...
1.65	---Attaching sequence profiles to leafs...
1.68	---Postorder: computing likelihoods...
1.75	---Computing root node sequence and total tree likelihood...
1.75	---Attaching sequence profiles to leafs...
1.75	---Postorder: computing likelihoods...
1.83	---Computing root node sequence and total tree likelihood...
1.83	---Attaching sequence profiles to leafs...
1.84	---Postorder: computing likelihoods...
1.95	---Computing root node sequence and total tree likelihood...
1.98	---Attaching sequence profiles to leafs...
1.98	---Postorder: computing likelihoods...
2.05	---Computing root node sequence and total tree likelihood...
2.08	---Attaching sequence profiles to leafs...
2.08	---Postorder: computing likelihoods...
2.19	---Computing root node sequence and total tree likelihood...
2.19	---Attaching sequence profiles to leafs...
2.19	---Postorder: computing likelihoods...
2.33	---Computing root node sequence and total tree likelihood...
2.33	---Attaching sequence profiles to leafs...
2.34	---Postorder: computing likelihoods...
2.48	---Computing root node sequence and total tree likelihood...
2.48	---Attaching sequence profiles to leafs...
2.48	---Postorder: computing likelihoods...
2.61	---Computing root node sequence and total tree likelihood...
2.61	---Attaching sequence profiles to leafs...
2.61	---Postorder: computing likelihoods...
2.73	---Computing root node sequence and total tree likelihood...
2.73	---Attaching sequence profiles to leafs...
2.74	---Postorder: computing likelihoods...
2.84	---Computing root node sequence and total tree likelihood...

2.84	-treeanc:optimize_gtr_rate: optimization successful. Overall rate estimated
    	 to be 31.304187
2.84	--TreeAnc.infer_gtr: counting mutations...
3.03	---TreeAnc.infer_gtr: counting mutations...done

3.03	-GTR: with alphabet: ['A', 'B', 'C', 'D', 'E', 'F', 'G', 'H', 'I', 'J',
    	 'K', 'L', 'M', 'N', 'O', 'P', 'Q', 'R', 'S', 'T', 'U', 'V', 'W', 'X', 'Y',
    	 'Z', '[', '\\', ']', '^', '_', '`', 'a']
3.03	--GTR: ambiguous character: b
3.03	----GTR: no gap symbol!
3.03	---GTR: init with dummy values!

3.03	-GTR: model inference
3.03	---GTR inference iteration 0 change: 0.17407765595569785
3.03	---GTR inference iteration 1 change: 0.004695010559536581
3.04	---Attaching sequence profiles to leafs...
3.04	---Postorder: computing likelihoods...
3.20	---Computing root node sequence and total tree likelihood...
3.20	---Attaching sequence profiles to leafs...
3.21	---Postorder: computing likelihoods...
3.33	---Computing root node sequence and total tree likelihood...
3.33	---Attaching sequence profiles to leafs...
3.34	---Postorder: computing likelihoods...
3.48	---Computing root node sequence and total tree likelihood...
3.48	---Attaching sequence profiles to leafs...
3.49	---Postorder: computing likelihoods...
3.62	---Computing root node sequence and total tree likelihood...
3.62	---Attaching sequence profiles to leafs...
3.62	---Postorder: computing likelihoods...
3.75	---Computing root node sequence and total tree likelihood...
3.78	---Attaching sequence profiles to leafs...
3.78	---Postorder: computing likelihoods...
3.88	---Computing root node sequence and total tree likelihood...
3.89	---Attaching sequence profiles to leafs...
3.89	---Postorder: computing likelihoods...
3.99	---Computing root node sequence and total tree likelihood...
3.99	---Attaching sequence profiles to leafs...
4.00	---Postorder: computing likelihoods...
4.10	---Computing root node sequence and total tree likelihood...
4.10	---Attaching sequence profiles to leafs...
4.10	---Postorder: computing likelihoods...
4.21	---Computing root node sequence and total tree likelihood...
4.21	---Attaching sequence profiles to leafs...
4.21	---Postorder: computing likelihoods...
4.32	---Computing root node sequence and total tree likelihood...
4.32	---Attaching sequence profiles to leafs...
4.33	---Postorder: computing likelihoods...
4.42	---Computing root node sequence and total tree likelihood...
4.42	---Attaching sequence profiles to leafs...
4.43	---Postorder: computing likelihoods...
4.53	---Computing root node sequence and total tree likelihood...
4.53	---Attaching sequence profiles to leafs...
4.54	---Postorder: computing likelihoods...
4.68	---Computing root node sequence and total tree likelihood...
4.68	---Attaching sequence profiles to leafs...
4.69	---Postorder: computing likelihoods...
4.81	---Computing root node sequence and total tree likelihood...
4.81	---Attaching sequence profiles to leafs...
4.82	---Postorder: computing likelihoods...
4.95	---Computing root node sequence and total tree likelihood...
4.98	---Attaching sequence profiles to leafs...
4.98	---Postorder: computing likelihoods...
5.09	---Computing root node sequence and total tree likelihood...
5.09	---Attaching sequence profiles to leafs...
5.09	---Postorder: computing likelihoods...
5.19	---Computing root node sequence and total tree likelihood...
5.19	---Attaching sequence profiles to leafs...
5.20	---Postorder: computing likelihoods...
5.30	---Computing root node sequence and total tree likelihood...
5.30	---Attaching sequence profiles to leafs...
5.31	---Postorder: computing likelihoods...
5.41	---Computing root node sequence and total tree likelihood...

5.41	-treeanc:optimize_gtr_rate: optimization successful. Overall rate estimated
    	 to be 31.299480
5.41	--TreeAnc.infer_gtr: counting mutations...
5.61	---TreeAnc.infer_gtr: counting mutations...done

5.61	-GTR: with alphabet: ['A', 'B', 'C', 'D', 'E', 'F', 'G', 'H', 'I', 'J',
    	 'K', 'L', 'M', 'N', 'O', 'P', 'Q', 'R', 'S', 'T', 'U', 'V', 'W', 'X', 'Y',
    	 'Z', '[', '\\', ']', '^', '_', '`', 'a']
5.61	--GTR: ambiguous character: b
5.61	----GTR: no gap symbol!
5.61	---GTR: init with dummy values!

5.61	-GTR: model inference
5.61	---GTR inference iteration 0 change: 0.17407765595569785
5.61	---GTR inference iteration 1 change: 0.004702247648056193
5.61	---Attaching sequence profiles to leafs...
5.61	---Postorder: computing likelihoods...
5.69	---Computing root node sequence and total tree likelihood...
5.69	---Attaching sequence profiles to leafs...
5.70	---Postorder: computing likelihoods...
5.82	---Computing root node sequence and total tree likelihood...
5.82	---Attaching sequence profiles to leafs...
5.83	---Postorder: computing likelihoods...
5.95	---Computing root node sequence and total tree likelihood...
5.98	---Attaching sequence profiles to leafs...
5.98	---Postorder: computing likelihoods...
6.10	---Computing root node sequence and total tree likelihood...
6.10	---Attaching sequence profiles to leafs...
6.11	---Postorder: computing likelihoods...
6.24	---Computing root node sequence and total tree likelihood...
6.24	---Attaching sequence profiles to leafs...
6.25	---Postorder: computing likelihoods...
6.41	---Computing root node sequence and total tree likelihood...
6.41	---Attaching sequence profiles to leafs...
6.42	---Postorder: computing likelihoods...
6.55	---Computing root node sequence and total tree likelihood...
6.58	---Attaching sequence profiles to leafs...
6.58	---Postorder: computing likelihoods...
6.70	---Computing root node sequence and total tree likelihood...
6.70	---Attaching sequence profiles to leafs...
6.71	---Postorder: computing likelihoods...
6.81	---Computing root node sequence and total tree likelihood...
6.82	---Attaching sequence profiles to leafs...
6.83	---Postorder: computing likelihoods...
6.93	---Computing root node sequence and total tree likelihood...
6.93	---Attaching sequence profiles to leafs...
6.94	---Postorder: computing likelihoods...
7.02	---Computing root node sequence and total tree likelihood...
7.02	---Attaching sequence profiles to leafs...
7.02	---Postorder: computing likelihoods...
7.13	---Computing root node sequence and total tree likelihood...
7.13	---Attaching sequence profiles to leafs...
7.13	---Postorder: computing likelihoods...
7.28	---Computing root node sequence and total tree likelihood...
7.28	---Attaching sequence profiles to leafs...
7.29	---Postorder: computing likelihoods...
7.39	---Computing root node sequence and total tree likelihood...
7.39	---Attaching sequence profiles to leafs...
7.40	---Postorder: computing likelihoods...
7.49	---Computing root node sequence and total tree likelihood...
7.49	---Attaching sequence profiles to leafs...
7.50	---Postorder: computing likelihoods...
7.63	---Computing root node sequence and total tree likelihood...
7.63	---Attaching sequence profiles to leafs...
7.63	---Postorder: computing likelihoods...
7.73	---Computing root node sequence and total tree likelihood...

7.73	-treeanc:optimize_gtr_rate: optimization successful. Overall rate estimated
    	 to be 31.299175
7.74	--TreeAnc.infer_gtr: counting mutations...
7.96	---TreeAnc.infer_gtr: counting mutations...done

7.96	-GTR: with alphabet: ['A', 'B', 'C', 'D', 'E', 'F', 'G', 'H', 'I', 'J',
    	 'K', 'L', 'M', 'N', 'O', 'P', 'Q', 'R', 'S', 'T', 'U', 'V', 'W', 'X', 'Y',
    	 'Z', '[', '\\', ']', '^', '_', '`', 'a']
7.96	--GTR: ambiguous character: b
7.96	----GTR: no gap symbol!
7.96	---GTR: init with dummy values!

7.96	-GTR: model inference
7.96	---GTR inference iteration 0 change: 0.17407765595569785
7.96	---GTR inference iteration 1 change: 0.004703361129164363
7.96	---Attaching sequence profiles to leafs...
7.97	---Postorder: computing likelihoods...
8.10	---Computing root node sequence and total tree likelihood...
8.10	---Attaching sequence profiles to leafs...
8.11	---Postorder: computing likelihoods...
8.23	---Computing root node sequence and total tree likelihood...
8.23	---Attaching sequence profiles to leafs...
8.24	---Postorder: computing likelihoods...
8.40	---Computing root node sequence and total tree likelihood...
8.40	---Attaching sequence profiles to leafs...
8.40	---Postorder: computing likelihoods...
8.54	---Computing root node sequence and total tree likelihood...
8.54	---Attaching sequence profiles to leafs...
8.55	---Postorder: computing likelihoods...
8.70	---Computing root node sequence and total tree likelihood...
8.70	---Attaching sequence profiles to leafs...
8.71	---Postorder: computing likelihoods...
8.81	---Computing root node sequence and total tree likelihood...
8.81	---Attaching sequence profiles to leafs...
8.81	---Postorder: computing likelihoods...
8.93	---Computing root node sequence and total tree likelihood...
8.93	---Attaching sequence profiles to leafs...
8.94	---Postorder: computing likelihoods...
9.10	---Computing root node sequence and total tree likelihood...
9.10	---Attaching sequence profiles to leafs...
9.11	---Postorder: computing likelihoods...
9.22	---Computing root node sequence and total tree likelihood...
9.22	---Attaching sequence profiles to leafs...
9.22	---Postorder: computing likelihoods...
9.30	---Computing root node sequence and total tree likelihood...
9.31	---Attaching sequence profiles to leafs...
9.31	---Postorder: computing likelihoods...
9.41	---Computing root node sequence and total tree likelihood...
9.42	---Attaching sequence profiles to leafs...
9.42	---Postorder: computing likelihoods...
9.59	---Computing root node sequence and total tree likelihood...
9.59	---Attaching sequence profiles to leafs...
9.60	---Postorder: computing likelihoods...
9.72	---Computing root node sequence and total tree likelihood...
9.72	---Attaching sequence profiles to leafs...
9.73	---Postorder: computing likelihoods...
9.83	---Computing root node sequence and total tree likelihood...
9.83	---Attaching sequence profiles to leafs...
9.84	---Postorder: computing likelihoods...
9.98	---Computing root node sequence and total tree likelihood...
9.98	---Attaching sequence profiles to leafs...
9.99	---Postorder: computing likelihoods...
10.10	---Computing root node sequence and total tree likelihood...
10.11	---Attaching sequence profiles to leafs...
10.11	---Postorder: computing likelihoods...
10.22	---Computing root node sequence and total tree likelihood...

10.22	-treeanc:optimize_gtr_rate: optimization successful. Overall rate
     	 estimated to be 31.299123
10.22	--TreeAnc.infer_gtr: counting mutations...
10.42	---TreeAnc.infer_gtr: counting mutations...done

10.42	-GTR: with alphabet: ['A', 'B', 'C', 'D', 'E', 'F', 'G', 'H', 'I', 'J',
     	 'K', 'L', 'M', 'N', 'O', 'P', 'Q', 'R', 'S', 'T', 'U', 'V', 'W', 'X',
     	 'Y', 'Z', '[', '\\', ']', '^', '_', '`', 'a']
10.42	--GTR: ambiguous character: b
10.42	----GTR: no gap symbol!
10.42	---GTR: init with dummy values!

10.42	-GTR: model inference
10.42	---GTR inference iteration 0 change: 0.17407765595569785
10.42	---GTR inference iteration 1 change: 0.004703532990154773
10.43	---Attaching sequence profiles to leafs...
10.43	---Postorder: computing likelihoods...
10.52	---Computing root node sequence and total tree likelihood...
10.53	---Attaching sequence profiles to leafs...
10.53	---Postorder: computing likelihoods...
10.63	---Computing root node sequence and total tree likelihood...
10.63	---Attaching sequence profiles to leafs...
10.64	---Postorder: computing likelihoods...
10.74	---Computing root node sequence and total tree likelihood...
10.74	---Attaching sequence profiles to leafs...
10.74	---Postorder: computing likelihoods...
10.84	---Computing root node sequence and total tree likelihood...
10.84	---Attaching sequence profiles to leafs...
10.85	---Postorder: computing likelihoods...
10.93	---Computing root node sequence and total tree likelihood...
10.94	---Attaching sequence profiles to leafs...
10.94	---Postorder: computing likelihoods...
11.02	---Computing root node sequence and total tree likelihood...
11.02	---Attaching sequence profiles to leafs...
11.03	---Postorder: computing likelihoods...
11.13	---Computing root node sequence and total tree likelihood...
11.13	---Attaching sequence profiles to leafs...
11.14	---Postorder: computing likelihoods...
11.29	---Computing root node sequence and total tree likelihood...
11.30	---Attaching sequence profiles to leafs...
11.30	---Postorder: computing likelihoods...
11.42	---Computing root node sequence and total tree likelihood...
11.42	---Attaching sequence profiles to leafs...
11.43	---Postorder: computing likelihoods...
11.59	---Computing root node sequence and total tree likelihood...
11.59	---Attaching sequence profiles to leafs...
11.59	---Postorder: computing likelihoods...
11.71	---Computing root node sequence and total tree likelihood...
11.71	---Attaching sequence profiles to leafs...
11.72	---Postorder: computing likelihoods...
11.89	---Computing root node sequence and total tree likelihood...
11.89	---Attaching sequence profiles to leafs...
11.90	---Postorder: computing likelihoods...
12.08	---Computing root node sequence and total tree likelihood...
12.08	---Attaching sequence profiles to leafs...
12.09	---Postorder: computing likelihoods...
12.24	---Computing root node sequence and total tree likelihood...
12.24	---Attaching sequence profiles to leafs...
12.25	---Postorder: computing likelihoods...
12.38	---Computing root node sequence and total tree likelihood...
12.38	---Attaching sequence profiles to leafs...
12.39	---Postorder: computing likelihoods...
12.50	---Computing root node sequence and total tree likelihood...
12.50	---Attaching sequence profiles to leafs...
12.50	---Postorder: computing likelihoods...
12.59	---Computing root node sequence and total tree likelihood...
12.60	---Attaching sequence profiles to leafs...
12.60	---Postorder: computing likelihoods...
12.72	---Computing root node sequence and total tree likelihood...
12.72	---Attaching sequence profiles to leafs...
12.72	---Postorder: computing likelihoods...
12.89	---Computing root node sequence and total tree likelihood...
12.89	---Attaching sequence profiles to leafs...
12.90	---Postorder: computing likelihoods...
13.02	---Computing root node sequence and total tree likelihood...

13.02	-treeanc:optimize_gtr_rate: optimization successful. Overall rate
     	 estimated to be 31.299118
13.02	--TreeAnc.infer_gtr: counting mutations...
13.26	---TreeAnc.infer_gtr: counting mutations...done

13.26	-GTR: with alphabet: ['A', 'B', 'C', 'D', 'E', 'F', 'G', 'H', 'I', 'J',
     	 'K', 'L', 'M', 'N', 'O', 'P', 'Q', 'R', 'S', 'T', 'U', 'V', 'W', 'X',
     	 'Y', 'Z', '[', '\\', ']', '^', '_', '`', 'a']
13.26	--GTR: ambiguous character: b
13.26	----GTR: no gap symbol!
13.26	---GTR: init with dummy values!

13.26	-GTR: model inference
13.26	---GTR inference iteration 0 change: 0.17407765595569785
13.26	---GTR inference iteration 1 change: 0.0047035604220675145
13.26	---Attaching sequence profiles to leafs...
13.27	---Postorder: computing likelihoods...
13.40	---Computing root node sequence and total tree likelihood...
13.40	---Attaching sequence profiles to leafs...
13.40	---Postorder: computing likelihoods...
13.51	---Computing root node sequence and total tree likelihood...
13.51	---Attaching sequence profiles to leafs...
13.52	---Postorder: computing likelihoods...
13.62	---Computing root node sequence and total tree likelihood...
13.62	---Attaching sequence profiles to leafs...
13.62	---Postorder: computing likelihoods...
13.74	---Computing root node sequence and total tree likelihood...
13.74	---Attaching sequence profiles to leafs...
13.75	---Postorder: computing likelihoods...
13.89	---Computing root node sequence and total tree likelihood...
13.89	---Attaching sequence profiles to leafs...
13.90	---Postorder: computing likelihoods...
14.03	---Computing root node sequence and total tree likelihood...
14.04	---Attaching sequence profiles to leafs...
14.04	---Postorder: computing likelihoods...
14.19	---Computing root node sequence and total tree likelihood...
14.19	---Attaching sequence profiles to leafs...
14.20	---Postorder: computing likelihoods...
14.33	---Computing root node sequence and total tree likelihood...
14.33	---Attaching sequence profiles to leafs...
14.34	---Postorder: computing likelihoods...
14.50	---Computing root node sequence and total tree likelihood...
14.50	---Attaching sequence profiles to leafs...
14.50	---Postorder: computing likelihoods...
14.62	---Computing root node sequence and total tree likelihood...
14.62	---Attaching sequence profiles to leafs...
14.62	---Postorder: computing likelihoods...
14.74	---Computing root node sequence and total tree likelihood...
14.74	---Attaching sequence profiles to leafs...
14.75	---Postorder: computing likelihoods...
14.89	---Computing root node sequence and total tree likelihood...
14.89	---Attaching sequence profiles to leafs...
14.90	---Postorder: computing likelihoods...
14.98	---Computing root node sequence and total tree likelihood...
14.98	---Attaching sequence profiles to leafs...
14.98	---Postorder: computing likelihoods...
15.08	---Computing root node sequence and total tree likelihood...
15.08	---Attaching sequence profiles to leafs...
15.08	---Postorder: computing likelihoods...
15.15	---Computing root node sequence and total tree likelihood...
15.15	---Attaching sequence profiles to leafs...
15.15	---Postorder: computing likelihoods...
15.25	---Computing root node sequence and total tree likelihood...
15.28	---Attaching sequence profiles to leafs...
15.28	---Postorder: computing likelihoods...
15.41	---Computing root node sequence and total tree likelihood...
15.41	---Attaching sequence profiles to leafs...
15.42	---Postorder: computing likelihoods...
15.53	---Computing root node sequence and total tree likelihood...
15.53	---Attaching sequence profiles to leafs...
15.54	---Postorder: computing likelihoods...
15.68	---Computing root node sequence and total tree likelihood...
15.68	---Attaching sequence profiles to leafs...
15.69	---Postorder: computing likelihoods...
15.82	---Computing root node sequence and total tree likelihood...

15.82	-treeanc:optimize_gtr_rate: optimization successful. Overall rate
     	 estimated to be 31.299116

15.82	-TreeAnc.infer_ancestral_sequences with method: probabilistic, marginal
15.82	--TreeAnc._ml_anc_marginal: type of reconstruction: Marginal
15.82	---Attaching sequence profiles to leafs...
15.83	---Postorder: computing likelihoods...
15.93	---Computing root node sequence and total tree likelihood...
15.93	---Preorder: computing marginal profiles...
16.11	---TreeAnc._ml_anc_marginal: ...done
NOTE: previous versions (<0.7.0) of this command made a 'short-branch
length assumption. TreeTime now optimizes the overall rate numerically
and thus allows for long branches along which multiple changes
accumulated. This is expected to affect estimates of the overall rate
while leaving the relative rates mostly unchanged.
