
0.00	-TreeAnc: set-up
Assigned discrete traits to 509 out of 523 taxa.


0.18	-SequenceData: loaded alignment.

0.18	-SeqData: making compressed alignment...

0.19	-SequenceData: constructed compressed alignment...

0.21	-TreeAnc.infer_ancestral_sequences with method: ml, marginal
0.21	--TreeAnc._ml_anc_marginal: type of reconstruction: Marginal
0.21	---Attaching sequence profiles to leafs...
0.22	---Postorder: computing likelihoods...
0.28	---Computing root node sequence and total tree likelihood...
0.28	---Preorder: computing marginal profiles...
0.34	---TreeAnc._ml_anc_marginal: ...done
0.43	--TreeAnc.infer_gtr: counting mutations...
0.56	---TreeAnc.infer_gtr: counting mutations...done

0.56	-GTR: with alphabet: ['A', 'B', 'C', 'D', 'E', 'F', 'G', 'H', 'I', 'J',
    	 'K', 'L', 'M', 'N', 'O', 'P', 'Q', 'R', 'S', 'T', 'U', 'V', 'W', 'X', 'Y',
    	 'Z', '[', '\\', ']', '^', '_', '`', 'a', 'b', 'c', 'd', 'e']
0.56	--GTR: ambiguous character: f
0.56	----GTR: no gap symbol!
0.56	---GTR: init with dummy values!

0.56	-GTR: model inference
0.56	---GTR inference iteration 0 change: 0.1643989873053573
0.56	---GTR inference iteration 1 change: 0.017388973669349394
0.56	---GTR inference iteration 2 change: 0.0005266394712093212
0.56	---GTR inference iteration 3 change: 6.055650807201622e-05
0.56	--TreeAnc._ml_anc_marginal: type of reconstruction: Marginal
0.56	---Attaching sequence profiles to leafs...
0.56	---Postorder: computing likelihoods...
0.63	---Computing root node sequence and total tree likelihood...
0.63	---Preorder: computing marginal profiles...
0.76	---TreeAnc._ml_anc_marginal: ...done
0.85	---Attaching sequence profiles to leafs...
0.86	---Postorder: computing likelihoods...
0.97	---Computing root node sequence and total tree likelihood...
0.97	---Attaching sequence profiles to leafs...
0.98	---Postorder: computing likelihoods...
1.08	---Computing root node sequence and total tree likelihood...
1.08	---Attaching sequence profiles to leafs...
1.09	---Postorder: computing likelihoods...
1.19	---Computing root node sequence and total tree likelihood...
1.19	---Attaching sequence profiles to leafs...
1.20	---Postorder: computing likelihoods...
1.31	---Computing root node sequence and total tree likelihood...
1.31	---Attaching sequence profiles to leafs...
1.32	---Postorder: computing likelihoods...
1.42	---Computing root node sequence and total tree likelihood...
1.42	---Attaching sequence profiles to leafs...
1.43	---Postorder: computing likelihoods...
1.56	---Computing root node sequence and total tree likelihood...
1.56	---Attaching sequence profiles to leafs...
1.56	---Postorder: computing likelihoods...
1.62	---Computing root node sequence and total tree likelihood...
1.63	---Attaching sequence profiles to leafs...
1.63	---Postorder: computing likelihoods...
1.76	---Computing root node sequence and total tree likelihood...
1.76	---Attaching sequence profiles to leafs...
1.77	---Postorder: computing likelihoods...
1.88	---Computing root node sequence and total tree likelihood...
1.88	---Attaching sequence profiles to leafs...
1.89	---Postorder: computing likelihoods...
1.99	---Computing root node sequence and total tree likelihood...
2.00	---Attaching sequence profiles to leafs...
2.00	---Postorder: computing likelihoods...
2.11	---Computing root node sequence and total tree likelihood...
2.11	---Attaching sequence profiles to leafs...
2.12	---Postorder: computing likelihoods...
2.22	---Computing root node sequence and total tree likelihood...
2.22	---Attaching sequence profiles to leafs...
2.23	---Postorder: computing likelihoods...
2.36	---Computing root node sequence and total tree likelihood...
2.36	---Attaching sequence profiles to leafs...
2.38	---Postorder: computing likelihoods...
2.48	---Computing root node sequence and total tree likelihood...
2.48	---Attaching sequence profiles to leafs...
2.49	---Postorder: computing likelihoods...
2.60	---Computing root node sequence and total tree likelihood...
2.60	---Attaching sequence profiles to leafs...
2.61	---Postorder: computing likelihoods...
2.71	---Computing root node sequence and total tree likelihood...
2.71	---Attaching sequence profiles to leafs...
2.72	---Postorder: computing likelihoods...
2.82	---Computing root node sequence and total tree likelihood...
2.82	---Attaching sequence profiles to leafs...
2.84	---Postorder: computing likelihoods...
2.97	---Computing root node sequence and total tree likelihood...
2.97	---Attaching sequence profiles to leafs...
2.98	---Postorder: computing likelihoods...
3.09	---Computing root node sequence and total tree likelihood...
3.09	---Attaching sequence profiles to leafs...
3.10	---Postorder: computing likelihoods...
3.20	---Computing root node sequence and total tree likelihood...
3.20	---Attaching sequence profiles to leafs...
3.21	---Postorder: computing likelihoods...
3.31	---Computing root node sequence and total tree likelihood...

3.32	-treeanc:optimize_gtr_rate: optimization successful. Overall rate estimated
    	 to be 81.232927
3.32	--TreeAnc.infer_gtr: counting mutations...
3.47	---TreeAnc.infer_gtr: counting mutations...done

3.48	-GTR: with alphabet: ['A', 'B', 'C', 'D', 'E', 'F', 'G', 'H', 'I', 'J',
    	 'K', 'L', 'M', 'N', 'O', 'P', 'Q', 'R', 'S', 'T', 'U', 'V', 'W', 'X', 'Y',
    	 'Z', '[', '\\', ']', '^', '_', '`', 'a', 'b', 'c', 'd', 'e']
3.48	--GTR: ambiguous character: f
3.48	----GTR: no gap symbol!
3.48	---GTR: init with dummy values!

3.48	-GTR: model inference
3.48	---GTR inference iteration 0 change: 0.1643989873053573
3.48	---GTR inference iteration 1 change: 0.01896324758676804
3.48	---GTR inference iteration 2 change: 0.0005136860530498028
3.48	---GTR inference iteration 3 change: 7.326208888956996e-05
3.48	---Attaching sequence profiles to leafs...
3.49	---Postorder: computing likelihoods...
3.59	---Computing root node sequence and total tree likelihood...
3.59	---Attaching sequence profiles to leafs...
3.59	---Postorder: computing likelihoods...
3.69	---Computing root node sequence and total tree likelihood...
3.69	---Attaching sequence profiles to leafs...
3.69	---Postorder: computing likelihoods...
3.79	---Computing root node sequence and total tree likelihood...
3.79	---Attaching sequence profiles to leafs...
3.80	---Postorder: computing likelihoods...
3.90	---Computing root node sequence and total tree likelihood...
3.91	---Attaching sequence profiles to leafs...
3.91	---Postorder: computing likelihoods...
4.02	---Computing root node sequence and total tree likelihood...
4.02	---Attaching sequence profiles to leafs...
4.02	---Postorder: computing likelihoods...
4.13	---Computing root node sequence and total tree likelihood...
4.13	---Attaching sequence profiles to leafs...
4.14	---Postorder: computing likelihoods...
4.26	---Computing root node sequence and total tree likelihood...
4.26	---Attaching sequence profiles to leafs...
4.27	---Postorder: computing likelihoods...
4.37	---Computing root node sequence and total tree likelihood...
4.37	---Attaching sequence profiles to leafs...
4.38	---Postorder: computing likelihoods...
4.48	---Computing root node sequence and total tree likelihood...
4.48	---Attaching sequence profiles to leafs...
4.49	---Postorder: computing likelihoods...
4.60	---Computing root node sequence and total tree likelihood...
4.60	---Attaching sequence profiles to leafs...
4.61	---Postorder: computing likelihoods...
4.72	---Computing root node sequence and total tree likelihood...
4.73	---Attaching sequence profiles to leafs...
4.73	---Postorder: computing likelihoods...
4.86	---Computing root node sequence and total tree likelihood...
4.86	---Attaching sequence profiles to leafs...
4.87	---Postorder: computing likelihoods...
4.97	---Computing root node sequence and total tree likelihood...
4.97	---Attaching sequence profiles to leafs...
4.98	---Postorder: computing likelihoods...
5.09	---Computing root node sequence and total tree likelihood...
5.09	---Attaching sequence profiles to leafs...
5.10	---Postorder: computing likelihoods...
5.20	---Computing root node sequence and total tree likelihood...
5.20	---Attaching sequence profiles to leafs...
5.21	---Postorder: computing likelihoods...
5.32	---Computing root node sequence and total tree likelihood...
5.32	---Attaching sequence profiles to leafs...
5.33	---Postorder: computing likelihoods...
5.45	---Computing root node sequence and total tree likelihood...
5.45	---Attaching sequence profiles to leafs...
5.46	---Postorder: computing likelihoods...
5.57	---Computing root node sequence and total tree likelihood...

5.57	-treeanc:optimize_gtr_rate: optimization successful. Overall rate estimated
    	 to be 81.016366
5.57	--TreeAnc.infer_gtr: counting mutations...
5.72	---TreeAnc.infer_gtr: counting mutations...done

5.72	-GTR: with alphabet: ['A', 'B', 'C', 'D', 'E', 'F', 'G', 'H', 'I', 'J',
    	 'K', 'L', 'M', 'N', 'O', 'P', 'Q', 'R', 'S', 'T', 'U', 'V', 'W', 'X', 'Y',
    	 'Z', '[', '\\', ']', '^', '_', '`', 'a', 'b', 'c', 'd', 'e']
5.72	--GTR: ambiguous character: f
5.72	----GTR: no gap symbol!
5.72	---GTR: init with dummy values!

5.72	-GTR: model inference
5.72	---GTR inference iteration 0 change: 0.1643989873053573
5.72	---GTR inference iteration 1 change: 0.019158001149064786
5.73	---GTR inference iteration 2 change: 0.000511157028930479
5.73	---GTR inference iteration 3 change: 7.510126378318488e-05
5.73	---Attaching sequence profiles to leafs...
5.74	---Postorder: computing likelihoods...
5.85	---Computing root node sequence and total tree likelihood...
5.85	---Attaching sequence profiles to leafs...
5.86	---Postorder: computing likelihoods...
5.92	---Computing root node sequence and total tree likelihood...
5.94	---Attaching sequence profiles to leafs...
5.95	---Postorder: computing likelihoods...
6.06	---Computing root node sequence and total tree likelihood...
6.06	---Attaching sequence profiles to leafs...
6.07	---Postorder: computing likelihoods...
6.15	---Computing root node sequence and total tree likelihood...
6.15	---Attaching sequence profiles to leafs...
6.16	---Postorder: computing likelihoods...
6.26	---Computing root node sequence and total tree likelihood...
6.26	---Attaching sequence profiles to leafs...
6.27	---Postorder: computing likelihoods...
6.36	---Computing root node sequence and total tree likelihood...
6.36	---Attaching sequence profiles to leafs...
6.37	---Postorder: computing likelihoods...
6.49	---Computing root node sequence and total tree likelihood...
6.49	---Attaching sequence profiles to leafs...
6.50	---Postorder: computing likelihoods...
6.59	---Computing root node sequence and total tree likelihood...
6.59	---Attaching sequence profiles to leafs...
6.60	---Postorder: computing likelihoods...
6.70	---Computing root node sequence and total tree likelihood...
6.70	---Attaching sequence profiles to leafs...
6.70	---Postorder: computing likelihoods...
6.80	---Computing root node sequence and total tree likelihood...
6.80	---Attaching sequence profiles to leafs...
6.81	---Postorder: computing likelihoods...
6.92	---Computing root node sequence and total tree likelihood...
6.92	---Attaching sequence profiles to leafs...
6.92	---Postorder: computing likelihoods...
7.01	---Computing root node sequence and total tree likelihood...
7.01	---Attaching sequence profiles to leafs...
7.04	---Postorder: computing likelihoods...
7.13	---Computing root node sequence and total tree likelihood...
7.13	---Attaching sequence profiles to leafs...
7.14	---Postorder: computing likelihoods...
7.21	---Computing root node sequence and total tree likelihood...
7.21	---Attaching sequence profiles to leafs...
7.24	---Postorder: computing likelihoods...
7.34	---Computing root node sequence and total tree likelihood...
7.34	---Attaching sequence profiles to leafs...
7.34	---Postorder: computing likelihoods...
7.41	---Computing root node sequence and total tree likelihood...
7.44	---Attaching sequence profiles to leafs...
7.45	---Postorder: computing likelihoods...
7.51	---Computing root node sequence and total tree likelihood...
7.52	---Attaching sequence profiles to leafs...
7.55	---Postorder: computing likelihoods...
7.64	---Computing root node sequence and total tree likelihood...

7.64	-treeanc:optimize_gtr_rate: optimization successful. Overall rate estimated
    	 to be 81.017701
7.64	--TreeAnc.infer_gtr: counting mutations...
7.79	---TreeAnc.infer_gtr: counting mutations...done

7.79	-GTR: with alphabet: ['A', 'B', 'C', 'D', 'E', 'F', 'G', 'H', 'I', 'J',
    	 'K', 'L', 'M', 'N', 'O', 'P', 'Q', 'R', 'S', 'T', 'U', 'V', 'W', 'X', 'Y',
    	 'Z', '[', '\\', ']', '^', '_', '`', 'a', 'b', 'c', 'd', 'e']
7.79	--GTR: ambiguous character: f
7.79	----GTR: no gap symbol!
7.79	---GTR: init with dummy values!

7.79	-GTR: model inference
7.79	---GTR inference iteration 0 change: 0.1643989873053573
7.79	---GTR inference iteration 1 change: 0.01919902438911451
7.79	---GTR inference iteration 2 change: 0.0005102558633396959
7.79	---GTR inference iteration 3 change: 7.548989720542227e-05
7.79	---Attaching sequence profiles to leafs...
7.80	---Postorder: computing likelihoods...
7.90	---Computing root node sequence and total tree likelihood...
7.90	---Attaching sequence profiles to leafs...
7.91	---Postorder: computing likelihoods...
8.02	---Computing root node sequence and total tree likelihood...
8.02	---Attaching sequence profiles to leafs...
8.02	---Postorder: computing likelihoods...
8.13	---Computing root node sequence and total tree likelihood...
8.13	---Attaching sequence profiles to leafs...
8.14	---Postorder: computing likelihoods...
8.25	---Computing root node sequence and total tree likelihood...
8.25	---Attaching sequence profiles to leafs...
8.25	---Postorder: computing likelihoods...
8.36	---Computing root node sequence and total tree likelihood...
8.36	---Attaching sequence profiles to leafs...
8.37	---Postorder: computing likelihoods...
8.47	---Computing root node sequence and total tree likelihood...
8.48	---Attaching sequence profiles to leafs...
8.48	---Postorder: computing likelihoods...
8.58	---Computing root node sequence and total tree likelihood...
8.58	---Attaching sequence profiles to leafs...
8.58	---Postorder: computing likelihoods...
8.68	---Computing root node sequence and total tree likelihood...
8.68	---Attaching sequence profiles to leafs...
8.69	---Postorder: computing likelihoods...
8.77	---Computing root node sequence and total tree likelihood...
8.77	---Attaching sequence profiles to leafs...
8.78	---Postorder: computing likelihoods...
8.90	---Computing root node sequence and total tree likelihood...
8.90	---Attaching sequence profiles to leafs...
8.91	---Postorder: computing likelihoods...
9.01	---Computing root node sequence and total tree likelihood...
9.01	---Attaching sequence profiles to leafs...
9.02	---Postorder: computing likelihoods...
9.12	---Computing root node sequence and total tree likelihood...
9.13	---Attaching sequence profiles to leafs...
9.13	---Postorder: computing likelihoods...
9.25	---Computing root node sequence and total tree likelihood...
9.26	---Attaching sequence profiles to leafs...
9.26	---Postorder: computing likelihoods...
9.36	---Computing root node sequence and total tree likelihood...
9.36	---Attaching sequence profiles to leafs...
9.37	---Postorder: computing likelihoods...
9.48	---Computing root node sequence and total tree likelihood...
9.48	---Attaching sequence profiles to leafs...
9.49	---Postorder: computing likelihoods...
9.59	---Computing root node sequence and total tree likelihood...
9.59	---Attaching sequence profiles to leafs...
9.60	---Postorder: computing likelihoods...
9.70	---Computing root node sequence and total tree likelihood...
9.70	---Attaching sequence profiles to leafs...
9.71	---Postorder: computing likelihoods...
9.82	---Computing root node sequence and total tree likelihood...
9.82	---Attaching sequence profiles to leafs...
9.83	---Postorder: computing likelihoods...
9.94	---Computing root node sequence and total tree likelihood...

9.94	-treeanc:optimize_gtr_rate: optimization successful. Overall rate estimated
    	 to be 81.019719
9.94	--TreeAnc.infer_gtr: counting mutations...
10.11	---TreeAnc.infer_gtr: counting mutations...done

10.11	-GTR: with alphabet: ['A', 'B', 'C', 'D', 'E', 'F', 'G', 'H', 'I', 'J',
     	 'K', 'L', 'M', 'N', 'O', 'P', 'Q', 'R', 'S', 'T', 'U', 'V', 'W', 'X',
     	 'Y', 'Z', '[', '\\', ']', '^', '_', '`', 'a', 'b', 'c', 'd', 'e']
10.11	--GTR: ambiguous character: f
10.11	----GTR: no gap symbol!
10.11	---GTR: init with dummy values!

10.11	-GTR: model inference
10.11	---GTR inference iteration 0 change: 0.1643989873053573
10.11	---GTR inference iteration 1 change: 0.019208338369503152
10.11	---GTR inference iteration 2 change: 0.0005099962603743143
10.12	---GTR inference iteration 3 change: 7.558113966403094e-05
10.12	---Attaching sequence profiles to leafs...
10.13	---Postorder: computing likelihoods...
10.22	---Computing root node sequence and total tree likelihood...
10.22	---Attaching sequence profiles to leafs...
10.24	---Postorder: computing likelihoods...
10.35	---Computing root node sequence and total tree likelihood...
10.35	---Attaching sequence profiles to leafs...
10.36	---Postorder: computing likelihoods...
10.46	---Computing root node sequence and total tree likelihood...
10.46	---Attaching sequence profiles to leafs...
10.47	---Postorder: computing likelihoods...
10.58	---Computing root node sequence and total tree likelihood...
10.58	---Attaching sequence profiles to leafs...
10.59	---Postorder: computing likelihoods...
10.70	---Computing root node sequence and total tree likelihood...
10.70	---Attaching sequence profiles to leafs...
10.71	---Postorder: computing likelihoods...
10.81	---Computing root node sequence and total tree likelihood...
10.82	---Attaching sequence profiles to leafs...
10.82	---Postorder: computing likelihoods...
10.93	---Computing root node sequence and total tree likelihood...
10.93	---Attaching sequence profiles to leafs...
10.94	---Postorder: computing likelihoods...
11.07	---Computing root node sequence and total tree likelihood...
11.07	---Attaching sequence profiles to leafs...
11.08	---Postorder: computing likelihoods...
11.18	---Computing root node sequence and total tree likelihood...
11.18	---Attaching sequence profiles to leafs...
11.19	---Postorder: computing likelihoods...
11.28	---Computing root node sequence and total tree likelihood...
11.29	---Attaching sequence profiles to leafs...
11.29	---Postorder: computing likelihoods...
11.39	---Computing root node sequence and total tree likelihood...
11.40	---Attaching sequence profiles to leafs...
11.40	---Postorder: computing likelihoods...
11.51	---Computing root node sequence and total tree likelihood...
11.51	---Attaching sequence profiles to leafs...
11.52	---Postorder: computing likelihoods...
11.62	---Computing root node sequence and total tree likelihood...
11.62	---Attaching sequence profiles to leafs...
11.63	---Postorder: computing likelihoods...
11.70	---Computing root node sequence and total tree likelihood...
11.70	---Attaching sequence profiles to leafs...
11.70	---Postorder: computing likelihoods...
11.79	---Computing root node sequence and total tree likelihood...
11.79	---Attaching sequence profiles to leafs...
11.80	---Postorder: computing likelihoods...
11.88	---Computing root node sequence and total tree likelihood...
11.89	---Attaching sequence profiles to leafs...
11.89	---Postorder: computing likelihoods...
11.98	---Computing root node sequence and total tree likelihood...

11.98	-treeanc:optimize_gtr_rate: optimization successful. Overall rate
     	 estimated to be 81.020501
11.98	--TreeAnc.infer_gtr: counting mutations...
12.13	---TreeAnc.infer_gtr: counting mutations...done

12.13	-GTR: with alphabet: ['A', 'B', 'C', 'D', 'E', 'F', 'G', 'H', 'I', 'J',
     	 'K', 'L', 'M', 'N', 'O', 'P', 'Q', 'R', 'S', 'T', 'U', 'V', 'W', 'X',
     	 'Y', 'Z', '[', '\\', ']', '^', '_', '`', 'a', 'b', 'c', 'd', 'e']
12.13	--GTR: ambiguous character: f
12.13	----GTR: no gap symbol!
12.13	---GTR: init with dummy values!

12.13	-GTR: model inference
12.13	---GTR inference iteration 0 change: 0.1643989873053573
12.13	---GTR inference iteration 1 change: 0.019210502628885903
12.13	---GTR inference iteration 2 change: 0.0005099257695755074
12.13	---GTR inference iteration 3 change: 7.560306245767579e-05
12.13	---Attaching sequence profiles to leafs...
12.14	---Postorder: computing likelihoods...
12.20	---Computing root node sequence and total tree likelihood...
12.20	---Attaching sequence profiles to leafs...
12.21	---Postorder: computing likelihoods...
12.29	---Computing root node sequence and total tree likelihood...
12.30	---Attaching sequence profiles to leafs...
12.30	---Postorder: computing likelihoods...
12.39	---Computing root node sequence and total tree likelihood...
12.39	---Attaching sequence profiles to leafs...
12.39	---Postorder: computing likelihoods...
12.50	---Computing root node sequence and total tree likelihood...
12.50	---Attaching sequence profiles to leafs...
12.51	---Postorder: computing likelihoods...
12.62	---Computing root node sequence and total tree likelihood...
12.62	---Attaching sequence profiles to leafs...
12.63	---Postorder: computing likelihoods...
12.69	---Computing root node sequence and total tree likelihood...
12.69	---Attaching sequence profiles to leafs...
12.70	---Postorder: computing likelihoods...
12.79	---Computing root node sequence and total tree likelihood...
12.79	---Attaching sequence profiles to leafs...
12.79	---Postorder: computing likelihoods...
12.90	---Computing root node sequence and total tree likelihood...
12.90	---Attaching sequence profiles to leafs...
12.91	---Postorder: computing likelihoods...
13.01	---Computing root node sequence and total tree likelihood...
13.01	---Attaching sequence profiles to leafs...
13.02	---Postorder: computing likelihoods...
13.09	---Computing root node sequence and total tree likelihood...
13.09	---Attaching sequence profiles to leafs...
13.10	---Postorder: computing likelihoods...
13.19	---Computing root node sequence and total tree likelihood...
13.19	---Attaching sequence profiles to leafs...
13.20	---Postorder: computing likelihoods...
13.29	---Computing root node sequence and total tree likelihood...
13.29	---Attaching sequence profiles to leafs...
13.29	---Postorder: computing likelihoods...
13.42	---Computing root node sequence and total tree likelihood...
13.42	---Attaching sequence profiles to leafs...
13.43	---Postorder: computing likelihoods...
13.50	---Computing root node sequence and total tree likelihood...
13.50	---Attaching sequence profiles to leafs...
13.50	---Postorder: computing likelihoods...
13.60	---Computing root node sequence and total tree likelihood...
13.61	---Attaching sequence profiles to leafs...
13.61	---Postorder: computing likelihoods...
13.72	---Computing root node sequence and total tree likelihood...
13.73	---Attaching sequence profiles to leafs...
13.73	---Postorder: computing likelihoods...
13.86	---Computing root node sequence and total tree likelihood...
13.86	---Attaching sequence profiles to leafs...
13.87	---Postorder: computing likelihoods...
13.94	---Computing root node sequence and total tree likelihood...

13.94	-treeanc:optimize_gtr_rate: optimization successful. Overall rate
     	 estimated to be 81.020750

13.94	-TreeAnc.infer_ancestral_sequences with method: probabilistic, marginal
13.94	--TreeAnc._ml_anc_marginal: type of reconstruction: Marginal
13.94	---Attaching sequence profiles to leafs...
13.95	---Postorder: computing likelihoods...
14.01	---Computing root node sequence and total tree likelihood...
14.01	---Preorder: computing marginal profiles...
14.14	---TreeAnc._ml_anc_marginal: ...done
NOTE: previous versions (<0.7.0) of this command made a 'short-branch
length assumption. TreeTime now optimizes the overall rate numerically
and thus allows for long branches along which multiple changes
accumulated. This is expected to affect estimates of the overall rate
while leaving the relative rates mostly unchanged.
