
0.00	-TreeAnc: set-up
Assigned discrete traits to 496 out of 523 taxa.


0.20	-SequenceData: loaded alignment.

0.20	-SeqData: making compressed alignment...

0.20	-SequenceData: constructed compressed alignment...

0.22	-TreeAnc.infer_ancestral_sequences with method: ml, marginal
0.22	--TreeAnc._ml_anc_marginal: type of reconstruction: Marginal
0.22	---Attaching sequence profiles to leafs...
0.23	---Postorder: computing likelihoods...
8.50	---Computing root node sequence and total tree likelihood...
8.50	---Preorder: computing marginal profiles...
10.47	---TreeAnc._ml_anc_marginal: ...done
10.64	--TreeAnc.infer_gtr: counting mutations...
17.07	---TreeAnc.infer_gtr: counting mutations...done

17.07	-GTR: with alphabet: ['A', 'B', 'C', 'D', 'E', 'F', 'G', 'H', 'I', 'J',
     	 'K', 'L', 'M', 'N', 'O', 'P', 'Q', 'R', 'S', 'T', 'U', 'V', 'W', 'X',
     	 'Y', 'Z', '[', '\\', ']', '^', '_', '`', 'a', 'b', 'c', 'd', 'e', 'f',
     	 'g', 'h', 'i', 'j', 'k', 'l', 'm', 'n', 'o', 'p', 'q', 'r', 's', 't',
     	 'u', 'v', 'w', 'x', 'y', 'z', '{', '|', '}', '~', '\x7f', '\x80', '\x81',
     	 '\x82', '\x83', '\x84', '\x85', '\x86', '\x87', '\x88', '\x89', '\x8a',
     	 '\x8b', '\x8c', '\x8d', '\x8e', '\x8f', '\x90', '\x91', '\x92', '\x93',
     	 '\x94', '\x95', '\x96', '\x97', '\x98', '\x99', '\x9a', '\x9b', '\x9c',
     	 '\x9d', '\x9e', '\x9f', '\xa0', '¡', '¢', '£', '¤']
17.07	--GTR: ambiguous character: ¥
17.07	----GTR: no gap symbol!
17.07	---GTR: init with dummy values!

17.08	-GTR: model inference
17.08	---GTR inference iteration 0 change: 0.1
17.08	---GTR inference iteration 1 change: 0.0027747331674518078
17.09	---GTR inference iteration 2 change: 3.589989932820437e-05
17.09	--TreeAnc._ml_anc_marginal: type of reconstruction: Marginal
17.09	---Attaching sequence profiles to leafs...
17.10	---Postorder: computing likelihoods...
20.51	---Computing root node sequence and total tree likelihood...
20.51	---Preorder: computing marginal profiles...
30.68	---TreeAnc._ml_anc_marginal: ...done
30.85	---Attaching sequence profiles to leafs...
30.86	---Postorder: computing likelihoods...
38.80	---Computing root node sequence and total tree likelihood...
38.87	---Attaching sequence profiles to leafs...
38.88	---Postorder: computing likelihoods...
43.58	---Computing root node sequence and total tree likelihood...
43.59	---Attaching sequence profiles to leafs...
43.59	---Postorder: computing likelihoods...
56.87	---Computing root node sequence and total tree likelihood...
56.88	---Attaching sequence profiles to leafs...
56.90	---Postorder: computing likelihoods...
61.58	---Computing root node sequence and total tree likelihood...
61.60	---Attaching sequence profiles to leafs...
61.61	---Postorder: computing likelihoods...
68.08	---Computing root node sequence and total tree likelihood...
68.10	---Attaching sequence profiles to leafs...
68.11	---Postorder: computing likelihoods...
73.57	---Computing root node sequence and total tree likelihood...
73.59	---Attaching sequence profiles to leafs...
73.59	---Postorder: computing likelihoods...
82.41	---Computing root node sequence and total tree likelihood...
82.51	---Attaching sequence profiles to leafs...
82.52	---Postorder: computing likelihoods...
88.21	---Computing root node sequence and total tree likelihood...
88.27	---Attaching sequence profiles to leafs...
88.28	---Postorder: computing likelihoods...
104.48	---Computing root node sequence and total tree likelihood...
104.77	---Attaching sequence profiles to leafs...
104.79	---Postorder: computing likelihoods...
114.88	---Computing root node sequence and total tree likelihood...
114.90	---Attaching sequence profiles to leafs...
114.91	---Postorder: computing likelihoods...
124.27	---Computing root node sequence and total tree likelihood...
124.30	---Attaching sequence profiles to leafs...
124.30	---Postorder: computing likelihoods...
133.20	---Computing root node sequence and total tree likelihood...
133.37	---Attaching sequence profiles to leafs...
133.39	---Postorder: computing likelihoods...
143.09	---Computing root node sequence and total tree likelihood...
143.11	---Attaching sequence profiles to leafs...
143.11	---Postorder: computing likelihoods...
154.89	---Computing root node sequence and total tree likelihood...
155.49	---Attaching sequence profiles to leafs...
155.58	---Postorder: computing likelihoods...
169.48	---Computing root node sequence and total tree likelihood...
169.58	---Attaching sequence profiles to leafs...
169.60	---Postorder: computing likelihoods...
187.59	---Computing root node sequence and total tree likelihood...
187.68	---Attaching sequence profiles to leafs...
187.69	---Postorder: computing likelihoods...
192.28	---Computing root node sequence and total tree likelihood...
192.29	---Attaching sequence profiles to leafs...
192.37	---Postorder: computing likelihoods...
199.69	---Computing root node sequence and total tree likelihood...
199.77	---Attaching sequence profiles to leafs...
199.78	---Postorder: computing likelihoods...
205.28	---Computing root node sequence and total tree likelihood...
205.37	---Attaching sequence profiles to leafs...
205.39	---Postorder: computing likelihoods...
214.79	---Computing root node sequence and total tree likelihood...
214.89	---Attaching sequence profiles to leafs...
214.90	---Postorder: computing likelihoods...
225.49	---Computing root node sequence and total tree likelihood...
225.69	---Attaching sequence profiles to leafs...
225.70	---Postorder: computing likelihoods...
248.78	---Computing root node sequence and total tree likelihood...
248.78	---Attaching sequence profiles to leafs...
248.79	---Postorder: computing likelihoods...
264.79	---Computing root node sequence and total tree likelihood...
264.79	---Attaching sequence profiles to leafs...
264.87	---Postorder: computing likelihoods...
274.47	---Computing root node sequence and total tree likelihood...
274.47	---Attaching sequence profiles to leafs...
274.48	---Postorder: computing likelihoods...
288.48	---Computing root node sequence and total tree likelihood...
288.67	---Attaching sequence profiles to leafs...
288.68	---Postorder: computing likelihoods...
311.20	---Computing root node sequence and total tree likelihood...
311.48	---Attaching sequence profiles to leafs...
311.51	---Postorder: computing likelihoods...
344.09	---Computing root node sequence and total tree likelihood...
344.27	---Attaching sequence profiles to leafs...
344.28	---Postorder: computing likelihoods...
367.78	---Computing root node sequence and total tree likelihood...
367.80	---Attaching sequence profiles to leafs...
367.88	---Postorder: computing likelihoods...
381.28	---Computing root node sequence and total tree likelihood...

381.28	-treeanc:optimize_gtr_rate: optimization successful. Overall rate
      	 estimated to be 163.359967
381.29	--TreeAnc.infer_gtr: counting mutations...
397.59	---TreeAnc.infer_gtr: counting mutations...done

397.59	-GTR: with alphabet: ['A', 'B', 'C', 'D', 'E', 'F', 'G', 'H', 'I', 'J',
      	 'K', 'L', 'M', 'N', 'O', 'P', 'Q', 'R', 'S', 'T', 'U', 'V', 'W', 'X',
      	 'Y', 'Z', '[', '\\', ']', '^', '_', '`', 'a', 'b', 'c', 'd', 'e', 'f',
      	 'g', 'h', 'i', 'j', 'k', 'l', 'm', 'n', 'o', 'p', 'q', 'r', 's', 't',
      	 'u', 'v', 'w', 'x', 'y', 'z', '{', '|', '}', '~', '\x7f', '\x80',
      	 '\x81', '\x82', '\x83', '\x84', '\x85', '\x86', '\x87', '\x88', '\x89',
      	 '\x8a', '\x8b', '\x8c', '\x8d', '\x8e', '\x8f', '\x90', '\x91', '\x92',
      	 '\x93', '\x94', '\x95', '\x96', '\x97', '\x98', '\x99', '\x9a', '\x9b',
      	 '\x9c', '\x9d', '\x9e', '\x9f', '\xa0', '¡', '¢', '£', '¤']
397.59	--GTR: ambiguous character: ¥
397.59	----GTR: no gap symbol!
397.59	---GTR: init with dummy values!

397.67	-GTR: model inference
397.67	---GTR inference iteration 0 change: 0.1
397.67	---GTR inference iteration 1 change: 0.0029259412937508423
397.69	---GTR inference iteration 2 change: 3.672735251665012e-05
397.97	---Attaching sequence profiles to leafs...
397.98	---Postorder: computing likelihoods...
406.79	---Computing root node sequence and total tree likelihood...
406.87	---Attaching sequence profiles to leafs...
406.87	---Postorder: computing likelihoods...
416.58	---Computing root node sequence and total tree likelihood...
416.59	---Attaching sequence profiles to leafs...
416.67	---Postorder: computing likelihoods...
421.98	---Computing root node sequence and total tree likelihood...
421.99	---Attaching sequence profiles to leafs...
422.07	---Postorder: computing likelihoods...
445.98	---Computing root node sequence and total tree likelihood...
446.08	---Attaching sequence profiles to leafs...
446.09	---Postorder: computing likelihoods...
457.48	---Computing root node sequence and total tree likelihood...
457.49	---Attaching sequence profiles to leafs...
457.50	---Postorder: computing likelihoods...
466.29	---Computing root node sequence and total tree likelihood...
466.37	---Attaching sequence profiles to leafs...
466.39	---Postorder: computing likelihoods...
492.08	---Computing root node sequence and total tree likelihood...
492.20	---Attaching sequence profiles to leafs...
492.20	---Postorder: computing likelihoods...
507.78	---Computing root node sequence and total tree likelihood...
507.79	---Attaching sequence profiles to leafs...
507.79	---Postorder: computing likelihoods...
514.19	---Computing root node sequence and total tree likelihood...
514.27	---Attaching sequence profiles to leafs...
514.29	---Postorder: computing likelihoods...
519.98	---Computing root node sequence and total tree likelihood...
520.07	---Attaching sequence profiles to leafs...
520.07	---Postorder: computing likelihoods...
530.79	---Computing root node sequence and total tree likelihood...
530.88	---Attaching sequence profiles to leafs...
530.97	---Postorder: computing likelihoods...
538.39	---Computing root node sequence and total tree likelihood...
538.47	---Attaching sequence profiles to leafs...
538.48	---Postorder: computing likelihoods...
545.88	---Computing root node sequence and total tree likelihood...
545.98	---Attaching sequence profiles to leafs...
545.99	---Postorder: computing likelihoods...
554.58	---Computing root node sequence and total tree likelihood...
554.67	---Attaching sequence profiles to leafs...
554.70	---Postorder: computing likelihoods...
563.69	---Computing root node sequence and total tree likelihood...
563.79	---Attaching sequence profiles to leafs...
563.80	---Postorder: computing likelihoods...
569.27	---Computing root node sequence and total tree likelihood...
569.27	---Attaching sequence profiles to leafs...
569.28	---Postorder: computing likelihoods...
576.08	---Computing root node sequence and total tree likelihood...
576.09	---Attaching sequence profiles to leafs...
576.10	---Postorder: computing likelihoods...
583.27	---Computing root node sequence and total tree likelihood...

583.37	-treeanc:optimize_gtr_rate: optimization successful. Overall rate
      	 estimated to be 163.149457
583.37	--TreeAnc.infer_gtr: counting mutations...
598.68	---TreeAnc.infer_gtr: counting mutations...done

598.68	-GTR: with alphabet: ['A', 'B', 'C', 'D', 'E', 'F', 'G', 'H', 'I', 'J',
      	 'K', 'L', 'M', 'N', 'O', 'P', 'Q', 'R', 'S', 'T', 'U', 'V', 'W', 'X',
      	 'Y', 'Z', '[', '\\', ']', '^', '_', '`', 'a', 'b', 'c', 'd', 'e', 'f',
      	 'g', 'h', 'i', 'j', 'k', 'l', 'm', 'n', 'o', 'p', 'q', 'r', 's', 't',
      	 'u', 'v', 'w', 'x', 'y', 'z', '{', '|', '}', '~', '\x7f', '\x80',
      	 '\x81', '\x82', '\x83', '\x84', '\x85', '\x86', '\x87', '\x88', '\x89',
      	 '\x8a', '\x8b', '\x8c', '\x8d', '\x8e', '\x8f', '\x90', '\x91', '\x92',
      	 '\x93', '\x94', '\x95', '\x96', '\x97', '\x98', '\x99', '\x9a', '\x9b',
      	 '\x9c', '\x9d', '\x9e', '\x9f', '\xa0', '¡', '¢', '£', '¤']
598.68	--GTR: ambiguous character: ¥
598.68	----GTR: no gap symbol!
598.68	---GTR: init with dummy values!

598.77	-GTR: model inference
598.77	---GTR inference iteration 0 change: 0.1
598.77	---GTR inference iteration 1 change: 0.002937495098505435
598.77	---GTR inference iteration 2 change: 3.689726010899072e-05
598.88	---Attaching sequence profiles to leafs...
598.97	---Postorder: computing likelihoods...
609.07	---Computing root node sequence and total tree likelihood...
609.08	---Attaching sequence profiles to leafs...
609.08	---Postorder: computing likelihoods...
623.47	---Computing root node sequence and total tree likelihood...
623.57	---Attaching sequence profiles to leafs...
623.67	---Postorder: computing likelihoods...
636.78	---Computing root node sequence and total tree likelihood...
637.17	---Attaching sequence profiles to leafs...
637.18	---Postorder: computing likelihoods...
664.07	---Computing root node sequence and total tree likelihood...
664.08	---Attaching sequence profiles to leafs...
664.17	---Postorder: computing likelihoods...
684.38	---Computing root node sequence and total tree likelihood...
684.48	---Attaching sequence profiles to leafs...
684.57	---Postorder: computing likelihoods...
692.08	---Computing root node sequence and total tree likelihood...
692.17	---Attaching sequence profiles to leafs...
692.18	---Postorder: computing likelihoods...
705.78	---Computing root node sequence and total tree likelihood...
705.88	---Attaching sequence profiles to leafs...
705.97	---Postorder: computing likelihoods...
722.78	---Computing root node sequence and total tree likelihood...
722.87	---Attaching sequence profiles to leafs...
722.88	---Postorder: computing likelihoods...
735.97	---Computing root node sequence and total tree likelihood...
736.07	---Attaching sequence profiles to leafs...
736.08	---Postorder: computing likelihoods...
747.98	---Computing root node sequence and total tree likelihood...
748.27	---Attaching sequence profiles to leafs...
748.28	---Postorder: computing likelihoods...
772.47	---Computing root node sequence and total tree likelihood...
772.48	---Attaching sequence profiles to leafs...
772.57	---Postorder: computing likelihoods...
782.77	---Computing root node sequence and total tree likelihood...
782.87	---Attaching sequence profiles to leafs...
782.96	---Postorder: computing likelihoods...
795.27	---Computing root node sequence and total tree likelihood...
795.37	---Attaching sequence profiles to leafs...
795.38	---Postorder: computing likelihoods...
808.87	---Computing root node sequence and total tree likelihood...
809.17	---Attaching sequence profiles to leafs...
809.18	---Postorder: computing likelihoods...
819.47	---Computing root node sequence and total tree likelihood...
819.47	---Attaching sequence profiles to leafs...
819.57	---Postorder: computing likelihoods...
831.39	---Computing root node sequence and total tree likelihood...
831.77	---Attaching sequence profiles to leafs...
831.78	---Postorder: computing likelihoods...
846.27	---Computing root node sequence and total tree likelihood...
846.28	---Attaching sequence profiles to leafs...
846.37	---Postorder: computing likelihoods...
863.07	---Computing root node sequence and total tree likelihood...
863.08	---Attaching sequence profiles to leafs...
863.17	---Postorder: computing likelihoods...
874.67	---Computing root node sequence and total tree likelihood...

874.67	-treeanc:optimize_gtr_rate: optimization successful. Overall rate
      	 estimated to be 163.126767
874.67	--TreeAnc.infer_gtr: counting mutations...
896.47	---TreeAnc.infer_gtr: counting mutations...done

896.47	-GTR: with alphabet: ['A', 'B', 'C', 'D', 'E', 'F', 'G', 'H', 'I', 'J',
      	 'K', 'L', 'M', 'N', 'O', 'P', 'Q', 'R', 'S', 'T', 'U', 'V', 'W', 'X',
      	 'Y', 'Z', '[', '\\', ']', '^', '_', '`', 'a', 'b', 'c', 'd', 'e', 'f',
      	 'g', 'h', 'i', 'j', 'k', 'l', 'm', 'n', 'o', 'p', 'q', 'r', 's', 't',
      	 'u', 'v', 'w', 'x', 'y', 'z', '{', '|', '}', '~', '\x7f', '\x80',
      	 '\x81', '\x82', '\x83', '\x84', '\x85', '\x86', '\x87', '\x88', '\x89',
      	 '\x8a', '\x8b', '\x8c', '\x8d', '\x8e', '\x8f', '\x90', '\x91', '\x92',
      	 '\x93', '\x94', '\x95', '\x96', '\x97', '\x98', '\x99', '\x9a', '\x9b',
      	 '\x9c', '\x9d', '\x9e', '\x9f', '\xa0', '¡', '¢', '£', '¤']
896.47	--GTR: ambiguous character: ¥
896.47	----GTR: no gap symbol!
896.47	---GTR: init with dummy values!

896.57	-GTR: model inference
896.57	---GTR inference iteration 0 change: 0.1
896.57	---GTR inference iteration 1 change: 0.00293972644226107
896.57	---GTR inference iteration 2 change: 3.693351716219129e-05
896.77	---Attaching sequence profiles to leafs...
896.87	---Postorder: computing likelihoods...
920.98	---Computing root node sequence and total tree likelihood...
921.08	---Attaching sequence profiles to leafs...
921.17	---Postorder: computing likelihoods...
936.47	---Computing root node sequence and total tree likelihood...
936.57	---Attaching sequence profiles to leafs...
936.59	---Postorder: computing likelihoods...
972.97	---Computing root node sequence and total tree likelihood...
973.18	---Attaching sequence profiles to leafs...
973.27	---Postorder: computing likelihoods...
982.28	---Computing root node sequence and total tree likelihood...
982.28	---Attaching sequence profiles to leafs...
982.37	---Postorder: computing likelihoods...
996.57	---Computing root node sequence and total tree likelihood...
996.58	---Attaching sequence profiles to leafs...
996.67	---Postorder: computing likelihoods...
1010.58	---Computing root node sequence and total tree likelihood...
1010.67	---Attaching sequence profiles to leafs...
1010.67	---Postorder: computing likelihoods...
1035.27	---Computing root node sequence and total tree likelihood...
1035.28	---Attaching sequence profiles to leafs...
1035.37	---Postorder: computing likelihoods...
1052.77	---Computing root node sequence and total tree likelihood...
1052.77	---Attaching sequence profiles to leafs...
1052.78	---Postorder: computing likelihoods...
1064.87	---Computing root node sequence and total tree likelihood...
1064.87	---Attaching sequence profiles to leafs...
1064.97	---Postorder: computing likelihoods...
1093.08	---Computing root node sequence and total tree likelihood...
1093.18	---Attaching sequence profiles to leafs...
1093.27	---Postorder: computing likelihoods...
1114.47	---Computing root node sequence and total tree likelihood...
1114.57	---Attaching sequence profiles to leafs...
1114.58	---Postorder: computing likelihoods...
1155.47	---Computing root node sequence and total tree likelihood...
1155.48	---Attaching sequence profiles to leafs...
1155.58	---Postorder: computing likelihoods...
1177.58	---Computing root node sequence and total tree likelihood...
1177.67	---Attaching sequence profiles to leafs...
1177.68	---Postorder: computing likelihoods...
1193.27	---Computing root node sequence and total tree likelihood...
1193.47	---Attaching sequence profiles to leafs...
1193.48	---Postorder: computing likelihoods...
1199.97	---Computing root node sequence and total tree likelihood...
1200.07	---Attaching sequence profiles to leafs...
1200.08	---Postorder: computing likelihoods...
1210.37	---Computing root node sequence and total tree likelihood...
1210.47	---Attaching sequence profiles to leafs...
1210.56	---Postorder: computing likelihoods...
1216.27	---Computing root node sequence and total tree likelihood...
1216.27	---Attaching sequence profiles to leafs...
1216.37	---Postorder: computing likelihoods...
1222.87	---Computing root node sequence and total tree likelihood...
1223.07	---Attaching sequence profiles to leafs...
1223.17	---Postorder: computing likelihoods...
1229.87	---Computing root node sequence and total tree likelihood...
1229.97	---Attaching sequence profiles to leafs...
1229.97	---Postorder: computing likelihoods...
1237.47	---Computing root node sequence and total tree likelihood...

1237.67	-treeanc:optimize_gtr_rate: optimization successful. Overall rate
       	 estimated to be 163.121318
1237.67	--TreeAnc.infer_gtr: counting mutations...
1249.07	---TreeAnc.infer_gtr: counting mutations...done

1249.07	-GTR: with alphabet: ['A', 'B', 'C', 'D', 'E', 'F', 'G', 'H', 'I', 'J',
       	 'K', 'L', 'M', 'N', 'O', 'P', 'Q', 'R', 'S', 'T', 'U', 'V', 'W', 'X',
       	 'Y', 'Z', '[', '\\', ']', '^', '_', '`', 'a', 'b', 'c', 'd', 'e', 'f',
       	 'g', 'h', 'i', 'j', 'k', 'l', 'm', 'n', 'o', 'p', 'q', 'r', 's', 't',
       	 'u', 'v', 'w', 'x', 'y', 'z', '{', '|', '}', '~', '\x7f', '\x80',
       	 '\x81', '\x82', '\x83', '\x84', '\x85', '\x86', '\x87', '\x88', '\x89',
       	 '\x8a', '\x8b', '\x8c', '\x8d', '\x8e', '\x8f', '\x90', '\x91', '\x92',
       	 '\x93', '\x94', '\x95', '\x96', '\x97', '\x98', '\x99', '\x9a', '\x9b',
       	 '\x9c', '\x9d', '\x9e', '\x9f', '\xa0', '¡', '¢', '£', '¤']
1249.07	--GTR: ambiguous character: ¥
1249.07	----GTR: no gap symbol!
1249.07	---GTR: init with dummy values!

1249.18	-GTR: model inference
1249.18	---GTR inference iteration 0 change: 0.1
1249.27	---GTR inference iteration 1 change: 0.0029401897317446655
1249.27	---GTR inference iteration 2 change: 3.6941800194334985e-05
1249.37	---Attaching sequence profiles to leafs...
1249.37	---Postorder: computing likelihoods...
1255.27	---Computing root node sequence and total tree likelihood...
1255.27	---Attaching sequence profiles to leafs...
1255.37	---Postorder: computing likelihoods...
1262.77	---Computing root node sequence and total tree likelihood...
1262.87	---Attaching sequence profiles to leafs...
1262.97	---Postorder: computing likelihoods...
1270.67	---Computing root node sequence and total tree likelihood...
1270.77	---Attaching sequence profiles to leafs...
1270.78	---Postorder: computing likelihoods...
1283.47	---Computing root node sequence and total tree likelihood...
1283.57	---Attaching sequence profiles to leafs...
1283.67	---Postorder: computing likelihoods...
1292.87	---Computing root node sequence and total tree likelihood...
1292.87	---Attaching sequence profiles to leafs...
1292.97	---Postorder: computing likelihoods...
1300.47	---Computing root node sequence and total tree likelihood...
1300.47	---Attaching sequence profiles to leafs...
1300.48	---Postorder: computing likelihoods...
1307.67	---Computing root node sequence and total tree likelihood...
1307.77	---Attaching sequence profiles to leafs...
1307.78	---Postorder: computing likelihoods...
1313.37	---Computing root node sequence and total tree likelihood...
1313.38	---Attaching sequence profiles to leafs...
1313.38	---Postorder: computing likelihoods...
1319.97	---Computing root node sequence and total tree likelihood...
1320.07	---Attaching sequence profiles to leafs...
1320.08	---Postorder: computing likelihoods...
1327.77	---Computing root node sequence and total tree likelihood...
1327.77	---Attaching sequence profiles to leafs...
1327.87	---Postorder: computing likelihoods...
1335.87	---Computing root node sequence and total tree likelihood...
1335.97	---Attaching sequence profiles to leafs...
1335.97	---Postorder: computing likelihoods...
1356.87	---Computing root node sequence and total tree likelihood...
1356.87	---Attaching sequence profiles to leafs...
1356.88	---Postorder: computing likelihoods...
1364.37	---Computing root node sequence and total tree likelihood...
1364.37	---Attaching sequence profiles to leafs...
1364.47	---Postorder: computing likelihoods...
1374.17	---Computing root node sequence and total tree likelihood...
1374.17	---Attaching sequence profiles to leafs...
1374.27	---Postorder: computing likelihoods...
1389.67	---Computing root node sequence and total tree likelihood...
1389.77	---Attaching sequence profiles to leafs...
1389.77	---Postorder: computing likelihoods...
1403.27	---Computing root node sequence and total tree likelihood...
1403.57	---Attaching sequence profiles to leafs...
1403.58	---Postorder: computing likelihoods...
1425.97	---Computing root node sequence and total tree likelihood...
1425.98	---Attaching sequence profiles to leafs...
1426.06	---Postorder: computing likelihoods...
1461.89	---Computing root node sequence and total tree likelihood...
1462.17	---Attaching sequence profiles to leafs...
1462.18	---Postorder: computing likelihoods...
1488.76	---Computing root node sequence and total tree likelihood...
1488.77	---Attaching sequence profiles to leafs...
1488.87	---Postorder: computing likelihoods...
1501.88	---Computing root node sequence and total tree likelihood...

1501.98	-treeanc:optimize_gtr_rate: optimization successful. Overall rate
       	 estimated to be 163.120036
1501.98	--TreeAnc.infer_gtr: counting mutations...
1517.37	---TreeAnc.infer_gtr: counting mutations...done

1517.37	-GTR: with alphabet: ['A', 'B', 'C', 'D', 'E', 'F', 'G', 'H', 'I', 'J',
       	 'K', 'L', 'M', 'N', 'O', 'P', 'Q', 'R', 'S', 'T', 'U', 'V', 'W', 'X',
       	 'Y', 'Z', '[', '\\', ']', '^', '_', '`', 'a', 'b', 'c', 'd', 'e', 'f',
       	 'g', 'h', 'i', 'j', 'k', 'l', 'm', 'n', 'o', 'p', 'q', 'r', 's', 't',
       	 'u', 'v', 'w', 'x', 'y', 'z', '{', '|', '}', '~', '\x7f', '\x80',
       	 '\x81', '\x82', '\x83', '\x84', '\x85', '\x86', '\x87', '\x88', '\x89',
       	 '\x8a', '\x8b', '\x8c', '\x8d', '\x8e', '\x8f', '\x90', '\x91', '\x92',
       	 '\x93', '\x94', '\x95', '\x96', '\x97', '\x98', '\x99', '\x9a', '\x9b',
       	 '\x9c', '\x9d', '\x9e', '\x9f', '\xa0', '¡', '¢', '£', '¤']
1517.38	--GTR: ambiguous character: ¥
1517.38	----GTR: no gap symbol!
1517.38	---GTR: init with dummy values!

1517.38	-GTR: model inference
1517.38	---GTR inference iteration 0 change: 0.1
1517.46	---GTR inference iteration 1 change: 0.002940291963194427
1517.47	---GTR inference iteration 2 change: 3.6943779962885085e-05
1517.47	---Attaching sequence profiles to leafs...
1517.57	---Postorder: computing likelihoods...
1532.27	---Computing root node sequence and total tree likelihood...
1532.37	---Attaching sequence profiles to leafs...
1532.38	---Postorder: computing likelihoods...
1550.88	---Computing root node sequence and total tree likelihood...
1550.97	---Attaching sequence profiles to leafs...
1551.07	---Postorder: computing likelihoods...
1568.47	---Computing root node sequence and total tree likelihood...
1568.47	---Attaching sequence profiles to leafs...
1568.57	---Postorder: computing likelihoods...
1578.47	---Computing root node sequence and total tree likelihood...
1578.47	---Attaching sequence profiles to leafs...
1578.48	---Postorder: computing likelihoods...
1588.87	---Computing root node sequence and total tree likelihood...
1588.87	---Attaching sequence profiles to leafs...
1588.97	---Postorder: computing likelihoods...
1599.07	---Computing root node sequence and total tree likelihood...
1599.07	---Attaching sequence profiles to leafs...
1599.17	---Postorder: computing likelihoods...
1609.47	---Computing root node sequence and total tree likelihood...
1609.57	---Attaching sequence profiles to leafs...
1609.58	---Postorder: computing likelihoods...
1624.17	---Computing root node sequence and total tree likelihood...
1624.27	---Attaching sequence profiles to leafs...
1624.27	---Postorder: computing likelihoods...
1635.87	---Computing root node sequence and total tree likelihood...
1636.07	---Attaching sequence profiles to leafs...
1636.17	---Postorder: computing likelihoods...
1644.37	---Computing root node sequence and total tree likelihood...
1644.47	---Attaching sequence profiles to leafs...
1644.47	---Postorder: computing likelihoods...
1652.07	---Computing root node sequence and total tree likelihood...
1652.17	---Attaching sequence profiles to leafs...
1652.27	---Postorder: computing likelihoods...
1661.77	---Computing root node sequence and total tree likelihood...
1661.87	---Attaching sequence profiles to leafs...
1661.88	---Postorder: computing likelihoods...
1671.97	---Computing root node sequence and total tree likelihood...
1672.07	---Attaching sequence profiles to leafs...
1672.17	---Postorder: computing likelihoods...
1683.47	---Computing root node sequence and total tree likelihood...
1683.57	---Attaching sequence profiles to leafs...
1683.58	---Postorder: computing likelihoods...
1695.27	---Computing root node sequence and total tree likelihood...
1695.38	---Attaching sequence profiles to leafs...
1695.47	---Postorder: computing likelihoods...
1706.17	---Computing root node sequence and total tree likelihood...
1706.27	---Attaching sequence profiles to leafs...
1706.36	---Postorder: computing likelihoods...
1716.77	---Computing root node sequence and total tree likelihood...
1716.87	---Attaching sequence profiles to leafs...
1716.87	---Postorder: computing likelihoods...
1728.57	---Computing root node sequence and total tree likelihood...
1728.57	---Attaching sequence profiles to leafs...
1728.66	---Postorder: computing likelihoods...
1740.97	---Computing root node sequence and total tree likelihood...
1741.07	---Attaching sequence profiles to leafs...
1741.17	---Postorder: computing likelihoods...
1748.57	---Computing root node sequence and total tree likelihood...

1748.57	-treeanc:optimize_gtr_rate: optimization successful. Overall rate
       	 estimated to be 163.119723

1748.57	-TreeAnc.infer_ancestral_sequences with method: probabilistic, marginal
1748.57	--TreeAnc._ml_anc_marginal: type of reconstruction: Marginal
1748.57	---Attaching sequence profiles to leafs...
1748.67	---Postorder: computing likelihoods...
1764.47	---Computing root node sequence and total tree likelihood...
1764.47	---Preorder: computing marginal profiles...
1780.17	---TreeAnc._ml_anc_marginal: ...done
NOTE: previous versions (<0.7.0) of this command made a 'short-branch
length assumption. TreeTime now optimizes the overall rate numerically
and thus allows for long branches along which multiple changes
accumulated. This is expected to affect estimates of the overall rate
while leaving the relative rates mostly unchanged.
