
0.00	-TreeAnc: set-up
Assigned discrete traits to 630 out of 630 taxa.


0.45	-SequenceData: loaded alignment.

0.45	-SeqData: making compressed alignment...

0.45	-SequenceData: constructed compressed alignment...

0.49	-TreeAnc.infer_ancestral_sequences with method: ml, marginal
0.49	--TreeAnc._ml_anc_marginal: type of reconstruction: Marginal
0.49	---Attaching sequence profiles to leafs...
0.51	---Postorder: computing likelihoods...
0.63	---Computing root node sequence and total tree likelihood...
0.63	---Preorder: computing marginal profiles...
0.80	---TreeAnc._ml_anc_marginal: ...done
0.90	--TreeAnc.infer_gtr: counting mutations...
1.13	---TreeAnc.infer_gtr: counting mutations...done

1.13	-GTR: with alphabet: ['A', 'B', 'C', 'D', 'E']
1.13	--GTR: ambiguous character: F
1.13	----GTR: no gap symbol!
1.13	---GTR: init with dummy values!

1.13	-GTR: model inference
1.13	---GTR inference iteration 0 change: 0.447213595499958
1.13	---GTR inference iteration 1 change: 0.03075579081743575
1.13	---GTR inference iteration 2 change: 0.0009717741130323832
1.13	--TreeAnc._ml_anc_marginal: type of reconstruction: Marginal
1.13	---Attaching sequence profiles to leafs...
1.14	---Postorder: computing likelihoods...
1.26	---Computing root node sequence and total tree likelihood...
1.26	---Preorder: computing marginal profiles...
1.52	---TreeAnc._ml_anc_marginal: ...done
1.62	---Attaching sequence profiles to leafs...
1.63	---Postorder: computing likelihoods...
1.76	---Computing root node sequence and total tree likelihood...
1.76	---Attaching sequence profiles to leafs...
1.76	---Postorder: computing likelihoods...
1.89	---Computing root node sequence and total tree likelihood...
1.89	---Attaching sequence profiles to leafs...
1.89	---Postorder: computing likelihoods...
2.01	---Computing root node sequence and total tree likelihood...
2.01	---Attaching sequence profiles to leafs...
2.02	---Postorder: computing likelihoods...
2.14	---Computing root node sequence and total tree likelihood...
2.15	---Attaching sequence profiles to leafs...
2.15	---Postorder: computing likelihoods...
2.27	---Computing root node sequence and total tree likelihood...
2.27	---Attaching sequence profiles to leafs...
2.28	---Postorder: computing likelihoods...
2.40	---Computing root node sequence and total tree likelihood...
2.40	---Attaching sequence profiles to leafs...
2.41	---Postorder: computing likelihoods...
2.53	---Computing root node sequence and total tree likelihood...
2.53	---Attaching sequence profiles to leafs...
2.54	---Postorder: computing likelihoods...
2.66	---Computing root node sequence and total tree likelihood...
2.66	---Attaching sequence profiles to leafs...
2.67	---Postorder: computing likelihoods...
2.79	---Computing root node sequence and total tree likelihood...
2.79	---Attaching sequence profiles to leafs...
2.80	---Postorder: computing likelihoods...
2.92	---Computing root node sequence and total tree likelihood...
2.92	---Attaching sequence profiles to leafs...
2.93	---Postorder: computing likelihoods...
3.05	---Computing root node sequence and total tree likelihood...
3.05	---Attaching sequence profiles to leafs...
3.05	---Postorder: computing likelihoods...
3.18	---Computing root node sequence and total tree likelihood...
3.18	---Attaching sequence profiles to leafs...
3.18	---Postorder: computing likelihoods...
3.31	---Computing root node sequence and total tree likelihood...
3.31	---Attaching sequence profiles to leafs...
3.32	---Postorder: computing likelihoods...
3.45	---Computing root node sequence and total tree likelihood...
3.45	---Attaching sequence profiles to leafs...
3.46	---Postorder: computing likelihoods...
3.58	---Computing root node sequence and total tree likelihood...
3.58	---Attaching sequence profiles to leafs...
3.59	---Postorder: computing likelihoods...
3.72	---Computing root node sequence and total tree likelihood...
3.72	---Attaching sequence profiles to leafs...
3.73	---Postorder: computing likelihoods...
3.85	---Computing root node sequence and total tree likelihood...
3.85	---Attaching sequence profiles to leafs...
3.86	---Postorder: computing likelihoods...
3.98	---Computing root node sequence and total tree likelihood...
3.98	---Attaching sequence profiles to leafs...
3.99	---Postorder: computing likelihoods...
4.11	---Computing root node sequence and total tree likelihood...

4.12	-treeanc:optimize_gtr_rate: optimization successful. Overall rate estimated
    	 to be 3.242537
4.12	--TreeAnc.infer_gtr: counting mutations...
4.34	---TreeAnc.infer_gtr: counting mutations...done

4.34	-GTR: with alphabet: ['A', 'B', 'C', 'D', 'E']
4.34	--GTR: ambiguous character: F
4.34	----GTR: no gap symbol!
4.34	---GTR: init with dummy values!

4.34	-GTR: model inference
4.34	---GTR inference iteration 0 change: 0.447213595499958
4.34	---GTR inference iteration 1 change: 0.030547933625247558
4.34	---GTR inference iteration 2 change: 0.0009758198413343175
4.34	---Attaching sequence profiles to leafs...
4.35	---Postorder: computing likelihoods...
4.47	---Computing root node sequence and total tree likelihood...
4.47	---Attaching sequence profiles to leafs...
4.48	---Postorder: computing likelihoods...
4.60	---Computing root node sequence and total tree likelihood...
4.60	---Attaching sequence profiles to leafs...
4.61	---Postorder: computing likelihoods...
4.73	---Computing root node sequence and total tree likelihood...
4.73	---Attaching sequence profiles to leafs...
4.74	---Postorder: computing likelihoods...
4.86	---Computing root node sequence and total tree likelihood...
4.86	---Attaching sequence profiles to leafs...
4.87	---Postorder: computing likelihoods...
4.99	---Computing root node sequence and total tree likelihood...
4.99	---Attaching sequence profiles to leafs...
4.99	---Postorder: computing likelihoods...
5.12	---Computing root node sequence and total tree likelihood...
5.12	---Attaching sequence profiles to leafs...
5.12	---Postorder: computing likelihoods...
5.25	---Computing root node sequence and total tree likelihood...
5.25	---Attaching sequence profiles to leafs...
5.25	---Postorder: computing likelihoods...
5.37	---Computing root node sequence and total tree likelihood...
5.37	---Attaching sequence profiles to leafs...
5.38	---Postorder: computing likelihoods...
5.50	---Computing root node sequence and total tree likelihood...
5.50	---Attaching sequence profiles to leafs...
5.51	---Postorder: computing likelihoods...
5.63	---Computing root node sequence and total tree likelihood...
5.63	---Attaching sequence profiles to leafs...
5.64	---Postorder: computing likelihoods...
5.76	---Computing root node sequence and total tree likelihood...
5.76	---Attaching sequence profiles to leafs...
5.77	---Postorder: computing likelihoods...
5.89	---Computing root node sequence and total tree likelihood...
5.89	---Attaching sequence profiles to leafs...
5.90	---Postorder: computing likelihoods...
6.02	---Computing root node sequence and total tree likelihood...
6.02	---Attaching sequence profiles to leafs...
6.02	---Postorder: computing likelihoods...
6.15	---Computing root node sequence and total tree likelihood...
6.15	---Attaching sequence profiles to leafs...
6.16	---Postorder: computing likelihoods...
6.28	---Computing root node sequence and total tree likelihood...
6.28	---Attaching sequence profiles to leafs...
6.29	---Postorder: computing likelihoods...
6.41	---Computing root node sequence and total tree likelihood...
6.41	---Attaching sequence profiles to leafs...
6.42	---Postorder: computing likelihoods...
6.54	---Computing root node sequence and total tree likelihood...
6.54	---Attaching sequence profiles to leafs...
6.55	---Postorder: computing likelihoods...
6.67	---Computing root node sequence and total tree likelihood...

6.67	-treeanc:optimize_gtr_rate: optimization successful. Overall rate estimated
    	 to be 3.244223
6.67	--TreeAnc.infer_gtr: counting mutations...
6.95	---TreeAnc.infer_gtr: counting mutations...done

6.95	-GTR: with alphabet: ['A', 'B', 'C', 'D', 'E']
6.95	--GTR: ambiguous character: F
6.95	----GTR: no gap symbol!
6.95	---GTR: init with dummy values!

6.95	-GTR: model inference
6.95	---GTR inference iteration 0 change: 0.447213595499958
6.95	---GTR inference iteration 1 change: 0.03045386851272766
6.95	---GTR inference iteration 2 change: 0.0009766242581542447
6.95	---Attaching sequence profiles to leafs...
6.96	---Postorder: computing likelihoods...
7.08	---Computing root node sequence and total tree likelihood...
7.08	---Attaching sequence profiles to leafs...
7.09	---Postorder: computing likelihoods...
7.21	---Computing root node sequence and total tree likelihood...
7.21	---Attaching sequence profiles to leafs...
7.22	---Postorder: computing likelihoods...
7.33	---Computing root node sequence and total tree likelihood...
7.34	---Attaching sequence profiles to leafs...
7.34	---Postorder: computing likelihoods...
7.46	---Computing root node sequence and total tree likelihood...
7.46	---Attaching sequence profiles to leafs...
7.47	---Postorder: computing likelihoods...
7.59	---Computing root node sequence and total tree likelihood...
7.59	---Attaching sequence profiles to leafs...
7.60	---Postorder: computing likelihoods...
7.73	---Computing root node sequence and total tree likelihood...
7.73	---Attaching sequence profiles to leafs...
7.74	---Postorder: computing likelihoods...
7.86	---Computing root node sequence and total tree likelihood...
7.86	---Attaching sequence profiles to leafs...
7.87	---Postorder: computing likelihoods...
7.99	---Computing root node sequence and total tree likelihood...
7.99	---Attaching sequence profiles to leafs...
8.00	---Postorder: computing likelihoods...
8.12	---Computing root node sequence and total tree likelihood...
8.12	---Attaching sequence profiles to leafs...
8.13	---Postorder: computing likelihoods...
8.25	---Computing root node sequence and total tree likelihood...
8.25	---Attaching sequence profiles to leafs...
8.26	---Postorder: computing likelihoods...
8.38	---Computing root node sequence and total tree likelihood...
8.38	---Attaching sequence profiles to leafs...
8.39	---Postorder: computing likelihoods...
8.51	---Computing root node sequence and total tree likelihood...
8.51	---Attaching sequence profiles to leafs...
8.52	---Postorder: computing likelihoods...
8.64	---Computing root node sequence and total tree likelihood...
8.65	---Attaching sequence profiles to leafs...
8.65	---Postorder: computing likelihoods...
8.78	---Computing root node sequence and total tree likelihood...
8.78	---Attaching sequence profiles to leafs...
8.79	---Postorder: computing likelihoods...
8.90	---Computing root node sequence and total tree likelihood...
8.90	---Attaching sequence profiles to leafs...
8.91	---Postorder: computing likelihoods...
9.04	---Computing root node sequence and total tree likelihood...
9.04	---Attaching sequence profiles to leafs...
9.04	---Postorder: computing likelihoods...
9.17	---Computing root node sequence and total tree likelihood...

9.17	-treeanc:optimize_gtr_rate: optimization successful. Overall rate estimated
    	 to be 3.244583
9.17	--TreeAnc.infer_gtr: counting mutations...
9.39	---TreeAnc.infer_gtr: counting mutations...done

9.39	-GTR: with alphabet: ['A', 'B', 'C', 'D', 'E']
9.39	--GTR: ambiguous character: F
9.39	----GTR: no gap symbol!
9.39	---GTR: init with dummy values!

9.39	-GTR: model inference
9.39	---GTR inference iteration 0 change: 0.447213595499958
9.39	---GTR inference iteration 1 change: 0.03043683000433597
9.39	---GTR inference iteration 2 change: 0.000976906781037209
9.39	---Attaching sequence profiles to leafs...
9.40	---Postorder: computing likelihoods...
9.52	---Computing root node sequence and total tree likelihood...
9.52	---Attaching sequence profiles to leafs...
9.53	---Postorder: computing likelihoods...
9.65	---Computing root node sequence and total tree likelihood...
9.65	---Attaching sequence profiles to leafs...
9.66	---Postorder: computing likelihoods...
9.79	---Computing root node sequence and total tree likelihood...
9.79	---Attaching sequence profiles to leafs...
9.79	---Postorder: computing likelihoods...
9.91	---Computing root node sequence and total tree likelihood...
9.91	---Attaching sequence profiles to leafs...
9.92	---Postorder: computing likelihoods...
10.04	---Computing root node sequence and total tree likelihood...
10.04	---Attaching sequence profiles to leafs...
10.05	---Postorder: computing likelihoods...
10.17	---Computing root node sequence and total tree likelihood...
10.17	---Attaching sequence profiles to leafs...
10.18	---Postorder: computing likelihoods...
10.30	---Computing root node sequence and total tree likelihood...
10.30	---Attaching sequence profiles to leafs...
10.31	---Postorder: computing likelihoods...
10.43	---Computing root node sequence and total tree likelihood...
10.43	---Attaching sequence profiles to leafs...
10.44	---Postorder: computing likelihoods...
10.56	---Computing root node sequence and total tree likelihood...
10.56	---Attaching sequence profiles to leafs...
10.57	---Postorder: computing likelihoods...
10.69	---Computing root node sequence and total tree likelihood...
10.69	---Attaching sequence profiles to leafs...
10.70	---Postorder: computing likelihoods...
10.82	---Computing root node sequence and total tree likelihood...
10.82	---Attaching sequence profiles to leafs...
10.83	---Postorder: computing likelihoods...
10.95	---Computing root node sequence and total tree likelihood...
10.95	---Attaching sequence profiles to leafs...
10.96	---Postorder: computing likelihoods...
11.08	---Computing root node sequence and total tree likelihood...
11.08	---Attaching sequence profiles to leafs...
11.09	---Postorder: computing likelihoods...
11.21	---Computing root node sequence and total tree likelihood...
11.21	---Attaching sequence profiles to leafs...
11.22	---Postorder: computing likelihoods...
11.34	---Computing root node sequence and total tree likelihood...
11.34	---Attaching sequence profiles to leafs...
11.35	---Postorder: computing likelihoods...
11.46	---Computing root node sequence and total tree likelihood...
11.46	---Attaching sequence profiles to leafs...
11.47	---Postorder: computing likelihoods...
11.59	---Computing root node sequence and total tree likelihood...
11.59	---Attaching sequence profiles to leafs...
11.60	---Postorder: computing likelihoods...
11.73	---Computing root node sequence and total tree likelihood...

11.73	-treeanc:optimize_gtr_rate: optimization successful. Overall rate
     	 estimated to be 3.244662
11.73	--TreeAnc.infer_gtr: counting mutations...
11.95	---TreeAnc.infer_gtr: counting mutations...done

11.95	-GTR: with alphabet: ['A', 'B', 'C', 'D', 'E']
11.95	--GTR: ambiguous character: F
11.95	----GTR: no gap symbol!
11.95	---GTR: init with dummy values!

11.95	-GTR: model inference
11.95	---GTR inference iteration 0 change: 0.447213595499958
11.95	---GTR inference iteration 1 change: 0.030433745170160408
11.95	---GTR inference iteration 2 change: 0.0009769718496884282
11.95	---Attaching sequence profiles to leafs...
11.96	---Postorder: computing likelihoods...
12.08	---Computing root node sequence and total tree likelihood...
12.08	---Attaching sequence profiles to leafs...
12.09	---Postorder: computing likelihoods...
12.22	---Computing root node sequence and total tree likelihood...
12.22	---Attaching sequence profiles to leafs...
12.22	---Postorder: computing likelihoods...
12.37	---Computing root node sequence and total tree likelihood...
12.37	---Attaching sequence profiles to leafs...
12.38	---Postorder: computing likelihoods...
12.52	---Computing root node sequence and total tree likelihood...
12.52	---Attaching sequence profiles to leafs...
12.53	---Postorder: computing likelihoods...
12.67	---Computing root node sequence and total tree likelihood...
12.67	---Attaching sequence profiles to leafs...
12.68	---Postorder: computing likelihoods...
12.82	---Computing root node sequence and total tree likelihood...
12.83	---Attaching sequence profiles to leafs...
12.83	---Postorder: computing likelihoods...
12.97	---Computing root node sequence and total tree likelihood...
12.97	---Attaching sequence profiles to leafs...
12.98	---Postorder: computing likelihoods...
13.12	---Computing root node sequence and total tree likelihood...
13.12	---Attaching sequence profiles to leafs...
13.13	---Postorder: computing likelihoods...
13.26	---Computing root node sequence and total tree likelihood...
13.26	---Attaching sequence profiles to leafs...
13.27	---Postorder: computing likelihoods...
13.40	---Computing root node sequence and total tree likelihood...
13.40	---Attaching sequence profiles to leafs...
13.41	---Postorder: computing likelihoods...
13.54	---Computing root node sequence and total tree likelihood...
13.54	---Attaching sequence profiles to leafs...
13.54	---Postorder: computing likelihoods...
13.68	---Computing root node sequence and total tree likelihood...
13.68	---Attaching sequence profiles to leafs...
13.69	---Postorder: computing likelihoods...
13.81	---Computing root node sequence and total tree likelihood...
13.81	---Attaching sequence profiles to leafs...
13.82	---Postorder: computing likelihoods...
13.94	---Computing root node sequence and total tree likelihood...
13.94	---Attaching sequence profiles to leafs...
13.95	---Postorder: computing likelihoods...
14.07	---Computing root node sequence and total tree likelihood...
14.07	---Attaching sequence profiles to leafs...
14.08	---Postorder: computing likelihoods...
14.21	---Computing root node sequence and total tree likelihood...
14.21	---Attaching sequence profiles to leafs...
14.21	---Postorder: computing likelihoods...
14.34	---Computing root node sequence and total tree likelihood...
14.34	---Attaching sequence profiles to leafs...
14.34	---Postorder: computing likelihoods...
14.46	---Computing root node sequence and total tree likelihood...
14.46	---Attaching sequence profiles to leafs...
14.47	---Postorder: computing likelihoods...
14.60	---Computing root node sequence and total tree likelihood...
14.60	---Attaching sequence profiles to leafs...
14.60	---Postorder: computing likelihoods...
14.73	---Computing root node sequence and total tree likelihood...

14.73	-treeanc:optimize_gtr_rate: optimization successful. Overall rate
     	 estimated to be 3.244678
14.73	--TreeAnc.infer_gtr: counting mutations...
14.95	---TreeAnc.infer_gtr: counting mutations...done

14.95	-GTR: with alphabet: ['A', 'B', 'C', 'D', 'E']
14.95	--GTR: ambiguous character: F
14.95	----GTR: no gap symbol!
14.95	---GTR: init with dummy values!

14.95	-GTR: model inference
14.95	---GTR inference iteration 0 change: 0.447213595499958
14.95	---GTR inference iteration 1 change: 0.030433178780078195
14.95	---GTR inference iteration 2 change: 0.0009769852315129307
14.95	---Attaching sequence profiles to leafs...
14.96	---Postorder: computing likelihoods...
15.08	---Computing root node sequence and total tree likelihood...
15.09	---Attaching sequence profiles to leafs...
15.09	---Postorder: computing likelihoods...
15.22	---Computing root node sequence and total tree likelihood...
15.22	---Attaching sequence profiles to leafs...
15.23	---Postorder: computing likelihoods...
15.35	---Computing root node sequence and total tree likelihood...
15.35	---Attaching sequence profiles to leafs...
15.36	---Postorder: computing likelihoods...
15.48	---Computing root node sequence and total tree likelihood...
15.48	---Attaching sequence profiles to leafs...
15.49	---Postorder: computing likelihoods...
15.61	---Computing root node sequence and total tree likelihood...
15.61	---Attaching sequence profiles to leafs...
15.62	---Postorder: computing likelihoods...
15.74	---Computing root node sequence and total tree likelihood...
15.75	---Attaching sequence profiles to leafs...
15.75	---Postorder: computing likelihoods...
15.87	---Computing root node sequence and total tree likelihood...
15.87	---Attaching sequence profiles to leafs...
15.88	---Postorder: computing likelihoods...
16.00	---Computing root node sequence and total tree likelihood...
16.00	---Attaching sequence profiles to leafs...
16.01	---Postorder: computing likelihoods...
16.13	---Computing root node sequence and total tree likelihood...
16.13	---Attaching sequence profiles to leafs...
16.14	---Postorder: computing likelihoods...
16.26	---Computing root node sequence and total tree likelihood...
16.26	---Attaching sequence profiles to leafs...
16.27	---Postorder: computing likelihoods...
16.40	---Computing root node sequence and total tree likelihood...
16.40	---Attaching sequence profiles to leafs...
16.40	---Postorder: computing likelihoods...
16.53	---Computing root node sequence and total tree likelihood...
16.53	---Attaching sequence profiles to leafs...
16.54	---Postorder: computing likelihoods...
16.66	---Computing root node sequence and total tree likelihood...
16.66	---Attaching sequence profiles to leafs...
16.67	---Postorder: computing likelihoods...
16.79	---Computing root node sequence and total tree likelihood...
16.79	---Attaching sequence profiles to leafs...
16.80	---Postorder: computing likelihoods...
16.92	---Computing root node sequence and total tree likelihood...
16.92	---Attaching sequence profiles to leafs...
16.93	---Postorder: computing likelihoods...
17.05	---Computing root node sequence and total tree likelihood...
17.05	---Attaching sequence profiles to leafs...
17.06	---Postorder: computing likelihoods...
17.18	---Computing root node sequence and total tree likelihood...
17.19	---Attaching sequence profiles to leafs...
17.19	---Postorder: computing likelihoods...
17.31	---Computing root node sequence and total tree likelihood...
17.32	---Attaching sequence profiles to leafs...
17.32	---Postorder: computing likelihoods...
17.44	---Computing root node sequence and total tree likelihood...
17.44	---Attaching sequence profiles to leafs...
17.45	---Postorder: computing likelihoods...
17.57	---Computing root node sequence and total tree likelihood...

17.57	-treeanc:optimize_gtr_rate: optimization successful. Overall rate
     	 estimated to be 3.244681

17.57	-TreeAnc.infer_ancestral_sequences with method: probabilistic, marginal
17.57	--TreeAnc._ml_anc_marginal: type of reconstruction: Marginal
17.57	---Attaching sequence profiles to leafs...
17.58	---Postorder: computing likelihoods...
17.70	---Computing root node sequence and total tree likelihood...
17.70	---Preorder: computing marginal profiles...
17.95	---TreeAnc._ml_anc_marginal: ...done
NOTE: previous versions (<0.7.0) of this command made a 'short-branch
length assumption. TreeTime now optimizes the overall rate numerically
and thus allows for long branches along which multiple changes
accumulated. This is expected to affect estimates of the overall rate
while leaving the relative rates mostly unchanged.
