
0.00	-TreeAnc: set-up

0.02	-###TEST.TreeAnc.prepare_tree: BEGIN
Assigned discrete traits to 634 out of 634 taxa.


0.38	-SequenceData: loaded alignment.

0.38	-SeqData: making compressed alignment...

0.38	-SequenceData: constructed compressed alignment...

0.42	-TreeAnc.infer_ancestral_sequences with method: ml, marginal
0.42	--TreeAnc._ml_anc_marginal: type of reconstruction: Marginal
0.42	---Attaching sequence profiles to leafs...
0.44	---Postorder: computing likelihoods...
0.56	---Computing root node sequence and total tree likelihood...
0.56	---Preorder: computing marginal profiles...
0.72	---TreeAnc._ml_anc_marginal: ...done
0.81	--TreeAnc.infer_gtr: counting mutations...
1.03	---TreeAnc.infer_gtr: counting mutations...done

1.03	-GTR: with alphabet: ['A', 'B', 'C', 'D', 'E', 'F', 'G', 'H', 'I', 'J',
    	 'K']
1.03	--GTR: ambiguous character: L
1.03	----GTR: no gap symbol!
1.03	---GTR: init with dummy values!

1.03	-GTR: model inference
1.03	---GTR inference iteration 0 change: 0.30151134457776363
1.03	---GTR inference iteration 1 change: 0.01201300998752292
1.03	---GTR inference iteration 2 change: 7.487383507726138e-05
1.03	--TreeAnc._ml_anc_marginal: type of reconstruction: Marginal
1.03	---Attaching sequence profiles to leafs...
1.04	---Postorder: computing likelihoods...
1.17	---Computing root node sequence and total tree likelihood...
1.17	---Preorder: computing marginal profiles...
1.43	---TreeAnc._ml_anc_marginal: ...done
1.52	---Attaching sequence profiles to leafs...
1.53	---Postorder: computing likelihoods...
1.66	---Computing root node sequence and total tree likelihood...
1.66	---Attaching sequence profiles to leafs...
1.67	---Postorder: computing likelihoods...
1.80	---Computing root node sequence and total tree likelihood...
1.80	---Attaching sequence profiles to leafs...
1.81	---Postorder: computing likelihoods...
1.93	---Computing root node sequence and total tree likelihood...
1.93	---Attaching sequence profiles to leafs...
1.94	---Postorder: computing likelihoods...
2.06	---Computing root node sequence and total tree likelihood...
2.06	---Attaching sequence profiles to leafs...
2.07	---Postorder: computing likelihoods...
2.20	---Computing root node sequence and total tree likelihood...
2.20	---Attaching sequence profiles to leafs...
2.21	---Postorder: computing likelihoods...
2.33	---Computing root node sequence and total tree likelihood...
2.33	---Attaching sequence profiles to leafs...
2.34	---Postorder: computing likelihoods...
2.46	---Computing root node sequence and total tree likelihood...
2.46	---Attaching sequence profiles to leafs...
2.47	---Postorder: computing likelihoods...
2.59	---Computing root node sequence and total tree likelihood...
2.60	---Attaching sequence profiles to leafs...
2.60	---Postorder: computing likelihoods...
2.73	---Computing root node sequence and total tree likelihood...
2.73	---Attaching sequence profiles to leafs...
2.74	---Postorder: computing likelihoods...
2.86	---Computing root node sequence and total tree likelihood...
2.86	---Attaching sequence profiles to leafs...
2.87	---Postorder: computing likelihoods...
3.00	---Computing root node sequence and total tree likelihood...
3.00	---Attaching sequence profiles to leafs...
3.01	---Postorder: computing likelihoods...
3.13	---Computing root node sequence and total tree likelihood...
3.13	---Attaching sequence profiles to leafs...
3.14	---Postorder: computing likelihoods...
3.27	---Computing root node sequence and total tree likelihood...
3.27	---Attaching sequence profiles to leafs...
3.28	---Postorder: computing likelihoods...
3.40	---Computing root node sequence and total tree likelihood...
3.40	---Attaching sequence profiles to leafs...
3.41	---Postorder: computing likelihoods...
3.54	---Computing root node sequence and total tree likelihood...
3.54	---Attaching sequence profiles to leafs...
3.55	---Postorder: computing likelihoods...
3.67	---Computing root node sequence and total tree likelihood...
3.67	---Attaching sequence profiles to leafs...
3.68	---Postorder: computing likelihoods...
3.81	---Computing root node sequence and total tree likelihood...
3.81	---Attaching sequence profiles to leafs...
3.82	---Postorder: computing likelihoods...
3.94	---Computing root node sequence and total tree likelihood...
3.95	---Attaching sequence profiles to leafs...
3.95	---Postorder: computing likelihoods...
4.08	---Computing root node sequence and total tree likelihood...
4.08	---Attaching sequence profiles to leafs...
4.10	---Postorder: computing likelihoods...
4.25	---Computing root node sequence and total tree likelihood...
4.25	---Attaching sequence profiles to leafs...
4.27	---Postorder: computing likelihoods...
4.42	---Computing root node sequence and total tree likelihood...
4.42	---Attaching sequence profiles to leafs...
4.42	---Postorder: computing likelihoods...
4.59	---Computing root node sequence and total tree likelihood...
4.59	---Attaching sequence profiles to leafs...
4.60	---Postorder: computing likelihoods...
4.73	---Computing root node sequence and total tree likelihood...

4.73	-treeanc:optimize_gtr_rate: optimization successful. Overall rate estimated
    	 to be 7.961926
4.73	--TreeAnc.infer_gtr: counting mutations...
4.98	---TreeAnc.infer_gtr: counting mutations...done

4.98	-GTR: with alphabet: ['A', 'B', 'C', 'D', 'E', 'F', 'G', 'H', 'I', 'J',
    	 'K']
4.98	--GTR: ambiguous character: L
4.98	----GTR: no gap symbol!
4.98	---GTR: init with dummy values!

4.98	-GTR: model inference
4.98	---GTR inference iteration 0 change: 0.30151134457776363
4.98	---GTR inference iteration 1 change: 0.012046905185167125
4.98	---GTR inference iteration 2 change: 7.546137550592354e-05
4.98	---Attaching sequence profiles to leafs...
4.99	---Postorder: computing likelihoods...
5.12	---Computing root node sequence and total tree likelihood...
5.12	---Attaching sequence profiles to leafs...
5.13	---Postorder: computing likelihoods...
5.26	---Computing root node sequence and total tree likelihood...
5.27	---Attaching sequence profiles to leafs...
5.28	---Postorder: computing likelihoods...
5.42	---Computing root node sequence and total tree likelihood...
5.42	---Attaching sequence profiles to leafs...
5.43	---Postorder: computing likelihoods...
5.56	---Computing root node sequence and total tree likelihood...
5.56	---Attaching sequence profiles to leafs...
5.57	---Postorder: computing likelihoods...
5.69	---Computing root node sequence and total tree likelihood...
5.69	---Attaching sequence profiles to leafs...
5.70	---Postorder: computing likelihoods...
5.83	---Computing root node sequence and total tree likelihood...
5.83	---Attaching sequence profiles to leafs...
5.84	---Postorder: computing likelihoods...
5.96	---Computing root node sequence and total tree likelihood...
5.96	---Attaching sequence profiles to leafs...
5.97	---Postorder: computing likelihoods...
6.09	---Computing root node sequence and total tree likelihood...
6.09	---Attaching sequence profiles to leafs...
6.10	---Postorder: computing likelihoods...
6.25	---Computing root node sequence and total tree likelihood...
6.25	---Attaching sequence profiles to leafs...
6.26	---Postorder: computing likelihoods...
6.39	---Computing root node sequence and total tree likelihood...
6.39	---Attaching sequence profiles to leafs...
6.39	---Postorder: computing likelihoods...
6.53	---Computing root node sequence and total tree likelihood...
6.53	---Attaching sequence profiles to leafs...
6.54	---Postorder: computing likelihoods...
6.66	---Computing root node sequence and total tree likelihood...
6.67	---Attaching sequence profiles to leafs...
6.67	---Postorder: computing likelihoods...
6.80	---Computing root node sequence and total tree likelihood...
6.80	---Attaching sequence profiles to leafs...
6.81	---Postorder: computing likelihoods...
6.94	---Computing root node sequence and total tree likelihood...
6.94	---Attaching sequence profiles to leafs...
6.95	---Postorder: computing likelihoods...
7.09	---Computing root node sequence and total tree likelihood...
7.09	---Attaching sequence profiles to leafs...
7.10	---Postorder: computing likelihoods...
7.24	---Computing root node sequence and total tree likelihood...
7.24	---Attaching sequence profiles to leafs...
7.25	---Postorder: computing likelihoods...
7.38	---Computing root node sequence and total tree likelihood...

7.38	-treeanc:optimize_gtr_rate: optimization successful. Overall rate estimated
    	 to be 7.962090
7.38	--TreeAnc.infer_gtr: counting mutations...
7.61	---TreeAnc.infer_gtr: counting mutations...done

7.61	-GTR: with alphabet: ['A', 'B', 'C', 'D', 'E', 'F', 'G', 'H', 'I', 'J',
    	 'K']
7.61	--GTR: ambiguous character: L
7.61	----GTR: no gap symbol!
7.61	---GTR: init with dummy values!

7.61	-GTR: model inference
7.61	---GTR inference iteration 0 change: 0.30151134457776363
7.61	---GTR inference iteration 1 change: 0.01204647575605054
7.61	---GTR inference iteration 2 change: 7.557234957180418e-05
7.61	---Attaching sequence profiles to leafs...
7.62	---Postorder: computing likelihoods...
7.76	---Computing root node sequence and total tree likelihood...
7.76	---Attaching sequence profiles to leafs...
7.77	---Postorder: computing likelihoods...
7.90	---Computing root node sequence and total tree likelihood...
7.90	---Attaching sequence profiles to leafs...
7.91	---Postorder: computing likelihoods...
8.04	---Computing root node sequence and total tree likelihood...
8.04	---Attaching sequence profiles to leafs...
8.05	---Postorder: computing likelihoods...
8.18	---Computing root node sequence and total tree likelihood...
8.18	---Attaching sequence profiles to leafs...
8.19	---Postorder: computing likelihoods...
8.31	---Computing root node sequence and total tree likelihood...
8.31	---Attaching sequence profiles to leafs...
8.32	---Postorder: computing likelihoods...
8.44	---Computing root node sequence and total tree likelihood...
8.44	---Attaching sequence profiles to leafs...
8.45	---Postorder: computing likelihoods...
8.58	---Computing root node sequence and total tree likelihood...
8.58	---Attaching sequence profiles to leafs...
8.59	---Postorder: computing likelihoods...
8.73	---Computing root node sequence and total tree likelihood...
8.73	---Attaching sequence profiles to leafs...
8.74	---Postorder: computing likelihoods...
8.87	---Computing root node sequence and total tree likelihood...
8.87	---Attaching sequence profiles to leafs...
8.88	---Postorder: computing likelihoods...
9.01	---Computing root node sequence and total tree likelihood...
9.01	---Attaching sequence profiles to leafs...
9.02	---Postorder: computing likelihoods...
9.15	---Computing root node sequence and total tree likelihood...
9.15	---Attaching sequence profiles to leafs...
9.16	---Postorder: computing likelihoods...
9.30	---Computing root node sequence and total tree likelihood...
9.30	---Attaching sequence profiles to leafs...
9.30	---Postorder: computing likelihoods...
9.43	---Computing root node sequence and total tree likelihood...
9.43	---Attaching sequence profiles to leafs...
9.44	---Postorder: computing likelihoods...
9.57	---Computing root node sequence and total tree likelihood...
9.57	---Attaching sequence profiles to leafs...
9.57	---Postorder: computing likelihoods...
9.72	---Computing root node sequence and total tree likelihood...
9.72	---Attaching sequence profiles to leafs...
9.73	---Postorder: computing likelihoods...
9.85	---Computing root node sequence and total tree likelihood...
9.85	---Attaching sequence profiles to leafs...
9.86	---Postorder: computing likelihoods...
9.99	---Computing root node sequence and total tree likelihood...
9.99	---Attaching sequence profiles to leafs...
10.00	---Postorder: computing likelihoods...
10.12	---Computing root node sequence and total tree likelihood...
10.13	---Attaching sequence profiles to leafs...
10.14	---Postorder: computing likelihoods...
10.31	---Computing root node sequence and total tree likelihood...
10.31	---Attaching sequence profiles to leafs...
10.32	---Postorder: computing likelihoods...
10.44	---Computing root node sequence and total tree likelihood...

10.45	-treeanc:optimize_gtr_rate: optimization successful. Overall rate
     	 estimated to be 7.962182
10.45	--TreeAnc.infer_gtr: counting mutations...
10.69	---TreeAnc.infer_gtr: counting mutations...done

10.69	-GTR: with alphabet: ['A', 'B', 'C', 'D', 'E', 'F', 'G', 'H', 'I', 'J',
     	 'K']
10.69	--GTR: ambiguous character: L
10.69	----GTR: no gap symbol!
10.69	---GTR: init with dummy values!

10.69	-GTR: model inference
10.69	---GTR inference iteration 0 change: 0.30151134457776363
10.69	---GTR inference iteration 1 change: 0.012046472340547228
10.69	---GTR inference iteration 2 change: 7.55918237962579e-05
10.69	---Attaching sequence profiles to leafs...
10.70	---Postorder: computing likelihoods...
10.83	---Computing root node sequence and total tree likelihood...
10.83	---Attaching sequence profiles to leafs...
10.84	---Postorder: computing likelihoods...
10.98	---Computing root node sequence and total tree likelihood...
10.98	---Attaching sequence profiles to leafs...
10.99	---Postorder: computing likelihoods...
11.13	---Computing root node sequence and total tree likelihood...
11.13	---Attaching sequence profiles to leafs...
11.14	---Postorder: computing likelihoods...
11.28	---Computing root node sequence and total tree likelihood...
11.29	---Attaching sequence profiles to leafs...
11.29	---Postorder: computing likelihoods...
11.42	---Computing root node sequence and total tree likelihood...
11.42	---Attaching sequence profiles to leafs...
11.43	---Postorder: computing likelihoods...
11.57	---Computing root node sequence and total tree likelihood...
11.57	---Attaching sequence profiles to leafs...
11.58	---Postorder: computing likelihoods...
11.73	---Computing root node sequence and total tree likelihood...
11.73	---Attaching sequence profiles to leafs...
11.74	---Postorder: computing likelihoods...
11.87	---Computing root node sequence and total tree likelihood...
11.87	---Attaching sequence profiles to leafs...
11.88	---Postorder: computing likelihoods...
12.00	---Computing root node sequence and total tree likelihood...
12.01	---Attaching sequence profiles to leafs...
12.01	---Postorder: computing likelihoods...
12.14	---Computing root node sequence and total tree likelihood...
12.14	---Attaching sequence profiles to leafs...
12.15	---Postorder: computing likelihoods...
12.29	---Computing root node sequence and total tree likelihood...
12.29	---Attaching sequence profiles to leafs...
12.30	---Postorder: computing likelihoods...
12.45	---Computing root node sequence and total tree likelihood...
12.45	---Attaching sequence profiles to leafs...
12.45	---Postorder: computing likelihoods...
12.58	---Computing root node sequence and total tree likelihood...
12.58	---Attaching sequence profiles to leafs...
12.59	---Postorder: computing likelihoods...
12.71	---Computing root node sequence and total tree likelihood...
12.71	---Attaching sequence profiles to leafs...
12.73	---Postorder: computing likelihoods...
12.85	---Computing root node sequence and total tree likelihood...
12.85	---Attaching sequence profiles to leafs...
12.86	---Postorder: computing likelihoods...
12.98	---Computing root node sequence and total tree likelihood...
12.99	---Attaching sequence profiles to leafs...
12.99	---Postorder: computing likelihoods...
13.12	---Computing root node sequence and total tree likelihood...

13.12	-treeanc:optimize_gtr_rate: optimization successful. Overall rate
     	 estimated to be 7.962198
13.12	--TreeAnc.infer_gtr: counting mutations...
13.36	---TreeAnc.infer_gtr: counting mutations...done

13.36	-GTR: with alphabet: ['A', 'B', 'C', 'D', 'E', 'F', 'G', 'H', 'I', 'J',
     	 'K']
13.36	--GTR: ambiguous character: L
13.36	----GTR: no gap symbol!
13.36	---GTR: init with dummy values!

13.36	-GTR: model inference
13.36	---GTR inference iteration 0 change: 0.30151134457776363
13.36	---GTR inference iteration 1 change: 0.012046468746366366
13.36	---GTR inference iteration 2 change: 7.559517275178628e-05
13.36	---Attaching sequence profiles to leafs...
13.37	---Postorder: computing likelihoods...
13.49	---Computing root node sequence and total tree likelihood...
13.49	---Attaching sequence profiles to leafs...
13.50	---Postorder: computing likelihoods...
13.63	---Computing root node sequence and total tree likelihood...
13.63	---Attaching sequence profiles to leafs...
13.64	---Postorder: computing likelihoods...
13.76	---Computing root node sequence and total tree likelihood...
13.76	---Attaching sequence profiles to leafs...
13.77	---Postorder: computing likelihoods...
13.90	---Computing root node sequence and total tree likelihood...
13.90	---Attaching sequence profiles to leafs...
13.90	---Postorder: computing likelihoods...
14.03	---Computing root node sequence and total tree likelihood...
14.03	---Attaching sequence profiles to leafs...
14.04	---Postorder: computing likelihoods...
14.17	---Computing root node sequence and total tree likelihood...
14.17	---Attaching sequence profiles to leafs...
14.18	---Postorder: computing likelihoods...
14.30	---Computing root node sequence and total tree likelihood...
14.30	---Attaching sequence profiles to leafs...
14.31	---Postorder: computing likelihoods...
14.44	---Computing root node sequence and total tree likelihood...
14.44	---Attaching sequence profiles to leafs...
14.45	---Postorder: computing likelihoods...
14.57	---Computing root node sequence and total tree likelihood...
14.57	---Attaching sequence profiles to leafs...
14.58	---Postorder: computing likelihoods...
14.70	---Computing root node sequence and total tree likelihood...
14.70	---Attaching sequence profiles to leafs...
14.71	---Postorder: computing likelihoods...
14.84	---Computing root node sequence and total tree likelihood...
14.84	---Attaching sequence profiles to leafs...
14.85	---Postorder: computing likelihoods...
14.97	---Computing root node sequence and total tree likelihood...
14.97	---Attaching sequence profiles to leafs...
14.98	---Postorder: computing likelihoods...
15.10	---Computing root node sequence and total tree likelihood...
15.11	---Attaching sequence profiles to leafs...
15.11	---Postorder: computing likelihoods...
15.25	---Computing root node sequence and total tree likelihood...
15.25	---Attaching sequence profiles to leafs...
15.26	---Postorder: computing likelihoods...
15.39	---Computing root node sequence and total tree likelihood...
15.39	---Attaching sequence profiles to leafs...
15.40	---Postorder: computing likelihoods...
15.52	---Computing root node sequence and total tree likelihood...
15.52	---Attaching sequence profiles to leafs...
15.53	---Postorder: computing likelihoods...
15.65	---Computing root node sequence and total tree likelihood...
15.65	---Attaching sequence profiles to leafs...
15.66	---Postorder: computing likelihoods...
15.79	---Computing root node sequence and total tree likelihood...
15.79	---Attaching sequence profiles to leafs...
15.80	---Postorder: computing likelihoods...
15.95	---Computing root node sequence and total tree likelihood...
15.95	---Attaching sequence profiles to leafs...
15.96	---Postorder: computing likelihoods...
16.09	---Computing root node sequence and total tree likelihood...
16.09	---Attaching sequence profiles to leafs...
16.11	---Postorder: computing likelihoods...
16.25	---Computing root node sequence and total tree likelihood...
16.26	---Attaching sequence profiles to leafs...
16.27	---Postorder: computing likelihoods...
16.39	---Computing root node sequence and total tree likelihood...
16.40	---Attaching sequence profiles to leafs...
16.40	---Postorder: computing likelihoods...
16.53	---Computing root node sequence and total tree likelihood...
16.53	---Attaching sequence profiles to leafs...
16.54	---Postorder: computing likelihoods...
16.67	---Computing root node sequence and total tree likelihood...

16.67	-treeanc:optimize_gtr_rate: optimization successful. Overall rate
     	 estimated to be 7.962200
16.67	--TreeAnc.infer_gtr: counting mutations...
16.91	---TreeAnc.infer_gtr: counting mutations...done

16.92	-GTR: with alphabet: ['A', 'B', 'C', 'D', 'E', 'F', 'G', 'H', 'I', 'J',
     	 'K']
16.92	--GTR: ambiguous character: L
16.92	----GTR: no gap symbol!
16.92	---GTR: init with dummy values!

16.92	-GTR: model inference
16.92	---GTR inference iteration 0 change: 0.30151134457776363
16.92	---GTR inference iteration 1 change: 0.012046467407817773
16.92	---GTR inference iteration 2 change: 7.559577225879974e-05
16.92	---Attaching sequence profiles to leafs...
16.93	---Postorder: computing likelihoods...
17.05	---Computing root node sequence and total tree likelihood...
17.05	---Attaching sequence profiles to leafs...
17.06	---Postorder: computing likelihoods...
17.18	---Computing root node sequence and total tree likelihood...
17.18	---Attaching sequence profiles to leafs...
17.19	---Postorder: computing likelihoods...
17.32	---Computing root node sequence and total tree likelihood...
17.32	---Attaching sequence profiles to leafs...
17.33	---Postorder: computing likelihoods...
17.46	---Computing root node sequence and total tree likelihood...
17.46	---Attaching sequence profiles to leafs...
17.47	---Postorder: computing likelihoods...
17.61	---Computing root node sequence and total tree likelihood...
17.61	---Attaching sequence profiles to leafs...
17.62	---Postorder: computing likelihoods...
17.74	---Computing root node sequence and total tree likelihood...
17.74	---Attaching sequence profiles to leafs...
17.75	---Postorder: computing likelihoods...
17.87	---Computing root node sequence and total tree likelihood...
17.88	---Attaching sequence profiles to leafs...
17.88	---Postorder: computing likelihoods...
18.03	---Computing root node sequence and total tree likelihood...
18.03	---Attaching sequence profiles to leafs...
18.04	---Postorder: computing likelihoods...
18.17	---Computing root node sequence and total tree likelihood...
18.18	---Attaching sequence profiles to leafs...
18.19	---Postorder: computing likelihoods...
18.31	---Computing root node sequence and total tree likelihood...
18.31	---Attaching sequence profiles to leafs...
18.32	---Postorder: computing likelihoods...
18.47	---Computing root node sequence and total tree likelihood...
18.47	---Attaching sequence profiles to leafs...
18.48	---Postorder: computing likelihoods...
18.62	---Computing root node sequence and total tree likelihood...
18.62	---Attaching sequence profiles to leafs...
18.63	---Postorder: computing likelihoods...
18.77	---Computing root node sequence and total tree likelihood...
18.77	---Attaching sequence profiles to leafs...
18.77	---Postorder: computing likelihoods...
18.90	---Computing root node sequence and total tree likelihood...
18.90	---Attaching sequence profiles to leafs...
18.91	---Postorder: computing likelihoods...
19.06	---Computing root node sequence and total tree likelihood...
19.06	---Attaching sequence profiles to leafs...
19.07	---Postorder: computing likelihoods...
19.20	---Computing root node sequence and total tree likelihood...
19.20	---Attaching sequence profiles to leafs...
19.21	---Postorder: computing likelihoods...
19.34	---Computing root node sequence and total tree likelihood...
19.34	---Attaching sequence profiles to leafs...
19.35	---Postorder: computing likelihoods...
19.48	---Computing root node sequence and total tree likelihood...
19.49	---Attaching sequence profiles to leafs...
19.49	---Postorder: computing likelihoods...
19.63	---Computing root node sequence and total tree likelihood...

19.63	-treeanc:optimize_gtr_rate: optimization successful. Overall rate
     	 estimated to be 7.962203

19.63	-TreeAnc.infer_ancestral_sequences with method: probabilistic, marginal
19.63	--TreeAnc._ml_anc_marginal: type of reconstruction: Marginal
19.63	---Attaching sequence profiles to leafs...
19.64	---Postorder: computing likelihoods...
19.80	---Computing root node sequence and total tree likelihood...
19.80	---Preorder: computing marginal profiles...
20.05	---TreeAnc._ml_anc_marginal: ...done
NOTE: previous versions (<0.7.0) of this command made a 'short-branch
length assumption. TreeTime now optimizes the overall rate numerically
and thus allows for long branches along which multiple changes
accumulated. This is expected to affect estimates of the overall rate
while leaving the relative rates mostly unchanged.
