
0.00	-TreeAnc: set-up
Assigned discrete traits to 522 out of 523 taxa.


0.16	-SequenceData: loaded alignment.

0.16	-SeqData: making compressed alignment...

0.16	-SequenceData: constructed compressed alignment...

0.19	-TreeAnc.infer_ancestral_sequences with method: ml, marginal
0.19	--TreeAnc._ml_anc_marginal: type of reconstruction: Marginal
0.19	---Attaching sequence profiles to leafs...
0.19	---Postorder: computing likelihoods...
0.24	---Computing root node sequence and total tree likelihood...
0.24	---Preorder: computing marginal profiles...
0.30	---TreeAnc._ml_anc_marginal: ...done
0.40	--TreeAnc.infer_gtr: counting mutations...
0.49	---TreeAnc.infer_gtr: counting mutations...done

0.49	-GTR: with alphabet: ['A', 'B', 'C', 'D', 'E', 'F', 'G', 'H']
0.49	--GTR: ambiguous character: I
0.49	----GTR: no gap symbol!
0.49	---GTR: init with dummy values!

0.49	-GTR: model inference
0.49	---GTR inference iteration 0 change: 0.3535533905932738
0.49	---GTR inference iteration 1 change: 0.03713150475897853
0.49	---GTR inference iteration 2 change: 0.0005472897481715497
0.49	---GTR inference iteration 3 change: 0.00012643839033459425
0.49	--TreeAnc._ml_anc_marginal: type of reconstruction: Marginal
0.49	---Attaching sequence profiles to leafs...
0.50	---Postorder: computing likelihoods...
0.54	---Computing root node sequence and total tree likelihood...
0.54	---Preorder: computing marginal profiles...
0.70	---TreeAnc._ml_anc_marginal: ...done
0.83	---Attaching sequence profiles to leafs...
0.83	---Postorder: computing likelihoods...
0.90	---Computing root node sequence and total tree likelihood...
0.90	---Attaching sequence profiles to leafs...
0.90	---Postorder: computing likelihoods...
1.03	---Computing root node sequence and total tree likelihood...
1.03	---Attaching sequence profiles to leafs...
1.03	---Postorder: computing likelihoods...
1.13	---Computing root node sequence and total tree likelihood...
1.18	---Attaching sequence profiles to leafs...
1.19	---Postorder: computing likelihoods...
1.28	---Computing root node sequence and total tree likelihood...
1.28	---Attaching sequence profiles to leafs...
1.29	---Postorder: computing likelihoods...
1.33	---Computing root node sequence and total tree likelihood...
1.33	---Attaching sequence profiles to leafs...
1.34	---Postorder: computing likelihoods...
1.42	---Computing root node sequence and total tree likelihood...
1.42	---Attaching sequence profiles to leafs...
1.42	---Postorder: computing likelihoods...
1.52	---Computing root node sequence and total tree likelihood...
1.53	---Attaching sequence profiles to leafs...
1.53	---Postorder: computing likelihoods...
1.63	---Computing root node sequence and total tree likelihood...
1.63	---Attaching sequence profiles to leafs...
1.64	---Postorder: computing likelihoods...
1.74	---Computing root node sequence and total tree likelihood...
1.74	---Attaching sequence profiles to leafs...
1.74	---Postorder: computing likelihoods...
1.82	---Computing root node sequence and total tree likelihood...
1.82	---Attaching sequence profiles to leafs...
1.82	---Postorder: computing likelihoods...
1.90	---Computing root node sequence and total tree likelihood...
1.90	---Attaching sequence profiles to leafs...
1.91	---Postorder: computing likelihoods...
2.00	---Computing root node sequence and total tree likelihood...
2.01	---Attaching sequence profiles to leafs...
2.01	---Postorder: computing likelihoods...
2.11	---Computing root node sequence and total tree likelihood...
2.11	---Attaching sequence profiles to leafs...
2.11	---Postorder: computing likelihoods...
2.21	---Computing root node sequence and total tree likelihood...
2.21	---Attaching sequence profiles to leafs...
2.21	---Postorder: computing likelihoods...
2.31	---Computing root node sequence and total tree likelihood...
2.31	---Attaching sequence profiles to leafs...
2.31	---Postorder: computing likelihoods...
2.40	---Computing root node sequence and total tree likelihood...
2.40	---Attaching sequence profiles to leafs...
2.41	---Postorder: computing likelihoods...
2.50	---Computing root node sequence and total tree likelihood...
2.51	---Attaching sequence profiles to leafs...
2.51	---Postorder: computing likelihoods...
2.58	---Computing root node sequence and total tree likelihood...

2.58	-treeanc:optimize_gtr_rate: optimization successful. Overall rate estimated
    	 to be 9.150346
2.58	--TreeAnc.infer_gtr: counting mutations...
2.82	---TreeAnc.infer_gtr: counting mutations...done

2.82	-GTR: with alphabet: ['A', 'B', 'C', 'D', 'E', 'F', 'G', 'H']
2.82	--GTR: ambiguous character: I
2.82	----GTR: no gap symbol!
2.82	---GTR: init with dummy values!

2.82	-GTR: model inference
2.82	---GTR inference iteration 0 change: 0.3535533905932738
2.82	---GTR inference iteration 1 change: 0.03721117622799797
2.82	---GTR inference iteration 2 change: 0.0005382646548996201
2.82	---GTR inference iteration 3 change: 0.00012295249383659722
2.82	---Attaching sequence profiles to leafs...
2.83	---Postorder: computing likelihoods...
2.91	---Computing root node sequence and total tree likelihood...
2.91	---Attaching sequence profiles to leafs...
2.91	---Postorder: computing likelihoods...
3.00	---Computing root node sequence and total tree likelihood...
3.00	---Attaching sequence profiles to leafs...
3.00	---Postorder: computing likelihoods...
3.04	---Computing root node sequence and total tree likelihood...
3.04	---Attaching sequence profiles to leafs...
3.05	---Postorder: computing likelihoods...
3.13	---Computing root node sequence and total tree likelihood...
3.13	---Attaching sequence profiles to leafs...
3.13	---Postorder: computing likelihoods...
3.23	---Computing root node sequence and total tree likelihood...
3.23	---Attaching sequence profiles to leafs...
3.24	---Postorder: computing likelihoods...
3.33	---Computing root node sequence and total tree likelihood...
3.33	---Attaching sequence profiles to leafs...
3.34	---Postorder: computing likelihoods...
3.43	---Computing root node sequence and total tree likelihood...
3.43	---Attaching sequence profiles to leafs...
3.44	---Postorder: computing likelihoods...
3.53	---Computing root node sequence and total tree likelihood...
3.53	---Attaching sequence profiles to leafs...
3.54	---Postorder: computing likelihoods...
3.62	---Computing root node sequence and total tree likelihood...
3.62	---Attaching sequence profiles to leafs...
3.62	---Postorder: computing likelihoods...
3.71	---Computing root node sequence and total tree likelihood...
3.71	---Attaching sequence profiles to leafs...
3.71	---Postorder: computing likelihoods...
3.79	---Computing root node sequence and total tree likelihood...
3.79	---Attaching sequence profiles to leafs...
3.79	---Postorder: computing likelihoods...
3.84	---Computing root node sequence and total tree likelihood...
3.84	---Attaching sequence profiles to leafs...
3.84	---Postorder: computing likelihoods...
3.92	---Computing root node sequence and total tree likelihood...
3.92	---Attaching sequence profiles to leafs...
3.92	---Postorder: computing likelihoods...
4.01	---Computing root node sequence and total tree likelihood...
4.01	---Attaching sequence profiles to leafs...
4.02	---Postorder: computing likelihoods...
4.09	---Computing root node sequence and total tree likelihood...
4.09	---Attaching sequence profiles to leafs...
4.10	---Postorder: computing likelihoods...
4.14	---Computing root node sequence and total tree likelihood...
4.14	---Attaching sequence profiles to leafs...
4.14	---Postorder: computing likelihoods...
4.22	---Computing root node sequence and total tree likelihood...
4.22	---Attaching sequence profiles to leafs...
4.23	---Postorder: computing likelihoods...
4.30	---Computing root node sequence and total tree likelihood...
4.31	---Attaching sequence profiles to leafs...
4.31	---Postorder: computing likelihoods...
4.35	---Computing root node sequence and total tree likelihood...
4.38	---Attaching sequence profiles to leafs...
4.39	---Postorder: computing likelihoods...
4.43	---Computing root node sequence and total tree likelihood...
4.43	---Attaching sequence profiles to leafs...
4.43	---Postorder: computing likelihoods...
4.51	---Computing root node sequence and total tree likelihood...
4.51	---Attaching sequence profiles to leafs...
4.51	---Postorder: computing likelihoods...
4.60	---Computing root node sequence and total tree likelihood...
4.60	---Attaching sequence profiles to leafs...
4.61	---Postorder: computing likelihoods...
4.71	---Computing root node sequence and total tree likelihood...
4.71	---Attaching sequence profiles to leafs...
4.71	---Postorder: computing likelihoods...
4.81	---Computing root node sequence and total tree likelihood...
4.81	---Attaching sequence profiles to leafs...
4.82	---Postorder: computing likelihoods...
4.90	---Computing root node sequence and total tree likelihood...
4.90	---Attaching sequence profiles to leafs...
4.90	---Postorder: computing likelihoods...
4.95	---Computing root node sequence and total tree likelihood...

4.95	-treeanc:optimize_gtr_rate: optimization successful. Overall rate estimated
    	 to be 9.146686
4.95	--TreeAnc.infer_gtr: counting mutations...
5.09	---TreeAnc.infer_gtr: counting mutations...done

5.09	-GTR: with alphabet: ['A', 'B', 'C', 'D', 'E', 'F', 'G', 'H']
5.09	--GTR: ambiguous character: I
5.09	----GTR: no gap symbol!
5.09	---GTR: init with dummy values!

5.09	-GTR: model inference
5.09	---GTR inference iteration 0 change: 0.3535533905932738
5.09	---GTR inference iteration 1 change: 0.03708657496365399
5.09	---GTR inference iteration 2 change: 0.000537247845371221
5.09	---GTR inference iteration 3 change: 0.0001221384593851396
5.09	---Attaching sequence profiles to leafs...
5.09	---Postorder: computing likelihoods...
5.13	---Computing root node sequence and total tree likelihood...
5.13	---Attaching sequence profiles to leafs...
5.14	---Postorder: computing likelihoods...
5.21	---Computing root node sequence and total tree likelihood...
5.21	---Attaching sequence profiles to leafs...
5.22	---Postorder: computing likelihoods...
5.30	---Computing root node sequence and total tree likelihood...
5.30	---Attaching sequence profiles to leafs...
5.30	---Postorder: computing likelihoods...
5.35	---Computing root node sequence and total tree likelihood...
5.35	---Attaching sequence profiles to leafs...
5.38	---Postorder: computing likelihoods...
5.42	---Computing root node sequence and total tree likelihood...
5.43	---Attaching sequence profiles to leafs...
5.43	---Postorder: computing likelihoods...
5.51	---Computing root node sequence and total tree likelihood...
5.51	---Attaching sequence profiles to leafs...
5.51	---Postorder: computing likelihoods...
5.59	---Computing root node sequence and total tree likelihood...
5.59	---Attaching sequence profiles to leafs...
5.59	---Postorder: computing likelihoods...
5.63	---Computing root node sequence and total tree likelihood...
5.63	---Attaching sequence profiles to leafs...
5.64	---Postorder: computing likelihoods...
5.71	---Computing root node sequence and total tree likelihood...
5.71	---Attaching sequence profiles to leafs...
5.72	---Postorder: computing likelihoods...
5.79	---Computing root node sequence and total tree likelihood...
5.79	---Attaching sequence profiles to leafs...
5.79	---Postorder: computing likelihoods...
5.84	---Computing root node sequence and total tree likelihood...
5.84	---Attaching sequence profiles to leafs...
5.84	---Postorder: computing likelihoods...
5.91	---Computing root node sequence and total tree likelihood...
5.91	---Attaching sequence profiles to leafs...
5.92	---Postorder: computing likelihoods...
6.00	---Computing root node sequence and total tree likelihood...
6.00	---Attaching sequence profiles to leafs...
6.00	---Postorder: computing likelihoods...
6.04	---Computing root node sequence and total tree likelihood...
6.04	---Attaching sequence profiles to leafs...
6.05	---Postorder: computing likelihoods...
6.12	---Computing root node sequence and total tree likelihood...
6.12	---Attaching sequence profiles to leafs...
6.13	---Postorder: computing likelihoods...
6.21	---Computing root node sequence and total tree likelihood...
6.21	---Attaching sequence profiles to leafs...
6.22	---Postorder: computing likelihoods...
6.29	---Computing root node sequence and total tree likelihood...
6.29	---Attaching sequence profiles to leafs...
6.29	---Postorder: computing likelihoods...
6.34	---Computing root node sequence and total tree likelihood...
6.34	---Attaching sequence profiles to leafs...
6.34	---Postorder: computing likelihoods...
6.42	---Computing root node sequence and total tree likelihood...

6.42	-treeanc:optimize_gtr_rate: optimization successful. Overall rate estimated
    	 to be 9.145960
6.42	--TreeAnc.infer_gtr: counting mutations...
6.53	---TreeAnc.infer_gtr: counting mutations...done

6.53	-GTR: with alphabet: ['A', 'B', 'C', 'D', 'E', 'F', 'G', 'H']
6.53	--GTR: ambiguous character: I
6.53	----GTR: no gap symbol!
6.53	---GTR: init with dummy values!

6.53	-GTR: model inference
6.53	---GTR inference iteration 0 change: 0.3535533905932738
6.53	---GTR inference iteration 1 change: 0.03705985790249109
6.53	---GTR inference iteration 2 change: 0.0005370442213847944
6.53	---GTR inference iteration 3 change: 0.0001219865786522735
6.53	---Attaching sequence profiles to leafs...
6.53	---Postorder: computing likelihoods...
6.60	---Computing root node sequence and total tree likelihood...
6.60	---Attaching sequence profiles to leafs...
6.61	---Postorder: computing likelihoods...
6.70	---Computing root node sequence and total tree likelihood...
6.70	---Attaching sequence profiles to leafs...
6.71	---Postorder: computing likelihoods...
6.81	---Computing root node sequence and total tree likelihood...
6.81	---Attaching sequence profiles to leafs...
6.81	---Postorder: computing likelihoods...
6.88	---Computing root node sequence and total tree likelihood...
6.88	---Attaching sequence profiles to leafs...
6.89	---Postorder: computing likelihoods...
6.93	---Computing root node sequence and total tree likelihood...
6.93	---Attaching sequence profiles to leafs...
6.93	---Postorder: computing likelihoods...
7.01	---Computing root node sequence and total tree likelihood...
7.01	---Attaching sequence profiles to leafs...
7.01	---Postorder: computing likelihoods...
7.08	---Computing root node sequence and total tree likelihood...
7.09	---Attaching sequence profiles to leafs...
7.09	---Postorder: computing likelihoods...
7.13	---Computing root node sequence and total tree likelihood...
7.13	---Attaching sequence profiles to leafs...
7.14	---Postorder: computing likelihoods...
7.22	---Computing root node sequence and total tree likelihood...
7.22	---Attaching sequence profiles to leafs...
7.22	---Postorder: computing likelihoods...
7.30	---Computing root node sequence and total tree likelihood...
7.30	---Attaching sequence profiles to leafs...
7.30	---Postorder: computing likelihoods...
7.35	---Computing root node sequence and total tree likelihood...
7.38	---Attaching sequence profiles to leafs...
7.39	---Postorder: computing likelihoods...
7.43	---Computing root node sequence and total tree likelihood...
7.43	---Attaching sequence profiles to leafs...
7.44	---Postorder: computing likelihoods...
7.52	---Computing root node sequence and total tree likelihood...
7.52	---Attaching sequence profiles to leafs...
7.52	---Postorder: computing likelihoods...
7.60	---Computing root node sequence and total tree likelihood...
7.60	---Attaching sequence profiles to leafs...
7.60	---Postorder: computing likelihoods...
7.64	---Computing root node sequence and total tree likelihood...
7.64	---Attaching sequence profiles to leafs...
7.65	---Postorder: computing likelihoods...
7.72	---Computing root node sequence and total tree likelihood...
7.72	---Attaching sequence profiles to leafs...
7.72	---Postorder: computing likelihoods...
7.80	---Computing root node sequence and total tree likelihood...
7.80	---Attaching sequence profiles to leafs...
7.80	---Postorder: computing likelihoods...
7.84	---Computing root node sequence and total tree likelihood...
7.84	---Attaching sequence profiles to leafs...
7.85	---Postorder: computing likelihoods...
7.92	---Computing root node sequence and total tree likelihood...
7.92	---Attaching sequence profiles to leafs...
7.92	---Postorder: computing likelihoods...
8.00	---Computing root node sequence and total tree likelihood...
8.00	---Attaching sequence profiles to leafs...
8.01	---Postorder: computing likelihoods...
8.09	---Computing root node sequence and total tree likelihood...
8.09	---Attaching sequence profiles to leafs...
8.09	---Postorder: computing likelihoods...
8.13	---Computing root node sequence and total tree likelihood...
8.13	---Attaching sequence profiles to leafs...
8.14	---Postorder: computing likelihoods...
8.22	---Computing root node sequence and total tree likelihood...
8.22	---Attaching sequence profiles to leafs...
8.22	---Postorder: computing likelihoods...
8.30	---Computing root node sequence and total tree likelihood...
8.30	---Attaching sequence profiles to leafs...
8.30	---Postorder: computing likelihoods...
8.34	---Computing root node sequence and total tree likelihood...

8.34	-treeanc:optimize_gtr_rate: optimization successful. Overall rate estimated
    	 to be 9.145858
8.34	--TreeAnc.infer_gtr: counting mutations...
8.45	---TreeAnc.infer_gtr: counting mutations...done

8.45	-GTR: with alphabet: ['A', 'B', 'C', 'D', 'E', 'F', 'G', 'H']
8.48	--GTR: ambiguous character: I
8.48	----GTR: no gap symbol!
8.48	---GTR: init with dummy values!

8.48	-GTR: model inference
8.48	---GTR inference iteration 0 change: 0.3535533905932738
8.48	---GTR inference iteration 1 change: 0.03705449147546217
8.48	---GTR inference iteration 2 change: 0.0005370010040050039
8.48	---GTR inference iteration 3 change: 0.00012195713248031021
8.48	---Attaching sequence profiles to leafs...
8.49	---Postorder: computing likelihoods...
8.53	---Computing root node sequence and total tree likelihood...
8.53	---Attaching sequence profiles to leafs...
8.54	---Postorder: computing likelihoods...
8.62	---Computing root node sequence and total tree likelihood...
8.62	---Attaching sequence profiles to leafs...
8.62	---Postorder: computing likelihoods...
8.72	---Computing root node sequence and total tree likelihood...
8.72	---Attaching sequence profiles to leafs...
8.72	---Postorder: computing likelihoods...
8.82	---Computing root node sequence and total tree likelihood...
8.82	---Attaching sequence profiles to leafs...
8.82	---Postorder: computing likelihoods...
8.90	---Computing root node sequence and total tree likelihood...
8.90	---Attaching sequence profiles to leafs...
8.90	---Postorder: computing likelihoods...
8.94	---Computing root node sequence and total tree likelihood...
8.94	---Attaching sequence profiles to leafs...
8.95	---Postorder: computing likelihoods...
9.02	---Computing root node sequence and total tree likelihood...
9.02	---Attaching sequence profiles to leafs...
9.03	---Postorder: computing likelihoods...
9.10	---Computing root node sequence and total tree likelihood...
9.10	---Attaching sequence profiles to leafs...
9.11	---Postorder: computing likelihoods...
9.15	---Computing root node sequence and total tree likelihood...
9.18	---Attaching sequence profiles to leafs...
9.19	---Postorder: computing likelihoods...
9.23	---Computing root node sequence and total tree likelihood...
9.23	---Attaching sequence profiles to leafs...
9.23	---Postorder: computing likelihoods...
9.31	---Computing root node sequence and total tree likelihood...
9.31	---Attaching sequence profiles to leafs...
9.31	---Postorder: computing likelihoods...
9.39	---Computing root node sequence and total tree likelihood...
9.39	---Attaching sequence profiles to leafs...
9.40	---Postorder: computing likelihoods...
9.45	---Computing root node sequence and total tree likelihood...
9.48	---Attaching sequence profiles to leafs...
9.49	---Postorder: computing likelihoods...
9.53	---Computing root node sequence and total tree likelihood...
9.53	---Attaching sequence profiles to leafs...
9.53	---Postorder: computing likelihoods...
9.60	---Computing root node sequence and total tree likelihood...
9.60	---Attaching sequence profiles to leafs...
9.61	---Postorder: computing likelihoods...
9.68	---Computing root node sequence and total tree likelihood...
9.68	---Attaching sequence profiles to leafs...
9.69	---Postorder: computing likelihoods...
9.73	---Computing root node sequence and total tree likelihood...

9.73	-treeanc:optimize_gtr_rate: optimization successful. Overall rate estimated
    	 to be 9.145843
9.73	--TreeAnc.infer_gtr: counting mutations...
9.84	---TreeAnc.infer_gtr: counting mutations...done

9.84	-GTR: with alphabet: ['A', 'B', 'C', 'D', 'E', 'F', 'G', 'H']
9.84	--GTR: ambiguous character: I
9.84	----GTR: no gap symbol!
9.84	---GTR: init with dummy values!

9.84	-GTR: model inference
9.84	---GTR inference iteration 0 change: 0.3535533905932738
9.84	---GTR inference iteration 1 change: 0.03705342322190381
9.84	---GTR inference iteration 2 change: 0.0005369920126916021
9.84	---GTR inference iteration 3 change: 0.0001219513515228533
9.85	---Attaching sequence profiles to leafs...
9.85	---Postorder: computing likelihoods...
9.92	---Computing root node sequence and total tree likelihood...
9.92	---Attaching sequence profiles to leafs...
9.93	---Postorder: computing likelihoods...
10.01	---Computing root node sequence and total tree likelihood...
10.01	---Attaching sequence profiles to leafs...
10.01	---Postorder: computing likelihoods...
10.09	---Computing root node sequence and total tree likelihood...
10.09	---Attaching sequence profiles to leafs...
10.09	---Postorder: computing likelihoods...
10.14	---Computing root node sequence and total tree likelihood...
10.14	---Attaching sequence profiles to leafs...
10.14	---Postorder: computing likelihoods...
10.22	---Computing root node sequence and total tree likelihood...
10.22	---Attaching sequence profiles to leafs...
10.22	---Postorder: computing likelihoods...
10.30	---Computing root node sequence and total tree likelihood...
10.30	---Attaching sequence profiles to leafs...
10.30	---Postorder: computing likelihoods...
10.34	---Computing root node sequence and total tree likelihood...
10.34	---Attaching sequence profiles to leafs...
10.35	---Postorder: computing likelihoods...
10.42	---Computing root node sequence and total tree likelihood...
10.42	---Attaching sequence profiles to leafs...
10.42	---Postorder: computing likelihoods...
10.50	---Computing root node sequence and total tree likelihood...
10.50	---Attaching sequence profiles to leafs...
10.51	---Postorder: computing likelihoods...
10.58	---Computing root node sequence and total tree likelihood...
10.58	---Attaching sequence profiles to leafs...
10.59	---Postorder: computing likelihoods...
10.63	---Computing root node sequence and total tree likelihood...
10.68	---Attaching sequence profiles to leafs...
10.69	---Postorder: computing likelihoods...
10.78	---Computing root node sequence and total tree likelihood...
10.78	---Attaching sequence profiles to leafs...
10.79	---Postorder: computing likelihoods...
10.83	---Computing root node sequence and total tree likelihood...
10.83	---Attaching sequence profiles to leafs...
10.84	---Postorder: computing likelihoods...
10.92	---Computing root node sequence and total tree likelihood...
10.92	---Attaching sequence profiles to leafs...
10.92	---Postorder: computing likelihoods...
11.00	---Computing root node sequence and total tree likelihood...
11.00	---Attaching sequence profiles to leafs...
11.01	---Postorder: computing likelihoods...
11.08	---Computing root node sequence and total tree likelihood...
11.09	---Attaching sequence profiles to leafs...
11.09	---Postorder: computing likelihoods...
11.13	---Computing root node sequence and total tree likelihood...

11.13	-treeanc:optimize_gtr_rate: optimization successful. Overall rate
     	 estimated to be 9.145842

11.13	-TreeAnc.infer_ancestral_sequences with method: probabilistic, marginal
11.13	--TreeAnc._ml_anc_marginal: type of reconstruction: Marginal
11.13	---Attaching sequence profiles to leafs...
11.14	---Postorder: computing likelihoods...
11.22	---Computing root node sequence and total tree likelihood...
11.22	---Preorder: computing marginal profiles...
11.35	---TreeAnc._ml_anc_marginal: ...done
NOTE: previous versions (<0.7.0) of this command made a 'short-branch
length assumption. TreeTime now optimizes the overall rate numerically
and thus allows for long branches along which multiple changes
accumulated. This is expected to affect estimates of the overall rate
while leaving the relative rates mostly unchanged.
