
0.00	-TreeAnc: set-up
Assigned discrete traits to 605 out of 617 taxa.


0.30	-SequenceData: loaded alignment.

0.30	-SeqData: making compressed alignment...

0.30	-SequenceData: constructed compressed alignment...

0.33	-TreeAnc.infer_ancestral_sequences with method: ml, marginal
0.33	--TreeAnc._ml_anc_marginal: type of reconstruction: Marginal
0.33	---Attaching sequence profiles to leafs...
0.35	---Postorder: computing likelihoods...
0.50	---Computing root node sequence and total tree likelihood...
0.50	---Preorder: computing marginal profiles...
0.65	---TreeAnc._ml_anc_marginal: ...done
0.82	--TreeAnc.infer_gtr: counting mutations...
1.10	---TreeAnc.infer_gtr: counting mutations...done

1.11	-GTR: with alphabet: ['A', 'B', 'C', 'D', 'E', 'F', 'G', 'H', 'I', 'J',
    	 'K', 'L', 'M', 'N', 'O', 'P', 'Q', 'R', 'S', 'T', 'U', 'V', 'W', 'X', 'Y',
    	 'Z', '[', '\\', ']', '^', '_', '`', 'a', 'b', 'c', 'd', 'e', 'f']
1.11	--GTR: ambiguous character: g
1.11	----GTR: no gap symbol!
1.11	---GTR: init with dummy values!

1.11	-GTR: model inference
1.11	---GTR inference iteration 0 change: 0.16222142113076252
1.11	---GTR inference iteration 1 change: 0.022279640144607753
1.11	---GTR inference iteration 2 change: 0.000682754217713825
1.11	---GTR inference iteration 3 change: 0.00010627805309422792
1.11	--TreeAnc._ml_anc_marginal: type of reconstruction: Marginal
1.11	---Attaching sequence profiles to leafs...
1.12	---Postorder: computing likelihoods...
1.28	---Computing root node sequence and total tree likelihood...
1.28	---Preorder: computing marginal profiles...
1.55	---TreeAnc._ml_anc_marginal: ...done
1.73	---Attaching sequence profiles to leafs...
1.74	---Postorder: computing likelihoods...
1.90	---Computing root node sequence and total tree likelihood...
1.90	---Attaching sequence profiles to leafs...
1.91	---Postorder: computing likelihoods...
2.08	---Computing root node sequence and total tree likelihood...
2.08	---Attaching sequence profiles to leafs...
2.09	---Postorder: computing likelihoods...
2.27	---Computing root node sequence and total tree likelihood...
2.27	---Attaching sequence profiles to leafs...
2.28	---Postorder: computing likelihoods...
2.44	---Computing root node sequence and total tree likelihood...
2.44	---Attaching sequence profiles to leafs...
2.45	---Postorder: computing likelihoods...
2.61	---Computing root node sequence and total tree likelihood...
2.61	---Attaching sequence profiles to leafs...
2.62	---Postorder: computing likelihoods...
2.78	---Computing root node sequence and total tree likelihood...
2.78	---Attaching sequence profiles to leafs...
2.79	---Postorder: computing likelihoods...
2.95	---Computing root node sequence and total tree likelihood...
2.95	---Attaching sequence profiles to leafs...
2.96	---Postorder: computing likelihoods...
3.13	---Computing root node sequence and total tree likelihood...
3.13	---Attaching sequence profiles to leafs...
3.14	---Postorder: computing likelihoods...
3.30	---Computing root node sequence and total tree likelihood...
3.31	---Attaching sequence profiles to leafs...
3.31	---Postorder: computing likelihoods...
3.48	---Computing root node sequence and total tree likelihood...
3.48	---Attaching sequence profiles to leafs...
3.48	---Postorder: computing likelihoods...
3.65	---Computing root node sequence and total tree likelihood...
3.65	---Attaching sequence profiles to leafs...
3.66	---Postorder: computing likelihoods...
3.82	---Computing root node sequence and total tree likelihood...
3.82	---Attaching sequence profiles to leafs...
3.83	---Postorder: computing likelihoods...
3.99	---Computing root node sequence and total tree likelihood...
3.99	---Attaching sequence profiles to leafs...
4.00	---Postorder: computing likelihoods...
4.17	---Computing root node sequence and total tree likelihood...
4.17	---Attaching sequence profiles to leafs...
4.17	---Postorder: computing likelihoods...
4.35	---Computing root node sequence and total tree likelihood...
4.35	---Attaching sequence profiles to leafs...
4.36	---Postorder: computing likelihoods...
4.52	---Computing root node sequence and total tree likelihood...
4.52	---Attaching sequence profiles to leafs...
4.53	---Postorder: computing likelihoods...
4.69	---Computing root node sequence and total tree likelihood...
4.69	---Attaching sequence profiles to leafs...
4.70	---Postorder: computing likelihoods...
4.86	---Computing root node sequence and total tree likelihood...
4.86	---Attaching sequence profiles to leafs...
4.87	---Postorder: computing likelihoods...
5.04	---Computing root node sequence and total tree likelihood...

5.04	-treeanc:optimize_gtr_rate: optimization successful. Overall rate estimated
    	 to be 96.870709
5.04	--TreeAnc.infer_gtr: counting mutations...
5.34	---TreeAnc.infer_gtr: counting mutations...done

5.34	-GTR: with alphabet: ['A', 'B', 'C', 'D', 'E', 'F', 'G', 'H', 'I', 'J',
    	 'K', 'L', 'M', 'N', 'O', 'P', 'Q', 'R', 'S', 'T', 'U', 'V', 'W', 'X', 'Y',
    	 'Z', '[', '\\', ']', '^', '_', '`', 'a', 'b', 'c', 'd', 'e', 'f']
5.34	--GTR: ambiguous character: g
5.34	----GTR: no gap symbol!
5.34	---GTR: init with dummy values!

5.35	-GTR: model inference
5.35	---GTR inference iteration 0 change: 0.16222142113076252
5.35	---GTR inference iteration 1 change: 0.02376155455942699
5.35	---GTR inference iteration 2 change: 0.0006722460618196631
5.35	---GTR inference iteration 3 change: 0.00012080771155122072
5.35	---Attaching sequence profiles to leafs...
5.36	---Postorder: computing likelihoods...
5.52	---Computing root node sequence and total tree likelihood...
5.52	---Attaching sequence profiles to leafs...
5.53	---Postorder: computing likelihoods...
5.71	---Computing root node sequence and total tree likelihood...
5.71	---Attaching sequence profiles to leafs...
5.72	---Postorder: computing likelihoods...
5.88	---Computing root node sequence and total tree likelihood...
5.89	---Attaching sequence profiles to leafs...
5.89	---Postorder: computing likelihoods...
6.06	---Computing root node sequence and total tree likelihood...
6.06	---Attaching sequence profiles to leafs...
6.07	---Postorder: computing likelihoods...
6.22	---Computing root node sequence and total tree likelihood...
6.23	---Attaching sequence profiles to leafs...
6.23	---Postorder: computing likelihoods...
6.39	---Computing root node sequence and total tree likelihood...
6.39	---Attaching sequence profiles to leafs...
6.40	---Postorder: computing likelihoods...
6.56	---Computing root node sequence and total tree likelihood...
6.56	---Attaching sequence profiles to leafs...
6.57	---Postorder: computing likelihoods...
6.73	---Computing root node sequence and total tree likelihood...
6.74	---Attaching sequence profiles to leafs...
6.74	---Postorder: computing likelihoods...
6.91	---Computing root node sequence and total tree likelihood...
6.91	---Attaching sequence profiles to leafs...
6.92	---Postorder: computing likelihoods...
7.08	---Computing root node sequence and total tree likelihood...
7.08	---Attaching sequence profiles to leafs...
7.08	---Postorder: computing likelihoods...
7.25	---Computing root node sequence and total tree likelihood...
7.25	---Attaching sequence profiles to leafs...
7.26	---Postorder: computing likelihoods...
7.41	---Computing root node sequence and total tree likelihood...
7.41	---Attaching sequence profiles to leafs...
7.42	---Postorder: computing likelihoods...
7.58	---Computing root node sequence and total tree likelihood...
7.58	---Attaching sequence profiles to leafs...
7.59	---Postorder: computing likelihoods...
7.75	---Computing root node sequence and total tree likelihood...
7.75	---Attaching sequence profiles to leafs...
7.76	---Postorder: computing likelihoods...
7.91	---Computing root node sequence and total tree likelihood...
7.91	---Attaching sequence profiles to leafs...
7.92	---Postorder: computing likelihoods...
8.08	---Computing root node sequence and total tree likelihood...
8.08	---Attaching sequence profiles to leafs...
8.09	---Postorder: computing likelihoods...
8.24	---Computing root node sequence and total tree likelihood...
8.24	---Attaching sequence profiles to leafs...
8.25	---Postorder: computing likelihoods...
8.41	---Computing root node sequence and total tree likelihood...

8.41	-treeanc:optimize_gtr_rate: optimization successful. Overall rate estimated
    	 to be 96.393002
8.41	--TreeAnc.infer_gtr: counting mutations...
8.69	---TreeAnc.infer_gtr: counting mutations...done

8.69	-GTR: with alphabet: ['A', 'B', 'C', 'D', 'E', 'F', 'G', 'H', 'I', 'J',
    	 'K', 'L', 'M', 'N', 'O', 'P', 'Q', 'R', 'S', 'T', 'U', 'V', 'W', 'X', 'Y',
    	 'Z', '[', '\\', ']', '^', '_', '`', 'a', 'b', 'c', 'd', 'e', 'f']
8.69	--GTR: ambiguous character: g
8.69	----GTR: no gap symbol!
8.69	---GTR: init with dummy values!

8.69	-GTR: model inference
8.69	---GTR inference iteration 0 change: 0.16222142113076252
8.69	---GTR inference iteration 1 change: 0.02389696026148665
8.69	---GTR inference iteration 2 change: 0.0006722242779774824
8.69	---GTR inference iteration 3 change: 0.00012232942916365417
8.70	---Attaching sequence profiles to leafs...
8.70	---Postorder: computing likelihoods...
8.86	---Computing root node sequence and total tree likelihood...
8.86	---Attaching sequence profiles to leafs...
8.87	---Postorder: computing likelihoods...
9.03	---Computing root node sequence and total tree likelihood...
9.03	---Attaching sequence profiles to leafs...
9.04	---Postorder: computing likelihoods...
9.20	---Computing root node sequence and total tree likelihood...
9.20	---Attaching sequence profiles to leafs...
9.21	---Postorder: computing likelihoods...
9.38	---Computing root node sequence and total tree likelihood...
9.38	---Attaching sequence profiles to leafs...
9.39	---Postorder: computing likelihoods...
9.55	---Computing root node sequence and total tree likelihood...
9.55	---Attaching sequence profiles to leafs...
9.56	---Postorder: computing likelihoods...
9.72	---Computing root node sequence and total tree likelihood...
9.72	---Attaching sequence profiles to leafs...
9.73	---Postorder: computing likelihoods...
9.88	---Computing root node sequence and total tree likelihood...
9.89	---Attaching sequence profiles to leafs...
9.89	---Postorder: computing likelihoods...
10.05	---Computing root node sequence and total tree likelihood...
10.05	---Attaching sequence profiles to leafs...
10.06	---Postorder: computing likelihoods...
10.22	---Computing root node sequence and total tree likelihood...
10.28	---Attaching sequence profiles to leafs...
10.29	---Postorder: computing likelihoods...
10.48	---Computing root node sequence and total tree likelihood...
10.49	---Attaching sequence profiles to leafs...
10.49	---Postorder: computing likelihoods...
10.68	---Computing root node sequence and total tree likelihood...
10.69	---Attaching sequence profiles to leafs...
10.70	---Postorder: computing likelihoods...
10.86	---Computing root node sequence and total tree likelihood...
10.86	---Attaching sequence profiles to leafs...
10.87	---Postorder: computing likelihoods...
11.02	---Computing root node sequence and total tree likelihood...
11.02	---Attaching sequence profiles to leafs...
11.03	---Postorder: computing likelihoods...
11.19	---Computing root node sequence and total tree likelihood...
11.19	---Attaching sequence profiles to leafs...
11.20	---Postorder: computing likelihoods...
11.36	---Computing root node sequence and total tree likelihood...
11.36	---Attaching sequence profiles to leafs...
11.36	---Postorder: computing likelihoods...
11.52	---Computing root node sequence and total tree likelihood...
11.52	---Attaching sequence profiles to leafs...
11.53	---Postorder: computing likelihoods...
11.69	---Computing root node sequence and total tree likelihood...
11.69	---Attaching sequence profiles to leafs...
11.70	---Postorder: computing likelihoods...
11.86	---Computing root node sequence and total tree likelihood...
11.86	---Attaching sequence profiles to leafs...
11.87	---Postorder: computing likelihoods...
12.03	---Computing root node sequence and total tree likelihood...

12.03	-treeanc:optimize_gtr_rate: optimization successful. Overall rate
     	 estimated to be 96.356502
12.03	--TreeAnc.infer_gtr: counting mutations...
12.31	---TreeAnc.infer_gtr: counting mutations...done

12.31	-GTR: with alphabet: ['A', 'B', 'C', 'D', 'E', 'F', 'G', 'H', 'I', 'J',
     	 'K', 'L', 'M', 'N', 'O', 'P', 'Q', 'R', 'S', 'T', 'U', 'V', 'W', 'X',
     	 'Y', 'Z', '[', '\\', ']', '^', '_', '`', 'a', 'b', 'c', 'd', 'e', 'f']
12.31	--GTR: ambiguous character: g
12.31	----GTR: no gap symbol!
12.31	---GTR: init with dummy values!

12.31	-GTR: model inference
12.31	---GTR inference iteration 0 change: 0.16222142113076252
12.31	---GTR inference iteration 1 change: 0.023916853097969634
12.31	---GTR inference iteration 2 change: 0.000672182880591136
12.31	---GTR inference iteration 3 change: 0.0001225717340374962
12.32	---Attaching sequence profiles to leafs...
12.32	---Postorder: computing likelihoods...
12.48	---Computing root node sequence and total tree likelihood...
12.48	---Attaching sequence profiles to leafs...
12.49	---Postorder: computing likelihoods...
12.67	---Computing root node sequence and total tree likelihood...
12.67	---Attaching sequence profiles to leafs...
12.67	---Postorder: computing likelihoods...
12.84	---Computing root node sequence and total tree likelihood...
12.84	---Attaching sequence profiles to leafs...
12.85	---Postorder: computing likelihoods...
13.01	---Computing root node sequence and total tree likelihood...
13.01	---Attaching sequence profiles to leafs...
13.02	---Postorder: computing likelihoods...
13.17	---Computing root node sequence and total tree likelihood...
13.17	---Attaching sequence profiles to leafs...
13.18	---Postorder: computing likelihoods...
13.34	---Computing root node sequence and total tree likelihood...
13.34	---Attaching sequence profiles to leafs...
13.35	---Postorder: computing likelihoods...
13.51	---Computing root node sequence and total tree likelihood...
13.51	---Attaching sequence profiles to leafs...
13.51	---Postorder: computing likelihoods...
13.69	---Computing root node sequence and total tree likelihood...
13.69	---Attaching sequence profiles to leafs...
13.69	---Postorder: computing likelihoods...
13.85	---Computing root node sequence and total tree likelihood...
13.86	---Attaching sequence profiles to leafs...
13.86	---Postorder: computing likelihoods...
14.02	---Computing root node sequence and total tree likelihood...
14.02	---Attaching sequence profiles to leafs...
14.03	---Postorder: computing likelihoods...
14.18	---Computing root node sequence and total tree likelihood...
14.18	---Attaching sequence profiles to leafs...
14.19	---Postorder: computing likelihoods...
14.35	---Computing root node sequence and total tree likelihood...
14.36	---Attaching sequence profiles to leafs...
14.36	---Postorder: computing likelihoods...
14.52	---Computing root node sequence and total tree likelihood...
14.52	---Attaching sequence profiles to leafs...
14.53	---Postorder: computing likelihoods...
14.69	---Computing root node sequence and total tree likelihood...
14.69	---Attaching sequence profiles to leafs...
14.70	---Postorder: computing likelihoods...
14.85	---Computing root node sequence and total tree likelihood...
14.86	---Attaching sequence profiles to leafs...
14.86	---Postorder: computing likelihoods...
15.03	---Computing root node sequence and total tree likelihood...
15.03	---Attaching sequence profiles to leafs...
15.04	---Postorder: computing likelihoods...
15.20	---Computing root node sequence and total tree likelihood...
15.20	---Attaching sequence profiles to leafs...
15.20	---Postorder: computing likelihoods...
15.36	---Computing root node sequence and total tree likelihood...
15.37	---Attaching sequence profiles to leafs...
15.38	---Postorder: computing likelihoods...
15.53	---Computing root node sequence and total tree likelihood...

15.53	-treeanc:optimize_gtr_rate: optimization successful. Overall rate
     	 estimated to be 96.349760
15.53	--TreeAnc.infer_gtr: counting mutations...
15.81	---TreeAnc.infer_gtr: counting mutations...done

15.82	-GTR: with alphabet: ['A', 'B', 'C', 'D', 'E', 'F', 'G', 'H', 'I', 'J',
     	 'K', 'L', 'M', 'N', 'O', 'P', 'Q', 'R', 'S', 'T', 'U', 'V', 'W', 'X',
     	 'Y', 'Z', '[', '\\', ']', '^', '_', '`', 'a', 'b', 'c', 'd', 'e', 'f']
15.82	--GTR: ambiguous character: g
15.82	----GTR: no gap symbol!
15.82	---GTR: init with dummy values!

15.82	-GTR: model inference
15.82	---GTR inference iteration 0 change: 0.16222142113076252
15.82	---GTR inference iteration 1 change: 0.023919869631927267
15.82	---GTR inference iteration 2 change: 0.000672166378481008
15.82	---GTR inference iteration 3 change: 0.0001226131919263625
15.82	---Attaching sequence profiles to leafs...
15.83	---Postorder: computing likelihoods...
15.99	---Computing root node sequence and total tree likelihood...
15.99	---Attaching sequence profiles to leafs...
16.00	---Postorder: computing likelihoods...
16.16	---Computing root node sequence and total tree likelihood...
16.16	---Attaching sequence profiles to leafs...
16.17	---Postorder: computing likelihoods...
16.33	---Computing root node sequence and total tree likelihood...
16.33	---Attaching sequence profiles to leafs...
16.34	---Postorder: computing likelihoods...
16.50	---Computing root node sequence and total tree likelihood...
16.50	---Attaching sequence profiles to leafs...
16.51	---Postorder: computing likelihoods...
16.67	---Computing root node sequence and total tree likelihood...
16.68	---Attaching sequence profiles to leafs...
16.68	---Postorder: computing likelihoods...
16.84	---Computing root node sequence and total tree likelihood...
16.84	---Attaching sequence profiles to leafs...
16.85	---Postorder: computing likelihoods...
17.00	---Computing root node sequence and total tree likelihood...
17.00	---Attaching sequence profiles to leafs...
17.01	---Postorder: computing likelihoods...
17.17	---Computing root node sequence and total tree likelihood...
17.17	---Attaching sequence profiles to leafs...
17.18	---Postorder: computing likelihoods...
17.34	---Computing root node sequence and total tree likelihood...
17.34	---Attaching sequence profiles to leafs...
17.34	---Postorder: computing likelihoods...
17.50	---Computing root node sequence and total tree likelihood...
17.50	---Attaching sequence profiles to leafs...
17.51	---Postorder: computing likelihoods...
17.67	---Computing root node sequence and total tree likelihood...
17.67	---Attaching sequence profiles to leafs...
17.68	---Postorder: computing likelihoods...
17.88	---Computing root node sequence and total tree likelihood...
17.88	---Attaching sequence profiles to leafs...
17.89	---Postorder: computing likelihoods...
18.05	---Computing root node sequence and total tree likelihood...
18.05	---Attaching sequence profiles to leafs...
18.05	---Postorder: computing likelihoods...
18.22	---Computing root node sequence and total tree likelihood...
18.22	---Attaching sequence profiles to leafs...
18.23	---Postorder: computing likelihoods...
18.39	---Computing root node sequence and total tree likelihood...
18.39	---Attaching sequence profiles to leafs...
18.39	---Postorder: computing likelihoods...
18.55	---Computing root node sequence and total tree likelihood...
18.55	---Attaching sequence profiles to leafs...
18.56	---Postorder: computing likelihoods...
18.72	---Computing root node sequence and total tree likelihood...

18.72	-treeanc:optimize_gtr_rate: optimization successful. Overall rate
     	 estimated to be 96.348553
18.72	--TreeAnc.infer_gtr: counting mutations...
19.00	---TreeAnc.infer_gtr: counting mutations...done

19.00	-GTR: with alphabet: ['A', 'B', 'C', 'D', 'E', 'F', 'G', 'H', 'I', 'J',
     	 'K', 'L', 'M', 'N', 'O', 'P', 'Q', 'R', 'S', 'T', 'U', 'V', 'W', 'X',
     	 'Y', 'Z', '[', '\\', ']', '^', '_', '`', 'a', 'b', 'c', 'd', 'e', 'f']
19.00	--GTR: ambiguous character: g
19.00	----GTR: no gap symbol!
19.00	---GTR: init with dummy values!

19.00	-GTR: model inference
19.00	---GTR inference iteration 0 change: 0.16222142113076252
19.00	---GTR inference iteration 1 change: 0.023920325759938035
19.01	---GTR inference iteration 2 change: 0.0006721609843362362
19.01	---GTR inference iteration 3 change: 0.0001226204643330956
19.01	---Attaching sequence profiles to leafs...
19.02	---Postorder: computing likelihoods...
19.18	---Computing root node sequence and total tree likelihood...
19.18	---Attaching sequence profiles to leafs...
19.18	---Postorder: computing likelihoods...
19.35	---Computing root node sequence and total tree likelihood...
19.35	---Attaching sequence profiles to leafs...
19.35	---Postorder: computing likelihoods...
19.51	---Computing root node sequence and total tree likelihood...
19.52	---Attaching sequence profiles to leafs...
19.52	---Postorder: computing likelihoods...
19.69	---Computing root node sequence and total tree likelihood...
19.69	---Attaching sequence profiles to leafs...
19.70	---Postorder: computing likelihoods...
19.85	---Computing root node sequence and total tree likelihood...
19.85	---Attaching sequence profiles to leafs...
19.86	---Postorder: computing likelihoods...
20.02	---Computing root node sequence and total tree likelihood...
20.02	---Attaching sequence profiles to leafs...
20.03	---Postorder: computing likelihoods...
20.18	---Computing root node sequence and total tree likelihood...
20.18	---Attaching sequence profiles to leafs...
20.19	---Postorder: computing likelihoods...
20.35	---Computing root node sequence and total tree likelihood...
20.35	---Attaching sequence profiles to leafs...
20.35	---Postorder: computing likelihoods...
20.51	---Computing root node sequence and total tree likelihood...
20.51	---Attaching sequence profiles to leafs...
20.52	---Postorder: computing likelihoods...
20.69	---Computing root node sequence and total tree likelihood...
20.69	---Attaching sequence profiles to leafs...
20.70	---Postorder: computing likelihoods...
20.85	---Computing root node sequence and total tree likelihood...
20.85	---Attaching sequence profiles to leafs...
20.86	---Postorder: computing likelihoods...
21.02	---Computing root node sequence and total tree likelihood...
21.02	---Attaching sequence profiles to leafs...
21.03	---Postorder: computing likelihoods...
21.19	---Computing root node sequence and total tree likelihood...
21.19	---Attaching sequence profiles to leafs...
21.20	---Postorder: computing likelihoods...
21.36	---Computing root node sequence and total tree likelihood...
21.36	---Attaching sequence profiles to leafs...
21.37	---Postorder: computing likelihoods...
21.52	---Computing root node sequence and total tree likelihood...
21.53	---Attaching sequence profiles to leafs...
21.53	---Postorder: computing likelihoods...
21.70	---Computing root node sequence and total tree likelihood...
21.70	---Attaching sequence profiles to leafs...
21.71	---Postorder: computing likelihoods...
21.86	---Computing root node sequence and total tree likelihood...
21.87	---Attaching sequence profiles to leafs...
21.87	---Postorder: computing likelihoods...
22.03	---Computing root node sequence and total tree likelihood...
22.03	---Attaching sequence profiles to leafs...
22.04	---Postorder: computing likelihoods...
22.20	---Computing root node sequence and total tree likelihood...

22.20	-treeanc:optimize_gtr_rate: optimization successful. Overall rate
     	 estimated to be 96.348341

22.20	-TreeAnc.infer_ancestral_sequences with method: probabilistic, marginal
22.20	--TreeAnc._ml_anc_marginal: type of reconstruction: Marginal
22.20	---Attaching sequence profiles to leafs...
22.21	---Postorder: computing likelihoods...
22.37	---Computing root node sequence and total tree likelihood...
22.37	---Preorder: computing marginal profiles...
22.65	---TreeAnc._ml_anc_marginal: ...done
NOTE: previous versions (<0.7.0) of this command made a 'short-branch
length assumption. TreeTime now optimizes the overall rate numerically
and thus allows for long branches along which multiple changes
accumulated. This is expected to affect estimates of the overall rate
while leaving the relative rates mostly unchanged.
