
0.00	-TreeAnc: set-up
Assigned discrete traits to 522 out of 540 taxa.


0.27	-SequenceData: loaded alignment.

0.27	-SeqData: making compressed alignment...

0.27	-SequenceData: constructed compressed alignment...

0.28	-TreeAnc.infer_ancestral_sequences with method: ml, marginal
0.28	--TreeAnc._ml_anc_marginal: type of reconstruction: Marginal
0.28	---Attaching sequence profiles to leafs...
0.29	---Postorder: computing likelihoods...
0.36	---Computing root node sequence and total tree likelihood...
0.36	---Preorder: computing marginal profiles...
0.43	---TreeAnc._ml_anc_marginal: ...done
0.50	--TreeAnc.infer_gtr: counting mutations...
0.61	---TreeAnc.infer_gtr: counting mutations...done

0.61	-GTR: with alphabet: ['A', 'B', 'C', 'D', 'E', 'F', 'G', 'H', 'I', 'J',
    	 'K', 'L', 'M', 'N', 'O', 'P', 'Q', 'R', 'S', 'T', 'U', 'V', 'W', 'X', 'Y',
    	 'Z', '[', '\\', ']', '^', '_', '`', 'a', 'b', 'c', 'd', 'e']
0.61	--GTR: ambiguous character: f
0.61	----GTR: no gap symbol!
0.61	---GTR: init with dummy values!

0.61	-GTR: model inference
0.61	---GTR inference iteration 0 change: 0.1643989873053573
0.61	---GTR inference iteration 1 change: 0.01726189420284081
0.61	---GTR inference iteration 2 change: 0.0005852323404837084
0.61	---GTR inference iteration 3 change: 5.398605676271285e-05
0.61	--TreeAnc._ml_anc_marginal: type of reconstruction: Marginal
0.61	---Attaching sequence profiles to leafs...
0.62	---Postorder: computing likelihoods...
0.72	---Computing root node sequence and total tree likelihood...
0.72	---Preorder: computing marginal profiles...
0.84	---TreeAnc._ml_anc_marginal: ...done
0.92	---Attaching sequence profiles to leafs...
0.92	---Postorder: computing likelihoods...
0.99	---Computing root node sequence and total tree likelihood...
1.02	---Attaching sequence profiles to leafs...
1.03	---Postorder: computing likelihoods...
1.13	---Computing root node sequence and total tree likelihood...
1.13	---Attaching sequence profiles to leafs...
1.13	---Postorder: computing likelihoods...
1.27	---Computing root node sequence and total tree likelihood...
1.27	---Attaching sequence profiles to leafs...
1.28	---Postorder: computing likelihoods...
1.35	---Computing root node sequence and total tree likelihood...
1.35	---Attaching sequence profiles to leafs...
1.36	---Postorder: computing likelihoods...
1.45	---Computing root node sequence and total tree likelihood...
1.45	---Attaching sequence profiles to leafs...
1.45	---Postorder: computing likelihoods...
1.55	---Computing root node sequence and total tree likelihood...
1.56	---Attaching sequence profiles to leafs...
1.56	---Postorder: computing likelihoods...
1.68	---Computing root node sequence and total tree likelihood...
1.68	---Attaching sequence profiles to leafs...
1.68	---Postorder: computing likelihoods...
1.76	---Computing root node sequence and total tree likelihood...
1.77	---Attaching sequence profiles to leafs...
1.77	---Postorder: computing likelihoods...
1.89	---Computing root node sequence and total tree likelihood...
1.89	---Attaching sequence profiles to leafs...
1.89	---Postorder: computing likelihoods...
1.97	---Computing root node sequence and total tree likelihood...
1.97	---Attaching sequence profiles to leafs...
1.98	---Postorder: computing likelihoods...
2.10	---Computing root node sequence and total tree likelihood...
2.10	---Attaching sequence profiles to leafs...
2.10	---Postorder: computing likelihoods...
2.19	---Computing root node sequence and total tree likelihood...
2.19	---Attaching sequence profiles to leafs...
2.19	---Postorder: computing likelihoods...
2.28	---Computing root node sequence and total tree likelihood...
2.29	---Attaching sequence profiles to leafs...
2.29	---Postorder: computing likelihoods...
2.38	---Computing root node sequence and total tree likelihood...
2.38	---Attaching sequence profiles to leafs...
2.39	---Postorder: computing likelihoods...
2.53	---Computing root node sequence and total tree likelihood...
2.53	---Attaching sequence profiles to leafs...
2.54	---Postorder: computing likelihoods...
2.64	---Computing root node sequence and total tree likelihood...
2.64	---Attaching sequence profiles to leafs...
2.65	---Postorder: computing likelihoods...
2.76	---Computing root node sequence and total tree likelihood...
2.76	---Attaching sequence profiles to leafs...
2.77	---Postorder: computing likelihoods...
2.87	---Computing root node sequence and total tree likelihood...
2.87	---Attaching sequence profiles to leafs...
2.88	---Postorder: computing likelihoods...
2.98	---Computing root node sequence and total tree likelihood...

2.98	-treeanc:optimize_gtr_rate: optimization successful. Overall rate estimated
    	 to be 80.938154
2.98	--TreeAnc.infer_gtr: counting mutations...
3.14	---TreeAnc.infer_gtr: counting mutations...done

3.14	-GTR: with alphabet: ['A', 'B', 'C', 'D', 'E', 'F', 'G', 'H', 'I', 'J',
    	 'K', 'L', 'M', 'N', 'O', 'P', 'Q', 'R', 'S', 'T', 'U', 'V', 'W', 'X', 'Y',
    	 'Z', '[', '\\', ']', '^', '_', '`', 'a', 'b', 'c', 'd', 'e']
3.14	--GTR: ambiguous character: f
3.14	----GTR: no gap symbol!
3.14	---GTR: init with dummy values!

3.14	-GTR: model inference
3.14	---GTR inference iteration 0 change: 0.1643989873053573
3.14	---GTR inference iteration 1 change: 0.018911297381206928
3.14	---GTR inference iteration 2 change: 0.0005700894621026866
3.14	---GTR inference iteration 3 change: 7.080534666366232e-05
3.14	---Attaching sequence profiles to leafs...
3.15	---Postorder: computing likelihoods...
3.24	---Computing root node sequence and total tree likelihood...
3.24	---Attaching sequence profiles to leafs...
3.24	---Postorder: computing likelihoods...
3.33	---Computing root node sequence and total tree likelihood...
3.33	---Attaching sequence profiles to leafs...
3.33	---Postorder: computing likelihoods...
3.39	---Computing root node sequence and total tree likelihood...
3.39	---Attaching sequence profiles to leafs...
3.40	---Postorder: computing likelihoods...
3.48	---Computing root node sequence and total tree likelihood...
3.48	---Attaching sequence profiles to leafs...
3.49	---Postorder: computing likelihoods...
3.57	---Computing root node sequence and total tree likelihood...
3.57	---Attaching sequence profiles to leafs...
3.58	---Postorder: computing likelihoods...
3.66	---Computing root node sequence and total tree likelihood...
3.66	---Attaching sequence profiles to leafs...
3.67	---Postorder: computing likelihoods...
3.76	---Computing root node sequence and total tree likelihood...
3.76	---Attaching sequence profiles to leafs...
3.76	---Postorder: computing likelihoods...
3.86	---Computing root node sequence and total tree likelihood...
3.86	---Attaching sequence profiles to leafs...
3.86	---Postorder: computing likelihoods...
3.95	---Computing root node sequence and total tree likelihood...
3.95	---Attaching sequence profiles to leafs...
3.95	---Postorder: computing likelihoods...
4.06	---Computing root node sequence and total tree likelihood...
4.06	---Attaching sequence profiles to leafs...
4.07	---Postorder: computing likelihoods...
4.18	---Computing root node sequence and total tree likelihood...
4.18	---Attaching sequence profiles to leafs...
4.19	---Postorder: computing likelihoods...
4.25	---Computing root node sequence and total tree likelihood...
4.25	---Attaching sequence profiles to leafs...
4.26	---Postorder: computing likelihoods...
4.38	---Computing root node sequence and total tree likelihood...
4.38	---Attaching sequence profiles to leafs...
4.38	---Postorder: computing likelihoods...
4.46	---Computing root node sequence and total tree likelihood...
4.46	---Attaching sequence profiles to leafs...
4.46	---Postorder: computing likelihoods...
4.55	---Computing root node sequence and total tree likelihood...
4.55	---Attaching sequence profiles to leafs...
4.56	---Postorder: computing likelihoods...
4.64	---Computing root node sequence and total tree likelihood...
4.64	---Attaching sequence profiles to leafs...
4.65	---Postorder: computing likelihoods...
4.73	---Computing root node sequence and total tree likelihood...
4.73	---Attaching sequence profiles to leafs...
4.73	---Postorder: computing likelihoods...
4.82	---Computing root node sequence and total tree likelihood...
4.82	---Attaching sequence profiles to leafs...
4.83	---Postorder: computing likelihoods...
4.89	---Computing root node sequence and total tree likelihood...

4.89	-treeanc:optimize_gtr_rate: optimization successful. Overall rate estimated
    	 to be 80.651510
4.89	--TreeAnc.infer_gtr: counting mutations...
5.03	---TreeAnc.infer_gtr: counting mutations...done

5.03	-GTR: with alphabet: ['A', 'B', 'C', 'D', 'E', 'F', 'G', 'H', 'I', 'J',
    	 'K', 'L', 'M', 'N', 'O', 'P', 'Q', 'R', 'S', 'T', 'U', 'V', 'W', 'X', 'Y',
    	 'Z', '[', '\\', ']', '^', '_', '`', 'a', 'b', 'c', 'd', 'e']
5.03	--GTR: ambiguous character: f
5.03	----GTR: no gap symbol!
5.03	---GTR: init with dummy values!

5.03	-GTR: model inference
5.03	---GTR inference iteration 0 change: 0.1643989873053573
5.03	---GTR inference iteration 1 change: 0.019023531076581782
5.03	---GTR inference iteration 2 change: 0.0005682579153536813
5.03	---GTR inference iteration 3 change: 7.300930516683015e-05
5.04	---Attaching sequence profiles to leafs...
5.04	---Postorder: computing likelihoods...
5.10	---Computing root node sequence and total tree likelihood...
5.10	---Attaching sequence profiles to leafs...
5.10	---Postorder: computing likelihoods...
5.18	---Computing root node sequence and total tree likelihood...
5.18	---Attaching sequence profiles to leafs...
5.18	---Postorder: computing likelihoods...
5.29	---Computing root node sequence and total tree likelihood...
5.29	---Attaching sequence profiles to leafs...
5.30	---Postorder: computing likelihoods...
5.36	---Computing root node sequence and total tree likelihood...
5.36	---Attaching sequence profiles to leafs...
5.37	---Postorder: computing likelihoods...
5.45	---Computing root node sequence and total tree likelihood...
5.45	---Attaching sequence profiles to leafs...
5.45	---Postorder: computing likelihoods...
5.54	---Computing root node sequence and total tree likelihood...
5.54	---Attaching sequence profiles to leafs...
5.54	---Postorder: computing likelihoods...
5.64	---Computing root node sequence and total tree likelihood...
5.64	---Attaching sequence profiles to leafs...
5.64	---Postorder: computing likelihoods...
5.74	---Computing root node sequence and total tree likelihood...
5.74	---Attaching sequence profiles to leafs...
5.75	---Postorder: computing likelihoods...
5.85	---Computing root node sequence and total tree likelihood...
5.85	---Attaching sequence profiles to leafs...
5.85	---Postorder: computing likelihoods...
5.94	---Computing root node sequence and total tree likelihood...
5.94	---Attaching sequence profiles to leafs...
5.94	---Postorder: computing likelihoods...
6.03	---Computing root node sequence and total tree likelihood...
6.03	---Attaching sequence profiles to leafs...
6.03	---Postorder: computing likelihoods...
6.12	---Computing root node sequence and total tree likelihood...
6.12	---Attaching sequence profiles to leafs...
6.13	---Postorder: computing likelihoods...
6.19	---Computing root node sequence and total tree likelihood...
6.19	---Attaching sequence profiles to leafs...
6.22	---Postorder: computing likelihoods...
6.28	---Computing root node sequence and total tree likelihood...
6.28	---Attaching sequence profiles to leafs...
6.29	---Postorder: computing likelihoods...
6.38	---Computing root node sequence and total tree likelihood...
6.38	---Attaching sequence profiles to leafs...
6.38	---Postorder: computing likelihoods...
6.46	---Computing root node sequence and total tree likelihood...
6.46	---Attaching sequence profiles to leafs...
6.47	---Postorder: computing likelihoods...
6.56	---Computing root node sequence and total tree likelihood...
6.56	---Attaching sequence profiles to leafs...
6.57	---Postorder: computing likelihoods...
6.65	---Computing root node sequence and total tree likelihood...
6.65	---Attaching sequence profiles to leafs...
6.65	---Postorder: computing likelihoods...
6.74	---Computing root node sequence and total tree likelihood...
6.74	---Attaching sequence profiles to leafs...
6.75	---Postorder: computing likelihoods...
6.83	---Computing root node sequence and total tree likelihood...
6.83	---Attaching sequence profiles to leafs...
6.83	---Postorder: computing likelihoods...
6.92	---Computing root node sequence and total tree likelihood...
6.92	---Attaching sequence profiles to leafs...
6.93	---Postorder: computing likelihoods...
7.02	---Computing root node sequence and total tree likelihood...
7.02	---Attaching sequence profiles to leafs...
7.03	---Postorder: computing likelihoods...
7.09	---Computing root node sequence and total tree likelihood...
7.12	---Attaching sequence profiles to leafs...
7.13	---Postorder: computing likelihoods...
7.19	---Computing root node sequence and total tree likelihood...
7.22	---Attaching sequence profiles to leafs...
7.23	---Postorder: computing likelihoods...
7.28	---Computing root node sequence and total tree likelihood...
7.28	---Attaching sequence profiles to leafs...
7.29	---Postorder: computing likelihoods...
7.38	---Computing root node sequence and total tree likelihood...
7.38	---Attaching sequence profiles to leafs...
7.39	---Postorder: computing likelihoods...
7.48	---Computing root node sequence and total tree likelihood...
7.48	---Attaching sequence profiles to leafs...
7.48	---Postorder: computing likelihoods...
7.57	---Computing root node sequence and total tree likelihood...
7.58	---Attaching sequence profiles to leafs...
7.58	---Postorder: computing likelihoods...
7.67	---Computing root node sequence and total tree likelihood...
7.67	---Attaching sequence profiles to leafs...
7.68	---Postorder: computing likelihoods...
7.77	---Computing root node sequence and total tree likelihood...
7.77	---Attaching sequence profiles to leafs...
7.78	---Postorder: computing likelihoods...
7.87	---Computing root node sequence and total tree likelihood...

7.87	-treeanc:optimize_gtr_rate: optimization successful. Overall rate estimated
    	 to be 80.641943
7.87	--TreeAnc.infer_gtr: counting mutations...
8.01	---TreeAnc.infer_gtr: counting mutations...done

8.01	-GTR: with alphabet: ['A', 'B', 'C', 'D', 'E', 'F', 'G', 'H', 'I', 'J',
    	 'K', 'L', 'M', 'N', 'O', 'P', 'Q', 'R', 'S', 'T', 'U', 'V', 'W', 'X', 'Y',
    	 'Z', '[', '\\', ']', '^', '_', '`', 'a', 'b', 'c', 'd', 'e']
8.01	--GTR: ambiguous character: f
8.01	----GTR: no gap symbol!
8.01	---GTR: init with dummy values!

8.01	-GTR: model inference
8.01	---GTR inference iteration 0 change: 0.1643989873053573
8.01	---GTR inference iteration 1 change: 0.01904034623042343
8.01	---GTR inference iteration 2 change: 0.0005676386514292885
8.01	---GTR inference iteration 3 change: 7.336579730250207e-05
8.02	---Attaching sequence profiles to leafs...
8.02	---Postorder: computing likelihoods...
8.08	---Computing root node sequence and total tree likelihood...
8.08	---Attaching sequence profiles to leafs...
8.08	---Postorder: computing likelihoods...
8.19	---Computing root node sequence and total tree likelihood...
8.19	---Attaching sequence profiles to leafs...
8.19	---Postorder: computing likelihoods...
8.28	---Computing root node sequence and total tree likelihood...
8.28	---Attaching sequence profiles to leafs...
8.28	---Postorder: computing likelihoods...
8.37	---Computing root node sequence and total tree likelihood...
8.37	---Attaching sequence profiles to leafs...
8.38	---Postorder: computing likelihoods...
8.47	---Computing root node sequence and total tree likelihood...
8.47	---Attaching sequence profiles to leafs...
8.48	---Postorder: computing likelihoods...
8.57	---Computing root node sequence and total tree likelihood...
8.57	---Attaching sequence profiles to leafs...
8.57	---Postorder: computing likelihoods...
8.68	---Computing root node sequence and total tree likelihood...
8.68	---Attaching sequence profiles to leafs...
8.69	---Postorder: computing likelihoods...
8.77	---Computing root node sequence and total tree likelihood...
8.77	---Attaching sequence profiles to leafs...
8.78	---Postorder: computing likelihoods...
8.87	---Computing root node sequence and total tree likelihood...
8.87	---Attaching sequence profiles to leafs...
8.88	---Postorder: computing likelihoods...
8.97	---Computing root node sequence and total tree likelihood...
8.97	---Attaching sequence profiles to leafs...
8.98	---Postorder: computing likelihoods...
9.06	---Computing root node sequence and total tree likelihood...
9.06	---Attaching sequence profiles to leafs...
9.07	---Postorder: computing likelihoods...
9.16	---Computing root node sequence and total tree likelihood...
9.16	---Attaching sequence profiles to leafs...
9.16	---Postorder: computing likelihoods...
9.26	---Computing root node sequence and total tree likelihood...
9.27	---Attaching sequence profiles to leafs...
9.27	---Postorder: computing likelihoods...
9.35	---Computing root node sequence and total tree likelihood...
9.35	---Attaching sequence profiles to leafs...
9.35	---Postorder: computing likelihoods...
9.44	---Computing root node sequence and total tree likelihood...
9.45	---Attaching sequence profiles to leafs...
9.45	---Postorder: computing likelihoods...
9.53	---Computing root node sequence and total tree likelihood...
9.53	---Attaching sequence profiles to leafs...
9.54	---Postorder: computing likelihoods...
9.62	---Computing root node sequence and total tree likelihood...

9.63	-treeanc:optimize_gtr_rate: optimization successful. Overall rate estimated
    	 to be 80.641044
9.63	--TreeAnc.infer_gtr: counting mutations...
9.77	---TreeAnc.infer_gtr: counting mutations...done

9.77	-GTR: with alphabet: ['A', 'B', 'C', 'D', 'E', 'F', 'G', 'H', 'I', 'J',
    	 'K', 'L', 'M', 'N', 'O', 'P', 'Q', 'R', 'S', 'T', 'U', 'V', 'W', 'X', 'Y',
    	 'Z', '[', '\\', ']', '^', '_', '`', 'a', 'b', 'c', 'd', 'e']
9.77	--GTR: ambiguous character: f
9.77	----GTR: no gap symbol!
9.77	---GTR: init with dummy values!

9.77	-GTR: model inference
9.77	---GTR inference iteration 0 change: 0.1643989873053573
9.77	---GTR inference iteration 1 change: 0.01904322467898852
9.77	---GTR inference iteration 2 change: 0.0005674903287465613
9.77	---GTR inference iteration 3 change: 7.34304641268049e-05
9.78	---Attaching sequence profiles to leafs...
9.78	---Postorder: computing likelihoods...
9.84	---Computing root node sequence and total tree likelihood...
9.85	---Attaching sequence profiles to leafs...
9.85	---Postorder: computing likelihoods...
9.93	---Computing root node sequence and total tree likelihood...
9.93	---Attaching sequence profiles to leafs...
9.94	---Postorder: computing likelihoods...
10.03	---Computing root node sequence and total tree likelihood...
10.03	---Attaching sequence profiles to leafs...
10.04	---Postorder: computing likelihoods...
10.14	---Computing root node sequence and total tree likelihood...
10.14	---Attaching sequence profiles to leafs...
10.15	---Postorder: computing likelihoods...
10.25	---Computing root node sequence and total tree likelihood...
10.25	---Attaching sequence profiles to leafs...
10.26	---Postorder: computing likelihoods...
10.34	---Computing root node sequence and total tree likelihood...
10.34	---Attaching sequence profiles to leafs...
10.35	---Postorder: computing likelihoods...
10.46	---Computing root node sequence and total tree likelihood...
10.46	---Attaching sequence profiles to leafs...
10.47	---Postorder: computing likelihoods...
10.58	---Computing root node sequence and total tree likelihood...
10.58	---Attaching sequence profiles to leafs...
10.59	---Postorder: computing likelihoods...
10.67	---Computing root node sequence and total tree likelihood...
10.67	---Attaching sequence profiles to leafs...
10.67	---Postorder: computing likelihoods...
10.76	---Computing root node sequence and total tree likelihood...
10.76	---Attaching sequence profiles to leafs...
10.77	---Postorder: computing likelihoods...
10.86	---Computing root node sequence and total tree likelihood...
10.86	---Attaching sequence profiles to leafs...
10.87	---Postorder: computing likelihoods...
10.95	---Computing root node sequence and total tree likelihood...
10.95	---Attaching sequence profiles to leafs...
10.96	---Postorder: computing likelihoods...
11.04	---Computing root node sequence and total tree likelihood...
11.04	---Attaching sequence profiles to leafs...
11.05	---Postorder: computing likelihoods...
11.14	---Computing root node sequence and total tree likelihood...
11.14	---Attaching sequence profiles to leafs...
11.14	---Postorder: computing likelihoods...
11.23	---Computing root node sequence and total tree likelihood...
11.23	---Attaching sequence profiles to leafs...
11.24	---Postorder: computing likelihoods...
11.33	---Computing root node sequence and total tree likelihood...
11.33	---Attaching sequence profiles to leafs...
11.33	---Postorder: computing likelihoods...
11.39	---Computing root node sequence and total tree likelihood...
11.42	---Attaching sequence profiles to leafs...
11.43	---Postorder: computing likelihoods...
11.53	---Computing root node sequence and total tree likelihood...
11.53	---Attaching sequence profiles to leafs...
11.53	---Postorder: computing likelihoods...
11.64	---Computing root node sequence and total tree likelihood...

11.64	-treeanc:optimize_gtr_rate: optimization successful. Overall rate
     	 estimated to be 80.641040
11.64	--TreeAnc.infer_gtr: counting mutations...
11.78	---TreeAnc.infer_gtr: counting mutations...done

11.78	-GTR: with alphabet: ['A', 'B', 'C', 'D', 'E', 'F', 'G', 'H', 'I', 'J',
     	 'K', 'L', 'M', 'N', 'O', 'P', 'Q', 'R', 'S', 'T', 'U', 'V', 'W', 'X',
     	 'Y', 'Z', '[', '\\', ']', '^', '_', '`', 'a', 'b', 'c', 'd', 'e']
11.78	--GTR: ambiguous character: f
11.78	----GTR: no gap symbol!
11.78	---GTR: init with dummy values!

11.78	-GTR: model inference
11.78	---GTR inference iteration 0 change: 0.1643989873053573
11.78	---GTR inference iteration 1 change: 0.01904368342529159
11.79	---GTR inference iteration 2 change: 0.0005674559190788766
11.79	---GTR inference iteration 3 change: 7.34419248046978e-05
11.79	---Attaching sequence profiles to leafs...
11.79	---Postorder: computing likelihoods...
11.86	---Computing root node sequence and total tree likelihood...
11.86	---Attaching sequence profiles to leafs...
11.86	---Postorder: computing likelihoods...
11.96	---Computing root node sequence and total tree likelihood...
11.96	---Attaching sequence profiles to leafs...
11.97	---Postorder: computing likelihoods...
12.05	---Computing root node sequence and total tree likelihood...
12.05	---Attaching sequence profiles to leafs...
12.05	---Postorder: computing likelihoods...
12.15	---Computing root node sequence and total tree likelihood...
12.16	---Attaching sequence profiles to leafs...
12.16	---Postorder: computing likelihoods...
12.25	---Computing root node sequence and total tree likelihood...
12.26	---Attaching sequence profiles to leafs...
12.26	---Postorder: computing likelihoods...
12.37	---Computing root node sequence and total tree likelihood...
12.37	---Attaching sequence profiles to leafs...
12.37	---Postorder: computing likelihoods...
12.44	---Computing root node sequence and total tree likelihood...
12.44	---Attaching sequence profiles to leafs...
12.45	---Postorder: computing likelihoods...
12.54	---Computing root node sequence and total tree likelihood...
12.54	---Attaching sequence profiles to leafs...
12.54	---Postorder: computing likelihoods...
12.64	---Computing root node sequence and total tree likelihood...
12.64	---Attaching sequence profiles to leafs...
12.64	---Postorder: computing likelihoods...
12.70	---Computing root node sequence and total tree likelihood...
12.72	---Attaching sequence profiles to leafs...
12.73	---Postorder: computing likelihoods...
12.84	---Computing root node sequence and total tree likelihood...
12.84	---Attaching sequence profiles to leafs...
12.85	---Postorder: computing likelihoods...
12.96	---Computing root node sequence and total tree likelihood...
12.96	---Attaching sequence profiles to leafs...
12.97	---Postorder: computing likelihoods...
13.06	---Computing root node sequence and total tree likelihood...
13.07	---Attaching sequence profiles to leafs...
13.07	---Postorder: computing likelihoods...
13.15	---Computing root node sequence and total tree likelihood...
13.15	---Attaching sequence profiles to leafs...
13.15	---Postorder: computing likelihoods...
13.24	---Computing root node sequence and total tree likelihood...
13.24	---Attaching sequence profiles to leafs...
13.25	---Postorder: computing likelihoods...
13.33	---Computing root node sequence and total tree likelihood...
13.33	---Attaching sequence profiles to leafs...
13.33	---Postorder: computing likelihoods...
13.39	---Computing root node sequence and total tree likelihood...

13.39	-treeanc:optimize_gtr_rate: optimization successful. Overall rate
     	 estimated to be 80.641090

13.39	-TreeAnc.infer_ancestral_sequences with method: probabilistic, marginal
13.39	--TreeAnc._ml_anc_marginal: type of reconstruction: Marginal
13.39	---Attaching sequence profiles to leafs...
13.40	---Postorder: computing likelihoods...
13.48	---Computing root node sequence and total tree likelihood...
13.48	---Preorder: computing marginal profiles...
13.59	---TreeAnc._ml_anc_marginal: ...done
NOTE: previous versions (<0.7.0) of this command made a 'short-branch
length assumption. TreeTime now optimizes the overall rate numerically
and thus allows for long branches along which multiple changes
accumulated. This is expected to affect estimates of the overall rate
while leaving the relative rates mostly unchanged.
