
0.00	-TreeAnc: set-up

1.19	-SequenceData: loaded alignment.
1.19	--SequenceData.aln: specified sequence length doesn't match alignment
    	  length. Treating difference as constant sites.

1.19	-SeqData: making compressed alignment...

3.79	-SequenceData: constructed compressed alignment...
4.07	--ClockTree: Setting precision to level 2

4.14	-ClockTree._assign_dates: assigned date contraints to 634 out of 634 tips.
4.44	--ClockTree.date2dist: Setting new molecular clock. rate=9.508e-09,
    	  R^2=0.2300
4.46	---TreeTime.ClockFilter: marking GCA_008630375.1_ASM863037v1_genomic as
    	   outlier, residual 3.979261 interquartile distances
4.46	---TreeTime.ClockFilter: marking GCA_008630375.2_ASM863037v2_genomic as
    	   outlier, residual 4.261789 interquartile distances
4.46	---TreeTime.ClockFilter: marking GCA_003086075.1_ASM308607v1_genomic as
    	   outlier, residual 3.010350 interquartile distances
4.46	---TreeTime.ClockFilter: marking GCA_001613865.1_ASM161386v1_genomic as
    	   outlier, residual 3.179381 interquartile distances
Clock Model:  {'clock_rate': 9.508425021604998e-09, 'intercept': 5.3129278201524425e-05, 'chisq': 2.9124720841008797e-08, 'r_val': 0.47960937632821926, 'cov': None, 'sigma': 0, 'valid_confidence': False}
Collapsed node NODE309 in the tree.
Collapsed node GCA_008630375.1_ASM863037v1_genomic in the tree.
Collapsed node GCA_008630375.2_ASM863037v2_genomic in the tree.
Collapsed node GCA_003086075.1_ASM308607v1_genomic in the tree.
Collapsed node GCA_001613865.1_ASM161386v1_genomic in the tree.
Dropped NODE309 from the dataframe.
Dropped GCA_008630375.1_ASM863037v1_genomic from the dataframe.
Dropped GCA_008630375.2_ASM863037v2_genomic from the dataframe.
Dropped GCA_003086075.1_ASM308607v1_genomic from the dataframe.
Dropped GCA_001613865.1_ASM161386v1_genomic from the dataframe.

0.00	-TreeAnc: set-up

1.11	-SequenceData: loaded alignment.
1.11	--SequenceData.aln: specified sequence length doesn't match alignment
    	  length. Treating difference as constant sites.

1.11	-SeqData: making compressed alignment...

3.64	-SequenceData: constructed compressed alignment...
3.71	---**WARNING: Number of tips in tree differs from number of sequences in
    	   alignment!**
3.91	--ClockTree: Setting precision to level 2

3.98	-ClockTree._assign_dates: assigned date contraints to 630 out of 630 tips.
4.27	--ClockTree.date2dist: Setting new molecular clock. rate=9.416e-09,
    	  R^2=0.2483
Clock Model:  {'clock_rate': 9.416066712137288e-09, 'intercept': 5.304755152697907e-05, 'chisq': 2.582616029485927e-08, 'r_val': 0.49828866115420706, 'cov': None, 'sigma': 0, 'valid_confidence': False}
