2020-11-09 16:25:42,074 Reading the input fasta file: /2/scratch/keaton/plague-phylogeography/results/snippy_multi/all/snippy-core_chromosome.snps.filter6.aln.tmp
2020-11-09 16:25:42,146 Reading alignment length...
2020-11-09 16:25:42,148 Alignment length: 12922
2020-11-09 16:25:42,148 Reading alignment sample names...
2020-11-09 16:25:42,149 Number of samples: 540
2020-11-09 16:25:42,151 Analyzing alignment for sites with >=0.94 samples with data...
2020-11-09 16:25:43,786 5% Complete
2020-11-09 16:25:46,622 10% Complete
2020-11-09 16:25:50,673 15% Complete
2020-11-09 16:25:54,322 20% Complete
2020-11-09 16:26:00,993 25% Complete
2020-11-09 16:26:08,718 30% Complete
2020-11-09 16:26:15,692 35% Complete
2020-11-09 16:26:24,063 40% Complete
2020-11-09 16:26:32,733 45% Complete
2020-11-09 16:26:38,565 50% Complete
2020-11-09 16:26:49,478 55% Complete
2020-11-09 16:27:01,772 60% Complete
2020-11-09 16:27:14,203 65% Complete
2020-11-09 16:27:28,260 70% Complete
2020-11-09 16:27:46,573 75% Complete
2020-11-09 16:28:03,310 80% Complete
2020-11-09 16:28:21,520 85% Complete
2020-11-09 16:28:45,580 90% Complete
2020-11-09 16:29:10,107 95% Complete
2020-11-09 16:29:34,517 100% Complete
2020-11-09 16:29:34,518 Creating the filtered multiple alignment..
2020-11-09 16:29:35,109 Writing to the output fasta file: /2/scratch/keaton/plague-phylogeography/results/snippy_multi/all/snippy-core_chromosome.snps.filter6.aln
2020-11-09 16:29:35,120 Parsimony informative sites: 4832 (37%)
2020-11-09 16:29:35,121 Biallelic singleton sites: 8020 (62%)
2020-11-09 16:29:35,121 Multiallelic singleton sites: 41 (0%)
2020-11-09 16:29:35,121 Pseudo singleton sites: 29 (0%)
2020-11-09 16:29:35,121 Total singleton sites: 8090 (62%)
2020-11-09 16:29:35,121 Sites passing missing data filter: 2973
2020-11-09 16:29:35,121 Sites failing missing data filter: 1859
2020-11-09 16:29:35,121 Wrote a multi-fasta alignment of length: 2973
