This is snippy-core 4.6.0
Obtained from http://github.com/tseemann/snippy
Enabling bundled tools for linux
Found any2fasta - /home/keaton/miniconda3/envs/plague-phylogeography/bin/any2fasta
Found samtools - /home/keaton/miniconda3/envs/plague-phylogeography/bin/samtools
Found minimap2 - /home/keaton/miniconda3/envs/plague-phylogeography/bin/minimap2
Found bedtools - /home/keaton/miniconda3/envs/plague-phylogeography/bin/bedtools
Found snp-sites - /home/keaton/miniconda3/envs/plague-phylogeography/bin/snp-sites
Saving reference FASTA: /2/scratch/keaton/plague-phylogeography/results/snippy_multi/all/snippy-core.ref.fa
This is any2fasta 0.4.2
Opening '/2/scratch/keaton/plague-phylogeography/results/data/reference/GCA_000009065.1_ASM906v1_genomic/GCA_000009065.1_ASM906v1_genomic.fna'
Detected FASTA format
Read 60379 lines from '/2/scratch/keaton/plague-phylogeography/results/data/reference/GCA_000009065.1_ASM906v1_genomic/GCA_000009065.1_ASM906v1_genomic.fna'
Wrote 4 sequences from FASTA file.
Processed 1 files.
Done.
Loaded 4 sequences totalling 4829855 bp.
Loading mask bed file: /2/scratch/keaton/plague-phylogeography/results/snippy_multi/all/mask.bed
Will mask 3935 regions totalling 398972 bp ~ 8.26%
0	GCA_009669545.1_ASM966954v1_genomic	snp=273	del=666	ins=784	het=773	unaligned=254393
1	GCA_009669555.1_ASM966955v1_genomic	snp=262	del=620	ins=636	het=886	unaligned=265633
2	GCA_009669565.1_ASM966956v1_genomic	snp=273	del=644	ins=710	het=777	unaligned=258290
3	GCA_009669605.1_ASM966960v1_genomic	snp=259	del=670	ins=758	het=805	unaligned=249254
4	GCA_009669625.1_ASM966962v1_genomic	snp=274	del=671	ins=751	het=844	unaligned=249411
5	GCA_009669675.1_ASM966967v1_genomic	snp=258	del=684	ins=743	het=715	unaligned=248071
6	GCA_009669635.1_ASM966963v1_genomic	snp=265	del=650	ins=604	het=845	unaligned=262992
7	GCA_009669665.1_ASM966966v1_genomic	snp=268	del=668	ins=801	het=836	unaligned=248014
8	GCA_009669725.1_ASM966972v1_genomic	snp=270	del=662	ins=810	het=678	unaligned=254808
9	GCA_009669715.1_ASM966971v1_genomic	snp=268	del=660	ins=596	het=816	unaligned=260151
10	GCA_009669705.1_ASM966970v1_genomic	snp=263	del=580	ins=674	het=725	unaligned=383036
11	GCA_009669775.1_ASM966977v1_genomic	snp=258	del=682	ins=792	het=802	unaligned=249236
12	GCA_009669765.1_ASM966976v1_genomic	snp=261	del=651	ins=748	het=824	unaligned=248822
13	GCA_009669805.1_ASM966980v1_genomic	snp=263	del=624	ins=789	het=789	unaligned=252987
14	GCA_009669825.1_ASM966982v1_genomic	snp=272	del=678	ins=584	het=844	unaligned=262753
15	GCA_009669835.1_ASM966983v1_genomic	snp=264	del=669	ins=735	het=619	unaligned=254233
16	GCA_009669845.1_ASM966984v1_genomic	snp=268	del=627	ins=569	het=842	unaligned=261056
17	GCA_009669875.1_ASM966987v1_genomic	snp=257	del=632	ins=784	het=827	unaligned=249486
18	GCA_009669905.1_ASM966990v1_genomic	snp=278	del=605	ins=615	het=843	unaligned=261803
19	GCA_009669955.1_ASM966995v1_genomic	snp=255	del=653	ins=666	het=780	unaligned=258465
20	GCA_009669925.1_ASM966992v1_genomic	snp=258	del=602	ins=814	het=824	unaligned=248580
21	GCA_009669935.1_ASM966993v1_genomic	snp=264	del=638	ins=640	het=860	unaligned=260488
22	GCA_009669975.1_ASM966997v1_genomic	snp=251	del=654	ins=756	het=838	unaligned=248995
23	GCA_009670005.1_ASM967000v1_genomic	snp=259	del=661	ins=764	het=767	unaligned=249005
24	GCA_009670045.1_ASM967004v1_genomic	snp=259	del=678	ins=792	het=840	unaligned=248680
25	GCA_009670015.1_ASM967001v1_genomic	snp=260	del=673	ins=723	het=860	unaligned=255501
26	GCA_009670055.1_ASM967005v1_genomic	snp=266	del=670	ins=708	het=814	unaligned=253131
27	GCA_009670075.1_ASM967007v1_genomic	snp=278	del=709	ins=703	het=763	unaligned=257710
28	GCA_009670115.1_ASM967011v1_genomic	snp=278	del=718	ins=591	het=709	unaligned=283688
29	GCA_009667895.1_ASM966789v1_genomic	snp=260	del=663	ins=728	het=902	unaligned=248344
30	GCA_009670135.1_ASM967013v1_genomic	snp=252	del=648	ins=563	het=828	unaligned=348742
31	GCA_009670155.1_ASM967015v1_genomic	snp=261	del=634	ins=715	het=692	unaligned=374025
32	GCA_009670105.1_ASM967010v1_genomic	snp=264	del=613	ins=741	het=757	unaligned=259652
33	GCA_009670185.1_ASM967018v1_genomic	snp=263	del=637	ins=776	het=908	unaligned=248510
34	GCA_009670205.1_ASM967020v1_genomic	snp=269	del=633	ins=715	het=757	unaligned=254975
35	GCA_009670225.1_ASM967022v1_genomic	snp=269	del=596	ins=678	het=811	unaligned=258440
36	GCA_009670235.1_ASM967023v1_genomic	snp=268	del=696	ins=669	het=867	unaligned=263908
37	GCA_009670245.1_ASM967024v1_genomic	snp=275	del=704	ins=627	het=784	unaligned=284205
38	GCA_009667925.1_ASM966792v1_genomic	snp=260	del=653	ins=811	het=803	unaligned=248943
39	GCA_009670285.1_ASM967028v1_genomic	snp=291	del=618	ins=654	het=841	unaligned=258087
40	GCA_009670305.1_ASM967030v1_genomic	snp=272	del=642	ins=688	het=804	unaligned=260459
41	GCA_009670345.1_ASM967034v1_genomic	snp=279	del=621	ins=752	het=672	unaligned=260471
42	GCA_009667935.1_ASM966793v1_genomic	snp=269	del=625	ins=792	het=787	unaligned=248443
43	GCA_009670355.1_ASM967035v1_genomic	snp=262	del=585	ins=783	het=780	unaligned=363718
44	GCA_009670325.1_ASM967032v1_genomic	snp=254	del=655	ins=806	het=782	unaligned=249402
45	GCA_009667885.1_ASM966788v1_genomic	snp=278	del=650	ins=664	het=809	unaligned=263081
46	GCA_009670385.1_ASM967038v1_genomic	snp=265	del=652	ins=647	het=872	unaligned=260679
47	GCA_009667945.1_ASM966794v1_genomic	snp=274	del=644	ins=797	het=725	unaligned=258299
48	GCA_009670415.1_ASM967041v1_genomic	snp=278	del=593	ins=684	het=816	unaligned=258586
49	GCA_009667985.1_ASM966798v1_genomic	snp=283	del=636	ins=694	het=750	unaligned=262428
50	GCA_009670395.1_ASM967039v1_genomic	snp=277	del=628	ins=652	het=780	unaligned=258442
51	GCA_009670445.1_ASM967044v1_genomic	snp=267	del=651	ins=701	het=848	unaligned=252000
52	GCA_009670465.1_ASM967046v1_genomic	snp=274	del=631	ins=698	het=698	unaligned=283803
53	GCA_009670485.1_ASM967048v1_genomic	snp=273	del=676	ins=733	het=760	unaligned=251453
54	GCA_009670475.1_ASM967047v1_genomic	snp=263	del=625	ins=725	het=959	unaligned=253133
55	GCA_009670515.1_ASM967051v1_genomic	snp=274	del=667	ins=779	het=787	unaligned=251439
56	GCA_009670545.1_ASM967054v1_genomic	snp=271	del=648	ins=778	het=729	unaligned=254831
57	GCA_009670565.1_ASM967056v1_genomic	snp=269	del=704	ins=771	het=834	unaligned=249196
58	GCA_009670575.1_ASM967057v1_genomic	snp=269	del=631	ins=756	het=775	unaligned=248316
59	GCA_009670625.1_ASM967062v1_genomic	snp=260	del=629	ins=720	het=719	unaligned=258578
60	GCA_009670585.1_ASM967058v1_genomic	snp=267	del=655	ins=764	het=673	unaligned=258082
61	GCA_009670605.1_ASM967060v1_genomic	snp=262	del=639	ins=808	het=778	unaligned=248791
62	GCA_009670665.1_ASM967066v1_genomic	snp=256	del=588	ins=621	het=808	unaligned=320545
63	GCA_009670675.1_ASM967067v1_genomic	snp=271	del=626	ins=796	het=763	unaligned=248388
64	GCA_009670725.1_ASM967072v1_genomic	snp=261	del=640	ins=745	het=813	unaligned=247618
65	GCA_009670705.1_ASM967070v1_genomic	snp=258	del=640	ins=760	het=826	unaligned=248547
66	GCA_009670715.1_ASM967071v1_genomic	snp=249	del=570	ins=716	het=853	unaligned=380808
67	GCA_009670775.1_ASM967077v1_genomic	snp=258	del=624	ins=718	het=857	unaligned=248502
68	GCA_009670765.1_ASM967076v1_genomic	snp=258	del=639	ins=784	het=795	unaligned=249433
69	GCA_009670785.1_ASM967078v1_genomic	snp=263	del=640	ins=599	het=792	unaligned=260392
70	GCA_009670835.1_ASM967083v1_genomic	snp=255	del=621	ins=743	het=717	unaligned=250721
71	GCA_009670815.1_ASM967081v1_genomic	snp=256	del=671	ins=766	het=770	unaligned=248133
72	GCA_009670865.1_ASM967086v1_genomic	snp=265	del=616	ins=601	het=857	unaligned=259372
73	GCA_009670875.1_ASM967087v1_genomic	snp=255	del=672	ins=772	het=752	unaligned=274955
74	GCA_009670895.1_ASM967089v1_genomic	snp=263	del=664	ins=763	het=846	unaligned=246775
75	GCA_009670905.1_ASM967090v1_genomic	snp=251	del=672	ins=773	het=848	unaligned=248842
76	GCA_009670935.1_ASM967093v1_genomic	snp=256	del=599	ins=579	het=827	unaligned=259636
77	GCA_009670995.1_ASM967099v1_genomic	snp=262	del=649	ins=784	het=784	unaligned=248385
78	GCA_009296005.1_ASM929600v1_genomic	snp=241	del=617	ins=653	het=1232	unaligned=385068
79	GCA_009295965.1_ASM929596v1_genomic	snp=234	del=366	ins=791	het=1037	unaligned=207271
80	GCA_009363195.1_ASM936319v1_genomic	snp=232	del=627	ins=700	het=953	unaligned=206910
81	GCA_009295945.1_ASM929594v1_genomic	snp=212	del=459	ins=744	het=714	unaligned=284715
82	GCA_009295925.1_ASM929592v1_genomic	snp=177	del=320	ins=673	het=1121	unaligned=215352
83	GCA_008630485.1_ASM863048v1_genomic	snp=256	del=869	ins=747	het=882	unaligned=435556
84	GCA_008630455.1_ASM863045v1_genomic	snp=632	del=1590	ins=942	het=956	unaligned=393892
85	GCA_008630435.1_ASM863043v1_genomic	snp=325	del=696	ins=782	het=993	unaligned=412719
86	GCA_008630415.1_ASM863041v1_genomic	snp=644	del=1916	ins=1004	het=839	unaligned=396787
87	GCA_008630395.1_ASM863039v1_genomic	snp=247	del=799	ins=873	het=820	unaligned=315487
88	GCA_008630575.1_ASM863057v1_genomic	snp=252	del=813	ins=820	het=871	unaligned=287742
89	GCA_008630375.1_ASM863037v1_genomic	snp=959	del=3822	ins=956	het=61	unaligned=365876
90	GCA_006546745.1_ASM654674v1_genomic	snp=454	del=1050	ins=1022	het=1065	unaligned=265248
91	GCA_006546725.1_ASM654672v1_genomic	snp=455	del=1085	ins=949	het=661	unaligned=258082
92	GCA_006546665.1_ASM654666v1_genomic	snp=450	del=1086	ins=998	het=798	unaligned=259427
93	GCA_006517425.1_ASM651742v1_genomic	snp=451	del=1078	ins=993	het=871	unaligned=261040
94	GCA_000834775.1_ASM83477v1_genomic	snp=29	del=106	ins=110	het=203	unaligned=211977
95	GCA_000834335.1_ASM83433v1_genomic	snp=30	del=49	ins=176	het=404	unaligned=162918
96	GCA_000734805.1_ASM73480v1_genomic	snp=163	del=676	ins=892	het=865	unaligned=309046
97	GCA_000834275.1_ASM83427v1_genomic	snp=460	del=565	ins=723	het=860	unaligned=309939
98	GCA_000169615.1_ASM16961v1_genomic	snp=242	del=929	ins=619	het=842	unaligned=335073
99	GCA_000169635.1_ASM16963v1_genomic	snp=103	del=217	ins=241	het=841	unaligned=182111
100	GCA_000169655.1_ASM16965v1_genomic	snp=215	del=460	ins=701	het=1137	unaligned=336828
101	GCA_000169675.1_ASM16967v1_genomic	snp=165	del=348	ins=762	het=1057	unaligned=205112
102	GCA_000169695.1_ASM16969v1_genomic	snp=120	del=344	ins=543	het=673	unaligned=193680
103	GCA_000170275.1_ASM17027v1_genomic	snp=72	del=282	ins=342	het=688	unaligned=199979
104	GCA_000168235.2_ASM16823v2_genomic	snp=69	del=221	ins=210	het=677	unaligned=189538
105	GCA_000182525.1_ASM18252v1_genomic	snp=84	del=206	ins=283	het=444	unaligned=238627
106	GCA_000182505.1_ASM18250v1_genomic	snp=58	del=141	ins=305	het=487	unaligned=271152
107	GCA_000324785.1_ASM32478v1_genomic	snp=80	del=243	ins=267	het=91	unaligned=342109
108	GCA_006376585.1_ASM637658v1_genomic	snp=627	del=1492	ins=1000	het=923	unaligned=387673
109	GCA_006376575.1_ASM637657v1_genomic	snp=238	del=524	ins=919	het=846	unaligned=449327
110	GCA_006376535.1_ASM637653v1_genomic	snp=377	del=1363	ins=1102	het=1562	unaligned=477763
111	GCA_006376545.1_ASM637654v1_genomic	snp=709	del=1936	ins=1359	het=864	unaligned=361888
112	GCA_006376505.1_ASM637650v1_genomic	snp=721	del=1857	ins=1168	het=842	unaligned=359566
113	GCA_006376495.1_ASM637649v1_genomic	snp=242	del=649	ins=804	het=930	unaligned=473238
114	GCA_006376475.1_ASM637647v1_genomic	snp=243	del=1785	ins=810	het=821	unaligned=568926
115	GCA_006376435.1_ASM637643v1_genomic	snp=261	del=910	ins=695	het=1023	unaligned=293225
116	GCA_006376415.1_ASM637641v1_genomic	snp=265	del=957	ins=745	het=1093	unaligned=475516
117	GCA_003086155.1_ASM308615v1_genomic	snp=244	del=989	ins=893	het=1020	unaligned=354824
118	GCA_001617725.1_Yersinia_pestis_M-1484_genomic	snp=326	del=2233	ins=904	het=1182	unaligned=344150
119	GCA_001617705.1_Yersinia_pestis_C-791_genomic	snp=238	del=996	ins=873	het=948	unaligned=289496
120	GCA_000834495.1_ASM83449v1_genomic	snp=36	del=175	ins=157	het=286	unaligned=161487
121	GCA_000986995.1_YPES001-SEQ-2-ASM-1_genomic	snp=140	del=482	ins=256	het=737	unaligned=288174
122	GCA_003797205.1_ASM379720v1_genomic	snp=64	del=243	ins=218	het=1635	unaligned=166221
123	GCA_003798085.1_ASM379808v1_genomic	snp=56	del=122	ins=218	het=3194	unaligned=256029
124	GCA_003798225.1_ASM379822v1_genomic	snp=229	del=819	ins=599	het=1484	unaligned=206644
125	GCA_900460465.1_57940_B01_genomic	snp=46	del=165	ins=136	het=1043	unaligned=267864
126	GCA_900095105.1_PRJEB15052_genomic	snp=174	del=1390	ins=2284	het=260	unaligned=521527
127	GCA_001487065.1_Yersinia_pestis_genomic	snp=291	del=54	ins=71	het=30	unaligned=345833
128	GCA_004023595.1_ASM402359v1_genomic	snp=227	del=517	ins=633	het=742	unaligned=305436
129	GCA_004023585.1_ASM402358v1_genomic	snp=223	del=537	ins=721	het=951	unaligned=390149
130	GCA_009295985.1_ASM929598v1_genomic	snp=260	del=432	ins=774	het=1310	unaligned=271039
131	GCA_002188835.1_ASM218883v1_genomic	snp=417	del=443	ins=792	het=962	unaligned=233423
132	GCA_002188855.1_ASM218885v1_genomic	snp=439	del=361	ins=606	het=905	unaligned=306488
133	GCA_002188845.1_ASM218884v1_genomic	snp=812	del=978	ins=1029	het=1137	unaligned=261037
134	GCA_002188815.1_ASM218881v1_genomic	snp=728	del=843	ins=1013	het=1298	unaligned=261924
135	GCA_002188755.1_ASM218875v1_genomic	snp=652	del=864	ins=1132	het=1106	unaligned=265221
136	GCA_002188775.1_ASM218877v1_genomic	snp=667	del=925	ins=1012	het=974	unaligned=255873
137	GCA_002188725.1_ASM218872v1_genomic	snp=657	del=783	ins=1009	het=1230	unaligned=256334
138	GCA_002188765.1_ASM218876v1_genomic	snp=747	del=787	ins=1000	het=1101	unaligned=290751
139	GCA_002188685.1_ASM218868v1_genomic	snp=608	del=835	ins=1099	het=1131	unaligned=256315
140	GCA_002173795.1_ASM217379v1_genomic	snp=567	del=877	ins=1109	het=930	unaligned=256169
141	GCA_001972475.1_ASM197247v1_genomic	snp=701	del=892	ins=1114	het=953	unaligned=256963
142	GCA_002173805.1_ASM217380v1_genomic	snp=762	del=871	ins=1146	het=948	unaligned=257921
143	GCA_001972515.1_ASM197251v1_genomic	snp=626	del=878	ins=1124	het=945	unaligned=256841
144	GCA_002173815.1_ASM217381v1_genomic	snp=656	del=930	ins=1093	het=941	unaligned=264922
145	GCA_001972505.1_ASM197250v1_genomic	snp=884	del=982	ins=1046	het=1033	unaligned=261187
146	GCA_001972415.1_ASM197241v1_genomic	snp=1007	del=1364	ins=1177	het=1221	unaligned=315806
147	GCA_001972405.1_ASM197240v1_genomic	snp=904	del=1483	ins=1048	het=954	unaligned=405407
148	GCA_001972385.1_ASM197238v1_genomic	snp=1071	del=1583	ins=1090	het=1001	unaligned=355181
149	GCA_001972395.1_ASM197239v1_genomic	snp=961	del=1600	ins=1087	het=1025	unaligned=354943
150	GCA_001972465.1_ASM197246v1_genomic	snp=942	del=1501	ins=1046	het=1088	unaligned=355106
151	GCA_002127355.1_ASM212735v1_genomic	snp=704	del=1568	ins=1062	het=978	unaligned=352971
152	GCA_002127375.1_ASM212737v1_genomic	snp=651	del=1572	ins=1096	het=976	unaligned=359393
153	GCA_002165475.1_ASM216547v1_genomic	snp=830	del=1493	ins=981	het=1090	unaligned=353474
154	GCA_002127365.1_ASM212736v1_genomic	snp=793	del=1512	ins=1069	het=1062	unaligned=353968
155	GCA_001294895.1_ASM129489v1_genomic	snp=472	del=1341	ins=1344	het=820	unaligned=369210
156	GCA_001295055.1_ASM129505v1_genomic	snp=716	del=1563	ins=1088	het=1129	unaligned=344641
157	GCA_001294915.1_ASM129491v1_genomic	snp=707	del=1656	ins=1324	het=1049	unaligned=347731
158	GCA_001295025.1_ASM129502v1_genomic	snp=434	del=1114	ins=1148	het=974	unaligned=259786
159	GCA_001294905.1_ASM129490v1_genomic	snp=703	del=1758	ins=1192	het=992	unaligned=347446
160	GCA_001294985.1_ASM129498v1_genomic	snp=702	del=1700	ins=1191	het=885	unaligned=347838
161	GCA_001295115.1_ASM129511v1_genomic	snp=454	del=1041	ins=1165	het=1040	unaligned=294599
162	GCA_001295065.1_ASM129506v1_genomic	snp=710	del=1695	ins=1137	het=932	unaligned=353625
163	GCA_001295185.1_ASM129518v1_genomic	snp=697	del=1623	ins=1210	het=850	unaligned=357673
164	GCA_001294975.1_ASM129497v1_genomic	snp=492	del=1143	ins=1271	het=992	unaligned=295556
165	GCA_001294965.1_ASM129496v1_genomic	snp=442	del=969	ins=1078	het=1125	unaligned=317873
166	GCA_001295045.1_ASM129504v1_genomic	snp=699	del=1600	ins=1252	het=981	unaligned=345977
167	GCA_001295145.1_ASM129514v1_genomic	snp=473	del=1034	ins=1157	het=1041	unaligned=353447
168	GCA_001294885.1_ASM129488v1_genomic	snp=511	del=1166	ins=1060	het=1122	unaligned=355919
169	GCA_001294805.1_ASM129480v1_genomic	snp=481	del=1046	ins=981	het=1339	unaligned=299703
170	GCA_001294815.1_ASM129481v1_genomic	snp=720	del=1483	ins=1374	het=889	unaligned=347801
171	GCA_001294825.1_ASM129482v1_genomic	snp=623	del=1558	ins=1014	het=942	unaligned=385215
172	GCA_001294835.1_ASM129483v1_genomic	snp=461	del=1134	ins=1067	het=906	unaligned=259390
173	GCA_000950935.1_ASM95093v1_genomic	snp=498	del=1139	ins=1070	het=866	unaligned=372117
174	GCA_000950945.1_ASM95094v1_genomic	snp=525	del=1063	ins=1103	het=825	unaligned=275512
175	GCA_003122795.1_Y.pestis_I-2422_genomic	snp=445	del=1952	ins=1094	het=819	unaligned=293722
176	GCA_002981995.1_ASM298199v1_genomic	snp=507	del=886	ins=1068	het=999	unaligned=229487
177	GCA_002981975.1_ASM298197v1_genomic	snp=488	del=921	ins=1013	het=1223	unaligned=223421
178	GCA_002981925.1_ASM298192v1_genomic	snp=462	del=924	ins=1097	het=1174	unaligned=288150
179	GCA_002981915.1_ASM298191v1_genomic	snp=475	del=945	ins=1138	het=928	unaligned=228514
180	GCA_002981955.1_ASM298195v1_genomic	snp=513	del=976	ins=1149	het=1098	unaligned=292511
181	GCA_002981895.1_ASM298189v1_genomic	snp=477	del=942	ins=1137	het=1121	unaligned=319624
182	GCA_001295105.1_ASM129510v1_genomic	snp=702	del=1565	ins=1266	het=846	unaligned=353236
183	GCA_003074535.1_ASM307453v1_genomic	snp=189	del=561	ins=737	het=695	unaligned=354818
184	GCA_003074595.1_ASM307459v1_genomic	snp=187	del=512	ins=617	het=915	unaligned=355457
185	GCA_003074335.1_ASM307433v1_genomic	snp=243	del=635	ins=677	het=1003	unaligned=285835
186	GCA_003074255.1_ASM307425v1_genomic	snp=190	del=1174	ins=875	het=790	unaligned=282478
187	GCA_003074175.1_ASM307417v1_genomic	snp=469	del=1330	ins=1039	het=1449	unaligned=301161
188	GCA_002993145.1_ASM299314v1_genomic	snp=700	del=1606	ins=1180	het=1116	unaligned=347073
189	GCA_002529545.1_ASM252954v1_genomic	snp=277	del=497	ins=742	het=1219	unaligned=357059
190	GCA_002005285.1_ASM200528v1_genomic	snp=517	del=3971	ins=756	het=1022	unaligned=176631
191	GCA_003074435.1_ASM307443v1_genomic	snp=705	del=1670	ins=1146	het=911	unaligned=351813
192	GCA_003074415.1_ASM307441v1_genomic	snp=712	del=1431	ins=1063	het=1104	unaligned=344999
193	GCA_003074395.1_ASM307439v1_genomic	snp=691	del=1445	ins=1261	het=967	unaligned=348959
194	GCA_003074375.1_ASM307437v1_genomic	snp=249	del=601	ins=775	het=983	unaligned=283240
195	GCA_003074355.1_ASM307435v1_genomic	snp=249	del=676	ins=755	het=1069	unaligned=289833
196	GCA_003074315.1_ASM307431v1_genomic	snp=174	del=823	ins=781	het=698	unaligned=264375
197	GCA_003074295.1_ASM307429v1_genomic	snp=241	del=826	ins=929	het=1193	unaligned=287999
198	GCA_003074275.1_ASM307427v1_genomic	snp=319	del=3407	ins=837	het=661	unaligned=428493
199	GCA_003074235.1_ASM307423v1_genomic	snp=222	del=2751	ins=722	het=824	unaligned=384858
200	GCA_003074215.1_ASM307421v1_genomic	snp=190	del=608	ins=628	het=914	unaligned=261512
201	GCA_003074195.1_ASM307419v1_genomic	snp=185	del=613	ins=743	het=974	unaligned=269424
202	GCA_003074155.1_ASM307415v1_genomic	snp=184	del=627	ins=685	het=955	unaligned=264340
203	GCA_003085995.1_ASM308599v1_genomic	snp=250	del=734	ins=877	het=1176	unaligned=291412
204	GCA_002412255.1_Y.pestis_A-1836_genomic	snp=638	del=12362	ins=915	het=926	unaligned=268344
205	GCA_003086015.1_ASM308601v1_genomic	snp=197	del=770	ins=735	het=802	unaligned=385177
206	GCA_003085935.1_ASM308593v1_genomic	snp=703	del=1586	ins=1336	het=880	unaligned=349376
207	GCA_003085975.1_ASM308597v1_genomic	snp=247	del=993	ins=947	het=1103	unaligned=355985
208	GCA_003086055.1_ASM308605v1_genomic	snp=243	del=780	ins=738	het=1128	unaligned=284218
209	GCA_003085955.1_ASM308595v1_genomic	snp=445	del=1761	ins=1288	het=1079	unaligned=292100
210	GCA_003085895.1_ASM308589v1_genomic	snp=454	del=1257	ins=1046	het=857	unaligned=314721
211	GCA_002412245.1_Y.pestis_A-1691_genomic	snp=216	del=1690	ins=1199	het=840	unaligned=272153
212	GCA_002412225.1_Y.pestis_A-1486_genomic	snp=180	del=1593	ins=1064	het=783	unaligned=324314
213	GCA_003085875.1_ASM308587v1_genomic	snp=693	del=1633	ins=1035	het=860	unaligned=366187
214	GCA_002412235.1_Y.pestis_A-1249_genomic	snp=526	del=2131	ins=1048	het=1157	unaligned=316878
215	GCA_003085915.1_ASM308591v1_genomic	snp=202	del=1583	ins=914	het=712	unaligned=260008
216	GCA_002412305.1_Y.pestis_A-1809_genomic	snp=465	del=9888	ins=811	het=1043	unaligned=302335
217	GCA_003086095.1_ASM308609v1_genomic	snp=263	del=1058	ins=834	het=1642	unaligned=282522
218	GCA_003086115.1_ASM308611v1_genomic	snp=820	del=14699	ins=983	het=1104	unaligned=308053
219	GCA_003086075.1_ASM308607v1_genomic	snp=703	del=12754	ins=760	het=1141	unaligned=330186
220	GCA_003086035.1_ASM308603v1_genomic	snp=438	del=1759	ins=1074	het=1260	unaligned=308557
221	GCA_001693595.1_ASM169359v1_genomic	snp=28	del=150	ins=136	het=815	unaligned=260862
222	GCA_003085855.1_ASM308585v1_genomic	snp=264	del=815	ins=810	het=903	unaligned=296582
223	GCA_000835005.1_ASM83500v1_genomic	snp=227	del=672	ins=628	het=852	unaligned=686747
224	GCA_000834985.1_ASM83498v1_genomic	snp=715	del=1529	ins=1285	het=1212	unaligned=302107
225	GCA_001559935.1_ASM155993v1_genomic	snp=446	del=5503	ins=1075	het=1035	unaligned=309608
226	GCA_001509855.1_ASM150985v1_genomic	snp=76	del=176	ins=108	het=282	unaligned=170991
227	GCA_001509865.1_ASM150986v1_genomic	snp=67	del=186	ins=220	het=361	unaligned=165246
228	GCA_001617815.1_Yersinia_pestis_M-1453_genomic	snp=261	del=912	ins=769	het=770	unaligned=387819
229	GCA_001617805.1_Yersinia_pestis_173_genomic	snp=239	del=583	ins=827	het=817	unaligned=291649
230	GCA_001617785.1_Yersinia_pestis_M-549_genomic	snp=234	del=511	ins=780	het=1034	unaligned=359488
231	GCA_001617715.1_Yersinia_pestis_M-519_genomic	snp=287	del=726	ins=728	het=804	unaligned=288872
232	GCA_001617735.1_Yersinia_pestis_M-1763_genomic	snp=261	del=759	ins=738	het=858	unaligned=303256
233	GCA_001613895.1_ASM161389v1_genomic	snp=252	del=856	ins=734	het=861	unaligned=286315
234	GCA_001613885.1_ASM161388v1_genomic	snp=241	del=947	ins=839	het=1077	unaligned=293326
235	GCA_001613865.1_ASM161386v1_genomic	snp=793	del=13073	ins=972	het=1014	unaligned=385952
236	GCA_001601285.1_ASM160128v1_genomic	snp=203	del=1241	ins=691	het=1134	unaligned=279509
237	GCA_001601735.1_ASM160173v1_genomic	snp=734	del=6969	ins=4652	het=1392	unaligned=310614
238	GCA_001601675.1_ASM160167v1_genomic	snp=898	del=12249	ins=1068	het=859	unaligned=408358
239	GCA_001595585.1_ASM159558v1_genomic	snp=241	del=936	ins=973	het=1056	unaligned=296830
240	GCA_000754785.1_YAU_genomic	snp=15	del=9	ins=8	het=159	unaligned=233552
241	GCA_000834925.1_ASM83492v1_genomic	snp=449	del=923	ins=969	het=1044	unaligned=235603
242	GCA_000834825.1_ASM83482v1_genomic	snp=232	del=829	ins=538	het=898	unaligned=208300
243	GCA_000834755.1_ASM83475v1_genomic	snp=44	del=99	ins=142	het=465	unaligned=332251
244	GCA_000834905.1_ASM83490v1_genomic	snp=56	del=143	ins=249	het=623	unaligned=254182
245	GCA_000834235.1_ASM83423v1_genomic	snp=73	del=229	ins=261	het=873	unaligned=169019
246	GCA_001293415.1_ASM129341v1_genomic	snp=14	del=7	ins=8	het=118	unaligned=266873
247	GCA_000834315.1_ASM83431v1_genomic	snp=714	del=1426	ins=1076	het=1076	unaligned=312468
248	GCA_000970105.1_ASM97010v1_genomic	snp=250	del=485	ins=715	het=1256	unaligned=219147
249	GCA_001188735.1_ASM118873v1_genomic	snp=266	del=523	ins=842	het=1077	unaligned=321506
250	GCA_001188795.1_ASM118879v1_genomic	snp=733	del=1576	ins=1298	het=916	unaligned=300417
251	GCA_001188775.1_ASM118877v1_genomic	snp=743	del=1633	ins=1176	het=1085	unaligned=304257
252	GCA_001188755.1_ASM118875v1_genomic	snp=725	del=1564	ins=1155	het=1083	unaligned=364581
253	GCA_001188325.1_YPY_1_genomic	snp=730	del=1598	ins=1188	het=912	unaligned=307285
254	GCA_001188335.1_DYA_1_genomic	snp=745	del=1590	ins=1184	het=931	unaligned=307319
255	GCA_001188815.1_ASM118881v1_genomic	snp=258	del=456	ins=604	het=1172	unaligned=321114
256	GCA_001261975.1_YPW_8_IHQD_genomic	snp=255	del=483	ins=724	het=1331	unaligned=249509
257	GCA_001261985.1_YPW_3_IHQD_genomic	snp=57	del=180	ins=205	het=914	unaligned=276027
258	GCA_001188935.1_ASM118893v1_genomic	snp=727	del=1590	ins=1282	het=1029	unaligned=302348
259	GCA_001188715.1_ASM118871v1_genomic	snp=732	del=1409	ins=968	het=1134	unaligned=303089
260	GCA_001188695.1_ASM118869v1_genomic	snp=731	del=1656	ins=1237	het=829	unaligned=301088
261	GCA_000006645.1_ASM664v1_genomic	snp=269	del=471	ins=769	het=1100	unaligned=294884
262	GCA_000022845.1_ASM2284v1_genomic	snp=84	del=228	ins=425	het=641	unaligned=323375
263	GCA_000022825.1_ASM2282v1_genomic	snp=232	del=495	ins=661	het=606	unaligned=180524
264	GCA_000022805.1_ASM2280v1_genomic	snp=173	del=368	ins=645	het=655	unaligned=180334
265	GCA_000222975.1_ASM22297v1_genomic	snp=55	del=89	ins=153	het=253	unaligned=333393
266	GCA_000186725.1_ASM18672v1_genomic	snp=478	del=471	ins=777	het=1071	unaligned=308976
267	GCA_000007885.1_ASM788v1_genomic	snp=508	del=1048	ins=1103	het=1349	unaligned=244778
268	GCA_000016445.1_ASM1644v1_genomic	snp=719	del=1488	ins=1112	het=1028	unaligned=312127
269	GCA_000013805.1_ASM1380v1_genomic	snp=212	del=450	ins=786	het=925	unaligned=377592
270	GCA_000013825.1_ASM1382v1_genomic	snp=233	del=809	ins=540	het=755	unaligned=208004
271	GCA_000475155.2_YP24H_v2_genomic	snp=157	del=395	ins=390	het=0	unaligned=372046
272	GCA_000475115.2_YP113_v2_genomic	snp=111	del=274	ins=83	het=3	unaligned=302034
273	GCA_000475095.2_YP009_v2_genomic	snp=138	del=807	ins=116	het=0	unaligned=372502
274	GCA_000475135.2_YPS03_v2_genomic	snp=386	del=369	ins=453	het=17	unaligned=218134
275	GCA_000705315.1_EDB10_058v1_genomic	snp=44	del=106	ins=142	het=246	unaligned=298329
276	GCA_000324805.2_EV76-CN_genomic	snp=197	del=598	ins=155	het=489	unaligned=513586
277	GCA_000182705.1_ASM18270v1_genomic	snp=336	del=1398	ins=766	het=931	unaligned=320137
278	GCA_000834885.1_ASM83488v1_genomic	snp=432	del=479	ins=757	het=951	unaligned=316950
279	GCA_000269245.1_ASM26924v1_genomic	snp=147	del=198	ins=308	het=502	unaligned=271627
280	GCA_000269465.1_ASM26946v1_genomic	snp=204	del=260	ins=335	het=430	unaligned=246584
281	GCA_000269165.1_ASM26916v1_genomic	snp=96	del=211	ins=309	het=453	unaligned=248294
282	GCA_000268705.1_ASM26870v1_genomic	snp=82	del=174	ins=289	het=442	unaligned=248600
283	GCA_000268505.1_ASM26850v1_genomic	snp=93	del=228	ins=293	het=584	unaligned=244424
284	GCA_000268645.1_ASM26864v1_genomic	snp=126	del=207	ins=322	het=344	unaligned=240238
285	GCA_000268465.1_ASM26846v1_genomic	snp=98	del=208	ins=272	het=364	unaligned=245295
286	GCA_000268625.1_ASM26862v1_genomic	snp=87	del=210	ins=299	het=428	unaligned=240769
287	GCA_000268605.1_ASM26860v1_genomic	snp=66	del=175	ins=349	het=490	unaligned=248205
288	GCA_000268445.1_ASM26844v1_genomic	snp=97	del=230	ins=314	het=232	unaligned=246552
289	GCA_000268425.1_ASM26842v1_genomic	snp=92	del=241	ins=315	het=489	unaligned=244726
290	GCA_000268405.1_ASM26840v1_genomic	snp=147	del=209	ins=303	het=298	unaligned=240576
291	GCA_001188675.1_ASM118867v1_genomic	snp=167	del=293	ins=612	het=1054	unaligned=239662
292	GCA_000590535.1_EV_NIIEG_genomic	snp=78	del=1572	ins=219	het=463	unaligned=392458
293	GCA_000311885.1_ASM31188v1_genomic	snp=65	del=0	ins=0	het=0	unaligned=329959
294	GCA_000255855.1_ASM25585v1_genomic	snp=56	del=406	ins=203	het=243	unaligned=260702
295	GCA_000255835.1_ASM25583v1_genomic	snp=44	del=187	ins=159	het=347	unaligned=280769
296	GCA_000255815.1_ASM25581v1_genomic	snp=35	del=157	ins=121	het=380	unaligned=315165
297	GCA_000255735.1_ASM25573v1_genomic	snp=36	del=83	ins=129	het=499	unaligned=262455
298	GCA_000255795.1_ASM25579v1_genomic	snp=31	del=232	ins=221	het=187	unaligned=283702
299	GCA_000255755.1_ASM25575v1_genomic	snp=44	del=146	ins=196	het=222	unaligned=271563
300	GCA_000255895.1_ASM25589v1_genomic	snp=44	del=228	ins=214	het=317	unaligned=252464
301	GCA_000255875.1_ASM25587v1_genomic	snp=43	del=220	ins=212	het=216	unaligned=270392
302	GCA_000255775.1_ASM25577v1_genomic	snp=31	del=166	ins=181	het=252	unaligned=263894
303	GCA_000182545.1_ASM18254v1_genomic	snp=438	del=988	ins=1088	het=1050	unaligned=241599
304	GCA_000182485.1_ASM18248v1_genomic	snp=229	del=494	ins=754	het=1053	unaligned=378871
305	GCA_000181455.2_ASM18145v2_genomic	snp=33	del=101	ins=220	het=320	unaligned=164242
306	GCA_000325485.1_ASM32548v1_genomic	snp=56	del=213	ins=177	het=29	unaligned=663500
307	GCA_000325465.1_ASM32546v1_genomic	snp=82	del=121	ins=194	het=105	unaligned=337449
308	GCA_000325445.1_ASM32544v1_genomic	snp=58	del=219	ins=211	het=66	unaligned=566682
309	GCA_000325425.1_ASM32542v1_genomic	snp=58	del=295	ins=176	het=107	unaligned=346736
310	GCA_000325405.1_ASM32540v1_genomic	snp=63	del=152	ins=193	het=61	unaligned=595222
311	GCA_000325385.1_ASM32538v1_genomic	snp=70	del=193	ins=227	het=95	unaligned=580137
312	GCA_000325365.1_ASM32536v1_genomic	snp=75	del=241	ins=256	het=110	unaligned=405361
313	GCA_000325345.1_ASM32534v1_genomic	snp=180	del=431	ins=417	het=282	unaligned=523385
314	GCA_000325325.1_ASM32532v1_genomic	snp=182	del=412	ins=397	het=308	unaligned=507200
315	GCA_000325305.1_ASM32530v1_genomic	snp=162	del=249	ins=430	het=104	unaligned=451772
316	GCA_000325285.1_ASM32528v1_genomic	snp=153	del=247	ins=319	het=133	unaligned=565256
317	GCA_000325265.1_ASM32526v1_genomic	snp=151	del=247	ins=396	het=151	unaligned=557060
318	GCA_000325245.1_ASM32524v1_genomic	snp=169	del=254	ins=364	het=150	unaligned=437134
319	GCA_000325225.1_ASM32522v1_genomic	snp=144	del=211	ins=352	het=57	unaligned=488530
320	GCA_000325205.1_ASM32520v1_genomic	snp=172	del=312	ins=411	het=145	unaligned=374753
321	GCA_000325185.1_ASM32518v1_genomic	snp=405	del=709	ins=687	het=341	unaligned=455448
322	GCA_000325165.1_ASM32516v1_genomic	snp=79	del=202	ins=315	het=108	unaligned=490239
323	GCA_000325145.1_ASM32514v1_genomic	snp=178	del=380	ins=472	het=233	unaligned=503754
324	GCA_000325125.1_ASM32512v1_genomic	snp=198	del=274	ins=369	het=298	unaligned=347530
325	GCA_000325105.1_ASM32510v1_genomic	snp=183	del=311	ins=372	het=279	unaligned=456203
326	GCA_000325085.1_ASM32508v1_genomic	snp=200	del=368	ins=439	het=268	unaligned=367527
327	GCA_000325065.1_ASM32506v1_genomic	snp=193	del=448	ins=394	het=344	unaligned=394498
328	GCA_000325045.1_ASM32504v1_genomic	snp=189	del=388	ins=461	het=282	unaligned=554420
329	GCA_000325025.1_ASM32502v1_genomic	snp=188	del=361	ins=429	het=346	unaligned=462887
330	GCA_000325005.1_ASM32500v1_genomic	snp=186	del=337	ins=404	het=256	unaligned=379806
331	GCA_000324985.1_ASM32498v1_genomic	snp=178	del=274	ins=453	het=120	unaligned=493677
332	GCA_000324965.1_ASM32496v1_genomic	snp=177	del=288	ins=393	het=180	unaligned=418520
333	GCA_000324945.1_ASM32494v1_genomic	snp=173	del=256	ins=193	het=133	unaligned=693840
334	GCA_000324925.1_ASM32492v1_genomic	snp=694	del=1374	ins=758	het=211	unaligned=586571
335	GCA_000324905.1_ASM32490v1_genomic	snp=175	del=295	ins=397	het=120	unaligned=368338
336	GCA_000324885.1_ASM32488v1_genomic	snp=170	del=283	ins=414	het=140	unaligned=379612
337	GCA_000324865.1_ASM32486v1_genomic	snp=60	del=182	ins=183	het=65	unaligned=543036
338	GCA_000324845.1_ASM32484v1_genomic	snp=80	del=200	ins=206	het=98	unaligned=335067
339	GCA_000324825.1_ASM32482v1_genomic	snp=53	del=84	ins=179	het=64	unaligned=407728
340	GCA_000324765.1_ASM32476v1_genomic	snp=72	del=231	ins=203	het=103	unaligned=481831
341	GCA_000324745.1_ASM32474v1_genomic	snp=89	del=202	ins=394	het=180	unaligned=368222
342	GCA_000324725.1_ASM32472v1_genomic	snp=82	del=190	ins=383	het=120	unaligned=444707
343	GCA_000324705.1_ASM32470v1_genomic	snp=76	del=218	ins=343	het=154	unaligned=445910
344	GCA_000324685.1_ASM32468v1_genomic	snp=85	del=184	ins=338	het=147	unaligned=472585
345	GCA_000324665.1_ASM32466v1_genomic	snp=413	del=702	ins=693	het=322	unaligned=459995
346	GCA_000324645.1_ASM32464v1_genomic	snp=61	del=248	ins=192	het=46	unaligned=562366
347	GCA_000324625.1_ASM32462v1_genomic	snp=67	del=216	ins=176	het=83	unaligned=336880
348	GCA_000324605.1_ASM32460v1_genomic	snp=190	del=485	ins=410	het=284	unaligned=482193
349	GCA_000324585.1_ASM32458v1_genomic	snp=166	del=280	ins=371	het=133	unaligned=589297
350	GCA_000324565.1_ASM32456v1_genomic	snp=180	del=299	ins=409	het=108	unaligned=370845
351	GCA_000324545.1_ASM32454v1_genomic	snp=172	del=303	ins=369	het=93	unaligned=552776
352	GCA_000324525.1_ASM32452v1_genomic	snp=433	del=737	ins=705	het=360	unaligned=380394
353	GCA_000324505.1_ASM32450v1_genomic	snp=179	del=286	ins=385	het=133	unaligned=505927
354	GCA_000324485.1_ASM32448v1_genomic	snp=169	del=293	ins=414	het=254	unaligned=629122
355	GCA_000324465.1_ASM32446v1_genomic	snp=412	del=763	ins=636	het=345	unaligned=477076
356	GCA_000324445.1_ASM32444v1_genomic	snp=178	del=426	ins=398	het=276	unaligned=553267
357	GCA_000324425.1_ASM32442v1_genomic	snp=54	del=194	ins=176	het=90	unaligned=354367
358	GCA_000324405.1_ASM32440v1_genomic	snp=85	del=255	ins=246	het=124	unaligned=338230
359	GCA_000324385.1_ASM32438v1_genomic	snp=71	del=252	ins=275	het=154	unaligned=452910
360	GCA_000324365.1_ASM32436v1_genomic	snp=82	del=226	ins=240	het=83	unaligned=396511
361	GCA_000324345.1_ASM32434v1_genomic	snp=249	del=509	ins=498	het=189	unaligned=467660
362	GCA_000324325.1_ASM32432v1_genomic	snp=126	del=135	ins=388	het=74	unaligned=642834
363	GCA_000324305.1_ASM32430v1_genomic	snp=176	del=279	ins=458	het=182	unaligned=546801
364	GCA_000324285.1_ASM32428v1_genomic	snp=69	del=89	ins=329	het=156	unaligned=583381
365	GCA_000324265.1_ASM32426v1_genomic	snp=182	del=243	ins=431	het=152	unaligned=529219
366	GCA_000324245.1_ASM32424v1_genomic	snp=172	del=246	ins=414	het=156	unaligned=469625
367	GCA_000324225.1_ASM32422v1_genomic	snp=230	del=520	ins=513	het=116	unaligned=355466
368	GCA_000324205.1_ASM32420v1_genomic	snp=258	del=479	ins=527	het=139	unaligned=371069
369	GCA_000324185.1_ASM32418v1_genomic	snp=240	del=481	ins=514	het=83	unaligned=451618
370	GCA_000324165.1_ASM32416v1_genomic	snp=135	del=231	ins=377	het=88	unaligned=407963
371	GCA_000324145.1_ASM32414v1_genomic	snp=175	del=276	ins=415	het=101	unaligned=350609
372	GCA_000324125.1_ASM32412v1_genomic	snp=175	del=347	ins=400	het=126	unaligned=389844
373	GCA_000324105.1_ASM32410v1_genomic	snp=82	del=217	ins=319	het=116	unaligned=528255
374	GCA_000324085.1_ASM32408v1_genomic	snp=81	del=189	ins=372	het=97	unaligned=588284
375	GCA_000324065.1_ASM32406v1_genomic	snp=129	del=156	ins=409	het=71	unaligned=643373
376	GCA_000324045.1_ASM32404v1_genomic	snp=420	del=732	ins=700	het=361	unaligned=412419
377	GCA_000324025.1_ASM32402v1_genomic	snp=190	del=357	ins=424	het=300	unaligned=367560
378	GCA_000324005.1_ASM32400v1_genomic	snp=182	del=323	ins=416	het=364	unaligned=549407
379	GCA_000323985.1_ASM32398v1_genomic	snp=47	del=104	ins=155	het=49	unaligned=638714
380	GCA_000323965.1_ASM32396v1_genomic	snp=72	del=261	ins=329	het=107	unaligned=463040
381	GCA_000323945.1_ASM32394v1_genomic	snp=190	del=328	ins=382	het=206	unaligned=420555
382	GCA_000323925.1_ASM32392v1_genomic	snp=167	del=284	ins=412	het=94	unaligned=462636
383	GCA_000323905.1_ASM32390v1_genomic	snp=176	del=226	ins=461	het=135	unaligned=400375
384	GCA_000323885.1_ASM32388v1_genomic	snp=81	del=98	ins=340	het=147	unaligned=429674
385	GCA_000323865.1_ASM32386v1_genomic	snp=74	del=126	ins=358	het=195	unaligned=475101
386	GCA_000323845.1_ASM32384v1_genomic	snp=574	del=790	ins=495	het=170	unaligned=456678
387	GCA_000323825.1_ASM32382v1_genomic	snp=76	del=203	ins=321	het=136	unaligned=503749
388	GCA_000323805.1_ASM32380v1_genomic	snp=84	del=192	ins=350	het=189	unaligned=382306
389	GCA_000323785.1_ASM32378v1_genomic	snp=84	del=172	ins=276	het=67	unaligned=341698
390	GCA_000323765.1_ASM32376v1_genomic	snp=143	del=221	ins=417	het=93	unaligned=335114
391	GCA_000323745.1_ASM32374v1_genomic	snp=81	del=103	ins=319	het=85	unaligned=578726
392	GCA_000323725.1_ASM32372v1_genomic	snp=188	del=403	ins=487	het=187	unaligned=489770
393	GCA_000323705.1_ASM32370v1_genomic	snp=139	del=221	ins=388	het=136	unaligned=381996
394	GCA_000323685.1_ASM32368v1_genomic	snp=85	del=205	ins=381	het=128	unaligned=517620
395	GCA_000323665.1_ASM32366v1_genomic	snp=225	del=414	ins=475	het=185	unaligned=663337
396	GCA_000323645.1_ASM32364v1_genomic	snp=183	del=327	ins=444	het=258	unaligned=521464
397	GCA_000323625.1_ASM32362v1_genomic	snp=340	del=576	ins=644	het=201	unaligned=441394
398	GCA_000323605.1_ASM32360v1_genomic	snp=81	del=128	ins=314	het=127	unaligned=357681
399	GCA_000323585.1_ASM32358v1_genomic	snp=182	del=367	ins=382	het=200	unaligned=453342
400	GCA_000323565.1_ASM32356v1_genomic	snp=183	del=372	ins=466	het=200	unaligned=545413
401	GCA_000323545.1_ASM32354v1_genomic	snp=72	del=130	ins=335	het=124	unaligned=420815
402	GCA_000323525.1_ASM32352v1_genomic	snp=137	del=190	ins=413	het=100	unaligned=407936
403	GCA_000323505.1_ASM32350v1_genomic	snp=139	del=362	ins=376	het=108	unaligned=348230
404	GCA_000323485.1_ASM32348v1_genomic	snp=589	del=1097	ins=731	het=418	unaligned=438700
405	GCA_000323465.1_ASM32346v1_genomic	snp=176	del=301	ins=459	het=164	unaligned=621748
406	GCA_000323445.1_ASM32344v1_genomic	snp=81	del=138	ins=356	het=189	unaligned=381739
407	GCA_000323425.1_ASM32342v1_genomic	snp=250	del=466	ins=557	het=147	unaligned=384453
408	GCA_000323405.1_ASM32340v1_genomic	snp=144	del=222	ins=384	het=92	unaligned=393087
409	GCA_000323385.1_ASM32338v1_genomic	snp=140	del=183	ins=349	het=134	unaligned=411784
410	GCA_000323365.1_ASM32336v1_genomic	snp=228	del=502	ins=469	het=154	unaligned=373653
411	GCA_000323345.1_ASM32334v1_genomic	snp=166	del=283	ins=369	het=113	unaligned=493332
412	GCA_000323325.1_ASM32332v1_genomic	snp=167	del=330	ins=405	het=113	unaligned=388128
413	GCA_000323305.1_ASM32330v1_genomic	snp=161	del=337	ins=442	het=99	unaligned=512145
414	GCA_000323285.1_ASM32328v1_genomic	snp=75	del=178	ins=300	het=103	unaligned=347275
415	GCA_000323245.1_ASM32324v1_genomic	snp=192	del=439	ins=484	het=368	unaligned=543855
416	GCA_000323225.1_ASM32322v1_genomic	snp=213	del=436	ins=402	het=309	unaligned=380718
417	GCA_000323205.1_ASM32320v1_genomic	snp=214	del=443	ins=405	het=252	unaligned=384948
418	GCA_000320465.1_ASM32046v1_genomic	snp=132	del=241	ins=408	het=124	unaligned=461492
419	GCA_000320445.1_ASM32044v1_genomic	snp=169	del=257	ins=409	het=131	unaligned=468775
420	GCA_000323185.1_ASM32318v1_genomic	snp=240	del=483	ins=489	het=125	unaligned=447621
421	GCA_000320425.1_ASM32042v1_genomic	snp=335	del=573	ins=606	het=261	unaligned=518516
422	GCA_000275685.1_ASM27568v1_genomic	snp=248	del=562	ins=756	het=1127	unaligned=270238
423	GCA_000382505.1_Yersinia_pestis_G1670E_assembly_genomic	snp=755	del=1520	ins=1355	het=929	unaligned=369048
424	GCA_000269485.1_ASM26948v1_genomic	snp=98	del=192	ins=239	het=399	unaligned=313389
425	GCA_000269225.1_ASM26922v1_genomic	snp=140	del=228	ins=285	het=491	unaligned=253291
426	GCA_000269205.1_ASM26920v1_genomic	snp=100	del=200	ins=304	het=566	unaligned=258611
427	GCA_000269185.1_ASM26918v1_genomic	snp=86	del=208	ins=318	het=496	unaligned=244412
428	GCA_000269145.1_ASM26914v1_genomic	snp=94	del=228	ins=298	het=566	unaligned=243325
429	GCA_000269445.1_ASM26944v1_genomic	snp=103	del=211	ins=293	het=447	unaligned=240629
430	GCA_000269425.1_ASM26942v1_genomic	snp=74	del=210	ins=289	het=457	unaligned=244457
431	GCA_000269125.1_ASM26912v1_genomic	snp=77	del=210	ins=288	het=518	unaligned=241609
432	GCA_000269105.1_ASM26910v1_genomic	snp=91	del=218	ins=331	het=412	unaligned=242631
433	GCA_000269085.1_ASM26908v1_genomic	snp=93	del=226	ins=337	het=454	unaligned=255159
434	GCA_000269065.1_ASM26906v1_genomic	snp=245	del=227	ins=286	het=467	unaligned=255034
435	GCA_000269045.1_ASM26904v1_genomic	snp=98	del=209	ins=340	het=229	unaligned=255455
436	GCA_000269405.1_ASM26940v1_genomic	snp=131	del=212	ins=264	het=479	unaligned=258279
437	GCA_000269025.1_ASM26902v1_genomic	snp=134	del=102	ins=217	het=193	unaligned=406595
438	GCA_000269005.1_ASM26900v1_genomic	snp=75	del=75	ins=179	het=379	unaligned=411454
439	GCA_000268985.1_ASM26898v1_genomic	snp=79	del=90	ins=152	het=256	unaligned=405962
440	GCA_000269385.1_ASM26938v1_genomic	snp=115	del=195	ins=271	het=597	unaligned=379402
441	GCA_000268965.1_ASM26896v1_genomic	snp=174	del=263	ins=315	het=385	unaligned=245705
442	GCA_000268945.1_ASM26894v1_genomic	snp=106	del=228	ins=264	het=484	unaligned=268078
443	GCA_000268925.1_ASM26892v1_genomic	snp=166	del=209	ins=298	het=438	unaligned=249991
444	GCA_000269365.1_ASM26936v1_genomic	snp=153	del=211	ins=299	het=532	unaligned=250815
445	GCA_000268905.1_ASM26890v1_genomic	snp=92	del=174	ins=288	het=547	unaligned=242485
446	GCA_000268885.1_ASM26888v1_genomic	snp=89	del=209	ins=235	het=527	unaligned=254963
447	GCA_000268865.1_ASM26886v1_genomic	snp=92	del=186	ins=255	het=561	unaligned=289523
448	GCA_000268865.2_ASM26886v2_genomic	snp=92	del=186	ins=255	het=561	unaligned=289523
449	GCA_000268845.1_ASM26884v1_genomic	snp=201	del=217	ins=342	het=389	unaligned=255311
450	GCA_000268825.1_ASM26882v1_genomic	snp=105	del=208	ins=263	het=400	unaligned=243083
451	GCA_000268805.1_ASM26880v1_genomic	snp=77	del=107	ins=229	het=485	unaligned=317542
452	GCA_000268805.2_ASM26880v2_genomic	snp=77	del=107	ins=229	het=485	unaligned=317542
453	GCA_000268785.1_ASM26878v1_genomic	snp=96	del=205	ins=302	het=484	unaligned=263187
454	GCA_000269345.1_ASM26934v1_genomic	snp=117	del=209	ins=304	het=422	unaligned=260340
455	GCA_000268765.1_ASM26876v1_genomic	snp=88	del=210	ins=261	het=493	unaligned=256584
456	GCA_000269325.1_ASM26932v1_genomic	snp=76	del=228	ins=330	het=436	unaligned=246412
457	GCA_000269305.1_ASM26930v1_genomic	snp=106	del=175	ins=287	het=477	unaligned=237735
458	GCA_000268745.1_ASM26874v1_genomic	snp=101	del=228	ins=313	het=422	unaligned=241223
459	GCA_000269285.1_ASM26928v1_genomic	snp=117	del=227	ins=306	het=437	unaligned=244347
460	GCA_000269285.2_ASM26928v2_genomic	snp=117	del=227	ins=306	het=437	unaligned=244347
461	GCA_000269265.1_ASM26926v1_genomic	snp=221	del=156	ins=325	het=520	unaligned=245881
462	GCA_000268725.1_ASM26872v1_genomic	snp=139	del=239	ins=244	het=499	unaligned=248117
463	GCA_000268725.2_ASM26872v2_genomic	snp=139	del=239	ins=244	het=499	unaligned=248117
464	GCA_000268685.1_ASM26868v1_genomic	snp=149	del=171	ins=230	het=314	unaligned=246432
465	GCA_000268665.1_ASM26866v1_genomic	snp=131	del=228	ins=319	het=372	unaligned=242637
466	GCA_000268525.1_ASM26852v1_genomic	snp=103	del=92	ins=177	het=266	unaligned=415470
467	GCA_000268485.1_ASM26848v1_genomic	snp=64	del=166	ins=270	het=563	unaligned=309008
468	GCA_000268485.2_ASM26848v2_genomic	snp=64	del=166	ins=270	het=563	unaligned=309008
469	GCA_000268385.1_ASM26838v1_genomic	snp=80	del=210	ins=288	het=526	unaligned=241617
470	GCA_000268365.1_ASM26836v1_genomic	snp=201	del=174	ins=293	het=511	unaligned=239901
471	GCA_000268345.1_ASM26834v1_genomic	snp=114	del=226	ins=254	het=290	unaligned=246887
472	GCA_000268585.1_ASM26858v1_genomic	snp=113	del=229	ins=329	het=371	unaligned=244098
473	GCA_000268565.1_ASM26856v1_genomic	snp=139	del=220	ins=211	het=262	unaligned=260236
474	GCA_000268325.1_ASM26832v1_genomic	snp=131	del=226	ins=243	het=387	unaligned=254704
475	GCA_000268545.1_ASM26854v1_genomic	snp=96	del=145	ins=247	het=303	unaligned=250298
476	GCA_000382545.1_Yersinia_pestis_assembly_genomic	snp=725	del=1609	ins=1236	het=827	unaligned=360353
477	GCA_000382525.1_Yersinia_pestis_G3768_assembly_genomic	snp=771	del=1715	ins=1668	het=723	unaligned=377536
478	SAMEA5818830	snp=140	del=5	ins=6	het=2625	unaligned=319053
479	SAMEA5818829	snp=151	del=6	ins=3	het=1450	unaligned=303646
480	SAMEA5818828	snp=133	del=2	ins=5	het=1318	unaligned=336226
481	SAMEA5818826	snp=177	del=7	ins=12	het=1051	unaligned=270484
482	SAMEA5818825	snp=65	del=0	ins=1	het=710	unaligned=421977
483	SAMEA5818822	snp=87	del=2	ins=2	het=1423	unaligned=426401
484	SAMEA5818821	snp=131	del=3	ins=4	het=1111	unaligned=339725
485	SAMEA5818818	snp=93	del=3	ins=1	het=1056	unaligned=350278
486	SAMEA5818817	snp=76	del=8	ins=1	het=1377	unaligned=300213
487	SAMEA5818815	snp=122	del=9	ins=6	het=2117	unaligned=255352
488	SAMEA5818813	snp=46	del=2	ins=0	het=3266	unaligned=461743
489	SAMEA5818811	snp=36	del=4	ins=3	het=576	unaligned=433150
490	SAMEA5818809	snp=110	del=5	ins=2	het=2499	unaligned=322472
491	SAMEA5818808	snp=33	del=0	ins=1	het=1392	unaligned=472136
492	SAMEA5818806	snp=105	del=6	ins=5	het=2356	unaligned=268356
493	SAMEA5818805	snp=107	del=6	ins=4	het=3039	unaligned=287514
494	SAMEA5818804	snp=94	del=3	ins=4	het=4191	unaligned=320624
495	SAMEA5818803	snp=157	del=9	ins=5	het=2701	unaligned=275803
496	SAMEA5818801	snp=179	del=13	ins=6	het=3648	unaligned=334787
497	SAMEA5818800	snp=224	del=61	ins=21	het=1098	unaligned=273608
498	SAMEA5818799	snp=204	del=15	ins=12	het=1498	unaligned=313653
499	SAMEA5818798	snp=122	del=7	ins=8	het=1154	unaligned=351212
500	SAMEA5661390	snp=34	del=2	ins=3	het=1417	unaligned=442164
501	SAMEA5661389	snp=59	del=9	ins=7	het=806	unaligned=364205
502	SAMEA5661385	snp=41	del=8	ins=1	het=2598	unaligned=356994
503	SAMEA5661384	snp=88	del=6	ins=6	het=1823	unaligned=423392
504	SAMEA5661375	snp=169	del=3	ins=5	het=3312	unaligned=481021
505	SAMEA5661372	snp=133	del=11	ins=8	het=2422	unaligned=477459
506	SAMEA5661367	snp=226	del=17	ins=16	het=1204	unaligned=355696
507	SAMEA5661365	snp=38	del=3	ins=2	het=624	unaligned=310883
508	SAMEA5661364	snp=33	del=2	ins=0	het=1220	unaligned=421787
509	SAMEA5661363	snp=227	del=46	ins=19	het=2529	unaligned=233553
510	SAMEA5661360	snp=80	del=3	ins=2	het=877	unaligned=418942
511	SAMEA5054093	snp=29	del=4	ins=0	het=25371	unaligned=453507
512	SAMEA5054092	snp=114	del=23	ins=18	het=79515	unaligned=222299
513	SAMEA5054090	snp=107	del=6	ins=14	het=128735	unaligned=211981
514	SAMEA5054089	snp=100	del=11	ins=11	het=166200	unaligned=209733
515	SAMEA104233048	snp=160	del=6	ins=5	het=1205	unaligned=441610
516	SAMEA104233050	snp=365	del=7	ins=14	het=15259	unaligned=391258
517	SAMEA104233049	snp=463	del=21	ins=23	het=2702	unaligned=320826
518	SAMEA104233047	snp=62	del=3	ins=4	het=2290	unaligned=405721
519	SAMEA104233046	snp=21	del=4	ins=0	het=6387	unaligned=313007
520	SAMEA104488961	snp=235	del=15	ins=27	het=5839	unaligned=244573
521	SAMEA4354665	snp=221	del=31	ins=20	het=3405	unaligned=308279
522	SAMEA3937654	snp=90	del=4	ins=7	het=1396	unaligned=344733
523	SAMEA3937653	snp=63	del=2	ins=8	het=1452	unaligned=362337
524	SAMEA3713715	snp=212	del=13	ins=10	het=11107	unaligned=401588
525	SAMEA3713714	snp=146	del=12	ins=3	het=3060	unaligned=436646
526	SAMEA3713713	snp=208	del=21	ins=17	het=6197	unaligned=398455
527	SAMEA3713712	snp=174	del=21	ins=14	het=9585	unaligned=409781
528	SAMEA3713711	snp=119	del=14	ins=11	het=4794	unaligned=428190
529	SAMN00715800	snp=85	del=3	ins=2	het=2101	unaligned=303312
530	SAMEA3541827	snp=336	del=11	ins=8	het=178580	unaligned=286289
531	SAMEA3541826	snp=195	del=8	ins=3	het=10051	unaligned=390212
532	SAMEA1061800	snp=34	del=4	ins=2	het=14416	unaligned=252312
533	IP579	snp=48	del=13	ins=2	het=774	unaligned=366089
534	IP283	snp=48	del=18	ins=10	het=683	unaligned=324916
535	IP562	snp=236	del=56	ins=26	het=1173	unaligned=446899
536	IP542	snp=235	del=84	ins=34	het=1442	unaligned=583863
537	IP543	snp=225	del=72	ins=31	het=1106	unaligned=588043
538	IP557	snp=243	del=67	ins=27	het=1235	unaligned=430918
Opening: /2/scratch/keaton/plague-phylogeography/results/snippy_multi/all/snippy-core.tab
Opening: /2/scratch/keaton/plague-phylogeography/results/snippy_multi/all/snippy-core.vcf
Processing contig: AL590842
Processing contig: AL117189
Processing contig: AL117211
Processing contig: AL109969
Masking alignment at 3935 regions
Generating /2/scratch/keaton/plague-phylogeography/results/snippy_multi/all/snippy-core.full.aln
Creating TSV file: /2/scratch/keaton/plague-phylogeography/results/snippy_multi/all/snippy-core.txt
Running: snp-sites -c -o /2/scratch/keaton/plague-phylogeography/results/snippy_multi/all/snippy-core.aln /2/scratch/keaton/plague-phylogeography/results/snippy_multi/all/snippy-core.full.aln
Warning: No SNPs were detected so there is nothing to output.
ERROR: Could not run: snp-sites -c -o /2/scratch/keaton/plague-phylogeography/results/snippy_multi/all/snippy-core.aln /2/scratch/keaton/plague-phylogeography/results/snippy_multi/all/snippy-core.full.aln
