2020-11-09 16:25:42,072 Reading the input fasta file: /2/scratch/keaton/plague-phylogeography/results/snippy_multi/all/snippy-core_chromosome.snps.filter0.aln.tmp
2020-11-09 16:25:42,146 Reading alignment length...
2020-11-09 16:25:42,148 Alignment length: 12922
2020-11-09 16:25:42,148 Reading alignment sample names...
2020-11-09 16:25:42,149 Number of samples: 540
2020-11-09 16:25:42,150 Analyzing alignment for sites with >=1.0 samples with data...
2020-11-09 16:25:42,730 5% Complete
2020-11-09 16:25:42,965 10% Complete
2020-11-09 16:25:43,201 15% Complete
2020-11-09 16:25:43,438 20% Complete
2020-11-09 16:25:43,675 25% Complete
2020-11-09 16:25:43,913 30% Complete
2020-11-09 16:25:44,151 35% Complete
2020-11-09 16:25:44,390 40% Complete
2020-11-09 16:25:44,628 45% Complete
2020-11-09 16:25:44,866 50% Complete
2020-11-09 16:25:45,104 55% Complete
2020-11-09 16:25:45,343 60% Complete
2020-11-09 16:25:45,581 65% Complete
2020-11-09 16:25:45,820 70% Complete
2020-11-09 16:25:46,057 75% Complete
2020-11-09 16:25:46,295 80% Complete
2020-11-09 16:25:46,531 85% Complete
2020-11-09 16:25:46,768 90% Complete
2020-11-09 16:25:47,003 95% Complete
2020-11-09 16:25:47,238 100% Complete
2020-11-09 16:25:47,238 Creating the filtered multiple alignment..
2020-11-09 16:25:47,243 Writing to the output fasta file: /2/scratch/keaton/plague-phylogeography/results/snippy_multi/all/snippy-core_chromosome.snps.filter0.aln
2020-11-09 16:25:47,245 Parsimony informative sites: 4832 (37%)
2020-11-09 16:25:47,245 Biallelic singleton sites: 8020 (62%)
2020-11-09 16:25:47,245 Multiallelic singleton sites: 41 (0%)
2020-11-09 16:25:47,246 Pseudo singleton sites: 29 (0%)
2020-11-09 16:25:47,246 Total singleton sites: 8090 (62%)
2020-11-09 16:25:47,246 Sites passing missing data filter: 0
2020-11-09 16:25:47,246 Sites failing missing data filter: 4832
2020-11-09 16:25:47,246 Wrote a multi-fasta alignment of length: 0
