This is snippy-core 4.6.0
Obtained from http://github.com/tseemann/snippy
Enabling bundled tools for linux
Found any2fasta - /mnt/c/Users/Katherine/Projects/plague-phylogeography/.snakemake/conda/d5a40e7e/bin/any2fasta
Found samtools - /mnt/c/Users/Katherine/Projects/plague-phylogeography/.snakemake/conda/d5a40e7e/bin/samtools
Found minimap2 - /mnt/c/Users/Katherine/Projects/plague-phylogeography/.snakemake/conda/d5a40e7e/bin/minimap2
Found bedtools - /mnt/c/Users/Katherine/Projects/plague-phylogeography/.snakemake/conda/d5a40e7e/bin/bedtools
Found snp-sites - /mnt/c/Users/Katherine/Projects/plague-phylogeography/.snakemake/conda/d5a40e7e/bin/snp-sites
Saving reference FASTA: results/snippy_multi/snippy-core.ref.fa
This is any2fasta 0.4.2
Opening 'results/download_reference/GCA_000009065.1_ASM906v1_genomic.fna'
Detected FASTA format
Read 60379 lines from 'results/download_reference/GCA_000009065.1_ASM906v1_genomic.fna'
Wrote 4 sequences from FASTA file.
Processed 1 files.
Done.
Loaded 4 sequences totalling 4829855 bp.
Auto --mask mode initiated: self-aligning --ref results/snippy_multi/snippy-core.ref.fa to identify repeats
Indexing 'results/snippy_multi/snippy-core.ref.fa'
Self-aligning --ref to identify repeats to results/snippy_multi/snippy-core.self_mask.bed
[M::mm_idx_gen::0.334*0.74] collected minimizers
[M::mm_idx_gen::0.365*0.92] sorted minimizers
[M::main::0.365*0.92] loaded/built the index for 4 target sequence(s)
[M::mm_mapopt_update::0.375*0.92] mid_occ = 49
[M::mm_idx_stat] kmer size: 15; skip: 19; is_hpc: 0; #seq: 4
[M::mm_idx_stat::0.384*0.92] distinct minimizers: 469788 (98.26% are singletons); average occurrences: 1.064; average spacing: 9.663
[M::worker_pipeline::2.448*0.98] mapped 4 sequences
[M::main] Version: 2.17-r941
[M::main] CMD: minimap2 -D -P -w19 -m200 results/snippy_multi/snippy-core.ref.fa results/snippy_multi/snippy-core.ref.fa
[M::main] Real time: 2.458 sec; CPU: 2.404 sec; Peak RSS: 0.084 GB
Loading mask bed file: results/snippy_multi/snippy-core.self_mask.bed
Will mask 124 regions totalling 289828 bp ~ 6.00%
0	GCA_009669545.1_ASM966954v1_genomic	snp=273	del=666	ins=784	het=732	unaligned=254393
1	GCA_009669555.1_ASM966955v1_genomic	snp=262	del=620	ins=636	het=861	unaligned=265633
2	GCA_009669565.1_ASM966956v1_genomic	snp=273	del=644	ins=710	het=777	unaligned=258290
Opening: results/snippy_multi/snippy-core.tab
Opening: results/snippy_multi/snippy-core.vcf
Processing contig: AL590842.1
Processing contig: AL117189.1
Processing contig: AL117211.1
Processing contig: AL109969.1
Masking alignment at 124 regions
Generating results/snippy_multi/snippy-core.full.aln
Creating TSV file: results/snippy_multi/snippy-core.txt
Running: snp-sites -c -o results/snippy_multi/snippy-core.aln results/snippy_multi/snippy-core.full.aln
Found a bug? Post it at http://github.com/tseemann/snippy/issues
Done.
