
83.37	-TreeAnc.infer_ancestral_sequences with method: probabilistic, marginal

83.37	WARNING: Previous versions of TreeTime (<0.7.0) RECONSTRUCTED sequences of
     	tips at positions with AMBIGUOUS bases. This resulted in unexpected
     	behavior is some cases and is no longer done by default. If you want to
     	replace those ambiguous sites with their most likely state, rerun with
     	`reconstruct_tip_states=True` or `--reconstruct-tip-states`.
83.37	--TreeAnc._ml_anc_marginal: type of reconstruction: Marginal
83.37	---Attaching sequence profiles to leafs...
84.48	---Postorder: computing likelihoods...
85.47	---Computing root node sequence and total tree likelihood...
85.47	---Preorder: computing marginal profiles...
86.75	---TreeAnc._ml_anc_marginal: ...done
86.81	--TreeAnc.infer_gtr: counting mutations...
89.54	---TreeAnc.infer_gtr: counting mutations...done

89.54	-GTR: with alphabet: ['A', 'C', 'G', 'T', '-']
89.54	--GTR: ambiguous character: N
89.54	---GTR: init with dummy values!

89.54	-GTR: model inference
89.54	---GTR inference iteration 0 change: 0.447213595499958
89.54	---GTR inference iteration 1 change: 0.06668214758791874
89.54	---GTR inference iteration 2 change: 0.0015134896512589546
89.54	---GTR inference iteration 3 change: 0.0001720179274153488
89.54	---GTR inference iteration 4 change: 3.351674690954115e-05
89.54	--TreeAnc.infer_gtr: setting overall rate to 1.0...
89.54	--TreeAnc._ml_anc_marginal: type of reconstruction: Marginal
89.54	---Attaching sequence profiles to leafs...
89.55	---Postorder: computing likelihoods...
90.38	---Computing root node sequence and total tree likelihood...
90.39	---Preorder: computing marginal profiles...
91.53	---TreeAnc._ml_anc_marginal: ...done

91.57	-TreeAnc.prune_short_branches: pruning short branches (max prob at
     	 zero)...
92.07	--ClockTree.date2dist: Setting new molecular clock. rate=9.618e-09,
     	  R^2=0.2455

92.13	-TreeAnc.infer_ancestral_sequences with method: probabilistic, joint
92.13	--TreeAnc._ml_anc_joint: type of reconstruction: Joint
92.13	---TreeAnc._ml_anc_joint: Walking up the tree, computing likelihoods...
94.85	---TreeAnc._ml_anc_joint: Walking down the tree, computing maximum
     	   likelihood sequences...
94.90	---TreeAnc._ml_anc_joint: ...done

94.91	###TreeTime.run: INITIAL ROUND

94.91	-ClockTree: Maximum likelihood tree optimization with temporal constraints
94.91	--ClockTree.init_date_constraints...
94.91	---ClockTree.init_date_constraints: Initializing branch length
     	   interpolation objects...
96.04	--ClockTree.date2dist: Setting new molecular clock. rate=1.000e-08,
     	  R^2=0.2455
96.06	--ClockTree - Joint reconstruction:  Propagating leaves -> root...
107.69	--ClockTree - Joint reconstruction:  Propagating root -> leaves...

107.75	###TreeTime.run: ITERATION 1 out of 3 iterations

107.75	-TreeTime.run: adding coalescent prior with Tc=const
110.14	--optimized Tc to 0.002551
relaxed_clock {'slack': 1, 'coupling': 0}
110.42	--TreeTime.relaxed_clock: slack=1.000000, coupling=0.000000

110.44	-ClockTree: Maximum likelihood tree optimization with temporal
      	 constraints
110.44	--ClockTree.init_date_constraints...
110.44	---ClockTree.init_date_constraints: Initializing branch length
      	   interpolation objects...
111.85	--ClockTree.date2dist: Setting new molecular clock. rate=1.000e-08,
      	  R^2=0.2455
111.87	--ClockTree - Joint reconstruction:  Propagating leaves -> root...
138.31	--ClockTree - Joint reconstruction:  Propagating root -> leaves...

138.50	-TreeAnc.infer_ancestral_sequences with method: ml, joint
138.50	--TreeAnc._ml_anc_joint: type of reconstruction: Joint
138.50	---TreeAnc._ml_anc_joint: Walking up the tree, computing likelihoods...
141.45	---TreeAnc._ml_anc_joint: Walking down the tree, computing maximum
      	   likelihood sequences...
141.52	---TreeAnc._ml_anc_joint: ...done

141.60	###TreeTime.run: ITERATION 2 out of 3 iterations

141.60	-TreeTime.run: adding coalescent prior with Tc=const
144.20	--optimized Tc to 0.002924
relaxed_clock {'slack': 1, 'coupling': 0}
144.48	--TreeTime.relaxed_clock: slack=1.000000, coupling=0.000000

144.55	-ClockTree: Maximum likelihood tree optimization with temporal
      	 constraints
144.55	--ClockTree.init_date_constraints...
144.55	---ClockTree.init_date_constraints: Initializing branch length
      	   interpolation objects...
145.96	--ClockTree.date2dist: Setting new molecular clock. rate=1.000e-08,
      	  R^2=0.2455
145.98	--ClockTree - Joint reconstruction:  Propagating leaves -> root...
172.06	--ClockTree - Joint reconstruction:  Propagating root -> leaves...

172.18	-TreeAnc.infer_ancestral_sequences with method: ml, joint
172.18	--TreeAnc._ml_anc_joint: type of reconstruction: Joint
172.18	---TreeAnc._ml_anc_joint: Walking up the tree, computing likelihoods...
174.97	---TreeAnc._ml_anc_joint: Walking down the tree, computing maximum
      	   likelihood sequences...
175.04	---TreeAnc._ml_anc_joint: ...done

175.12	###TreeTime.run: ITERATION 3 out of 3 iterations

175.13	-TreeTime.run: adding coalescent prior with Tc=skyline
175.21	--Coalescent:optimize_skyline:... current LH: 5662.648052
211.10	--Coalescent:optimize_skyline:...done. new LH: 6131.033222
211.10	--optimized a skyline
relaxed_clock {'slack': 1, 'coupling': 0}
211.36	--TreeTime.relaxed_clock: slack=1.000000, coupling=0.000000

211.38	-ClockTree: Maximum likelihood tree optimization with temporal
      	 constraints
211.38	--ClockTree.init_date_constraints...
211.38	---ClockTree.init_date_constraints: Initializing branch length
      	   interpolation objects...
212.71	--ClockTree.date2dist: Setting new molecular clock. rate=1.000e-08,
      	  R^2=0.2455
212.73	--ClockTree - Joint reconstruction:  Propagating leaves -> root...
240.85	--ClockTree - Joint reconstruction:  Propagating root -> leaves...

241.03	-TreeAnc.infer_ancestral_sequences with method: ml, joint
241.03	--TreeAnc._ml_anc_joint: type of reconstruction: Joint
241.03	---TreeAnc._ml_anc_joint: Walking up the tree, computing likelihoods...
244.18	---TreeAnc._ml_anc_joint: Walking down the tree, computing maximum
      	   likelihood sequences...
244.25	---TreeAnc._ml_anc_joint: ...done

244.34	###TreeTime.run: FINAL ROUND - confidence estimation via marginal
      	reconstruction

244.34	-ClockTree: Maximum likelihood tree optimization with temporal
      	 constraints
244.34	--ClockTree.init_date_constraints...
244.34	---ClockTree.init_date_constraints: Initializing branch length
      	   interpolation objects...
245.98	--ClockTree.date2dist: Setting new molecular clock. rate=1.000e-08,
      	  R^2=0.2455
246.01	--ClockTree - Marginal reconstruction:  Propagating leaves -> root...
288.52	--ClockTree - Marginal reconstruction:  Propagating root -> leaves...
