IQ-TREE multicore version 2.0.3 for Linux 64-bit built Apr 26 2020
Developed by Bui Quang Minh, Nguyen Lam Tung, Olga Chernomor,
Heiko Schmidt, Dominik Schrempf, Michael Woodhams.

Host:    info114 (AVX, 252 GB RAM)
Command: iqtree -t /2/scratch/keaton/plague-phylogeography/results/iqtree/all/iqtree-core_chromosome.filter5.treefile -s /2/scratch/keaton/plague-phylogeography/results/snippy_multi/all/snippy-core_chromosome.snps.filter5.aln --prefix /2/scratch/keaton/plague-phylogeography/results/iqtree/all/iqtree-core_chromosome.filter5_post -fconst 1118602,1006722,1017783,1115293 --scf 1000 --seed 47321424 --threads-max 10 -nt 10
Seed:    47321424 (Using SPRNG - Scalable Parallel Random Number Generator)
Time:    Thu Feb  4 19:49:26 2021
Kernel:  AVX - 10 threads (48 CPU cores detected)

Reading alignment file /2/scratch/keaton/plague-phylogeography/results/snippy_multi/all/snippy-core_chromosome.snps.filter5.aln ... Fasta format detected
Alignment most likely contains DNA/RNA sequences
Alignment has 634 sequences with 4207 columns, 4164 distinct patterns
4207 parsimony-informative, 0 singleton sites, 0 constant sites
                                                         Gap/Ambiguity  Composition  p-value
   1  GCA_000006645.1_ASM664v1_genomic                           0.02%    passed     78.07%
   2  GCA_000007885.1_ASM788v1_genomic                           0.24%    passed     93.07%
   3  GCA_000013825.1_ASM1382v1_genomic                          0.57%    passed     61.26%
   4  GCA_000022805.1_ASM2280v1_genomic                          0.00%    passed     95.13%
   5  GCA_000022825.1_ASM2282v1_genomic                          0.02%    passed     93.51%
   6  GCA_000022845.1_ASM2284v1_genomic                          0.97%    passed     97.65%
   7  GCA_000168235.2_ASM16823v2_genomic                         0.45%    passed     95.91%
   8  GCA_000169615.1_ASM16961v1_genomic                         1.26%    passed     69.30%
   9  GCA_000169635.1_ASM16963v1_genomic                         0.05%    passed     95.14%
  10  GCA_000169655.1_ASM16965v1_genomic                         0.07%    passed     99.88%
  11  GCA_000169675.1_ASM16967v1_genomic                         0.14%    passed     94.23%
  12  GCA_000170275.1_ASM17027v1_genomic                         0.24%    passed     92.20%
  13  GCA_000181455.2_ASM18145v2_genomic                         0.05%    passed     97.29%
  14  GCA_000182485.1_ASM18248v1_genomic                         0.36%    passed     99.15%
  15  GCA_000182505.1_ASM18250v1_genomic                         0.00%    passed     95.32%
  16  GCA_000182525.1_ASM18252v1_genomic                         0.12%    passed     94.29%
  17  GCA_000182545.1_ASM18254v1_genomic                         0.07%    passed     90.29%
  18  GCA_000182705.1_ASM18270v1_genomic                         0.00%    passed     78.99%
  19  GCA_000222975.1_ASM22297v1_genomic                         0.02%    passed     92.67%
  20  GCA_000255735.1_ASM25573v1_genomic                         0.10%    passed     96.36%
  21  GCA_000255755.1_ASM25575v1_genomic                         0.17%    passed     95.82%
  22  GCA_000255775.1_ASM25577v1_genomic                         0.14%    passed     93.62%
  23  GCA_000255795.1_ASM25579v1_genomic                         0.26%    passed     93.26%
  24  GCA_000255815.1_ASM25581v1_genomic                         0.12%    passed     92.04%
  25  GCA_000255835.1_ASM25583v1_genomic                         0.24%    passed     91.59%
  26  GCA_000255855.1_ASM25585v1_genomic                         0.17%    passed     95.31%
  27  GCA_000255875.1_ASM25587v1_genomic                         0.26%    passed     95.51%
  28  GCA_000255895.1_ASM25589v1_genomic                         0.24%    passed     94.94%
  29  GCA_000268325.1_ASM26832v1_genomic                         1.40%    passed     81.17%
  30  GCA_000268345.1_ASM26834v1_genomic                         0.59%    passed     91.81%
  31  GCA_000268365.1_ASM26836v1_genomic                         1.14%    passed     89.54%
  32  GCA_000268385.1_ASM26838v1_genomic                         0.48%    passed     93.00%
  33  GCA_000268405.1_ASM26840v1_genomic                         1.00%    passed     93.82%
  34  GCA_000268425.1_ASM26842v1_genomic                         0.93%    passed     90.26%
  35  GCA_000268445.1_ASM26844v1_genomic                         0.64%    passed     95.05%
  36  GCA_000268465.1_ASM26846v1_genomic                         1.28%    passed     94.96%
  37  GCA_000268485.1_ASM26848v1_genomic                         0.57%    passed     88.21%
  38  GCA_000268485.2_ASM26848v2_genomic                         0.57%    passed     88.21%
  39  GCA_000268505.1_ASM26850v1_genomic                         0.50%    passed     90.03%
  40  GCA_000268525.1_ASM26852v1_genomic                         0.57%    passed     91.63%
  41  GCA_000268545.1_ASM26854v1_genomic                         0.86%    passed     94.23%
  42  GCA_000268565.1_ASM26856v1_genomic                         1.74%    passed     85.80%
  43  GCA_000268585.1_ASM26858v1_genomic                         0.59%    passed     88.48%
  44  GCA_000268605.1_ASM26860v1_genomic                         1.66%    passed     84.89%
  45  GCA_000268625.1_ASM26862v1_genomic                         0.59%    passed     87.92%
  46  GCA_000268645.1_ASM26864v1_genomic                         0.62%    passed     91.95%
  47  GCA_000268665.1_ASM26866v1_genomic                         1.09%    passed     97.27%
  48  GCA_000268685.1_ASM26868v1_genomic                         0.26%    passed     94.75%
  49  GCA_000268705.1_ASM26870v1_genomic                         1.33%    passed     91.66%
  50  GCA_000268725.1_ASM26872v1_genomic                         0.38%    passed     92.42%
  51  GCA_000268725.2_ASM26872v2_genomic                         0.38%    passed     92.42%
  52  GCA_000268745.1_ASM26874v1_genomic                         0.26%    passed     96.05%
  53  GCA_000268765.1_ASM26876v1_genomic                         0.83%    passed     91.16%
  54  GCA_000268785.1_ASM26878v1_genomic                         0.57%    passed     88.66%
  55  GCA_000268805.1_ASM26880v1_genomic                         3.97%    passed     97.09%
  56  GCA_000268805.2_ASM26880v2_genomic                         3.97%    passed     97.09%
  57  GCA_000268825.1_ASM26882v1_genomic                         0.55%    passed     89.28%
  58  GCA_000268845.1_ASM26884v1_genomic                         1.07%    passed     93.24%
  59  GCA_000268865.1_ASM26886v1_genomic                         0.55%    passed     93.47%
  60  GCA_000268865.2_ASM26886v2_genomic                         0.55%    passed     93.47%
  61  GCA_000268885.1_ASM26888v1_genomic                         0.55%    passed     93.63%
  62  GCA_000268905.1_ASM26890v1_genomic                         0.81%    passed     96.51%
  63  GCA_000268925.1_ASM26892v1_genomic                         0.36%    passed     93.46%
  64  GCA_000268945.1_ASM26894v1_genomic                         2.90%    passed     95.14%
  65  GCA_000268965.1_ASM26896v1_genomic                         0.64%    passed     91.83%
  66  GCA_000268985.1_ASM26898v1_genomic                         0.95%    passed     88.92%
  67  GCA_000269005.1_ASM26900v1_genomic                         1.57%    passed     90.36%
  68  GCA_000269025.1_ASM26902v1_genomic                         0.67%    passed     92.70%
  69  GCA_000269045.1_ASM26904v1_genomic                         0.86%    passed     84.12%
  70  GCA_000269065.1_ASM26906v1_genomic                         0.26%    passed     94.54%
  71  GCA_000269085.1_ASM26908v1_genomic                         0.62%    passed     94.44%
  72  GCA_000269105.1_ASM26910v1_genomic                         1.09%    passed     94.38%
  73  GCA_000269125.1_ASM26912v1_genomic                         0.55%    passed     89.86%
  74  GCA_000269145.1_ASM26914v1_genomic                         1.12%    passed     86.12%
  75  GCA_000269165.1_ASM26916v1_genomic                         0.59%    passed     92.12%
  76  GCA_000269185.1_ASM26918v1_genomic                         0.97%    passed     89.33%
  77  GCA_000269205.1_ASM26920v1_genomic                         0.21%    passed     94.11%
  78  GCA_000269225.1_ASM26922v1_genomic                         0.88%    passed     87.59%
  79  GCA_000269245.1_ASM26924v1_genomic                         0.40%    passed     92.76%
  80  GCA_000269265.1_ASM26926v1_genomic                         1.33%    passed     86.06%
  81  GCA_000269285.1_ASM26928v1_genomic                         0.48%    passed     90.52%
  82  GCA_000269285.2_ASM26928v2_genomic                         0.48%    passed     90.52%
  83  GCA_000269305.1_ASM26930v1_genomic                         0.62%    passed     88.95%
  84  GCA_000269325.1_ASM26932v1_genomic                         1.05%    passed     91.17%
  85  GCA_000269345.1_ASM26934v1_genomic                         1.52%    passed     90.41%
  86  GCA_000269365.1_ASM26936v1_genomic                         0.36%    passed     90.36%
  87  GCA_000269385.1_ASM26938v1_genomic                         3.19%    passed     84.09%
  88  GCA_000269405.1_ASM26940v1_genomic                         1.83%    passed     86.51%
  89  GCA_000269425.1_ASM26942v1_genomic                         1.66%    passed     92.19%
  90  GCA_000269445.1_ASM26944v1_genomic                         0.45%    passed     94.21%
  91  GCA_000269465.1_ASM26946v1_genomic                         0.71%    passed     89.94%
  92  GCA_000269485.1_ASM26948v1_genomic                         1.21%    passed     97.46%
  93  GCA_000275685.1_ASM27568v1_genomic                         0.00%    passed     88.82%
  94  GCA_000311885.1_ASM31188v1_genomic                         0.00%    passed     89.44%
  95  GCA_000320425.1_ASM32042v1_genomic                         1.71%    passed     79.25%
  96  GCA_000320445.1_ASM32044v1_genomic                         0.86%    passed     99.89%
  97  GCA_000320465.1_ASM32046v1_genomic                         0.14%    passed     93.93%
  98  GCA_000323185.1_ASM32318v1_genomic                         1.24%    passed     99.22%
  99  GCA_000323205.1_ASM32320v1_genomic                         1.12%    passed     87.35%
 100  GCA_000323225.1_ASM32322v1_genomic                         0.26%    passed     89.60%
 101  GCA_000323245.1_ASM32324v1_genomic                         9.08%    passed     99.02%
 102  GCA_000323285.1_ASM32328v1_genomic                         0.19%    passed     97.21%
 103  GCA_000323305.1_ASM32330v1_genomic                         1.83%    passed     99.64%
 104  GCA_000323325.1_ASM32332v1_genomic                         1.45%    passed     99.20%
 105  GCA_000323345.1_ASM32334v1_genomic                         1.47%    passed     99.71%
 106  GCA_000323365.1_ASM32336v1_genomic                         0.55%    passed     82.24%
 107  GCA_000323385.1_ASM32338v1_genomic                         5.70%    passed     68.62%
 108  GCA_000323405.1_ASM32340v1_genomic                         0.67%    passed     95.34%
 109  GCA_000323425.1_ASM32342v1_genomic                         1.76%    passed     94.20%
 110  GCA_000323445.1_ASM32344v1_genomic                         1.14%    passed     90.99%
 111  GCA_000323465.1_ASM32346v1_genomic                         0.64%    passed     99.58%
 112  GCA_000323485.1_ASM32348v1_genomic                         2.33%    failed      1.23%
 113  GCA_000323505.1_ASM32350v1_genomic                         0.31%    passed     97.90%
 114  GCA_000323525.1_ASM32352v1_genomic                         2.35%    passed     89.29%
 115  GCA_000323545.1_ASM32354v1_genomic                         1.28%    passed     98.06%
 116  GCA_000323565.1_ASM32356v1_genomic                         3.73%    passed     93.43%
 117  GCA_000323585.1_ASM32358v1_genomic                         1.07%    passed     99.20%
 118  GCA_000323605.1_ASM32360v1_genomic                         0.10%    passed     95.88%
 119  GCA_000323625.1_ASM32362v1_genomic                         3.23%    passed     66.95%
 120  GCA_000323645.1_ASM32364v1_genomic                         0.45%    passed     99.93%
 121  GCA_000323665.1_ASM32366v1_genomic                         4.66%    passed     99.20%
 122  GCA_000323685.1_ASM32368v1_genomic                         1.78%    passed     98.83%
 123  GCA_000323705.1_ASM32370v1_genomic                         0.14%    passed     95.34%
 124  GCA_000323725.1_ASM32372v1_genomic                         4.25%    passed     98.97%
 125  GCA_000323745.1_ASM32374v1_genomic                         5.49%    passed     86.50%
 126  GCA_000323765.1_ASM32376v1_genomic                         1.33%    passed     96.93%
 127  GCA_000323785.1_ASM32378v1_genomic                         1.21%    passed     95.79%
 128  GCA_000323805.1_ASM32380v1_genomic                         1.88%    passed     92.99%
 129  GCA_000323825.1_ASM32382v1_genomic                         0.86%    passed     97.04%
 130  GCA_000323845.1_ASM32384v1_genomic                         3.02%    failed      2.01%
 131  GCA_000323865.1_ASM32386v1_genomic                         1.64%    passed     96.62%
 132  GCA_000323885.1_ASM32388v1_genomic                         0.26%    passed     97.14%
 133  GCA_000323905.1_ASM32390v1_genomic                         1.74%    passed     98.67%
 134  GCA_000323925.1_ASM32392v1_genomic                         0.45%    passed     98.72%
 135  GCA_000323945.1_ASM32394v1_genomic                        11.55%    passed     99.79%
 136  GCA_000323965.1_ASM32396v1_genomic                         0.93%    passed     98.80%
 137  GCA_000323985.1_ASM32398v1_genomic                         5.44%    passed     98.85%
 138  GCA_000324005.1_ASM32400v1_genomic                         0.88%    passed     97.76%
 139  GCA_000324025.1_ASM32402v1_genomic                         0.38%    passed     99.27%
 140  GCA_000324045.1_ASM32404v1_genomic                         3.45%    passed     95.06%
 141  GCA_000324065.1_ASM32406v1_genomic                         3.11%    passed     89.02%
 142  GCA_000324085.1_ASM32408v1_genomic                         5.73%    passed     98.34%
 143  GCA_000324105.1_ASM32410v1_genomic                         2.64%    passed     97.77%
 144  GCA_000324125.1_ASM32412v1_genomic                         1.12%    passed     99.63%
 145  GCA_000324145.1_ASM32414v1_genomic                         0.26%    passed     99.96%
 146  GCA_000324165.1_ASM32416v1_genomic                         0.40%    passed     88.66%
 147  GCA_000324185.1_ASM32418v1_genomic                         0.43%    passed     98.35%
 148  GCA_000324205.1_ASM32420v1_genomic                         1.00%    passed     98.34%
 149  GCA_000324225.1_ASM32422v1_genomic                         0.21%    passed     70.04%
 150  GCA_000324245.1_ASM32424v1_genomic                         0.95%    passed     98.20%
 151  GCA_000324265.1_ASM32426v1_genomic                         0.45%    passed     98.04%
 152  GCA_000324285.1_ASM32428v1_genomic                         5.49%    passed     96.92%
 153  GCA_000324305.1_ASM32430v1_genomic                         0.83%    passed     98.47%
 154  GCA_000324325.1_ASM32432v1_genomic                         5.59%    passed     98.93%
 155  GCA_000324345.1_ASM32434v1_genomic                         0.31%    passed     99.08%
 156  GCA_000324365.1_ASM32436v1_genomic                         0.88%    passed     91.66%
 157  GCA_000324385.1_ASM32438v1_genomic                         9.13%    passed     71.77%
 158  GCA_000324405.1_ASM32440v1_genomic                         2.40%    passed     80.32%
 159  GCA_000324425.1_ASM32442v1_genomic                         0.19%    passed     91.46%
 160  GCA_000324445.1_ASM32444v1_genomic                         0.59%    passed     99.76%
 161  GCA_000324465.1_ASM32446v1_genomic                         2.31%    passed     86.38%
 162  GCA_000324485.1_ASM32448v1_genomic                         2.04%    passed     92.28%
 163  GCA_000324505.1_ASM32450v1_genomic                         1.78%    passed     97.90%
 164  GCA_000324525.1_ASM32452v1_genomic                         1.35%    passed     87.26%
 165  GCA_000324545.1_ASM32454v1_genomic                         2.90%    passed     94.93%
 166  GCA_000324565.1_ASM32456v1_genomic                         0.29%    passed     98.62%
 167  GCA_000324585.1_ASM32458v1_genomic                         4.47%    passed     98.14%
 168  GCA_000324605.1_ASM32460v1_genomic                         1.93%    passed     99.16%
 169  GCA_000324625.1_ASM32462v1_genomic                         3.02%    passed     72.17%
 170  GCA_000324645.1_ASM32464v1_genomic                         4.28%    passed     93.10%
 171  GCA_000324665.1_ASM32466v1_genomic                         0.71%    passed     96.68%
 172  GCA_000324685.1_ASM32468v1_genomic                         1.00%    passed     96.99%
 173  GCA_000324705.1_ASM32470v1_genomic                         3.83%    passed     85.25%
 174  GCA_000324725.1_ASM32472v1_genomic                         0.93%    passed     96.57%
 175  GCA_000324745.1_ASM32474v1_genomic                         2.92%    passed     84.72%
 176  GCA_000324765.1_ASM32476v1_genomic                         1.28%    passed     91.97%
 177  GCA_000324785.1_ASM32478v1_genomic                         0.62%    passed     92.99%
 178  GCA_000324805.2_EV76-CN_genomic                            0.93%    passed     93.60%
 179  GCA_000324825.1_ASM32482v1_genomic                         2.31%    passed     97.15%
 180  GCA_000324845.1_ASM32484v1_genomic                         1.33%    passed     87.09%
 181  GCA_000324865.1_ASM32486v1_genomic                         4.33%    passed     87.26%
 182  GCA_000324885.1_ASM32488v1_genomic                         0.05%    passed     99.91%
 183  GCA_000324905.1_ASM32490v1_genomic                         0.19%    passed     99.65%
 184  GCA_000324925.1_ASM32492v1_genomic                         1.74%    passed     65.97%
 185  GCA_000324945.1_ASM32494v1_genomic                         4.02%    passed     98.87%
 186  GCA_000324965.1_ASM32496v1_genomic                         0.45%    passed     99.45%
 187  GCA_000324985.1_ASM32498v1_genomic                         1.88%    passed    100.00%
 188  GCA_000325005.1_ASM32500v1_genomic                         1.90%    passed     99.85%
 189  GCA_000325025.1_ASM32502v1_genomic                         1.45%    passed     97.47%
 190  GCA_000325045.1_ASM32504v1_genomic                         3.30%    passed     98.26%
 191  GCA_000325065.1_ASM32506v1_genomic                         1.62%    passed     99.54%
 192  GCA_000325085.1_ASM32508v1_genomic                         4.66%    passed     99.51%
 193  GCA_000325105.1_ASM32510v1_genomic                         0.69%    passed     99.46%
 194  GCA_000325125.1_ASM32512v1_genomic                         2.07%    passed     97.66%
 195  GCA_000325165.1_ASM32516v1_genomic                         1.69%    passed     94.28%
 196  GCA_000325185.1_ASM32518v1_genomic                         1.07%    passed     96.87%
 197  GCA_000325205.1_ASM32520v1_genomic                         0.76%    passed     98.60%
 198  GCA_000325225.1_ASM32522v1_genomic                         0.59%    passed     97.61%
 199  GCA_000325245.1_ASM32524v1_genomic                         2.31%    passed     91.96%
 200  GCA_000325265.1_ASM32526v1_genomic                         1.14%    passed     99.58%
 201  GCA_000325285.1_ASM32528v1_genomic                         2.09%    passed     98.55%
 202  GCA_000325305.1_ASM32530v1_genomic                         1.14%    passed     99.55%
 203  GCA_000325325.1_ASM32532v1_genomic                         1.31%    passed     96.75%
 204  GCA_000325345.1_ASM32534v1_genomic                         2.00%    passed     92.74%
 205  GCA_000325365.1_ASM32536v1_genomic                         1.59%    passed     88.45%
 206  GCA_000325385.1_ASM32538v1_genomic                         5.09%    passed     97.03%
 207  GCA_000325405.1_ASM32540v1_genomic                         5.66%    passed     94.65%
 208  GCA_000325425.1_ASM32542v1_genomic                         0.38%    passed     89.26%
 209  GCA_000325445.1_ASM32544v1_genomic                         3.09%    passed     96.47%
 210  GCA_000325465.1_ASM32546v1_genomic                         1.78%    passed     85.95%
 211  GCA_000325485.1_ASM32548v1_genomic                         3.64%    passed     86.17%
 212  GCA_000382505.1_Yersinia_pestis_G1670E_assembly_genomic    0.31%    passed     55.68%
 213  GCA_000382525.1_Yersinia_pestis_G3768_assembly_genomic     0.43%    passed     65.71%
 214  GCA_000382545.1_Yersinia_pestis_assembly_genomic           0.21%    passed     63.05%
 215  GCA_000475095.2_YP009_v2_genomic                           0.14%    passed     92.33%
 216  GCA_000475115.2_YP113_v2_genomic                           0.05%    passed     97.23%
 217  GCA_000475135.2_YPS03_v2_genomic                           0.00%    passed     99.50%
 218  GCA_000475155.2_YP24H_v2_genomic                           0.05%    passed     93.28%
 219  GCA_000590535.1_EV_NIIEG_genomic                           0.71%    passed     92.44%
 220  GCA_000590535.2_ASM59053v2_genomic                         0.43%    passed     92.33%
 221  GCA_000705315.1_EDB10_058v1_genomic                        2.07%    passed     97.99%
 222  GCA_000734805.1_ASM73480v1_genomic                         0.10%    passed     94.37%
 223  GCA_000834235.1_ASM83423v1_genomic                         0.10%    passed     91.29%
 224  GCA_000834275.1_ASM83427v1_genomic                         0.07%    passed     39.15%
 225  GCA_000834315.1_ASM83431v1_genomic                         0.07%    passed     74.73%
 226  GCA_000834335.1_ASM83433v1_genomic                         0.02%    passed     95.60%
 227  GCA_000834495.1_ASM83449v1_genomic                         0.17%    passed     96.64%
 228  GCA_000834755.1_ASM83475v1_genomic                         0.02%    passed     94.95%
 229  GCA_000834775.1_ASM83477v1_genomic                         0.02%    passed     95.23%
 230  GCA_000834885.1_ASM83488v1_genomic                         0.31%    passed     45.87%
 231  GCA_000834905.1_ASM83490v1_genomic                         0.02%    passed     93.39%
 232  GCA_000834925.1_ASM83492v1_genomic                         0.10%    passed     87.92%
 233  GCA_000834985.1_ASM83498v1_genomic                         0.10%    passed     72.09%
 234  GCA_000835005.1_ASM83500v1_genomic                         5.16%    passed     62.26%
 235  GCA_000950945.1_ASM95094v1_genomic                         0.43%    passed     93.49%
 236  GCA_000970105.1_ASM97010v1_genomic                         0.02%    passed     78.68%
 237  GCA_000986995.1_YPES001-SEQ-2-ASM-1_genomic                2.00%    passed     86.90%
 238  GCA_001188325.1_YPY_1_genomic                              0.07%    passed     68.84%
 239  GCA_001188335.1_DYA_1_genomic                              0.17%    passed     61.96%
 240  GCA_001188675.1_ASM118867v1_genomic                        0.05%    passed     96.05%
 241  GCA_001188695.1_ASM118869v1_genomic                        0.24%    passed     71.05%
 242  GCA_001188715.1_ASM118871v1_genomic                        0.05%    passed     66.53%
 243  GCA_001188735.1_ASM118873v1_genomic                        0.00%    passed     80.08%
 244  GCA_001188755.1_ASM118875v1_genomic                        1.69%    passed     66.34%
 245  GCA_001188775.1_ASM118877v1_genomic                        0.24%    passed     69.40%
 246  GCA_001188795.1_ASM118879v1_genomic                        0.12%    passed     69.60%
 247  GCA_001188815.1_ASM118881v1_genomic                        0.02%    passed     83.15%
 248  GCA_001188935.1_ASM118893v1_genomic                        0.24%    passed     73.05%
 249  GCA_001261975.1_YPW_8_IHQD_genomic                         1.14%    passed     77.81%
 250  GCA_001261985.1_YPW_3_IHQD_genomic                         0.05%    passed     92.73%
 251  GCA_001294805.1_ASM129480v1_genomic                        0.17%    passed     89.60%
 252  GCA_001294815.1_ASM129481v1_genomic                        0.10%    passed     67.92%
 253  GCA_001294825.1_ASM129482v1_genomic                        0.78%    passed     96.89%
 254  GCA_001294885.1_ASM129488v1_genomic                        0.10%    passed     93.21%
 255  GCA_001294905.1_ASM129490v1_genomic                        0.10%    passed     74.04%
 256  GCA_001294915.1_ASM129491v1_genomic                        0.17%    passed     70.75%
 257  GCA_001294965.1_ASM129496v1_genomic                        0.10%    passed     88.94%
 258  GCA_001294975.1_ASM129497v1_genomic                        0.29%    passed     89.40%
 259  GCA_001294985.1_ASM129498v1_genomic                        0.10%    passed     75.58%
 260  GCA_001295025.1_ASM129502v1_genomic                        0.14%    passed     92.43%
 261  GCA_001295045.1_ASM129504v1_genomic                        0.07%    passed     70.51%
 262  GCA_001295055.1_ASM129505v1_genomic                        0.05%    passed     76.24%
 263  GCA_001295065.1_ASM129506v1_genomic                        0.14%    passed     77.56%
 264  GCA_001295105.1_ASM129510v1_genomic                        0.05%    passed     71.46%
 265  GCA_001295115.1_ASM129511v1_genomic                        0.12%    passed     89.98%
 266  GCA_001295145.1_ASM129514v1_genomic                        0.14%    passed     85.52%
 267  GCA_001295185.1_ASM129518v1_genomic                        0.17%    passed     71.55%
 268  GCA_001487065.1_Yersinia_pestis_genomic                    0.10%    passed     95.24%
 269  GCA_001509855.1_ASM150985v1_genomic                        0.00%    passed     96.02%
 270  GCA_001509865.1_ASM150986v1_genomic                        0.05%    passed     95.75%
 271  GCA_001559935.1_ASM155993v1_genomic                        0.90%    passed     77.68%
 272  GCA_001595585.1_ASM159558v1_genomic                        0.17%    passed     73.50%
 273  GCA_001601285.1_ASM160128v1_genomic                        0.10%    passed     99.35%
 274  GCA_001601675.1_ASM160167v1_genomic                        1.40%    passed     90.18%
 275  GCA_001601735.1_ASM160173v1_genomic                        0.45%    passed     91.76%
 276  GCA_001613865.1_ASM161386v1_genomic                        0.67%    passed     98.19%
 277  GCA_001613885.1_ASM161388v1_genomic                        0.24%    passed     72.02%
 278  GCA_001613895.1_ASM161389v1_genomic                        0.26%    passed     82.50%
 279  GCA_001617705.1_Yersinia_pestis_C-791_genomic              0.02%    passed     76.26%
 280  GCA_001617715.1_Yersinia_pestis_M-519_genomic              0.24%    passed     78.14%
 281  GCA_001617725.1_Yersinia_pestis_M-1484_genomic             0.38%    passed     68.41%
 282  GCA_001617735.1_Yersinia_pestis_M-1763_genomic             0.12%    passed     84.03%
 283  GCA_001617785.1_Yersinia_pestis_M-549_genomic              0.10%    passed     82.33%
 284  GCA_001617805.1_Yersinia_pestis_173_genomic                0.40%    passed     77.17%
 285  GCA_001617815.1_Yersinia_pestis_M-1453_genomic             0.64%    passed     77.17%
 286  GCA_001693595.1_ASM169359v1_genomic                        0.00%    passed     94.65%
 287  GCA_001972385.1_ASM197238v1_genomic                        0.76%    passed     47.68%
 288  GCA_001972395.1_ASM197239v1_genomic                        0.74%    passed     80.19%
 289  GCA_001972405.1_ASM197240v1_genomic                        0.76%    passed     88.26%
 290  GCA_001972415.1_ASM197241v1_genomic                        0.05%    passed     83.08%
 291  GCA_001972465.1_ASM197246v1_genomic                        0.78%    passed     52.87%
 292  GCA_001972475.1_ASM197247v1_genomic                        0.07%    passed     46.99%
 293  GCA_001972505.1_ASM197250v1_genomic                        0.07%    passed     56.79%
 294  GCA_001972515.1_ASM197251v1_genomic                        0.07%    passed     81.92%
 295  GCA_002005285.1_ASM200528v1_genomic                        0.29%    passed     98.93%
 296  GCA_002127355.1_ASM212735v1_genomic                        0.76%    passed     92.10%
 297  GCA_002127365.1_ASM212736v1_genomic                        0.74%    passed     76.28%
 298  GCA_002127375.1_ASM212737v1_genomic                        0.74%    passed     97.91%
 299  GCA_002165475.1_ASM216547v1_genomic                        0.74%    passed     74.25%
 300  GCA_002173795.1_ASM217379v1_genomic                        0.07%    passed     76.01%
 301  GCA_002173805.1_ASM217380v1_genomic                        0.07%    passed     71.10%
 302  GCA_002173815.1_ASM217381v1_genomic                        0.07%    passed     79.78%
 303  GCA_002188685.1_ASM218868v1_genomic                        0.12%    passed     72.46%
 304  GCA_002188725.1_ASM218872v1_genomic                        0.10%    passed     52.94%
 305  GCA_002188755.1_ASM218875v1_genomic                        0.07%    passed     84.86%
 306  GCA_002188765.1_ASM218876v1_genomic                        0.07%    passed     32.10%
 307  GCA_002188775.1_ASM218877v1_genomic                        0.07%    passed     82.52%
 308  GCA_002188815.1_ASM218881v1_genomic                        0.14%    passed     60.26%
 309  GCA_002188835.1_ASM218883v1_genomic                        0.29%    passed     84.93%
 310  GCA_002188845.1_ASM218884v1_genomic                        0.14%    passed     39.83%
 311  GCA_002188855.1_ASM218885v1_genomic                        0.07%    passed     89.54%
 312  GCA_002412225.1_Y.pestis_A-1486_genomic                    0.38%    passed     96.41%
 313  GCA_002412235.1_Y.pestis_A-1249_genomic                    0.40%    passed     95.12%
 314  GCA_002412245.1_Y.pestis_A-1691_genomic                    0.59%    passed     96.33%
 315  GCA_002412255.1_Y.pestis_A-1836_genomic                    0.29%    passed     51.50%
 316  GCA_002412305.1_Y.pestis_A-1809_genomic                    0.67%    passed     97.56%
 317  GCA_002529545.1_ASM252954v1_genomic                        0.00%    passed     78.99%
 318  GCA_002981895.1_ASM298189v1_genomic                        0.17%    passed     91.90%
 319  GCA_002981915.1_ASM298191v1_genomic                        0.21%    passed     91.34%
 320  GCA_002981925.1_ASM298192v1_genomic                        0.12%    passed     92.62%
 321  GCA_002981955.1_ASM298195v1_genomic                        0.12%    passed     92.62%
 322  GCA_002981995.1_ASM298199v1_genomic                        0.31%    passed     92.68%
 323  GCA_002993145.1_ASM299314v1_genomic                        0.10%    passed     70.04%
 324  GCA_003074155.1_ASM307415v1_genomic                        0.12%    passed     99.64%
 325  GCA_003074175.1_ASM307417v1_genomic                        0.48%    passed     89.61%
 326  GCA_003074195.1_ASM307419v1_genomic                        0.26%    passed     99.71%
 327  GCA_003074215.1_ASM307421v1_genomic                        0.17%    passed     99.32%
 328  GCA_003074235.1_ASM307423v1_genomic                        0.62%    passed     98.63%
 329  GCA_003074255.1_ASM307425v1_genomic                        0.02%    passed     99.52%
 330  GCA_003074275.1_ASM307427v1_genomic                        3.54%    passed     70.66%
 331  GCA_003074295.1_ASM307429v1_genomic                        0.33%    passed     83.46%
 332  GCA_003074315.1_ASM307431v1_genomic                        0.62%    passed     97.51%
 333  GCA_003074335.1_ASM307433v1_genomic                        0.05%    passed     80.70%
 334  GCA_003074355.1_ASM307435v1_genomic                        0.10%    passed     81.27%
 335  GCA_003074375.1_ASM307437v1_genomic                        0.14%    passed     82.10%
 336  GCA_003074395.1_ASM307439v1_genomic                        0.69%    passed     80.76%
 337  GCA_003074415.1_ASM307441v1_genomic                        0.21%    passed     75.24%
 338  GCA_003074435.1_ASM307443v1_genomic                        0.05%    passed     72.88%
 339  GCA_003074535.1_ASM307453v1_genomic                        0.10%    passed     96.60%
 340  GCA_003074595.1_ASM307459v1_genomic                        0.05%    passed     95.21%
 341  GCA_003085855.1_ASM308585v1_genomic                        0.17%    passed     77.29%
 342  GCA_003085875.1_ASM308587v1_genomic                        0.21%    passed     75.71%
 343  GCA_003085895.1_ASM308589v1_genomic                        0.31%    passed     89.97%
 344  GCA_003085915.1_ASM308591v1_genomic                        0.10%    passed     99.56%
 345  GCA_003085935.1_ASM308593v1_genomic                        0.31%    passed     70.07%
 346  GCA_003085955.1_ASM308595v1_genomic                        0.14%    passed     89.20%
 347  GCA_003085975.1_ASM308597v1_genomic                        0.14%    passed     77.96%
 348  GCA_003085995.1_ASM308599v1_genomic                        0.24%    passed     77.17%
 349  GCA_003086015.1_ASM308601v1_genomic                        0.52%    passed     99.50%
 350  GCA_003086035.1_ASM308603v1_genomic                        0.17%    passed     90.91%
 351  GCA_003086055.1_ASM308605v1_genomic                        0.21%    passed     72.28%
 352  GCA_003086075.1_ASM308607v1_genomic                        2.38%    passed     98.50%
 353  GCA_003086095.1_ASM308609v1_genomic                        0.33%    passed     86.96%
 354  GCA_003086115.1_ASM308611v1_genomic                        0.93%    passed     95.21%
 355  GCA_003086155.1_ASM308615v1_genomic                        0.14%    passed     77.96%
 356  GCA_003122795.1_Y.pestis_I-2422_genomic                    0.45%    passed     91.66%
 357  GCA_003797205.1_ASM379720v1_genomic                        0.05%    passed     95.64%
 358  GCA_003798085.1_ASM379808v1_genomic                        0.07%    passed     93.90%
 359  GCA_003798225.1_ASM379822v1_genomic                        0.50%    passed     59.45%
 360  GCA_004023585.1_ASM402358v1_genomic                        0.12%    passed     88.50%
 361  GCA_004023595.1_ASM402359v1_genomic                        0.24%    passed     91.48%
 362  GCA_006376415.1_ASM637641v1_genomic                        0.26%    passed     73.10%
 363  GCA_006376435.1_ASM637643v1_genomic                        0.21%    passed     84.58%
 364  GCA_006376475.1_ASM637647v1_genomic                        0.05%    passed     82.86%
 365  GCA_006376495.1_ASM637649v1_genomic                        0.07%    passed     71.56%
 366  GCA_006376505.1_ASM637650v1_genomic                        0.33%    passed     70.74%
 367  GCA_006376535.1_ASM637653v1_genomic                        1.57%    passed     83.78%
 368  GCA_006376535.2_ASM637653v2_genomic                        0.17%    passed     72.06%
 369  GCA_006376545.1_ASM637654v1_genomic                        0.38%    passed     74.96%
 370  GCA_006376575.1_ASM637657v1_genomic                        2.19%    passed     69.84%
 371  GCA_006376585.1_ASM637658v1_genomic                        0.86%    passed     97.96%
 372  GCA_006517425.1_ASM651742v1_genomic                        0.24%    passed     91.34%
 373  GCA_006546665.1_ASM654666v1_genomic                        0.31%    passed     93.35%
 374  GCA_006546725.1_ASM654672v1_genomic                        0.21%    passed     93.55%
 375  GCA_006546745.1_ASM654674v1_genomic                        0.26%    passed     90.94%
 376  GCA_008630375.1_ASM863037v1_genomic                        0.90%    passed     79.06%
 377  GCA_008630375.2_ASM863037v2_genomic                        1.19%    passed     87.39%
 378  GCA_008630395.1_ASM863039v1_genomic                        0.17%    passed     81.49%
 379  GCA_008630415.1_ASM863041v1_genomic                        0.95%    passed     99.04%
 380  GCA_008630435.1_ASM863043v1_genomic                        0.93%    passed     90.07%
 381  GCA_008630455.1_ASM863045v1_genomic                        0.78%    passed     97.85%
 382  GCA_008630485.1_ASM863048v1_genomic                        0.07%    passed     73.30%
 383  GCA_008630575.1_ASM863057v1_genomic                        0.33%    passed     80.70%
 384  GCA_009295945.1_ASM929594v1_genomic                        0.07%    passed     97.36%
 385  GCA_009295985.1_ASM929598v1_genomic                        0.07%    passed     89.78%
 386  GCA_009296005.1_ASM929600v1_genomic                        0.00%    passed     85.41%
 387  GCA_009363195.1_ASM936319v1_genomic                        0.26%    passed     99.48%
 388  GCA_009667885.1_ASM966788v1_genomic                        0.12%    passed     81.51%
 389  GCA_009667895.1_ASM966789v1_genomic                        0.14%    passed     78.80%
 390  GCA_009667925.1_ASM966792v1_genomic                        0.05%    passed     83.91%
 391  GCA_009667935.1_ASM966793v1_genomic                        0.05%    passed     80.84%
 392  GCA_009667945.1_ASM966794v1_genomic                        0.02%    passed     80.29%
 393  GCA_009667985.1_ASM966798v1_genomic                        0.14%    passed     81.13%
 394  GCA_009669545.1_ASM966954v1_genomic                        0.00%    passed     81.26%
 395  GCA_009669555.1_ASM966955v1_genomic                        0.07%    passed     80.33%
 396  GCA_009669565.1_ASM966956v1_genomic                        0.02%    passed     80.29%
 397  GCA_009669605.1_ASM966960v1_genomic                        0.05%    passed     82.40%
 398  GCA_009669625.1_ASM966962v1_genomic                        0.00%    passed     81.26%
 399  GCA_009669635.1_ASM966963v1_genomic                        0.05%    passed     84.46%
 400  GCA_009669665.1_ASM966966v1_genomic                        0.00%    passed     81.26%
 401  GCA_009669675.1_ASM966967v1_genomic                        0.00%    passed     82.96%
 402  GCA_009669705.1_ASM966970v1_genomic                        0.93%    passed     77.16%
 403  GCA_009669715.1_ASM966971v1_genomic                        0.02%    passed     78.65%
 404  GCA_009669725.1_ASM966972v1_genomic                        0.00%    passed     83.83%
 405  GCA_009669765.1_ASM966976v1_genomic                        0.00%    passed     78.38%
 406  GCA_009669775.1_ASM966977v1_genomic                        0.00%    passed     79.93%
 407  GCA_009669805.1_ASM966980v1_genomic                        0.00%    passed     81.26%
 408  GCA_009669825.1_ASM966982v1_genomic                        0.00%    passed     82.96%
 409  GCA_009669835.1_ASM966983v1_genomic                        0.02%    passed     80.29%
 410  GCA_009669845.1_ASM966984v1_genomic                        0.02%    passed     80.29%
 411  GCA_009669875.1_ASM966987v1_genomic                        0.00%    passed     81.26%
 412  GCA_009669905.1_ASM966990v1_genomic                        0.02%    passed     80.29%
 413  GCA_009669925.1_ASM966992v1_genomic                        0.00%    passed     81.26%
 414  GCA_009669935.1_ASM966993v1_genomic                        0.02%    passed     80.29%
 415  GCA_009669955.1_ASM966995v1_genomic                        0.05%    passed     81.11%
 416  GCA_009669975.1_ASM966997v1_genomic                        0.00%    passed     79.93%
 417  GCA_009670005.1_ASM967000v1_genomic                        0.00%    passed     78.38%
 418  GCA_009670015.1_ASM967001v1_genomic                        0.00%    passed     79.93%
 419  GCA_009670045.1_ASM967004v1_genomic                        0.05%    passed     80.64%
 420  GCA_009670055.1_ASM967005v1_genomic                        0.00%    passed     80.09%
 421  GCA_009670075.1_ASM967007v1_genomic                        0.02%    passed     78.91%
 422  GCA_009670105.1_ASM967010v1_genomic                        0.02%    passed     80.29%
 423  GCA_009670115.1_ASM967011v1_genomic                        0.69%    passed     85.84%
 424  GCA_009670135.1_ASM967013v1_genomic                        0.19%    passed     80.56%
 425  GCA_009670155.1_ASM967015v1_genomic                        0.02%    passed     79.12%
 426  GCA_009670185.1_ASM967018v1_genomic                        0.10%    passed     83.30%
 427  GCA_009670205.1_ASM967020v1_genomic                        0.02%    passed     80.29%
 428  GCA_009670225.1_ASM967022v1_genomic                        0.02%    passed     82.87%
 429  GCA_009670235.1_ASM967023v1_genomic                        0.07%    passed     84.81%
 430  GCA_009670245.1_ASM967024v1_genomic                        0.74%    passed     87.96%
 431  GCA_009670285.1_ASM967028v1_genomic                        0.02%    passed     82.87%
 432  GCA_009670305.1_ASM967030v1_genomic                        0.02%    passed     82.87%
 433  GCA_009670325.1_ASM967032v1_genomic                        0.07%    passed     79.86%
 434  GCA_009670345.1_ASM967034v1_genomic                        0.02%    passed     80.29%
 435  GCA_009670355.1_ASM967035v1_genomic                        0.36%    passed     82.14%
 436  GCA_009670385.1_ASM967038v1_genomic                        0.05%    passed     76.20%
 437  GCA_009670395.1_ASM967039v1_genomic                        0.02%    passed     78.65%
 438  GCA_009670415.1_ASM967041v1_genomic                        0.10%    passed     78.87%
 439  GCA_009670445.1_ASM967044v1_genomic                        0.00%    passed     82.81%
 440  GCA_009670465.1_ASM967046v1_genomic                        0.78%    passed     84.66%
 441  GCA_009670475.1_ASM967047v1_genomic                        0.00%    passed     79.93%
 442  GCA_009670485.1_ASM967048v1_genomic                        0.05%    passed     81.89%
 443  GCA_009670515.1_ASM967051v1_genomic                        0.00%    passed     79.93%
 444  GCA_009670545.1_ASM967054v1_genomic                        0.00%    passed     81.26%
 445  GCA_009670565.1_ASM967056v1_genomic                        0.00%    passed     79.93%
 446  GCA_009670575.1_ASM967057v1_genomic                        0.02%    passed     81.69%
 447  GCA_009670585.1_ASM967058v1_genomic                        0.02%    passed     80.29%
 448  GCA_009670605.1_ASM967060v1_genomic                        0.10%    passed     81.13%
 449  GCA_009670625.1_ASM967062v1_genomic                        0.02%    passed     80.45%
 450  GCA_009670665.1_ASM967066v1_genomic                        0.71%    passed     77.42%
 451  GCA_009670675.1_ASM967067v1_genomic                        0.02%    passed     81.59%
 452  GCA_009670705.1_ASM967070v1_genomic                        0.00%    passed     78.38%
 453  GCA_009670715.1_ASM967071v1_genomic                        1.26%    passed     80.83%
 454  GCA_009670725.1_ASM967072v1_genomic                        0.05%    passed     81.11%
 455  GCA_009670765.1_ASM967076v1_genomic                        0.07%    passed     80.33%
 456  GCA_009670775.1_ASM967077v1_genomic                        0.02%    passed     80.50%
 457  GCA_009670785.1_ASM967078v1_genomic                        0.02%    passed     80.29%
 458  GCA_009670815.1_ASM967081v1_genomic                        0.00%    passed     81.26%
 459  GCA_009670835.1_ASM967083v1_genomic                        0.00%    passed     81.26%
 460  GCA_009670865.1_ASM967086v1_genomic                        0.02%    passed     79.12%
 461  GCA_009670875.1_ASM967087v1_genomic                        0.71%    passed     86.49%
 462  GCA_009670895.1_ASM967089v1_genomic                        0.00%    passed     79.93%
 463  GCA_009670905.1_ASM967090v1_genomic                        0.00%    passed     79.93%
 464  GCA_009670935.1_ASM967093v1_genomic                        0.02%    passed     78.91%
 465  GCA_009670995.1_ASM967099v1_genomic                        0.00%    passed     79.45%
 466  GCA_009909635.1_ASM990963v1_genomic                        0.19%    passed     83.58%
 467  GCA_009909645.1_ASM990964v1_genomic                        0.00%    passed     75.23%
 468  GCA_009909655.1_ASM990965v1_genomic                        0.00%    passed     80.13%
 469  GCA_010974835.1_ASM1097483v1_genomic                       0.05%    passed     78.50%
 470  GCA_010974845.1_ASM1097484v1_genomic                       0.10%    passed     82.64%
 471  GCA_010974855.1_ASM1097485v1_genomic                       1.57%    passed     93.92%
 472  GCA_013391945.1_ASM1339194v1_genomic                       0.12%    passed     99.84%
 473  GCA_013391965.1_ASM1339196v1_genomic                       0.02%    passed     99.18%
 474  GCA_013392045.1_ASM1339204v1_genomic                       0.29%    passed     96.45%
 475  GCA_013392055.1_ASM1339205v1_genomic                       0.26%    passed     96.72%
 476  GCA_013392075.1_ASM1339207v1_genomic                       0.29%    passed     96.45%
 477  GCA_013392085.1_ASM1339208v1_genomic                       0.29%    passed     96.45%
 478  GCA_013392105.1_ASM1339210v1_genomic                       0.26%    passed     96.72%
 479  GCA_013392145.1_ASM1339214v1_genomic                       0.26%    passed     96.43%
 480  GCA_013421455.1_ASM1342145v1_genomic                       0.10%    passed     90.23%
 481  GCA_013421465.1_ASM1342146v1_genomic                       0.07%    passed     90.03%
 482  GCA_013421535.1_ASM1342153v1_genomic                       1.55%    passed     82.49%
 483  GCA_013421545.1_ASM1342154v1_genomic                       0.19%    passed     91.87%
 484  GCA_013421555.1_ASM1342155v1_genomic                       0.07%    passed     90.53%
 485  GCA_014734355.1_ASM1473435v1_genomic                       0.26%    passed     96.72%
 486  GCA_014734395.1_ASM1473439v1_genomic                       0.26%    passed     96.72%
 487  GCA_014734405.1_ASM1473440v1_genomic                       0.26%    passed     96.72%
 488  GCA_015158475.1_ASM1515847v1_genomic                       1.00%    passed     97.64%
 489  GCA_015158485.1_ASM1515848v1_genomic                       0.00%    passed     96.93%
 490  GCA_015158575.1_ASM1515857v1_genomic                       0.00%    passed     98.52%
 491  GCA_015158585.1_ASM1515858v1_genomic                       0.00%    passed     98.86%
 492  GCA_015158615.1_ASM1515861v1_genomic                       0.14%    passed     98.86%
 493  GCA_015158625.1_ASM1515862v1_genomic                       1.00%    passed     97.64%
 494  GCA_015158635.1_ASM1515863v1_genomic                       0.00%    passed     98.52%
 495  GCA_015158675.1_ASM1515867v1_genomic                       0.00%    passed     99.80%
 496  GCA_015158695.1_ASM1515869v1_genomic                       1.05%    passed     99.85%
 497  GCA_015158705.1_ASM1515870v1_genomic                       0.02%    passed     99.95%
 498  GCA_015158715.1_ASM1515871v1_genomic                       0.00%    passed     99.87%
 499  GCA_015158755.1_ASM1515875v1_genomic                       0.00%    passed     99.89%
 500  GCA_015158765.1_ASM1515876v1_genomic                       0.00%    passed     99.87%
 501  GCA_015158795.1_ASM1515879v1_genomic                       0.00%    passed     99.89%
 502  GCA_015158805.1_ASM1515880v1_genomic                       0.02%    passed     99.81%
 503  GCA_015158815.1_ASM1515881v1_genomic                       0.02%    passed     99.84%
 504  GCA_015158845.1_ASM1515884v1_genomic                       0.00%    passed     99.87%
 505  GCA_015158875.1_ASM1515887v1_genomic                       0.00%    passed     99.89%
 506  GCA_015158895.1_ASM1515889v1_genomic                       0.00%    passed     99.87%
 507  GCA_015158905.1_ASM1515890v1_genomic                       0.00%    passed     99.76%
 508  GCA_015158935.1_ASM1515893v1_genomic                       0.02%    passed     99.92%
 509  GCA_015158945.1_ASM1515894v1_genomic                       0.00%    passed     99.89%
 510  GCA_015158955.1_ASM1515895v1_genomic                       0.38%    passed     99.86%
 511  GCA_015158995.1_ASM1515899v1_genomic                       0.00%    passed     99.56%
 512  GCA_015159005.1_ASM1515900v1_genomic                       0.00%    passed     99.76%
 513  GCA_015159035.1_ASM1515903v1_genomic                       0.00%    passed     99.89%
 514  GCA_015159045.1_ASM1515904v1_genomic                       0.02%    passed     99.78%
 515  GCA_015159075.1_ASM1515907v1_genomic                       0.00%    passed     99.78%
 516  GCA_015159085.1_ASM1515908v1_genomic                       0.00%    passed     99.89%
 517  GCA_015159105.1_ASM1515910v1_genomic                       0.00%    passed     99.78%
 518  GCA_015159135.1_ASM1515913v1_genomic                       0.00%    passed     99.82%
 519  GCA_015159145.1_ASM1515914v1_genomic                       0.00%    passed     99.82%
 520  GCA_015159175.1_ASM1515917v1_genomic                       0.00%    passed     99.56%
 521  GCA_015159195.1_ASM1515919v1_genomic                       0.00%    passed     99.89%
 522  GCA_015159615.1_ASM1515961v1_genomic                       0.05%    passed     71.99%
 523  GCA_015190655.1_ASM1519065v1_genomic                       0.00%    passed     99.89%
 524  GCA_015274685.1_ASM1527468v1_genomic                       0.02%    passed     97.75%
 525  GCA_015274715.1_ASM1527471v1_genomic                       0.17%    passed     98.12%
 526  GCA_015274745.1_ASM1527474v1_genomic                       0.05%    passed     97.98%
 527  GCA_015336085.1_ASM1533608v1_genomic                       0.00%    passed     74.47%
 528  GCA_015336265.1_ASM1533626v1_genomic                       0.00%    passed     99.46%
 529  GCA_015336465.1_ASM1533646v1_genomic                       0.57%    passed     99.37%
 530  GCA_015336695.1_ASM1533669v1_genomic                       0.05%    passed     75.25%
 531  GCA_015336865.1_ASM1533686v1_genomic                       0.07%    passed     88.92%
 532  GCA_015337085.1_ASM1533708v1_genomic                       2.07%    passed     93.46%
 533  GCA_015337285.1_ASM1533728v1_genomic                       0.07%    passed     89.78%
 534  GCA_015337445.1_ASM1533744v1_genomic                       0.00%    passed     73.33%
 535  GCA_015337645.1_ASM1533764v1_genomic                       0.05%    passed     75.97%
 536  GCA_015337825.1_ASM1533782v1_genomic                       0.02%    passed     92.43%
 537  GCA_015338045.1_ASM1533804v1_genomic                       0.26%    passed     93.17%
 538  GCA_015338205.1_ASM1533820v1_genomic                       0.76%    passed     98.21%
 539  GCA_015350425.1_ASM1535042v1_genomic                       0.33%    passed     80.88%
 540  GCA_015350435.1_ASM1535043v1_genomic                       0.52%    passed     69.08%
 541  GCA_015350455.1_ASM1535045v1_genomic                       0.38%    passed     76.34%
 542  GCA_016102545.1_ASM1610254v1_genomic                       0.12%    passed     94.44%
 543  GCA_016102555.1_ASM1610255v1_genomic                       3.40%    passed     80.95%
 544  GCA_016102565.1_ASM1610256v1_genomic                       2.00%    passed     89.61%
 545  GCA_016102575.1_ASM1610257v1_genomic                       0.24%    passed     95.08%
 546  GCA_016102585.1_ASM1610258v1_genomic                       0.02%    passed     76.26%
 547  GCA_016102645.1_ASM1610264v1_genomic                       0.55%    passed     78.30%
 548  GCA_016102655.1_ASM1610265v1_genomic                       0.21%    passed     85.12%
 549  GCA_016102665.1_ASM1610266v1_genomic                       1.16%    passed     86.13%
 550  GCA_016102675.1_ASM1610267v1_genomic                       0.02%    passed     76.26%
 551  GCA_016102685.1_ASM1610268v1_genomic                       0.64%    passed     77.60%
 552  GCA_016102745.1_ASM1610274v1_genomic                       0.33%    passed     74.42%
 553  GCA_016102755.1_ASM1610275v1_genomic                       0.12%    passed     93.91%
 554  GCA_016102765.1_ASM1610276v1_genomic                       0.05%    passed     79.32%
 555  GCA_016102775.1_ASM1610277v1_genomic                       0.12%    passed     84.13%
 556  GCA_016102785.1_ASM1610278v1_genomic                       0.67%    passed     80.29%
 557  GCA_016102845.1_ASM1610284v1_genomic                       0.05%    passed     77.26%
 558  GCA_016102855.1_ASM1610285v1_genomic                       0.00%    passed     76.27%
 559  GCA_016102875.1_ASM1610287v1_genomic                       0.52%    passed     84.98%
 560  GCA_016102905.1_ASM1610290v1_genomic                       0.07%    passed     76.25%
 561  GCA_016102915.1_ASM1610291v1_genomic                       0.02%    passed     73.62%
 562  GCA_016102945.1_ASM1610294v1_genomic                       0.05%    passed     81.02%
 563  GCA_016102965.1_ASM1610296v1_genomic                       0.05%    passed     73.60%
 564  GCA_016102975.1_ASM1610297v1_genomic                       0.05%    passed     75.43%
 565  GCA_016103005.1_ASM1610300v1_genomic                       0.05%    passed     78.20%
 566  GCA_900460465.1_57940_B01_genomic                          0.24%    passed     95.44%
 567  IP283                                                      1.00%    passed     95.66%
 568  IP542                                                      6.66%    passed     55.10%
 569  IP543                                                      6.30%    passed     58.02%
 570  IP557                                                      2.64%    passed     71.65%
 571  IP562                                                      0.62%    passed     89.72%
 572  IP579                                                      2.52%    passed     97.57%
 573  Reference                                                  0.00%    passed     93.40%
 574  SAMEA104233046                                            15.19%    passed     11.49%
 575  SAMEA104233047                                            22.70%    failed      3.50%
 576  SAMEA104233048                                            20.92%    passed     21.68%
 577  SAMEA104233049                                             1.16%    passed     49.36%
 578  SAMEA104488961                                             0.17%    passed     22.20%
 579  SAMEA1061800                                               2.07%    passed     77.75%
 580  SAMEA3541826                                               8.44%    passed     90.68%
 581  SAMEA3541827                                               5.68%    passed     62.97%
 582  SAMEA3713711                                               3.52%    passed     88.80%
 583  SAMEA3713712                                               1.76%    passed     83.68%
 584  SAMEA3713713                                               1.45%    passed     85.01%
 585  SAMEA3713714                                               3.52%    passed     93.33%
 586  SAMEA3713715                                               1.40%    passed     87.69%
 587  SAMEA3937653                                               3.95%    passed     92.95%
 588  SAMEA3937654                                               1.71%    passed     90.66%
 589  SAMEA4354665                                               1.45%    passed     93.16%
 590  SAMEA5054089                                               4.18%    passed     50.59%
 591  SAMEA5054090                                               3.66%    passed     69.30%
 592  SAMEA5054092                                               4.06%    passed     98.69%
 593  SAMEA5054093                                              22.20%    passed     99.98%
 594  SAMEA5661360                                              10.03%    passed     60.16%
 595  SAMEA5661363                                               0.14%    passed     93.29%
 596  SAMEA5661364                                              22.72%    passed     26.83%
 597  SAMEA5661365                                               9.22%    passed     64.04%
 598  SAMEA5661367                                               2.71%    passed     95.57%
 599  SAMEA5661372                                               9.20%    passed     78.52%
 600  SAMEA5661384                                               8.49%    passed     85.79%
 601  SAMEA5661385                                              12.60%    passed     91.47%
 602  SAMEA5661389                                               7.84%    passed     88.18%
 603  SAMEA5661390                                              23.34%    passed     80.34%
 604  SAMEA5818798                                               3.73%    passed     99.64%
 605  SAMEA5818799                                               1.24%    passed     93.69%
 606  SAMEA5818800                                               1.07%    passed     93.72%
 607  SAMEA5818801                                               1.81%    passed     96.12%
 608  SAMEA5818803                                               0.55%    passed     99.92%
 609  SAMEA5818805                                               1.45%    passed     98.41%
 610  SAMEA5818806                                               0.55%    passed     89.53%
 611  SAMEA5818808                                              14.24%    passed     72.41%
 612  SAMEA5818809                                               2.14%    passed     85.38%
 613  SAMEA5818811                                              11.22%    passed     52.47%
 614  SAMEA5818815                                               0.36%    passed     98.81%
 615  SAMEA5818817                                               4.68%    passed     81.12%
 616  SAMEA5818818                                               5.04%    passed     87.74%
 617  SAMEA5818821                                               3.66%    passed     96.17%
 618  SAMEA5818822                                               8.75%    passed     90.48%
 619  SAMEA5818825                                              10.05%    passed     78.18%
 620  SAMEA5818826                                               0.14%    passed     99.87%
 621  SAMEA5818828                                               2.64%    passed     99.43%
 622  SAMEA5818829                                               1.12%    passed     97.66%
 623  SAMEA5818830                                               2.04%    passed     99.29%
 624  SAMEA6637002                                               0.12%    passed     99.12%
 625  SAMEA6637004                                               1.07%    passed     99.24%
 626  SAMEA6651390                                               0.33%    passed     99.36%
 627  SAMEA6812876                                              10.70%    passed      7.75%
 628  SAMEA6812877                                               3.09%    failed      4.61%
 629  SAMEA7293135                                               1.85%    passed     88.15%
 630  SAMEA7293136                                              10.82%    passed     91.53%
 631  SAMEA7313236_38                                            3.54%    passed     33.52%
 632  SAMEA7313243_45                                           19.25%    passed     98.86%
 633  SAMEA7313246_49                                            0.10%    passed     99.14%
 634  SAMN00715800                                               3.85%    passed     59.46%
****  TOTAL                                                      1.26%  4 sequences failed composition chi2 test (p-value<5%; df=3)
Reading tree /2/scratch/keaton/plague-phylogeography/results/iqtree/all/iqtree-core_chromosome.filter5.treefile ...
un-rooted tree with 634 taxa and 1265 branches
Computing site concordance factor...
4.708 sec
Tree with concordance factors written to /2/scratch/keaton/plague-phylogeography/results/iqtree/all/iqtree-core_chromosome.filter5_post.cf.tree
Annotated tree (best viewed in FigTree) written to /2/scratch/keaton/plague-phylogeography/results/iqtree/all/iqtree-core_chromosome.filter5_post.cf.tree.nex
Tree with branch IDs written to /2/scratch/keaton/plague-phylogeography/results/iqtree/all/iqtree-core_chromosome.filter5_post.cf.branch
Concordance factors per branch printed to /2/scratch/keaton/plague-phylogeography/results/iqtree/all/iqtree-core_chromosome.filter5_post.cf.stat
Date and Time: Thu Feb  4 19:49:31 2021
