
0.00	-TreeAnc: set-up
Assigned discrete traits to 522 out of 540 taxa.


0.22	-SequenceData: loaded alignment.

0.22	-SeqData: making compressed alignment...

0.22	-SequenceData: constructed compressed alignment...

0.24	-TreeAnc.infer_ancestral_sequences with method: ml, marginal
0.24	--TreeAnc._ml_anc_marginal: type of reconstruction: Marginal
0.24	---Attaching sequence profiles to leafs...
0.25	---Postorder: computing likelihoods...
0.31	---Computing root node sequence and total tree likelihood...
0.31	---Preorder: computing marginal profiles...
0.38	---TreeAnc._ml_anc_marginal: ...done
0.49	--TreeAnc.infer_gtr: counting mutations...
0.60	---TreeAnc.infer_gtr: counting mutations...done

0.61	-GTR: with alphabet: ['A', 'B', 'C', 'D', 'E', 'F', 'G', 'H', 'I', 'J',
    	 'K', 'L', 'M', 'N', 'O', 'P', 'Q', 'R', 'S', 'T', 'U', 'V', 'W', 'X', 'Y',
    	 'Z', '[', '\\', ']', '^', '_', '`', 'a', 'b', 'c', 'd', 'e']
0.61	--GTR: ambiguous character: f
0.61	----GTR: no gap symbol!
0.61	---GTR: init with dummy values!

0.61	-GTR: model inference
0.61	---GTR inference iteration 0 change: 0.1643989873053573
0.61	---GTR inference iteration 1 change: 0.01726189420284081
0.61	---GTR inference iteration 2 change: 0.0005852323404837084
0.61	---GTR inference iteration 3 change: 5.398605676271285e-05
0.61	--TreeAnc._ml_anc_marginal: type of reconstruction: Marginal
0.61	---Attaching sequence profiles to leafs...
0.62	---Postorder: computing likelihoods...
0.73	---Computing root node sequence and total tree likelihood...
0.73	---Preorder: computing marginal profiles...
0.84	---TreeAnc._ml_anc_marginal: ...done
0.96	---Attaching sequence profiles to leafs...
0.96	---Postorder: computing likelihoods...
1.06	---Computing root node sequence and total tree likelihood...
1.07	---Attaching sequence profiles to leafs...
1.07	---Postorder: computing likelihoods...
1.19	---Computing root node sequence and total tree likelihood...
1.19	---Attaching sequence profiles to leafs...
1.20	---Postorder: computing likelihoods...
1.33	---Computing root node sequence and total tree likelihood...
1.34	---Attaching sequence profiles to leafs...
1.34	---Postorder: computing likelihoods...
1.41	---Computing root node sequence and total tree likelihood...
1.41	---Attaching sequence profiles to leafs...
1.42	---Postorder: computing likelihoods...
1.52	---Computing root node sequence and total tree likelihood...
1.52	---Attaching sequence profiles to leafs...
1.53	---Postorder: computing likelihoods...
1.64	---Computing root node sequence and total tree likelihood...
1.64	---Attaching sequence profiles to leafs...
1.64	---Postorder: computing likelihoods...
1.75	---Computing root node sequence and total tree likelihood...
1.75	---Attaching sequence profiles to leafs...
1.76	---Postorder: computing likelihoods...
1.86	---Computing root node sequence and total tree likelihood...
1.86	---Attaching sequence profiles to leafs...
1.87	---Postorder: computing likelihoods...
1.98	---Computing root node sequence and total tree likelihood...
1.98	---Attaching sequence profiles to leafs...
1.99	---Postorder: computing likelihoods...
2.08	---Computing root node sequence and total tree likelihood...
2.08	---Attaching sequence profiles to leafs...
2.09	---Postorder: computing likelihoods...
2.21	---Computing root node sequence and total tree likelihood...
2.21	---Attaching sequence profiles to leafs...
2.22	---Postorder: computing likelihoods...
2.34	---Computing root node sequence and total tree likelihood...
2.34	---Attaching sequence profiles to leafs...
2.34	---Postorder: computing likelihoods...
2.42	---Computing root node sequence and total tree likelihood...
2.42	---Attaching sequence profiles to leafs...
2.42	---Postorder: computing likelihoods...
2.56	---Computing root node sequence and total tree likelihood...
2.56	---Attaching sequence profiles to leafs...
2.57	---Postorder: computing likelihoods...
2.63	---Computing root node sequence and total tree likelihood...
2.63	---Attaching sequence profiles to leafs...
2.63	---Postorder: computing likelihoods...
2.73	---Computing root node sequence and total tree likelihood...
2.73	---Attaching sequence profiles to leafs...
2.74	---Postorder: computing likelihoods...
2.82	---Computing root node sequence and total tree likelihood...
2.82	---Attaching sequence profiles to leafs...
2.83	---Postorder: computing likelihoods...
2.94	---Computing root node sequence and total tree likelihood...
2.95	---Attaching sequence profiles to leafs...
2.95	---Postorder: computing likelihoods...
3.04	---Computing root node sequence and total tree likelihood...

3.04	-treeanc:optimize_gtr_rate: optimization successful. Overall rate estimated
    	 to be 80.938154
3.04	--TreeAnc.infer_gtr: counting mutations...
3.18	---TreeAnc.infer_gtr: counting mutations...done

3.18	-GTR: with alphabet: ['A', 'B', 'C', 'D', 'E', 'F', 'G', 'H', 'I', 'J',
    	 'K', 'L', 'M', 'N', 'O', 'P', 'Q', 'R', 'S', 'T', 'U', 'V', 'W', 'X', 'Y',
    	 'Z', '[', '\\', ']', '^', '_', '`', 'a', 'b', 'c', 'd', 'e']
3.18	--GTR: ambiguous character: f
3.18	----GTR: no gap symbol!
3.18	---GTR: init with dummy values!

3.18	-GTR: model inference
3.18	---GTR inference iteration 0 change: 0.1643989873053573
3.18	---GTR inference iteration 1 change: 0.018911297381206928
3.18	---GTR inference iteration 2 change: 0.0005700894621026866
3.18	---GTR inference iteration 3 change: 7.080534666366232e-05
3.18	---Attaching sequence profiles to leafs...
3.18	---Postorder: computing likelihoods...
3.25	---Computing root node sequence and total tree likelihood...
3.25	---Attaching sequence profiles to leafs...
3.25	---Postorder: computing likelihoods...
3.34	---Computing root node sequence and total tree likelihood...
3.34	---Attaching sequence profiles to leafs...
3.35	---Postorder: computing likelihoods...
3.45	---Computing root node sequence and total tree likelihood...
3.45	---Attaching sequence profiles to leafs...
3.46	---Postorder: computing likelihoods...
3.55	---Computing root node sequence and total tree likelihood...
3.56	---Attaching sequence profiles to leafs...
3.56	---Postorder: computing likelihoods...
3.67	---Computing root node sequence and total tree likelihood...
3.67	---Attaching sequence profiles to leafs...
3.68	---Postorder: computing likelihoods...
3.78	---Computing root node sequence and total tree likelihood...
3.78	---Attaching sequence profiles to leafs...
3.79	---Postorder: computing likelihoods...
3.89	---Computing root node sequence and total tree likelihood...
3.89	---Attaching sequence profiles to leafs...
3.91	---Postorder: computing likelihoods...
4.04	---Computing root node sequence and total tree likelihood...
4.04	---Attaching sequence profiles to leafs...
4.05	---Postorder: computing likelihoods...
4.15	---Computing root node sequence and total tree likelihood...
4.15	---Attaching sequence profiles to leafs...
4.16	---Postorder: computing likelihoods...
4.26	---Computing root node sequence and total tree likelihood...
4.26	---Attaching sequence profiles to leafs...
4.27	---Postorder: computing likelihoods...
4.38	---Computing root node sequence and total tree likelihood...
4.38	---Attaching sequence profiles to leafs...
4.38	---Postorder: computing likelihoods...
4.49	---Computing root node sequence and total tree likelihood...
4.49	---Attaching sequence profiles to leafs...
4.50	---Postorder: computing likelihoods...
4.60	---Computing root node sequence and total tree likelihood...
4.60	---Attaching sequence profiles to leafs...
4.61	---Postorder: computing likelihoods...
4.73	---Computing root node sequence and total tree likelihood...
4.73	---Attaching sequence profiles to leafs...
4.74	---Postorder: computing likelihoods...
4.84	---Computing root node sequence and total tree likelihood...
4.84	---Attaching sequence profiles to leafs...
4.85	---Postorder: computing likelihoods...
4.96	---Computing root node sequence and total tree likelihood...
4.96	---Attaching sequence profiles to leafs...
4.97	---Postorder: computing likelihoods...
5.07	---Computing root node sequence and total tree likelihood...
5.07	---Attaching sequence profiles to leafs...
5.08	---Postorder: computing likelihoods...
5.16	---Computing root node sequence and total tree likelihood...
5.16	---Attaching sequence profiles to leafs...
5.17	---Postorder: computing likelihoods...
5.28	---Computing root node sequence and total tree likelihood...

5.28	-treeanc:optimize_gtr_rate: optimization successful. Overall rate estimated
    	 to be 80.651510
5.28	--TreeAnc.infer_gtr: counting mutations...
5.42	---TreeAnc.infer_gtr: counting mutations...done

5.42	-GTR: with alphabet: ['A', 'B', 'C', 'D', 'E', 'F', 'G', 'H', 'I', 'J',
    	 'K', 'L', 'M', 'N', 'O', 'P', 'Q', 'R', 'S', 'T', 'U', 'V', 'W', 'X', 'Y',
    	 'Z', '[', '\\', ']', '^', '_', '`', 'a', 'b', 'c', 'd', 'e']
5.42	--GTR: ambiguous character: f
5.42	----GTR: no gap symbol!
5.42	---GTR: init with dummy values!

5.42	-GTR: model inference
5.42	---GTR inference iteration 0 change: 0.1643989873053573
5.42	---GTR inference iteration 1 change: 0.019023531076581782
5.42	---GTR inference iteration 2 change: 0.0005682579153536813
5.42	---GTR inference iteration 3 change: 7.300930516683015e-05
5.42	---Attaching sequence profiles to leafs...
5.43	---Postorder: computing likelihoods...
5.54	---Computing root node sequence and total tree likelihood...
5.54	---Attaching sequence profiles to leafs...
5.55	---Postorder: computing likelihoods...
5.65	---Computing root node sequence and total tree likelihood...
5.65	---Attaching sequence profiles to leafs...
5.66	---Postorder: computing likelihoods...
5.76	---Computing root node sequence and total tree likelihood...
5.77	---Attaching sequence profiles to leafs...
5.78	---Postorder: computing likelihoods...
5.88	---Computing root node sequence and total tree likelihood...
5.88	---Attaching sequence profiles to leafs...
5.89	---Postorder: computing likelihoods...
6.00	---Computing root node sequence and total tree likelihood...
6.00	---Attaching sequence profiles to leafs...
6.01	---Postorder: computing likelihoods...
6.12	---Computing root node sequence and total tree likelihood...
6.12	---Attaching sequence profiles to leafs...
6.12	---Postorder: computing likelihoods...
6.18	---Computing root node sequence and total tree likelihood...
6.18	---Attaching sequence profiles to leafs...
6.19	---Postorder: computing likelihoods...
6.30	---Computing root node sequence and total tree likelihood...
6.30	---Attaching sequence profiles to leafs...
6.31	---Postorder: computing likelihoods...
6.38	---Computing root node sequence and total tree likelihood...
6.38	---Attaching sequence profiles to leafs...
6.38	---Postorder: computing likelihoods...
6.48	---Computing root node sequence and total tree likelihood...
6.48	---Attaching sequence profiles to leafs...
6.49	---Postorder: computing likelihoods...
6.61	---Computing root node sequence and total tree likelihood...
6.61	---Attaching sequence profiles to leafs...
6.62	---Postorder: computing likelihoods...
6.74	---Computing root node sequence and total tree likelihood...
6.75	---Attaching sequence profiles to leafs...
6.75	---Postorder: computing likelihoods...
6.86	---Computing root node sequence and total tree likelihood...
6.86	---Attaching sequence profiles to leafs...
6.87	---Postorder: computing likelihoods...
6.97	---Computing root node sequence and total tree likelihood...
6.97	---Attaching sequence profiles to leafs...
6.98	---Postorder: computing likelihoods...
7.08	---Computing root node sequence and total tree likelihood...
7.08	---Attaching sequence profiles to leafs...
7.08	---Postorder: computing likelihoods...
7.19	---Computing root node sequence and total tree likelihood...
7.20	---Attaching sequence profiles to leafs...
7.21	---Postorder: computing likelihoods...
7.29	---Computing root node sequence and total tree likelihood...
7.31	---Attaching sequence profiles to leafs...
7.32	---Postorder: computing likelihoods...
7.39	---Computing root node sequence and total tree likelihood...
7.41	---Attaching sequence profiles to leafs...
7.42	---Postorder: computing likelihoods...
7.54	---Computing root node sequence and total tree likelihood...
7.54	---Attaching sequence profiles to leafs...
7.55	---Postorder: computing likelihoods...
7.65	---Computing root node sequence and total tree likelihood...
7.66	---Attaching sequence profiles to leafs...
7.66	---Postorder: computing likelihoods...
7.76	---Computing root node sequence and total tree likelihood...
7.76	---Attaching sequence profiles to leafs...
7.77	---Postorder: computing likelihoods...
7.87	---Computing root node sequence and total tree likelihood...
7.87	---Attaching sequence profiles to leafs...
7.88	---Postorder: computing likelihoods...
7.98	---Computing root node sequence and total tree likelihood...
7.98	---Attaching sequence profiles to leafs...
7.99	---Postorder: computing likelihoods...
8.11	---Computing root node sequence and total tree likelihood...
8.12	---Attaching sequence profiles to leafs...
8.12	---Postorder: computing likelihoods...
8.23	---Computing root node sequence and total tree likelihood...
8.24	---Attaching sequence profiles to leafs...
8.24	---Postorder: computing likelihoods...
8.34	---Computing root node sequence and total tree likelihood...
8.34	---Attaching sequence profiles to leafs...
8.35	---Postorder: computing likelihoods...
8.45	---Computing root node sequence and total tree likelihood...
8.45	---Attaching sequence profiles to leafs...
8.46	---Postorder: computing likelihoods...
8.55	---Computing root node sequence and total tree likelihood...
8.55	---Attaching sequence profiles to leafs...
8.56	---Postorder: computing likelihoods...
8.67	---Computing root node sequence and total tree likelihood...
8.67	---Attaching sequence profiles to leafs...
8.68	---Postorder: computing likelihoods...
8.78	---Computing root node sequence and total tree likelihood...
8.78	---Attaching sequence profiles to leafs...
8.79	---Postorder: computing likelihoods...
8.89	---Computing root node sequence and total tree likelihood...

8.89	-treeanc:optimize_gtr_rate: optimization successful. Overall rate estimated
    	 to be 80.641943
8.89	--TreeAnc.infer_gtr: counting mutations...
9.09	---TreeAnc.infer_gtr: counting mutations...done

9.10	-GTR: with alphabet: ['A', 'B', 'C', 'D', 'E', 'F', 'G', 'H', 'I', 'J',
    	 'K', 'L', 'M', 'N', 'O', 'P', 'Q', 'R', 'S', 'T', 'U', 'V', 'W', 'X', 'Y',
    	 'Z', '[', '\\', ']', '^', '_', '`', 'a', 'b', 'c', 'd', 'e']
9.10	--GTR: ambiguous character: f
9.10	----GTR: no gap symbol!
9.10	---GTR: init with dummy values!

9.10	-GTR: model inference
9.10	---GTR inference iteration 0 change: 0.1643989873053573
9.10	---GTR inference iteration 1 change: 0.01904034623042343
9.10	---GTR inference iteration 2 change: 0.0005676386514292885
9.10	---GTR inference iteration 3 change: 7.336579730250207e-05
9.10	---Attaching sequence profiles to leafs...
9.11	---Postorder: computing likelihoods...
9.23	---Computing root node sequence and total tree likelihood...
9.23	---Attaching sequence profiles to leafs...
9.24	---Postorder: computing likelihoods...
9.35	---Computing root node sequence and total tree likelihood...
9.35	---Attaching sequence profiles to leafs...
9.36	---Postorder: computing likelihoods...
9.45	---Computing root node sequence and total tree likelihood...
9.46	---Attaching sequence profiles to leafs...
9.46	---Postorder: computing likelihoods...
9.57	---Computing root node sequence and total tree likelihood...
9.57	---Attaching sequence profiles to leafs...
9.58	---Postorder: computing likelihoods...
9.69	---Computing root node sequence and total tree likelihood...
9.69	---Attaching sequence profiles to leafs...
9.70	---Postorder: computing likelihoods...
9.83	---Computing root node sequence and total tree likelihood...
9.83	---Attaching sequence profiles to leafs...
9.84	---Postorder: computing likelihoods...
9.95	---Computing root node sequence and total tree likelihood...
9.95	---Attaching sequence profiles to leafs...
9.96	---Postorder: computing likelihoods...
10.06	---Computing root node sequence and total tree likelihood...
10.07	---Attaching sequence profiles to leafs...
10.07	---Postorder: computing likelihoods...
10.19	---Computing root node sequence and total tree likelihood...
10.19	---Attaching sequence profiles to leafs...
10.20	---Postorder: computing likelihoods...
10.30	---Computing root node sequence and total tree likelihood...
10.30	---Attaching sequence profiles to leafs...
10.31	---Postorder: computing likelihoods...
10.44	---Computing root node sequence and total tree likelihood...
10.44	---Attaching sequence profiles to leafs...
10.44	---Postorder: computing likelihoods...
10.53	---Computing root node sequence and total tree likelihood...
10.53	---Attaching sequence profiles to leafs...
10.53	---Postorder: computing likelihoods...
10.64	---Computing root node sequence and total tree likelihood...
10.64	---Attaching sequence profiles to leafs...
10.65	---Postorder: computing likelihoods...
10.76	---Computing root node sequence and total tree likelihood...
10.76	---Attaching sequence profiles to leafs...
10.77	---Postorder: computing likelihoods...
10.86	---Computing root node sequence and total tree likelihood...
10.86	---Attaching sequence profiles to leafs...
10.87	---Postorder: computing likelihoods...
10.96	---Computing root node sequence and total tree likelihood...
10.97	---Attaching sequence profiles to leafs...
10.97	---Postorder: computing likelihoods...
11.07	---Computing root node sequence and total tree likelihood...

11.07	-treeanc:optimize_gtr_rate: optimization successful. Overall rate
     	 estimated to be 80.641044
11.07	--TreeAnc.infer_gtr: counting mutations...
11.26	---TreeAnc.infer_gtr: counting mutations...done

11.26	-GTR: with alphabet: ['A', 'B', 'C', 'D', 'E', 'F', 'G', 'H', 'I', 'J',
     	 'K', 'L', 'M', 'N', 'O', 'P', 'Q', 'R', 'S', 'T', 'U', 'V', 'W', 'X',
     	 'Y', 'Z', '[', '\\', ']', '^', '_', '`', 'a', 'b', 'c', 'd', 'e']
11.26	--GTR: ambiguous character: f
11.26	----GTR: no gap symbol!
11.26	---GTR: init with dummy values!

11.26	-GTR: model inference
11.26	---GTR inference iteration 0 change: 0.1643989873053573
11.26	---GTR inference iteration 1 change: 0.01904322467898852
11.26	---GTR inference iteration 2 change: 0.0005674903287465613
11.26	---GTR inference iteration 3 change: 7.34304641268049e-05
11.26	---Attaching sequence profiles to leafs...
11.27	---Postorder: computing likelihoods...
11.35	---Computing root node sequence and total tree likelihood...
11.35	---Attaching sequence profiles to leafs...
11.35	---Postorder: computing likelihoods...
11.45	---Computing root node sequence and total tree likelihood...
11.46	---Attaching sequence profiles to leafs...
11.46	---Postorder: computing likelihoods...
11.57	---Computing root node sequence and total tree likelihood...
11.57	---Attaching sequence profiles to leafs...
11.57	---Postorder: computing likelihoods...
11.68	---Computing root node sequence and total tree likelihood...
11.68	---Attaching sequence profiles to leafs...
11.69	---Postorder: computing likelihoods...
11.79	---Computing root node sequence and total tree likelihood...
11.79	---Attaching sequence profiles to leafs...
11.80	---Postorder: computing likelihoods...
11.93	---Computing root node sequence and total tree likelihood...
11.93	---Attaching sequence profiles to leafs...
11.94	---Postorder: computing likelihoods...
12.02	---Computing root node sequence and total tree likelihood...
12.02	---Attaching sequence profiles to leafs...
12.03	---Postorder: computing likelihoods...
12.12	---Computing root node sequence and total tree likelihood...
12.12	---Attaching sequence profiles to leafs...
12.12	---Postorder: computing likelihoods...
12.23	---Computing root node sequence and total tree likelihood...
12.23	---Attaching sequence profiles to leafs...
12.24	---Postorder: computing likelihoods...
12.32	---Computing root node sequence and total tree likelihood...
12.32	---Attaching sequence profiles to leafs...
12.33	---Postorder: computing likelihoods...
12.44	---Computing root node sequence and total tree likelihood...
12.44	---Attaching sequence profiles to leafs...
12.45	---Postorder: computing likelihoods...
12.54	---Computing root node sequence and total tree likelihood...
12.54	---Attaching sequence profiles to leafs...
12.55	---Postorder: computing likelihoods...
12.67	---Computing root node sequence and total tree likelihood...
12.67	---Attaching sequence profiles to leafs...
12.68	---Postorder: computing likelihoods...
12.78	---Computing root node sequence and total tree likelihood...
12.78	---Attaching sequence profiles to leafs...
12.79	---Postorder: computing likelihoods...
12.90	---Computing root node sequence and total tree likelihood...
12.90	---Attaching sequence profiles to leafs...
12.91	---Postorder: computing likelihoods...
13.03	---Computing root node sequence and total tree likelihood...
13.04	---Attaching sequence profiles to leafs...
13.05	---Postorder: computing likelihoods...
13.14	---Computing root node sequence and total tree likelihood...
13.14	---Attaching sequence profiles to leafs...
13.15	---Postorder: computing likelihoods...
13.26	---Computing root node sequence and total tree likelihood...
13.26	---Attaching sequence profiles to leafs...
13.27	---Postorder: computing likelihoods...
13.34	---Computing root node sequence and total tree likelihood...

13.34	-treeanc:optimize_gtr_rate: optimization successful. Overall rate
     	 estimated to be 80.641040
13.34	--TreeAnc.infer_gtr: counting mutations...
13.49	---TreeAnc.infer_gtr: counting mutations...done

13.49	-GTR: with alphabet: ['A', 'B', 'C', 'D', 'E', 'F', 'G', 'H', 'I', 'J',
     	 'K', 'L', 'M', 'N', 'O', 'P', 'Q', 'R', 'S', 'T', 'U', 'V', 'W', 'X',
     	 'Y', 'Z', '[', '\\', ']', '^', '_', '`', 'a', 'b', 'c', 'd', 'e']
13.50	--GTR: ambiguous character: f
13.50	----GTR: no gap symbol!
13.50	---GTR: init with dummy values!

13.50	-GTR: model inference
13.50	---GTR inference iteration 0 change: 0.1643989873053573
13.50	---GTR inference iteration 1 change: 0.01904368342529159
13.50	---GTR inference iteration 2 change: 0.0005674559190788766
13.50	---GTR inference iteration 3 change: 7.34419248046978e-05
13.50	---Attaching sequence profiles to leafs...
13.50	---Postorder: computing likelihoods...
13.58	---Computing root node sequence and total tree likelihood...
13.58	---Attaching sequence profiles to leafs...
13.58	---Postorder: computing likelihoods...
13.68	---Computing root node sequence and total tree likelihood...
13.68	---Attaching sequence profiles to leafs...
13.69	---Postorder: computing likelihoods...
13.78	---Computing root node sequence and total tree likelihood...
13.78	---Attaching sequence profiles to leafs...
13.79	---Postorder: computing likelihoods...
13.90	---Computing root node sequence and total tree likelihood...
13.90	---Attaching sequence profiles to leafs...
13.91	---Postorder: computing likelihoods...
14.04	---Computing root node sequence and total tree likelihood...
14.04	---Attaching sequence profiles to leafs...
14.05	---Postorder: computing likelihoods...
14.13	---Computing root node sequence and total tree likelihood...
14.13	---Attaching sequence profiles to leafs...
14.14	---Postorder: computing likelihoods...
14.25	---Computing root node sequence and total tree likelihood...
14.25	---Attaching sequence profiles to leafs...
14.26	---Postorder: computing likelihoods...
14.36	---Computing root node sequence and total tree likelihood...
14.36	---Attaching sequence profiles to leafs...
14.37	---Postorder: computing likelihoods...
14.47	---Computing root node sequence and total tree likelihood...
14.47	---Attaching sequence profiles to leafs...
14.48	---Postorder: computing likelihoods...
14.56	---Computing root node sequence and total tree likelihood...
14.56	---Attaching sequence profiles to leafs...
14.57	---Postorder: computing likelihoods...
14.67	---Computing root node sequence and total tree likelihood...
14.68	---Attaching sequence profiles to leafs...
14.68	---Postorder: computing likelihoods...
14.79	---Computing root node sequence and total tree likelihood...
14.80	---Attaching sequence profiles to leafs...
14.80	---Postorder: computing likelihoods...
14.93	---Computing root node sequence and total tree likelihood...
14.93	---Attaching sequence profiles to leafs...
14.94	---Postorder: computing likelihoods...
15.02	---Computing root node sequence and total tree likelihood...
15.02	---Attaching sequence profiles to leafs...
15.02	---Postorder: computing likelihoods...
15.08	---Computing root node sequence and total tree likelihood...
15.11	---Attaching sequence profiles to leafs...
15.12	---Postorder: computing likelihoods...
15.18	---Computing root node sequence and total tree likelihood...
15.18	---Attaching sequence profiles to leafs...
15.19	---Postorder: computing likelihoods...
15.28	---Computing root node sequence and total tree likelihood...

15.28	-treeanc:optimize_gtr_rate: optimization successful. Overall rate
     	 estimated to be 80.641090

15.28	-TreeAnc.infer_ancestral_sequences with method: probabilistic, marginal
15.28	--TreeAnc._ml_anc_marginal: type of reconstruction: Marginal
15.28	---Attaching sequence profiles to leafs...
15.31	---Postorder: computing likelihoods...
15.38	---Computing root node sequence and total tree likelihood...
15.38	---Preorder: computing marginal profiles...
15.50	---TreeAnc._ml_anc_marginal: ...done
NOTE: previous versions (<0.7.0) of this command made a 'short-branch
length assumption. TreeTime now optimizes the overall rate numerically
and thus allows for long branches along which multiple changes
accumulated. This is expected to affect estimates of the overall rate
while leaving the relative rates mostly unchanged.
