0.00	-TreeAnc: set-up

1.30	-SequenceData: loaded alignment.
1.30	--SequenceData.aln: specified sequence length doesn't match alignment
    	  length. Treating difference as constant sites.

1.30	-SeqData: making compressed alignment...

4.19	-SequenceData: constructed compressed alignment...
4.52	--ClockTree: Setting precision to level 2

4.62	-ClockTree._assign_dates: assigned date contraints to 634 out of 634 tips.

4.62	-TreeAnc.infer_ancestral_sequences with method: probabilistic, marginal

4.62	WARNING: Previous versions of TreeTime (<0.7.0) RECONSTRUCTED sequences of
    	tips at positions with AMBIGUOUS bases. This resulted in unexpected
    	behavior is some cases and is no longer done by default. If you want to
    	replace those ambiguous sites with their most likely state, rerun with
    	`reconstruct_tip_states=True` or `--reconstruct-tip-states`.
4.62	--TreeAnc._ml_anc_marginal: type of reconstruction: Marginal
4.62	---Attaching sequence profiles to leafs...
7.18	---Postorder: computing likelihoods...
9.05	---Computing root node sequence and total tree likelihood...
9.05	---Preorder: computing marginal profiles...
11.64	---TreeAnc._ml_anc_marginal: ...done
11.73	--TreeAnc.optimize_tree_marginal: initial, LH=-7675704.08, total
     	  branch_length 0.0014
11.73	--TreeAnc.infer_gtr: counting mutations...
17.33	---TreeAnc.infer_gtr: counting mutations...done

17.33	-GTR: with alphabet: ['A', 'C', 'G', 'T', '-']
17.33	--GTR: ambiguous character: N
17.33	---GTR: init with dummy values!

17.33	-GTR: model inference
17.33	---GTR inference iteration 0 change: 0.447213595499958
17.34	---GTR inference iteration 1 change: 0.24175240879077176
17.34	---GTR inference iteration 2 change: 0.0007845699836583344
17.34	---GTR inference iteration 3 change: 6.842151191933392e-05
17.34	---GTR inference iteration 4 change: 6.807244861649466e-05
17.34	---GTR inference iteration 5 change: 3.057879174227687e-05
17.34	--The model allows for gaps which are estimated to occur at a low fraction
     	  of 6.090e-04 this can potentially result in artificats. gap fraction
     	  will be set to 0.0100
17.34	--TreeAnc.infer_gtr: setting overall rate to 1.0...

17.34	-TreeAnc.infer_ancestral_sequences with method: probabilistic, marginal
17.34	--TreeAnc._ml_anc_marginal: type of reconstruction: Marginal
17.34	---Attaching sequence profiles to leafs...
17.36	---Postorder: computing likelihoods...
18.72	---Computing root node sequence and total tree likelihood...
18.72	---Preorder: computing marginal profiles...
21.07	---TreeAnc._ml_anc_marginal: ...done

37.67	-TreeAnc.infer_ancestral_sequences with method: probabilistic, marginal
37.67	--TreeAnc._ml_anc_marginal: type of reconstruction: Marginal
37.67	---Attaching sequence profiles to leafs...
37.69	---Postorder: computing likelihoods...
39.08	---Computing root node sequence and total tree likelihood...
39.08	---Preorder: computing marginal profiles...
41.40	---TreeAnc._ml_anc_marginal: ...done
41.50	--TreeAnc.optimize_tree_marginal: iteration 0, LH=-6599788.54
     	  (1075915.54), delta branch_length=-0.0000, total branch_length 0.0014

41.50	-TreeAnc.prune_short_branches: pruning short branches (max prob at
     	 zero)...

41.88	TreeTime.reroot: with method or node: NODE0
42.25	--ClockTree.date2dist: Setting new molecular clock. rate=9.460e-09,
     	  R^2=0.2280
42.25	--TreeTime.reroot: Tree was re-rooted to node NODE0
42.76	--ClockTree.date2dist: Setting new molecular clock. rate=8.819e-09,
     	  R^2=0.2280
42.78	---TreeTime.ClockFilter: marking GCA_001601675.1_ASM160167v1_genomic as
     	   outlier, residual 3.632611 interquartile distances
42.78	---TreeTime.ClockFilter: marking GCA_002127365.1_ASM212736v1_genomic as
     	   outlier, residual 3.060968 interquartile distances
42.78	---TreeTime.ClockFilter: marking GCA_001972405.1_ASM197240v1_genomic as
     	   outlier, residual 3.586080 interquartile distances
42.78	---TreeTime.ClockFilter: marking GCA_001972385.1_ASM197238v1_genomic as
     	   outlier, residual 3.678037 interquartile distances
42.78	---TreeTime.ClockFilter: marking GCA_001972465.1_ASM197246v1_genomic as
     	   outlier, residual 3.081157 interquartile distances
42.78	---TreeTime.ClockFilter: marking GCA_001972395.1_ASM197239v1_genomic as
     	   outlier, residual 3.330505 interquartile distances
42.78	---TreeTime.ClockFilter: marking GCA_002165475.1_ASM216547v1_genomic as
     	   outlier, residual 3.349444 interquartile distances
42.78	---TreeTime.ClockFilter: marking GCA_001972415.1_ASM197241v1_genomic as
     	   outlier, residual 4.192421 interquartile distances
42.78	---TreeTime.ClockFilter: marking GCA_006376505.1_ASM637650v1_genomic as
     	   outlier, residual 3.022217 interquartile distances
42.78	---TreeTime.ClockFilter: marking
     	   GCA_000382525.1_Yersinia_pestis_G3768_assembly_genomic as outlier,
     	   residual 3.003447 interquartile distances
42.78	---TreeTime.ClockFilter: marking GCA_001188695.1_ASM118869v1_genomic as
     	   outlier, residual 3.105333 interquartile distances
42.78	---TreeTime.ClockFilter: marking GCA_001188935.1_ASM118893v1_genomic as
     	   outlier, residual 3.105333 interquartile distances
42.78	---TreeTime.ClockFilter: marking GCA_000324925.1_ASM32492v1_genomic as
     	   outlier, residual 3.003447 interquartile distances
42.78	---TreeTime.ClockFilter: marking GCA_001294815.1_ASM129481v1_genomic as
     	   outlier, residual 3.189823 interquartile distances
42.78	---TreeTime.ClockFilter: marking
     	   GCA_000382505.1_Yersinia_pestis_G1670E_assembly_genomic as outlier,
     	   residual 3.195225 interquartile distances
42.78	---TreeTime.ClockFilter: marking
     	   GCA_000382545.1_Yersinia_pestis_assembly_genomic as outlier, residual
     	   3.377378 interquartile distances
42.78	---TreeTime.ClockFilter: marking GCA_001188335.1_DYA_1_genomic as outlier,
     	   residual 3.377378 interquartile distances
42.79	---TreeTime.ClockFilter: marking GCA_006376545.1_ASM637654v1_genomic as
     	   outlier, residual 3.048982 interquartile distances
42.79	---TreeTime.ClockFilter: marking GCA_000834275.1_ASM83427v1_genomic as
     	   outlier, residual 4.204628 interquartile distances
42.79	---TreeTime.ClockFilter: marking GCA_000834885.1_ASM83488v1_genomic as
     	   outlier, residual 4.149859 interquartile distances
42.79	---TreeTime.ClockFilter: marking GCA_008630375.1_ASM863037v1_genomic as
     	   outlier, residual 5.414677 interquartile distances
42.79	---TreeTime.ClockFilter: marking GCA_008630375.2_ASM863037v2_genomic as
     	   outlier, residual 5.701158 interquartile distances
42.79	---TreeTime.ClockFilter: marking GCA_002412305.1_Y.pestis_A-1809_genomic
     	   as outlier, residual 3.058341 interquartile distances
42.79	---TreeTime.ClockFilter: marking GCA_003086075.1_ASM308607v1_genomic as
     	   outlier, residual 4.434421 interquartile distances
42.79	---TreeTime.ClockFilter: marking GCA_003086115.1_ASM308611v1_genomic as
     	   outlier, residual 3.800364 interquartile distances
42.79	---TreeTime.ClockFilter: marking GCA_001613865.1_ASM161386v1_genomic as
     	   outlier, residual 4.600769 interquartile distances

42.93	TreeTime.reroot: with method or node: NODE0
43.32	--ClockTree.date2dist: Setting new molecular clock. rate=8.742e-09,
     	  R^2=0.2837
43.32	--TreeTime.reroot: Tree was re-rooted to node NODE0
43.83	--ClockTree.date2dist: Setting new molecular clock. rate=8.742e-09,
     	  R^2=0.2837

43.83	-TreeAnc.infer_ancestral_sequences with method: probabilistic, marginal
43.83	--TreeAnc._ml_anc_marginal: type of reconstruction: Marginal
43.83	---Attaching sequence profiles to leafs...
43.84	---Postorder: computing likelihoods...
44.75	---Computing root node sequence and total tree likelihood...
44.75	---Preorder: computing marginal profiles...
46.33	---TreeAnc._ml_anc_marginal: ...done
46.42	--TreeAnc.optimize_tree_marginal: initial, LH=-6601245.25, total
     	  branch_length 0.0014

59.10	-TreeAnc.infer_ancestral_sequences with method: probabilistic, marginal
59.10	--TreeAnc._ml_anc_marginal: type of reconstruction: Marginal
59.10	---Attaching sequence profiles to leafs...
59.12	---Postorder: computing likelihoods...
60.05	---Computing root node sequence and total tree likelihood...
60.05	---Preorder: computing marginal profiles...
61.68	---TreeAnc._ml_anc_marginal: ...done
61.77	--TreeAnc.optimize_tree_marginal: iteration 0, LH=-6602064.25 (-819.01),
     	  delta branch_length=-0.0000, total branch_length 0.0014

61.77	-TreeAnc.optimize_tree_marginal: deltaLH=-819.006407, stopping iteration.

61.77	###TreeTime.run: INITIAL ROUND

61.77	-ClockTree: Maximum likelihood tree optimization with temporal constraints
61.77	--ClockTree.init_date_constraints...
61.77	---ClockTree.init_date_constraints: Initializing branch length
     	   interpolation objects...
279.10	--ClockTree.date2dist: Setting new molecular clock. rate=8.742e-09,
      	  R^2=0.2837
279.10	----ClockTree.init_date_constraints -- WARNING: Branch is marked as bad,
      	    excluding it from the optimization process. Date constraint will be
      	    ignored!
279.10	----ClockTree.init_date_constraints -- WARNING: Branch is marked as bad,
      	    excluding it from the optimization process. Date constraint will be
      	    ignored!
279.10	----ClockTree.init_date_constraints -- WARNING: Branch is marked as bad,
      	    excluding it from the optimization process. Date constraint will be
      	    ignored!
279.10	----ClockTree.init_date_constraints -- WARNING: Branch is marked as bad,
      	    excluding it from the optimization process. Date constraint will be
      	    ignored!
279.10	----ClockTree.init_date_constraints -- WARNING: Branch is marked as bad,
      	    excluding it from the optimization process. Date constraint will be
      	    ignored!
279.10	----ClockTree.init_date_constraints -- WARNING: Branch is marked as bad,
      	    excluding it from the optimization process. Date constraint will be
      	    ignored!
279.11	----ClockTree.init_date_constraints -- WARNING: Branch is marked as bad,
      	    excluding it from the optimization process. Date constraint will be
      	    ignored!
279.11	----ClockTree.init_date_constraints -- WARNING: Branch is marked as bad,
      	    excluding it from the optimization process. Date constraint will be
      	    ignored!
279.11	----ClockTree.init_date_constraints -- WARNING: Branch is marked as bad,
      	    excluding it from the optimization process. Date constraint will be
      	    ignored!
279.11	----ClockTree.init_date_constraints -- WARNING: Branch is marked as bad,
      	    excluding it from the optimization process. Date constraint will be
      	    ignored!
279.11	----ClockTree.init_date_constraints -- WARNING: Branch is marked as bad,
      	    excluding it from the optimization process. Date constraint will be
      	    ignored!
279.11	----ClockTree.init_date_constraints -- WARNING: Branch is marked as bad,
      	    excluding it from the optimization process. Date constraint will be
      	    ignored!
279.11	----ClockTree.init_date_constraints -- WARNING: Branch is marked as bad,
      	    excluding it from the optimization process. Date constraint will be
      	    ignored!
279.11	----ClockTree.init_date_constraints -- WARNING: Branch is marked as bad,
      	    excluding it from the optimization process. Date constraint will be
      	    ignored!
279.11	----ClockTree.init_date_constraints -- WARNING: Branch is marked as bad,
      	    excluding it from the optimization process. Date constraint will be
      	    ignored!
279.12	----ClockTree.init_date_constraints -- WARNING: Branch is marked as bad,
      	    excluding it from the optimization process. Date constraint will be
      	    ignored!
279.12	----ClockTree.init_date_constraints -- WARNING: Branch is marked as bad,
      	    excluding it from the optimization process. Date constraint will be
      	    ignored!
279.12	----ClockTree.init_date_constraints -- WARNING: Branch is marked as bad,
      	    excluding it from the optimization process. Date constraint will be
      	    ignored!
279.13	----ClockTree.init_date_constraints -- WARNING: Branch is marked as bad,
      	    excluding it from the optimization process. Date constraint will be
      	    ignored!
279.14	----ClockTree.init_date_constraints -- WARNING: Branch is marked as bad,
      	    excluding it from the optimization process. Date constraint will be
      	    ignored!
279.14	----ClockTree.init_date_constraints -- WARNING: Branch is marked as bad,
      	    excluding it from the optimization process. Date constraint will be
      	    ignored!
279.14	----ClockTree.init_date_constraints -- WARNING: Branch is marked as bad,
      	    excluding it from the optimization process. Date constraint will be
      	    ignored!
279.14	----ClockTree.init_date_constraints -- WARNING: Branch is marked as bad,
      	    excluding it from the optimization process. Date constraint will be
      	    ignored!
279.15	----ClockTree.init_date_constraints -- WARNING: Branch is marked as bad,
      	    excluding it from the optimization process. Date constraint will be
      	    ignored!
279.15	----ClockTree.init_date_constraints -- WARNING: Branch is marked as bad,
      	    excluding it from the optimization process. Date constraint will be
      	    ignored!
279.15	----ClockTree.init_date_constraints -- WARNING: Branch is marked as bad,
      	    excluding it from the optimization process. Date constraint will be
      	    ignored!
279.17	--ClockTree - Joint reconstruction:  Propagating leaves -> root...
328.20	--ClockTree - Joint reconstruction:  Propagating root -> leaves...
328.36	----ClockTree.convert_dates -- WARNING: node which is marked as "BAD"
      	    optimized later than present day
328.36	----ClockTree.convert_dates -- WARNING: node which is marked as "BAD"
      	    optimized later than present day
328.36	----ClockTree.convert_dates -- WARNING: node which is marked as "BAD"
      	    optimized later than present day
328.36	----ClockTree.convert_dates -- WARNING: node which is marked as "BAD"
      	    optimized later than present day
328.36	----ClockTree.convert_dates -- WARNING: node which is marked as "BAD"
      	    optimized later than present day
328.36	----ClockTree.convert_dates -- WARNING: node which is marked as "BAD"
      	    optimized later than present day
328.36	----ClockTree.convert_dates -- WARNING: node which is marked as "BAD"
      	    optimized later than present day
328.36	----ClockTree.convert_dates -- WARNING: node which is marked as "BAD"
      	    optimized later than present day
328.36	----ClockTree.convert_dates -- WARNING: node which is marked as "BAD"
      	    optimized later than present day
328.37	----ClockTree.convert_dates -- WARNING: node which is marked as "BAD"
      	    optimized later than present day
328.37	----ClockTree.convert_dates -- WARNING: node which is marked as "BAD"
      	    optimized later than present day
328.38	----ClockTree.convert_dates -- WARNING: node which is marked as "BAD"
      	    optimized later than present day
328.38	----ClockTree.convert_dates -- WARNING: node which is marked as "BAD"
      	    optimized later than present day
328.38	----ClockTree.convert_dates -- WARNING: node which is marked as "BAD"
      	    optimized later than present day
328.38	----ClockTree.convert_dates -- WARNING: node which is marked as "BAD"
      	    optimized later than present day
328.38	----ClockTree.convert_dates -- WARNING: node which is marked as "BAD"
      	    optimized later than present day
328.38	----ClockTree.convert_dates -- WARNING: node which is marked as "BAD"
      	    optimized later than present day
328.39	----ClockTree.convert_dates -- WARNING: node which is marked as "BAD"
      	    optimized later than present day
328.39	----ClockTree.convert_dates -- WARNING: node which is marked as "BAD"
      	    optimized later than present day
328.39	----ClockTree.convert_dates -- WARNING: node which is marked as "BAD"
      	    optimized later than present day
328.39	----ClockTree.convert_dates -- WARNING: node which is marked as "BAD"
      	    optimized later than present day
328.39	----ClockTree.convert_dates -- WARNING: node which is marked as "BAD"
      	    optimized later than present day
328.39	----ClockTree.convert_dates -- WARNING: node which is marked as "BAD"
      	    optimized later than present day

328.41	TreeTime.reroot: with method or node: NODE0
328.80	--ClockTree.date2dist: Setting new molecular clock. rate=1.055e-08,
      	  R^2=0.2837
328.80	--TreeTime.reroot: Tree was re-rooted to node NODE0
329.31	--ClockTree.date2dist: Setting new molecular clock. rate=1.055e-08,
      	  R^2=0.2837

329.31	###TreeTime.run: rerunning timetree after rerooting

329.31	-ClockTree: Maximum likelihood tree optimization with temporal
      	 constraints
329.31	--ClockTree.init_date_constraints...

329.31	-TreeAnc.infer_ancestral_sequences with method: probabilistic, marginal
329.31	--TreeAnc._ml_anc_marginal: type of reconstruction: Marginal
329.31	---Attaching sequence profiles to leafs...
329.33	---Postorder: computing likelihoods...
330.31	---Computing root node sequence and total tree likelihood...
330.31	---Preorder: computing marginal profiles...
332.01	---TreeAnc._ml_anc_marginal: ...done
332.10	---ClockTree.init_date_constraints: Initializing branch length
      	   interpolation objects...
542.75	--ClockTree.date2dist: Setting new molecular clock. rate=1.055e-08,
      	  R^2=0.2837
542.75	----ClockTree.init_date_constraints -- WARNING: Branch is marked as bad,
      	    excluding it from the optimization process. Date constraint will be
      	    ignored!
542.75	----ClockTree.init_date_constraints -- WARNING: Branch is marked as bad,
      	    excluding it from the optimization process. Date constraint will be
      	    ignored!
542.75	----ClockTree.init_date_constraints -- WARNING: Branch is marked as bad,
      	    excluding it from the optimization process. Date constraint will be
      	    ignored!
542.76	----ClockTree.init_date_constraints -- WARNING: Branch is marked as bad,
      	    excluding it from the optimization process. Date constraint will be
      	    ignored!
542.76	----ClockTree.init_date_constraints -- WARNING: Branch is marked as bad,
      	    excluding it from the optimization process. Date constraint will be
      	    ignored!
542.76	----ClockTree.init_date_constraints -- WARNING: Branch is marked as bad,
      	    excluding it from the optimization process. Date constraint will be
      	    ignored!
542.76	----ClockTree.init_date_constraints -- WARNING: Branch is marked as bad,
      	    excluding it from the optimization process. Date constraint will be
      	    ignored!
542.76	----ClockTree.init_date_constraints -- WARNING: Branch is marked as bad,
      	    excluding it from the optimization process. Date constraint will be
      	    ignored!
542.76	----ClockTree.init_date_constraints -- WARNING: Branch is marked as bad,
      	    excluding it from the optimization process. Date constraint will be
      	    ignored!
542.76	----ClockTree.init_date_constraints -- WARNING: Branch is marked as bad,
      	    excluding it from the optimization process. Date constraint will be
      	    ignored!
542.76	----ClockTree.init_date_constraints -- WARNING: Branch is marked as bad,
      	    excluding it from the optimization process. Date constraint will be
      	    ignored!
542.76	----ClockTree.init_date_constraints -- WARNING: Branch is marked as bad,
      	    excluding it from the optimization process. Date constraint will be
      	    ignored!
542.77	----ClockTree.init_date_constraints -- WARNING: Branch is marked as bad,
      	    excluding it from the optimization process. Date constraint will be
      	    ignored!
542.77	----ClockTree.init_date_constraints -- WARNING: Branch is marked as bad,
      	    excluding it from the optimization process. Date constraint will be
      	    ignored!
542.77	----ClockTree.init_date_constraints -- WARNING: Branch is marked as bad,
      	    excluding it from the optimization process. Date constraint will be
      	    ignored!
542.77	----ClockTree.init_date_constraints -- WARNING: Branch is marked as bad,
      	    excluding it from the optimization process. Date constraint will be
      	    ignored!
542.77	----ClockTree.init_date_constraints -- WARNING: Branch is marked as bad,
      	    excluding it from the optimization process. Date constraint will be
      	    ignored!
542.77	----ClockTree.init_date_constraints -- WARNING: Branch is marked as bad,
      	    excluding it from the optimization process. Date constraint will be
      	    ignored!
542.78	----ClockTree.init_date_constraints -- WARNING: Branch is marked as bad,
      	    excluding it from the optimization process. Date constraint will be
      	    ignored!
542.79	----ClockTree.init_date_constraints -- WARNING: Branch is marked as bad,
      	    excluding it from the optimization process. Date constraint will be
      	    ignored!
542.79	----ClockTree.init_date_constraints -- WARNING: Branch is marked as bad,
      	    excluding it from the optimization process. Date constraint will be
      	    ignored!
542.79	----ClockTree.init_date_constraints -- WARNING: Branch is marked as bad,
      	    excluding it from the optimization process. Date constraint will be
      	    ignored!
542.79	----ClockTree.init_date_constraints -- WARNING: Branch is marked as bad,
      	    excluding it from the optimization process. Date constraint will be
      	    ignored!
542.79	----ClockTree.init_date_constraints -- WARNING: Branch is marked as bad,
      	    excluding it from the optimization process. Date constraint will be
      	    ignored!
542.79	----ClockTree.init_date_constraints -- WARNING: Branch is marked as bad,
      	    excluding it from the optimization process. Date constraint will be
      	    ignored!
542.80	----ClockTree.init_date_constraints -- WARNING: Branch is marked as bad,
      	    excluding it from the optimization process. Date constraint will be
      	    ignored!
542.82	--ClockTree - Joint reconstruction:  Propagating leaves -> root...
587.19	--ClockTree - Joint reconstruction:  Propagating root -> leaves...
587.37	----ClockTree.convert_dates -- WARNING: node which is marked as "BAD"
      	    optimized later than present day
587.37	----ClockTree.convert_dates -- WARNING: node which is marked as "BAD"
      	    optimized later than present day
587.37	----ClockTree.convert_dates -- WARNING: node which is marked as "BAD"
      	    optimized later than present day
587.37	----ClockTree.convert_dates -- WARNING: node which is marked as "BAD"
      	    optimized later than present day
587.37	----ClockTree.convert_dates -- WARNING: node which is marked as "BAD"
      	    optimized later than present day
587.37	----ClockTree.convert_dates -- WARNING: node which is marked as "BAD"
      	    optimized later than present day
587.37	----ClockTree.convert_dates -- WARNING: node which is marked as "BAD"
      	    optimized later than present day
587.37	----ClockTree.convert_dates -- WARNING: node which is marked as "BAD"
      	    optimized later than present day
587.37	----ClockTree.convert_dates -- WARNING: node which is marked as "BAD"
      	    optimized later than present day
587.37	----ClockTree.convert_dates -- WARNING: node which is marked as "BAD"
      	    optimized later than present day
587.37	----ClockTree.convert_dates -- WARNING: node which is marked as "BAD"
      	    optimized later than present day
587.39	----ClockTree.convert_dates -- WARNING: node which is marked as "BAD"
      	    optimized later than present day
587.39	----ClockTree.convert_dates -- WARNING: node which is marked as "BAD"
      	    optimized later than present day
587.39	----ClockTree.convert_dates -- WARNING: node which is marked as "BAD"
      	    optimized later than present day
587.39	----ClockTree.convert_dates -- WARNING: node which is marked as "BAD"
      	    optimized later than present day
587.39	----ClockTree.convert_dates -- WARNING: node which is marked as "BAD"
      	    optimized later than present day
587.39	----ClockTree.convert_dates -- WARNING: node which is marked as "BAD"
      	    optimized later than present day
587.40	----ClockTree.convert_dates -- WARNING: node which is marked as "BAD"
      	    optimized later than present day
587.40	----ClockTree.convert_dates -- WARNING: node which is marked as "BAD"
      	    optimized later than present day
587.40	----ClockTree.convert_dates -- WARNING: node which is marked as "BAD"
      	    optimized later than present day
587.40	----ClockTree.convert_dates -- WARNING: node which is marked as "BAD"
      	    optimized later than present day
587.40	----ClockTree.convert_dates -- WARNING: node which is marked as "BAD"
      	    optimized later than present day
587.40	----ClockTree.convert_dates -- WARNING: node which is marked as "BAD"
      	    optimized later than present day

587.42	###TreeTime.run: ITERATION 1 out of 1 iterations

587.42	-TreeTime.run: adding coalescent prior with Tc=skyline
587.79	--Coalescent:optimize_skyline:... current LH: 7932.052960
741.23	--Coalescent:optimize_skyline:...done. new LH: 8460.294489
741.23	--optimized a skyline
relaxed_clock {'slack': 0.1, 'coupling': 0}
742.29	--TreeTime.relaxed_clock: slack=0.100000, coupling=0.000000

742.33	-TreeTime.resolve_polytomies: resolving multiple mergers...
742.65	---TreeTime._poly.merge_nodes: creating new node as child of NODE107
742.65	---TreeTime._poly.merge_nodes: Delta-LH = 0.36
742.90	---TreeTime._poly.merge_nodes: creating new node as child of NODE107
742.90	---TreeTime._poly.merge_nodes: Delta-LH = 0.144
743.22	---TreeTime._poly.merge_nodes: creating new node as child of NODE117
743.22	---TreeTime._poly.merge_nodes: Delta-LH = 0.051
743.45	---TreeTime._poly.merge_nodes: creating new node as child of NODE117
743.45	---TreeTime._poly.merge_nodes: Delta-LH = 0.051
743.67	---TreeTime._poly.merge_nodes: creating new node as child of NODE117
743.67	---TreeTime._poly.merge_nodes: Delta-LH = 0.051
743.91	---TreeTime._poly.merge_nodes: creating new node as child of NODE117
743.91	---TreeTime._poly.merge_nodes: Delta-LH = 0.022
744.14	---TreeTime._poly.merge_nodes: creating new node as child of NODE132
744.14	---TreeTime._poly.merge_nodes: Delta-LH = 0.088
744.36	---TreeTime._poly.merge_nodes: creating new node as child of NODE139
744.36	---TreeTime._poly.merge_nodes: Delta-LH = 0.085
744.65	---TreeTime._poly.merge_nodes: creating new node as child of NODE147
744.65	---TreeTime._poly.merge_nodes: Delta-LH = 0.089
744.94	---TreeTime._poly.merge_nodes: creating new node as child of NODE150
744.94	---TreeTime._poly.merge_nodes: Delta-LH = 0.122
745.73	---TreeTime._poly.merge_nodes: creating new node as child of NODE184
745.73	---TreeTime._poly.merge_nodes: Delta-LH = 0.022
746.02	---TreeTime._poly.merge_nodes: creating new node as child of NODE216
746.02	---TreeTime._poly.merge_nodes: Delta-LH = 0.18
746.29	---TreeTime._poly.merge_nodes: creating new node as child of NODE241
746.29	---TreeTime._poly.merge_nodes: Delta-LH = 0.241
746.57	---TreeTime._poly.merge_nodes: creating new node as child of NODE241
746.57	---TreeTime._poly.merge_nodes: Delta-LH = 0.22
746.79	---TreeTime._poly.merge_nodes: creating new node as child of NODE255
746.79	---TreeTime._poly.merge_nodes: Delta-LH = 0.141
747.13	---TreeTime._poly.merge_nodes: creating new node as child of NODE298
747.13	---TreeTime._poly.merge_nodes: Delta-LH = 0.023
747.39	---TreeTime._poly.merge_nodes: creating new node as child of NODE327
747.39	---TreeTime._poly.merge_nodes: Delta-LH = 0.008
747.79	---TreeTime._poly.merge_nodes: creating new node as child of NODE469
747.79	---TreeTime._poly.merge_nodes: Delta-LH = 0.161
748.03	---TreeTime._poly.merge_nodes: creating new node as child of NODE477
748.03	---TreeTime._poly.merge_nodes: Delta-LH = 0.127
748.25	---TreeTime._poly.merge_nodes: creating new node as child of NODE497
748.25	---TreeTime._poly.merge_nodes: Delta-LH = 0.271
748.49	---TreeTime._poly.merge_nodes: creating new node as child of NODE503
748.49	---TreeTime._poly.merge_nodes: Delta-LH = 0.229
748.72	---TreeTime._poly.merge_nodes: creating new node as child of NODE555
748.72	---TreeTime._poly.merge_nodes: Delta-LH = 0.17
748.95	---TreeTime._poly.merge_nodes: creating new node as child of NODE537
748.95	---TreeTime._poly.merge_nodes: Delta-LH = 0.341
749.09	---TreeTime.resolve_polytomies: introduces 23 new nodes

749.23	-TreeAnc.infer_ancestral_sequences with method: probabilistic, marginal
749.23	--TreeAnc._ml_anc_marginal: type of reconstruction: Marginal
749.23	---Attaching sequence profiles to leafs...
749.25	---Postorder: computing likelihoods...
750.33	---Computing root node sequence and total tree likelihood...
750.34	---Preorder: computing marginal profiles...
752.14	---TreeAnc._ml_anc_marginal: ...done
752.26	--TreeAnc.optimize_tree_marginal: initial, LH=-6598401.18, total
      	  branch_length 0.0020

752.26	-ClockTree: Maximum likelihood tree optimization with temporal
      	 constraints
752.26	--ClockTree.init_date_constraints...
752.26	---ClockTree.init_date_constraints: Initializing branch length
      	   interpolation objects...
972.93	--ClockTree.date2dist: Setting new molecular clock. rate=1.054e-08,
      	  R^2=0.2837
972.93	----ClockTree.init_date_constraints -- WARNING: Branch is marked as bad,
      	    excluding it from the optimization process. Date constraint will be
      	    ignored!
972.93	----ClockTree.init_date_constraints -- WARNING: Branch is marked as bad,
      	    excluding it from the optimization process. Date constraint will be
      	    ignored!
972.93	----ClockTree.init_date_constraints -- WARNING: Branch is marked as bad,
      	    excluding it from the optimization process. Date constraint will be
      	    ignored!
972.93	----ClockTree.init_date_constraints -- WARNING: Branch is marked as bad,
      	    excluding it from the optimization process. Date constraint will be
      	    ignored!
972.93	----ClockTree.init_date_constraints -- WARNING: Branch is marked as bad,
      	    excluding it from the optimization process. Date constraint will be
      	    ignored!
972.93	----ClockTree.init_date_constraints -- WARNING: Branch is marked as bad,
      	    excluding it from the optimization process. Date constraint will be
      	    ignored!
972.93	----ClockTree.init_date_constraints -- WARNING: Branch is marked as bad,
      	    excluding it from the optimization process. Date constraint will be
      	    ignored!
972.93	----ClockTree.init_date_constraints -- WARNING: Branch is marked as bad,
      	    excluding it from the optimization process. Date constraint will be
      	    ignored!
972.94	----ClockTree.init_date_constraints -- WARNING: Branch is marked as bad,
      	    excluding it from the optimization process. Date constraint will be
      	    ignored!
972.94	----ClockTree.init_date_constraints -- WARNING: Branch is marked as bad,
      	    excluding it from the optimization process. Date constraint will be
      	    ignored!
972.94	----ClockTree.init_date_constraints -- WARNING: Branch is marked as bad,
      	    excluding it from the optimization process. Date constraint will be
      	    ignored!
972.94	----ClockTree.init_date_constraints -- WARNING: Branch is marked as bad,
      	    excluding it from the optimization process. Date constraint will be
      	    ignored!
972.94	----ClockTree.init_date_constraints -- WARNING: Branch is marked as bad,
      	    excluding it from the optimization process. Date constraint will be
      	    ignored!
972.94	----ClockTree.init_date_constraints -- WARNING: Branch is marked as bad,
      	    excluding it from the optimization process. Date constraint will be
      	    ignored!
972.94	----ClockTree.init_date_constraints -- WARNING: Branch is marked as bad,
      	    excluding it from the optimization process. Date constraint will be
      	    ignored!
972.94	----ClockTree.init_date_constraints -- WARNING: Branch is marked as bad,
      	    excluding it from the optimization process. Date constraint will be
      	    ignored!
972.95	----ClockTree.init_date_constraints -- WARNING: Branch is marked as bad,
      	    excluding it from the optimization process. Date constraint will be
      	    ignored!
972.95	----ClockTree.init_date_constraints -- WARNING: Branch is marked as bad,
      	    excluding it from the optimization process. Date constraint will be
      	    ignored!
972.96	----ClockTree.init_date_constraints -- WARNING: Branch is marked as bad,
      	    excluding it from the optimization process. Date constraint will be
      	    ignored!
972.96	----ClockTree.init_date_constraints -- WARNING: Branch is marked as bad,
      	    excluding it from the optimization process. Date constraint will be
      	    ignored!
972.97	----ClockTree.init_date_constraints -- WARNING: Branch is marked as bad,
      	    excluding it from the optimization process. Date constraint will be
      	    ignored!
972.97	----ClockTree.init_date_constraints -- WARNING: Branch is marked as bad,
      	    excluding it from the optimization process. Date constraint will be
      	    ignored!
972.97	----ClockTree.init_date_constraints -- WARNING: Branch is marked as bad,
      	    excluding it from the optimization process. Date constraint will be
      	    ignored!
972.97	----ClockTree.init_date_constraints -- WARNING: Branch is marked as bad,
      	    excluding it from the optimization process. Date constraint will be
      	    ignored!
972.97	----ClockTree.init_date_constraints -- WARNING: Branch is marked as bad,
      	    excluding it from the optimization process. Date constraint will be
      	    ignored!
972.97	----ClockTree.init_date_constraints -- WARNING: Branch is marked as bad,
      	    excluding it from the optimization process. Date constraint will be
      	    ignored!
973.00	--ClockTree - Joint reconstruction:  Propagating leaves -> root...
1050.67	--ClockTree - Joint reconstruction:  Propagating root -> leaves...
1051.21	----ClockTree.convert_dates -- WARNING: node which is marked as "BAD"
       	    optimized later than present day
1051.21	----ClockTree.convert_dates -- WARNING: node which is marked as "BAD"
       	    optimized later than present day
1051.21	----ClockTree.convert_dates -- WARNING: node which is marked as "BAD"
       	    optimized later than present day
1051.21	----ClockTree.convert_dates -- WARNING: node which is marked as "BAD"
       	    optimized later than present day
1051.21	----ClockTree.convert_dates -- WARNING: node which is marked as "BAD"
       	    optimized later than present day
1051.21	----ClockTree.convert_dates -- WARNING: node which is marked as "BAD"
       	    optimized later than present day
1051.21	----ClockTree.convert_dates -- WARNING: node which is marked as "BAD"
       	    optimized later than present day
1051.21	----ClockTree.convert_dates -- WARNING: node which is marked as "BAD"
       	    optimized later than present day
1051.21	----ClockTree.convert_dates -- WARNING: node which is marked as "BAD"
       	    optimized later than present day
1051.21	----ClockTree.convert_dates -- WARNING: node which is marked as "BAD"
       	    optimized later than present day
1051.23	----ClockTree.convert_dates -- WARNING: node which is marked as "BAD"
       	    optimized later than present day
1051.23	----ClockTree.convert_dates -- WARNING: node which is marked as "BAD"
       	    optimized later than present day
1051.23	----ClockTree.convert_dates -- WARNING: node which is marked as "BAD"
       	    optimized later than present day
1051.23	----ClockTree.convert_dates -- WARNING: node which is marked as "BAD"
       	    optimized later than present day
1051.23	----ClockTree.convert_dates -- WARNING: node which is marked as "BAD"
       	    optimized later than present day
1051.23	----ClockTree.convert_dates -- WARNING: node which is marked as "BAD"
       	    optimized later than present day
1051.23	----ClockTree.convert_dates -- WARNING: node which is marked as "BAD"
       	    optimized later than present day
1051.23	----ClockTree.convert_dates -- WARNING: node which is marked as "BAD"
       	    optimized later than present day
1051.24	----ClockTree.convert_dates -- WARNING: node which is marked as "BAD"
       	    optimized later than present day
1051.24	----ClockTree.convert_dates -- WARNING: node which is marked as "BAD"
       	    optimized later than present day
1051.24	----ClockTree.convert_dates -- WARNING: node which is marked as "BAD"
       	    optimized later than present day
1051.24	----ClockTree.convert_dates -- WARNING: node which is marked as "BAD"
       	    optimized later than present day

1051.26	-TreeAnc.infer_ancestral_sequences with method: ml, joint
1051.26	--TreeAnc._ml_anc_joint: type of reconstruction: Joint
1051.26	---TreeAnc._ml_anc_joint: Walking up the tree, computing likelihoods...
1056.36	---TreeAnc._ml_anc_joint: Walking down the tree, computing maximum
       	   likelihood sequences...
1056.52	---TreeAnc._ml_anc_joint: ...done

1057.00	-###ClockTree.calc_rate_susceptibility: run with upper bound of rate
       	 estimate

1057.00	-ClockTree: Maximum likelihood tree optimization with temporal
       	 constraints
1057.00	--ClockTree.init_date_constraints...
1057.00	---ClockTree.init_date_constraints: Initializing branch length
       	   interpolation objects...
1270.17	--ClockTree.date2dist: Setting new molecular clock. rate=1.012e-08,
       	  R^2=0.2837
1270.18	----ClockTree.init_date_constraints -- WARNING: Branch is marked as bad,
       	    excluding it from the optimization process. Date constraint will be
       	    ignored!
1270.18	----ClockTree.init_date_constraints -- WARNING: Branch is marked as bad,
       	    excluding it from the optimization process. Date constraint will be
       	    ignored!
1270.18	----ClockTree.init_date_constraints -- WARNING: Branch is marked as bad,
       	    excluding it from the optimization process. Date constraint will be
       	    ignored!
1270.18	----ClockTree.init_date_constraints -- WARNING: Branch is marked as bad,
       	    excluding it from the optimization process. Date constraint will be
       	    ignored!
1270.18	----ClockTree.init_date_constraints -- WARNING: Branch is marked as bad,
       	    excluding it from the optimization process. Date constraint will be
       	    ignored!
1270.18	----ClockTree.init_date_constraints -- WARNING: Branch is marked as bad,
       	    excluding it from the optimization process. Date constraint will be
       	    ignored!
1270.18	----ClockTree.init_date_constraints -- WARNING: Branch is marked as bad,
       	    excluding it from the optimization process. Date constraint will be
       	    ignored!
1270.18	----ClockTree.init_date_constraints -- WARNING: Branch is marked as bad,
       	    excluding it from the optimization process. Date constraint will be
       	    ignored!
1270.18	----ClockTree.init_date_constraints -- WARNING: Branch is marked as bad,
       	    excluding it from the optimization process. Date constraint will be
       	    ignored!
1270.19	----ClockTree.init_date_constraints -- WARNING: Branch is marked as bad,
       	    excluding it from the optimization process. Date constraint will be
       	    ignored!
1270.19	----ClockTree.init_date_constraints -- WARNING: Branch is marked as bad,
       	    excluding it from the optimization process. Date constraint will be
       	    ignored!
1270.19	----ClockTree.init_date_constraints -- WARNING: Branch is marked as bad,
       	    excluding it from the optimization process. Date constraint will be
       	    ignored!
1270.19	----ClockTree.init_date_constraints -- WARNING: Branch is marked as bad,
       	    excluding it from the optimization process. Date constraint will be
       	    ignored!
1270.19	----ClockTree.init_date_constraints -- WARNING: Branch is marked as bad,
       	    excluding it from the optimization process. Date constraint will be
       	    ignored!
1270.19	----ClockTree.init_date_constraints -- WARNING: Branch is marked as bad,
       	    excluding it from the optimization process. Date constraint will be
       	    ignored!
1270.20	----ClockTree.init_date_constraints -- WARNING: Branch is marked as bad,
       	    excluding it from the optimization process. Date constraint will be
       	    ignored!
1270.20	----ClockTree.init_date_constraints -- WARNING: Branch is marked as bad,
       	    excluding it from the optimization process. Date constraint will be
       	    ignored!
1270.20	----ClockTree.init_date_constraints -- WARNING: Branch is marked as bad,
       	    excluding it from the optimization process. Date constraint will be
       	    ignored!
1270.21	----ClockTree.init_date_constraints -- WARNING: Branch is marked as bad,
       	    excluding it from the optimization process. Date constraint will be
       	    ignored!
1270.21	----ClockTree.init_date_constraints -- WARNING: Branch is marked as bad,
       	    excluding it from the optimization process. Date constraint will be
       	    ignored!
1270.21	----ClockTree.init_date_constraints -- WARNING: Branch is marked as bad,
       	    excluding it from the optimization process. Date constraint will be
       	    ignored!
1270.22	----ClockTree.init_date_constraints -- WARNING: Branch is marked as bad,
       	    excluding it from the optimization process. Date constraint will be
       	    ignored!
1270.22	----ClockTree.init_date_constraints -- WARNING: Branch is marked as bad,
       	    excluding it from the optimization process. Date constraint will be
       	    ignored!
1270.22	----ClockTree.init_date_constraints -- WARNING: Branch is marked as bad,
       	    excluding it from the optimization process. Date constraint will be
       	    ignored!
1270.22	----ClockTree.init_date_constraints -- WARNING: Branch is marked as bad,
       	    excluding it from the optimization process. Date constraint will be
       	    ignored!
1270.22	----ClockTree.init_date_constraints -- WARNING: Branch is marked as bad,
       	    excluding it from the optimization process. Date constraint will be
       	    ignored!
1270.24	--ClockTree - Joint reconstruction:  Propagating leaves -> root...
1344.91	--ClockTree - Joint reconstruction:  Propagating root -> leaves...
1345.43	----ClockTree.convert_dates -- WARNING: node which is marked as "BAD"
       	    optimized later than present day
1345.43	----ClockTree.convert_dates -- WARNING: node which is marked as "BAD"
       	    optimized later than present day
1345.43	----ClockTree.convert_dates -- WARNING: node which is marked as "BAD"
       	    optimized later than present day
1345.43	----ClockTree.convert_dates -- WARNING: node which is marked as "BAD"
       	    optimized later than present day
1345.43	----ClockTree.convert_dates -- WARNING: node which is marked as "BAD"
       	    optimized later than present day
1345.43	----ClockTree.convert_dates -- WARNING: node which is marked as "BAD"
       	    optimized later than present day
1345.43	----ClockTree.convert_dates -- WARNING: node which is marked as "BAD"
       	    optimized later than present day
1345.43	----ClockTree.convert_dates -- WARNING: node which is marked as "BAD"
       	    optimized later than present day
1345.43	----ClockTree.convert_dates -- WARNING: node which is marked as "BAD"
       	    optimized later than present day
1345.43	----ClockTree.convert_dates -- WARNING: node which is marked as "BAD"
       	    optimized later than present day
1345.45	----ClockTree.convert_dates -- WARNING: node which is marked as "BAD"
       	    optimized later than present day
1345.45	----ClockTree.convert_dates -- WARNING: node which is marked as "BAD"
       	    optimized later than present day
1345.45	----ClockTree.convert_dates -- WARNING: node which is marked as "BAD"
       	    optimized later than present day
1345.45	----ClockTree.convert_dates -- WARNING: node which is marked as "BAD"
       	    optimized later than present day
1345.45	----ClockTree.convert_dates -- WARNING: node which is marked as "BAD"
       	    optimized later than present day
1345.45	----ClockTree.convert_dates -- WARNING: node which is marked as "BAD"
       	    optimized later than present day
1345.46	----ClockTree.convert_dates -- WARNING: node which is marked as "BAD"
       	    optimized later than present day
1345.46	----ClockTree.convert_dates -- WARNING: node which is marked as "BAD"
       	    optimized later than present day
1345.46	----ClockTree.convert_dates -- WARNING: node which is marked as "BAD"
       	    optimized later than present day
1345.46	----ClockTree.convert_dates -- WARNING: node which is marked as "BAD"
       	    optimized later than present day
1345.46	----ClockTree.convert_dates -- WARNING: node which is marked as "BAD"
       	    optimized later than present day
1345.46	----ClockTree.convert_dates -- WARNING: node which is marked as "BAD"
       	    optimized later than present day
1345.48	--###ClockTree.calc_rate_susceptibility: rate: 0.000000,
       	  LH:-10138215921.152512

1345.49	-###ClockTree.calc_rate_susceptibility: run with lower bound of rate
       	 estimate

1345.49	-ClockTree: Maximum likelihood tree optimization with temporal
       	 constraints
1345.49	--ClockTree.init_date_constraints...
1345.49	---ClockTree.init_date_constraints: Initializing branch length
       	   interpolation objects...
1555.41	--ClockTree.date2dist: Setting new molecular clock. rate=1.007e-08,
       	  R^2=0.2837
1555.41	----ClockTree.init_date_constraints -- WARNING: Branch is marked as bad,
       	    excluding it from the optimization process. Date constraint will be
       	    ignored!
1555.41	----ClockTree.init_date_constraints -- WARNING: Branch is marked as bad,
       	    excluding it from the optimization process. Date constraint will be
       	    ignored!
1555.41	----ClockTree.init_date_constraints -- WARNING: Branch is marked as bad,
       	    excluding it from the optimization process. Date constraint will be
       	    ignored!
1555.41	----ClockTree.init_date_constraints -- WARNING: Branch is marked as bad,
       	    excluding it from the optimization process. Date constraint will be
       	    ignored!
1555.41	----ClockTree.init_date_constraints -- WARNING: Branch is marked as bad,
       	    excluding it from the optimization process. Date constraint will be
       	    ignored!
1555.41	----ClockTree.init_date_constraints -- WARNING: Branch is marked as bad,
       	    excluding it from the optimization process. Date constraint will be
       	    ignored!
1555.42	----ClockTree.init_date_constraints -- WARNING: Branch is marked as bad,
       	    excluding it from the optimization process. Date constraint will be
       	    ignored!
1555.42	----ClockTree.init_date_constraints -- WARNING: Branch is marked as bad,
       	    excluding it from the optimization process. Date constraint will be
       	    ignored!
1555.42	----ClockTree.init_date_constraints -- WARNING: Branch is marked as bad,
       	    excluding it from the optimization process. Date constraint will be
       	    ignored!
1555.42	----ClockTree.init_date_constraints -- WARNING: Branch is marked as bad,
       	    excluding it from the optimization process. Date constraint will be
       	    ignored!
1555.42	----ClockTree.init_date_constraints -- WARNING: Branch is marked as bad,
       	    excluding it from the optimization process. Date constraint will be
       	    ignored!
1555.42	----ClockTree.init_date_constraints -- WARNING: Branch is marked as bad,
       	    excluding it from the optimization process. Date constraint will be
       	    ignored!
1555.42	----ClockTree.init_date_constraints -- WARNING: Branch is marked as bad,
       	    excluding it from the optimization process. Date constraint will be
       	    ignored!
1555.42	----ClockTree.init_date_constraints -- WARNING: Branch is marked as bad,
       	    excluding it from the optimization process. Date constraint will be
       	    ignored!
1555.42	----ClockTree.init_date_constraints -- WARNING: Branch is marked as bad,
       	    excluding it from the optimization process. Date constraint will be
       	    ignored!
1555.42	----ClockTree.init_date_constraints -- WARNING: Branch is marked as bad,
       	    excluding it from the optimization process. Date constraint will be
       	    ignored!
1555.42	----ClockTree.init_date_constraints -- WARNING: Branch is marked as bad,
       	    excluding it from the optimization process. Date constraint will be
       	    ignored!
1555.42	----ClockTree.init_date_constraints -- WARNING: Branch is marked as bad,
       	    excluding it from the optimization process. Date constraint will be
       	    ignored!
1555.44	----ClockTree.init_date_constraints -- WARNING: Branch is marked as bad,
       	    excluding it from the optimization process. Date constraint will be
       	    ignored!
1555.44	----ClockTree.init_date_constraints -- WARNING: Branch is marked as bad,
       	    excluding it from the optimization process. Date constraint will be
       	    ignored!
1555.44	----ClockTree.init_date_constraints -- WARNING: Branch is marked as bad,
       	    excluding it from the optimization process. Date constraint will be
       	    ignored!
1555.44	----ClockTree.init_date_constraints -- WARNING: Branch is marked as bad,
       	    excluding it from the optimization process. Date constraint will be
       	    ignored!
1555.45	----ClockTree.init_date_constraints -- WARNING: Branch is marked as bad,
       	    excluding it from the optimization process. Date constraint will be
       	    ignored!
1555.45	----ClockTree.init_date_constraints -- WARNING: Branch is marked as bad,
       	    excluding it from the optimization process. Date constraint will be
       	    ignored!
1555.45	----ClockTree.init_date_constraints -- WARNING: Branch is marked as bad,
       	    excluding it from the optimization process. Date constraint will be
       	    ignored!
1555.45	----ClockTree.init_date_constraints -- WARNING: Branch is marked as bad,
       	    excluding it from the optimization process. Date constraint will be
       	    ignored!
1555.48	--ClockTree - Joint reconstruction:  Propagating leaves -> root...
1628.23	--ClockTree - Joint reconstruction:  Propagating root -> leaves...
1628.73	----ClockTree.convert_dates -- WARNING: node which is marked as "BAD"
       	    optimized later than present day
1628.73	----ClockTree.convert_dates -- WARNING: node which is marked as "BAD"
       	    optimized later than present day
1628.73	----ClockTree.convert_dates -- WARNING: node which is marked as "BAD"
       	    optimized later than present day
1628.73	----ClockTree.convert_dates -- WARNING: node which is marked as "BAD"
       	    optimized later than present day
1628.73	----ClockTree.convert_dates -- WARNING: node which is marked as "BAD"
       	    optimized later than present day
1628.73	----ClockTree.convert_dates -- WARNING: node which is marked as "BAD"
       	    optimized later than present day
1628.73	----ClockTree.convert_dates -- WARNING: node which is marked as "BAD"
       	    optimized later than present day
1628.73	----ClockTree.convert_dates -- WARNING: node which is marked as "BAD"
       	    optimized later than present day
1628.73	----ClockTree.convert_dates -- WARNING: node which is marked as "BAD"
       	    optimized later than present day
1628.73	----ClockTree.convert_dates -- WARNING: node which is marked as "BAD"
       	    optimized later than present day
1628.75	----ClockTree.convert_dates -- WARNING: node which is marked as "BAD"
       	    optimized later than present day
1628.75	----ClockTree.convert_dates -- WARNING: node which is marked as "BAD"
       	    optimized later than present day
1628.75	----ClockTree.convert_dates -- WARNING: node which is marked as "BAD"
       	    optimized later than present day
1628.76	----ClockTree.convert_dates -- WARNING: node which is marked as "BAD"
       	    optimized later than present day
1628.76	----ClockTree.convert_dates -- WARNING: node which is marked as "BAD"
       	    optimized later than present day
1628.76	----ClockTree.convert_dates -- WARNING: node which is marked as "BAD"
       	    optimized later than present day
1628.76	----ClockTree.convert_dates -- WARNING: node which is marked as "BAD"
       	    optimized later than present day
1628.76	----ClockTree.convert_dates -- WARNING: node which is marked as "BAD"
       	    optimized later than present day
1628.76	----ClockTree.convert_dates -- WARNING: node which is marked as "BAD"
       	    optimized later than present day
1628.76	----ClockTree.convert_dates -- WARNING: node which is marked as "BAD"
       	    optimized later than present day
1628.76	----ClockTree.convert_dates -- WARNING: node which is marked as "BAD"
       	    optimized later than present day
1628.78	--###ClockTree.calc_rate_susceptibility: rate: 0.000000,
       	  LH:-10138216144.964149

1628.79	-###ClockTree.calc_rate_susceptibility: run with central rate estimate

1628.79	-ClockTree: Maximum likelihood tree optimization with temporal
       	 constraints
1628.79	--ClockTree.init_date_constraints...
1628.79	---ClockTree.init_date_constraints: Initializing branch length
       	   interpolation objects...
1837.67	--ClockTree.date2dist: Setting new molecular clock. rate=1.008e-08,
       	  R^2=0.2837
1837.68	----ClockTree.init_date_constraints -- WARNING: Branch is marked as bad,
       	    excluding it from the optimization process. Date constraint will be
       	    ignored!
1837.68	----ClockTree.init_date_constraints -- WARNING: Branch is marked as bad,
       	    excluding it from the optimization process. Date constraint will be
       	    ignored!
1837.68	----ClockTree.init_date_constraints -- WARNING: Branch is marked as bad,
       	    excluding it from the optimization process. Date constraint will be
       	    ignored!
1837.68	----ClockTree.init_date_constraints -- WARNING: Branch is marked as bad,
       	    excluding it from the optimization process. Date constraint will be
       	    ignored!
1837.68	----ClockTree.init_date_constraints -- WARNING: Branch is marked as bad,
       	    excluding it from the optimization process. Date constraint will be
       	    ignored!
1837.68	----ClockTree.init_date_constraints -- WARNING: Branch is marked as bad,
       	    excluding it from the optimization process. Date constraint will be
       	    ignored!
1837.68	----ClockTree.init_date_constraints -- WARNING: Branch is marked as bad,
       	    excluding it from the optimization process. Date constraint will be
       	    ignored!
1837.68	----ClockTree.init_date_constraints -- WARNING: Branch is marked as bad,
       	    excluding it from the optimization process. Date constraint will be
       	    ignored!
1837.69	----ClockTree.init_date_constraints -- WARNING: Branch is marked as bad,
       	    excluding it from the optimization process. Date constraint will be
       	    ignored!
1837.70	----ClockTree.init_date_constraints -- WARNING: Branch is marked as bad,
       	    excluding it from the optimization process. Date constraint will be
       	    ignored!
1837.70	----ClockTree.init_date_constraints -- WARNING: Branch is marked as bad,
       	    excluding it from the optimization process. Date constraint will be
       	    ignored!
1837.70	----ClockTree.init_date_constraints -- WARNING: Branch is marked as bad,
       	    excluding it from the optimization process. Date constraint will be
       	    ignored!
1837.70	----ClockTree.init_date_constraints -- WARNING: Branch is marked as bad,
       	    excluding it from the optimization process. Date constraint will be
       	    ignored!
1837.70	----ClockTree.init_date_constraints -- WARNING: Branch is marked as bad,
       	    excluding it from the optimization process. Date constraint will be
       	    ignored!
1837.70	----ClockTree.init_date_constraints -- WARNING: Branch is marked as bad,
       	    excluding it from the optimization process. Date constraint will be
       	    ignored!
1837.71	----ClockTree.init_date_constraints -- WARNING: Branch is marked as bad,
       	    excluding it from the optimization process. Date constraint will be
       	    ignored!
1837.71	----ClockTree.init_date_constraints -- WARNING: Branch is marked as bad,
       	    excluding it from the optimization process. Date constraint will be
       	    ignored!
1837.72	----ClockTree.init_date_constraints -- WARNING: Branch is marked as bad,
       	    excluding it from the optimization process. Date constraint will be
       	    ignored!
1837.75	----ClockTree.init_date_constraints -- WARNING: Branch is marked as bad,
       	    excluding it from the optimization process. Date constraint will be
       	    ignored!
1837.75	----ClockTree.init_date_constraints -- WARNING: Branch is marked as bad,
       	    excluding it from the optimization process. Date constraint will be
       	    ignored!
1837.76	----ClockTree.init_date_constraints -- WARNING: Branch is marked as bad,
       	    excluding it from the optimization process. Date constraint will be
       	    ignored!
1837.76	----ClockTree.init_date_constraints -- WARNING: Branch is marked as bad,
       	    excluding it from the optimization process. Date constraint will be
       	    ignored!
1837.76	----ClockTree.init_date_constraints -- WARNING: Branch is marked as bad,
       	    excluding it from the optimization process. Date constraint will be
       	    ignored!
1837.76	----ClockTree.init_date_constraints -- WARNING: Branch is marked as bad,
       	    excluding it from the optimization process. Date constraint will be
       	    ignored!
1837.76	----ClockTree.init_date_constraints -- WARNING: Branch is marked as bad,
       	    excluding it from the optimization process. Date constraint will be
       	    ignored!
1837.78	----ClockTree.init_date_constraints -- WARNING: Branch is marked as bad,
       	    excluding it from the optimization process. Date constraint will be
       	    ignored!
1837.83	--ClockTree - Joint reconstruction:  Propagating leaves -> root...
1912.64	--ClockTree - Joint reconstruction:  Propagating root -> leaves...
1913.16	----ClockTree.convert_dates -- WARNING: node which is marked as "BAD"
       	    optimized later than present day
1913.16	----ClockTree.convert_dates -- WARNING: node which is marked as "BAD"
       	    optimized later than present day
1913.16	----ClockTree.convert_dates -- WARNING: node which is marked as "BAD"
       	    optimized later than present day
1913.16	----ClockTree.convert_dates -- WARNING: node which is marked as "BAD"
       	    optimized later than present day
1913.16	----ClockTree.convert_dates -- WARNING: node which is marked as "BAD"
       	    optimized later than present day
1913.16	----ClockTree.convert_dates -- WARNING: node which is marked as "BAD"
       	    optimized later than present day
1913.16	----ClockTree.convert_dates -- WARNING: node which is marked as "BAD"
       	    optimized later than present day
1913.16	----ClockTree.convert_dates -- WARNING: node which is marked as "BAD"
       	    optimized later than present day
1913.16	----ClockTree.convert_dates -- WARNING: node which is marked as "BAD"
       	    optimized later than present day
1913.16	----ClockTree.convert_dates -- WARNING: node which is marked as "BAD"
       	    optimized later than present day
1913.18	----ClockTree.convert_dates -- WARNING: node which is marked as "BAD"
       	    optimized later than present day
1913.18	----ClockTree.convert_dates -- WARNING: node which is marked as "BAD"
       	    optimized later than present day
1913.18	----ClockTree.convert_dates -- WARNING: node which is marked as "BAD"
       	    optimized later than present day
1913.19	----ClockTree.convert_dates -- WARNING: node which is marked as "BAD"
       	    optimized later than present day
1913.19	----ClockTree.convert_dates -- WARNING: node which is marked as "BAD"
       	    optimized later than present day
1913.19	----ClockTree.convert_dates -- WARNING: node which is marked as "BAD"
       	    optimized later than present day
1913.19	----ClockTree.convert_dates -- WARNING: node which is marked as "BAD"
       	    optimized later than present day
1913.19	----ClockTree.convert_dates -- WARNING: node which is marked as "BAD"
       	    optimized later than present day
1913.19	----ClockTree.convert_dates -- WARNING: node which is marked as "BAD"
       	    optimized later than present day
1913.19	----ClockTree.convert_dates -- WARNING: node which is marked as "BAD"
       	    optimized later than present day
1913.19	----ClockTree.convert_dates -- WARNING: node which is marked as "BAD"
       	    optimized later than present day
1913.21	--###ClockTree.calc_rate_susceptibility: rate: 0.000000,
       	  LH:-10138216254.096697

1913.22	###TreeTime.run: FINAL ROUND - confidence estimation via marginal
       	reconstruction

1913.22	-ClockTree: Maximum likelihood tree optimization with temporal
       	 constraints
1913.22	--ClockTree.init_date_constraints...
1913.23	---ClockTree.init_date_constraints: Initializing branch length
       	   interpolation objects...
2121.90	--ClockTree.date2dist: Setting new molecular clock. rate=1.007e-08,
       	  R^2=0.2837
2121.90	----ClockTree.init_date_constraints -- WARNING: Branch is marked as bad,
       	    excluding it from the optimization process. Date constraint will be
       	    ignored!
2121.90	----ClockTree.init_date_constraints -- WARNING: Branch is marked as bad,
       	    excluding it from the optimization process. Date constraint will be
       	    ignored!
2121.90	----ClockTree.init_date_constraints -- WARNING: Branch is marked as bad,
       	    excluding it from the optimization process. Date constraint will be
       	    ignored!
2121.90	----ClockTree.init_date_constraints -- WARNING: Branch is marked as bad,
       	    excluding it from the optimization process. Date constraint will be
       	    ignored!
2121.90	----ClockTree.init_date_constraints -- WARNING: Branch is marked as bad,
       	    excluding it from the optimization process. Date constraint will be
       	    ignored!
2121.90	----ClockTree.init_date_constraints -- WARNING: Branch is marked as bad,
       	    excluding it from the optimization process. Date constraint will be
       	    ignored!
2121.90	----ClockTree.init_date_constraints -- WARNING: Branch is marked as bad,
       	    excluding it from the optimization process. Date constraint will be
       	    ignored!
2121.90	----ClockTree.init_date_constraints -- WARNING: Branch is marked as bad,
       	    excluding it from the optimization process. Date constraint will be
       	    ignored!
2121.91	----ClockTree.init_date_constraints -- WARNING: Branch is marked as bad,
       	    excluding it from the optimization process. Date constraint will be
       	    ignored!
2121.91	----ClockTree.init_date_constraints -- WARNING: Branch is marked as bad,
       	    excluding it from the optimization process. Date constraint will be
       	    ignored!
2121.91	----ClockTree.init_date_constraints -- WARNING: Branch is marked as bad,
       	    excluding it from the optimization process. Date constraint will be
       	    ignored!
2121.91	----ClockTree.init_date_constraints -- WARNING: Branch is marked as bad,
       	    excluding it from the optimization process. Date constraint will be
       	    ignored!
2121.91	----ClockTree.init_date_constraints -- WARNING: Branch is marked as bad,
       	    excluding it from the optimization process. Date constraint will be
       	    ignored!
2121.91	----ClockTree.init_date_constraints -- WARNING: Branch is marked as bad,
       	    excluding it from the optimization process. Date constraint will be
       	    ignored!
2121.92	----ClockTree.init_date_constraints -- WARNING: Branch is marked as bad,
       	    excluding it from the optimization process. Date constraint will be
       	    ignored!
2121.92	----ClockTree.init_date_constraints -- WARNING: Branch is marked as bad,
       	    excluding it from the optimization process. Date constraint will be
       	    ignored!
2121.92	----ClockTree.init_date_constraints -- WARNING: Branch is marked as bad,
       	    excluding it from the optimization process. Date constraint will be
       	    ignored!
2121.92	----ClockTree.init_date_constraints -- WARNING: Branch is marked as bad,
       	    excluding it from the optimization process. Date constraint will be
       	    ignored!
2121.94	----ClockTree.init_date_constraints -- WARNING: Branch is marked as bad,
       	    excluding it from the optimization process. Date constraint will be
       	    ignored!
2121.94	----ClockTree.init_date_constraints -- WARNING: Branch is marked as bad,
       	    excluding it from the optimization process. Date constraint will be
       	    ignored!
2121.94	----ClockTree.init_date_constraints -- WARNING: Branch is marked as bad,
       	    excluding it from the optimization process. Date constraint will be
       	    ignored!
2121.94	----ClockTree.init_date_constraints -- WARNING: Branch is marked as bad,
       	    excluding it from the optimization process. Date constraint will be
       	    ignored!
2121.94	----ClockTree.init_date_constraints -- WARNING: Branch is marked as bad,
       	    excluding it from the optimization process. Date constraint will be
       	    ignored!
2121.94	----ClockTree.init_date_constraints -- WARNING: Branch is marked as bad,
       	    excluding it from the optimization process. Date constraint will be
       	    ignored!
2121.94	----ClockTree.init_date_constraints -- WARNING: Branch is marked as bad,
       	    excluding it from the optimization process. Date constraint will be
       	    ignored!
2121.94	----ClockTree.init_date_constraints -- WARNING: Branch is marked as bad,
       	    excluding it from the optimization process. Date constraint will be
       	    ignored!
2121.97	--ClockTree - Marginal reconstruction:  Propagating leaves -> root...
2236.52	--ClockTree - Marginal reconstruction:  Propagating root -> leaves...
2459.49	----ClockTree.convert_dates -- WARNING: node which is marked as "BAD"
       	    optimized later than present day
2459.49	----ClockTree.convert_dates -- WARNING: node which is marked as "BAD"
       	    optimized later than present day
2459.50	----ClockTree.convert_dates -- WARNING: node which is marked as "BAD"
       	    optimized later than present day
2459.50	----ClockTree.convert_dates -- WARNING: node which is marked as "BAD"
       	    optimized later than present day
2459.50	----ClockTree.convert_dates -- WARNING: node which is marked as "BAD"
       	    optimized later than present day
2459.50	----ClockTree.convert_dates -- WARNING: node which is marked as "BAD"
       	    optimized later than present day
2459.50	----ClockTree.convert_dates -- WARNING: node which is marked as "BAD"
       	    optimized later than present day
2459.50	----ClockTree.convert_dates -- WARNING: node which is marked as "BAD"
       	    optimized later than present day
2459.50	----ClockTree.convert_dates -- WARNING: node which is marked as "BAD"
       	    optimized later than present day
2459.50	----ClockTree.convert_dates -- WARNING: node which is marked as "BAD"
       	    optimized later than present day
2459.50	----ClockTree.convert_dates -- WARNING: node which is marked as "BAD"
       	    optimized later than present day
2459.50	----ClockTree.convert_dates -- WARNING: node which is marked as "BAD"
       	    optimized later than present day
2459.50	----ClockTree.convert_dates -- WARNING: node which is marked as "BAD"
       	    optimized later than present day
2459.50	----ClockTree.convert_dates -- WARNING: node which is marked as "BAD"
       	    optimized later than present day
2459.50	----ClockTree.convert_dates -- WARNING: node which is marked as "BAD"
       	    optimized later than present day
2459.50	----ClockTree.convert_dates -- WARNING: node which is marked as "BAD"
       	    optimized later than present day
2459.52	----ClockTree.convert_dates -- WARNING: node which is marked as "BAD"
       	    optimized later than present day
2459.52	----ClockTree.convert_dates -- WARNING: node which is marked as "BAD"
       	    optimized later than present day
2459.52	----ClockTree.convert_dates -- WARNING: node which is marked as "BAD"
       	    optimized later than present day
2459.52	----ClockTree.convert_dates -- WARNING: node which is marked as "BAD"
       	    optimized later than present day
2459.52	----ClockTree.convert_dates -- WARNING: node which is marked as "BAD"
       	    optimized later than present day
2459.52	----ClockTree.convert_dates -- WARNING: node which is marked as "BAD"
       	    optimized later than present day
2459.53	----ClockTree.convert_dates -- WARNING: node which is marked as "BAD"
       	    optimized later than present day
2459.53	----ClockTree.convert_dates -- WARNING: node which is marked as "BAD"
       	    optimized later than present day
2459.53	----ClockTree.convert_dates -- WARNING: node which is marked as "BAD"
       	    optimized later than present day
2459.53	----ClockTree.convert_dates -- WARNING: node which is marked as "BAD"
       	    optimized later than present day
2459.53	----ClockTree.convert_dates -- WARNING: node which is marked as "BAD"
       	    optimized later than present day

2459.55	TreeTime: the following tips have been marked as outliers. Their date
       	constraints were not used. Please remove them from the tree. Their dates
       	have been reset:

2459.56	GCA_001601675.1_ASM160167v1_genomic, input date: 1999.0, apparent date:
       	3354.32

2459.56	GCA_002127365.1_ASM212736v1_genomic, input date: 1997.0, apparent date:
       	2127.64

2459.56	GCA_001972405.1_ASM197240v1_genomic, input date: 1995.0, apparent date:
       	3217.00

2459.56	GCA_001972385.1_ASM197238v1_genomic, input date: 1988.0, apparent date:
       	3881.63

2459.56	GCA_001972465.1_ASM197246v1_genomic, input date: 1978.0, apparent date:
       	3208.32

2459.56	GCA_001972395.1_ASM197239v1_genomic, input date: 1984.0, apparent date:
       	2575.17

2459.56	GCA_002165475.1_ASM216547v1_genomic, input date: 2010.0, apparent date:
       	3239.47

2459.56	GCA_001972415.1_ASM197241v1_genomic, input date: 1969.0, apparent date:
       	3217.41

2459.56	GCA_006376505.1_ASM637650v1_genomic, input date: 1968.0, apparent date:
       	2125.86

2459.56	GCA_006376545.1_ASM637654v1_genomic, input date: 1969.0, apparent date:
       	1300.15

2459.56	GCA_001294815.1_ASM129481v1_genomic, input date: 1983.0, apparent date:
       	2129.02

2459.56	GCA_000382505.1_Yersinia_pestis_G1670E_assembly_genomic, input date:
       	[1950.0, 2000.0], apparent date: 2672.45

2459.56	GCA_000382545.1_Yersinia_pestis_assembly_genomic, input date: [1950.0,
       	2000.0], apparent date: 3064.85

2459.56	GCA_001188335.1_DYA_1_genomic, input date: [1950.0, 2000.0], apparent
       	date: 3064.85

2459.56	GCA_000382525.1_Yersinia_pestis_G3768_assembly_genomic, input date:
       	[1950.0, 2000.0], apparent date: 1718.72

2459.56	GCA_000324925.1_ASM32492v1_genomic, input date: [1950.0, 2000.0],
       	apparent date: 1325.46

2459.56	GCA_001188695.1_ASM118869v1_genomic, input date: [1966.0, 1997.0],
       	apparent date: 1967.77

2459.56	GCA_001188935.1_ASM118893v1_genomic, input date: [1966.0, 1997.0],
       	apparent date: 1967.77

2459.56	GCA_000834275.1_ASM83427v1_genomic, input date: 1940.0, apparent date:
       	4673.08

2459.56	GCA_000834885.1_ASM83488v1_genomic, input date: 2008.0, apparent date:
       	4673.17

2459.56	GCA_008630375.1_ASM863037v1_genomic, input date: 1982.0, apparent date:
       	5701.68

2459.56	GCA_008630375.2_ASM863037v2_genomic, input date: 1982.0, apparent date:
       	5691.67

2459.56	GCA_002412305.1_Y.pestis_A-1809_genomic, input date: 1980.0, apparent
       	date: 2127.07

2459.56	GCA_003086075.1_ASM308607v1_genomic, input date: 1983.0, apparent date:
       	3337.24

2459.56	GCA_003086115.1_ASM308611v1_genomic, input date: 1988.0, apparent date:
       	2661.93

2459.56	GCA_001613865.1_ASM161386v1_genomic, input date: 1971.0, apparent date:
       	3572.28
