
0.00	-TreeAnc: set-up
Assigned discrete traits to 616 out of 616 taxa.


0.38	-SequenceData: loaded alignment.

0.38	-SeqData: making compressed alignment...

0.38	-SequenceData: constructed compressed alignment...

0.43	-TreeAnc.infer_ancestral_sequences with method: ml, marginal
0.43	--TreeAnc._ml_anc_marginal: type of reconstruction: Marginal
0.43	---Attaching sequence profiles to leafs...
0.45	---Postorder: computing likelihoods...
0.54	---Computing root node sequence and total tree likelihood...
0.54	---Preorder: computing marginal profiles...
0.65	---TreeAnc._ml_anc_marginal: ...done
1.13	--TreeAnc.infer_gtr: counting mutations...
1.31	---TreeAnc.infer_gtr: counting mutations...done

1.32	-GTR: with alphabet: ['A', 'B', 'C', 'D', 'E']
1.32	--GTR: ambiguous character: F
1.32	----GTR: no gap symbol!
1.32	---GTR: init with dummy values!

1.32	-GTR: model inference
1.32	---GTR inference iteration 0 change: 0.447213595499958
1.32	---GTR inference iteration 1 change: 0.028472398466682872
1.32	---GTR inference iteration 2 change: 0.0007362334194608884
1.32	--TreeAnc._ml_anc_marginal: type of reconstruction: Marginal
1.32	---Attaching sequence profiles to leafs...
1.33	---Postorder: computing likelihoods...
1.42	---Computing root node sequence and total tree likelihood...
1.42	---Preorder: computing marginal profiles...
1.61	---TreeAnc._ml_anc_marginal: ...done
2.09	---Attaching sequence profiles to leafs...
2.10	---Postorder: computing likelihoods...
2.19	---Computing root node sequence and total tree likelihood...
2.19	---Attaching sequence profiles to leafs...
2.20	---Postorder: computing likelihoods...
2.29	---Computing root node sequence and total tree likelihood...
2.29	---Attaching sequence profiles to leafs...
2.30	---Postorder: computing likelihoods...
2.39	---Computing root node sequence and total tree likelihood...
2.39	---Attaching sequence profiles to leafs...
2.40	---Postorder: computing likelihoods...
2.49	---Computing root node sequence and total tree likelihood...
2.49	---Attaching sequence profiles to leafs...
2.50	---Postorder: computing likelihoods...
2.59	---Computing root node sequence and total tree likelihood...
2.59	---Attaching sequence profiles to leafs...
2.60	---Postorder: computing likelihoods...
2.69	---Computing root node sequence and total tree likelihood...
2.69	---Attaching sequence profiles to leafs...
2.70	---Postorder: computing likelihoods...
2.79	---Computing root node sequence and total tree likelihood...
2.79	---Attaching sequence profiles to leafs...
2.80	---Postorder: computing likelihoods...
2.89	---Computing root node sequence and total tree likelihood...
2.89	---Attaching sequence profiles to leafs...
2.90	---Postorder: computing likelihoods...
2.99	---Computing root node sequence and total tree likelihood...
2.99	---Attaching sequence profiles to leafs...
3.00	---Postorder: computing likelihoods...
3.09	---Computing root node sequence and total tree likelihood...
3.09	---Attaching sequence profiles to leafs...
3.10	---Postorder: computing likelihoods...
3.19	---Computing root node sequence and total tree likelihood...
3.19	---Attaching sequence profiles to leafs...
3.20	---Postorder: computing likelihoods...
3.29	---Computing root node sequence and total tree likelihood...
3.29	---Attaching sequence profiles to leafs...
3.30	---Postorder: computing likelihoods...
3.39	---Computing root node sequence and total tree likelihood...
3.39	---Attaching sequence profiles to leafs...
3.40	---Postorder: computing likelihoods...
3.49	---Computing root node sequence and total tree likelihood...
3.49	---Attaching sequence profiles to leafs...
3.50	---Postorder: computing likelihoods...
3.59	---Computing root node sequence and total tree likelihood...
3.59	---Attaching sequence profiles to leafs...
3.60	---Postorder: computing likelihoods...
3.69	---Computing root node sequence and total tree likelihood...
3.69	---Attaching sequence profiles to leafs...
3.70	---Postorder: computing likelihoods...
3.79	---Computing root node sequence and total tree likelihood...
3.79	---Attaching sequence profiles to leafs...
3.80	---Postorder: computing likelihoods...
3.89	---Computing root node sequence and total tree likelihood...
3.90	---Attaching sequence profiles to leafs...
3.90	---Postorder: computing likelihoods...
4.00	---Computing root node sequence and total tree likelihood...
4.00	---Attaching sequence profiles to leafs...
4.01	---Postorder: computing likelihoods...
4.10	---Computing root node sequence and total tree likelihood...

4.10	-treeanc:optimize_gtr_rate: optimization successful. Overall rate estimated
    	 to be 3.854612
4.10	--TreeAnc.infer_gtr: counting mutations...
4.28	---TreeAnc.infer_gtr: counting mutations...done

4.28	-GTR: with alphabet: ['A', 'B', 'C', 'D', 'E']
4.28	--GTR: ambiguous character: F
4.28	----GTR: no gap symbol!
4.28	---GTR: init with dummy values!

4.28	-GTR: model inference
4.28	---GTR inference iteration 0 change: 0.447213595499958
4.28	---GTR inference iteration 1 change: 0.02785203963598669
4.28	---GTR inference iteration 2 change: 0.0007185869286623534
4.28	---Attaching sequence profiles to leafs...
4.29	---Postorder: computing likelihoods...
4.38	---Computing root node sequence and total tree likelihood...
4.38	---Attaching sequence profiles to leafs...
4.39	---Postorder: computing likelihoods...
4.48	---Computing root node sequence and total tree likelihood...
4.48	---Attaching sequence profiles to leafs...
4.49	---Postorder: computing likelihoods...
4.58	---Computing root node sequence and total tree likelihood...
4.58	---Attaching sequence profiles to leafs...
4.59	---Postorder: computing likelihoods...
4.68	---Computing root node sequence and total tree likelihood...
4.68	---Attaching sequence profiles to leafs...
4.69	---Postorder: computing likelihoods...
4.78	---Computing root node sequence and total tree likelihood...
4.78	---Attaching sequence profiles to leafs...
4.79	---Postorder: computing likelihoods...
4.88	---Computing root node sequence and total tree likelihood...
4.88	---Attaching sequence profiles to leafs...
4.89	---Postorder: computing likelihoods...
4.98	---Computing root node sequence and total tree likelihood...
4.99	---Attaching sequence profiles to leafs...
4.99	---Postorder: computing likelihoods...
5.08	---Computing root node sequence and total tree likelihood...
5.09	---Attaching sequence profiles to leafs...
5.09	---Postorder: computing likelihoods...
5.19	---Computing root node sequence and total tree likelihood...
5.19	---Attaching sequence profiles to leafs...
5.20	---Postorder: computing likelihoods...
5.29	---Computing root node sequence and total tree likelihood...
5.29	---Attaching sequence profiles to leafs...
5.30	---Postorder: computing likelihoods...
5.39	---Computing root node sequence and total tree likelihood...
5.39	---Attaching sequence profiles to leafs...
5.40	---Postorder: computing likelihoods...
5.49	---Computing root node sequence and total tree likelihood...
5.49	---Attaching sequence profiles to leafs...
5.50	---Postorder: computing likelihoods...
5.59	---Computing root node sequence and total tree likelihood...
5.59	---Attaching sequence profiles to leafs...
5.60	---Postorder: computing likelihoods...
5.69	---Computing root node sequence and total tree likelihood...
5.69	---Attaching sequence profiles to leafs...
5.70	---Postorder: computing likelihoods...
5.79	---Computing root node sequence and total tree likelihood...
5.79	---Attaching sequence profiles to leafs...
5.80	---Postorder: computing likelihoods...
5.89	---Computing root node sequence and total tree likelihood...
5.89	---Attaching sequence profiles to leafs...
5.90	---Postorder: computing likelihoods...
5.99	---Computing root node sequence and total tree likelihood...
5.99	---Attaching sequence profiles to leafs...
6.00	---Postorder: computing likelihoods...
6.09	---Computing root node sequence and total tree likelihood...
6.09	---Attaching sequence profiles to leafs...
6.10	---Postorder: computing likelihoods...
6.19	---Computing root node sequence and total tree likelihood...

6.19	-treeanc:optimize_gtr_rate: optimization successful. Overall rate estimated
    	 to be 3.854157
6.19	--TreeAnc.infer_gtr: counting mutations...
6.37	---TreeAnc.infer_gtr: counting mutations...done

6.37	-GTR: with alphabet: ['A', 'B', 'C', 'D', 'E']
6.37	--GTR: ambiguous character: F
6.37	----GTR: no gap symbol!
6.37	---GTR: init with dummy values!

6.37	-GTR: model inference
6.37	---GTR inference iteration 0 change: 0.447213595499958
6.37	---GTR inference iteration 1 change: 0.027738105807410245
6.37	---GTR inference iteration 2 change: 0.0007182893024845898
6.38	---Attaching sequence profiles to leafs...
6.39	---Postorder: computing likelihoods...
6.48	---Computing root node sequence and total tree likelihood...
6.48	---Attaching sequence profiles to leafs...
6.49	---Postorder: computing likelihoods...
6.58	---Computing root node sequence and total tree likelihood...
6.58	---Attaching sequence profiles to leafs...
6.59	---Postorder: computing likelihoods...
6.68	---Computing root node sequence and total tree likelihood...
6.68	---Attaching sequence profiles to leafs...
6.69	---Postorder: computing likelihoods...
6.78	---Computing root node sequence and total tree likelihood...
6.78	---Attaching sequence profiles to leafs...
6.79	---Postorder: computing likelihoods...
6.88	---Computing root node sequence and total tree likelihood...
6.88	---Attaching sequence profiles to leafs...
6.89	---Postorder: computing likelihoods...
6.98	---Computing root node sequence and total tree likelihood...
6.98	---Attaching sequence profiles to leafs...
6.99	---Postorder: computing likelihoods...
7.08	---Computing root node sequence and total tree likelihood...
7.08	---Attaching sequence profiles to leafs...
7.09	---Postorder: computing likelihoods...
7.18	---Computing root node sequence and total tree likelihood...
7.18	---Attaching sequence profiles to leafs...
7.19	---Postorder: computing likelihoods...
7.28	---Computing root node sequence and total tree likelihood...
7.28	---Attaching sequence profiles to leafs...
7.29	---Postorder: computing likelihoods...
7.38	---Computing root node sequence and total tree likelihood...
7.38	---Attaching sequence profiles to leafs...
7.39	---Postorder: computing likelihoods...
7.48	---Computing root node sequence and total tree likelihood...
7.48	---Attaching sequence profiles to leafs...
7.49	---Postorder: computing likelihoods...
7.58	---Computing root node sequence and total tree likelihood...
7.58	---Attaching sequence profiles to leafs...
7.59	---Postorder: computing likelihoods...
7.68	---Computing root node sequence and total tree likelihood...
7.68	---Attaching sequence profiles to leafs...
7.69	---Postorder: computing likelihoods...
7.78	---Computing root node sequence and total tree likelihood...
7.78	---Attaching sequence profiles to leafs...
7.79	---Postorder: computing likelihoods...
7.88	---Computing root node sequence and total tree likelihood...
7.89	---Attaching sequence profiles to leafs...
7.90	---Postorder: computing likelihoods...
7.99	---Computing root node sequence and total tree likelihood...
7.99	---Attaching sequence profiles to leafs...
8.00	---Postorder: computing likelihoods...
8.09	---Computing root node sequence and total tree likelihood...

8.09	-treeanc:optimize_gtr_rate: optimization successful. Overall rate estimated
    	 to be 3.854469
8.09	--TreeAnc.infer_gtr: counting mutations...
8.27	---TreeAnc.infer_gtr: counting mutations...done

8.27	-GTR: with alphabet: ['A', 'B', 'C', 'D', 'E']
8.27	--GTR: ambiguous character: F
8.27	----GTR: no gap symbol!
8.27	---GTR: init with dummy values!

8.27	-GTR: model inference
8.27	---GTR inference iteration 0 change: 0.447213595499958
8.27	---GTR inference iteration 1 change: 0.02771599442400537
8.27	---GTR inference iteration 2 change: 0.0007184840732368465
8.27	---Attaching sequence profiles to leafs...
8.28	---Postorder: computing likelihoods...
8.37	---Computing root node sequence and total tree likelihood...
8.37	---Attaching sequence profiles to leafs...
8.38	---Postorder: computing likelihoods...
8.47	---Computing root node sequence and total tree likelihood...
8.47	---Attaching sequence profiles to leafs...
8.48	---Postorder: computing likelihoods...
8.57	---Computing root node sequence and total tree likelihood...
8.57	---Attaching sequence profiles to leafs...
8.58	---Postorder: computing likelihoods...
8.68	---Computing root node sequence and total tree likelihood...
8.68	---Attaching sequence profiles to leafs...
8.69	---Postorder: computing likelihoods...
8.78	---Computing root node sequence and total tree likelihood...
8.78	---Attaching sequence profiles to leafs...
8.79	---Postorder: computing likelihoods...
8.88	---Computing root node sequence and total tree likelihood...
8.88	---Attaching sequence profiles to leafs...
8.89	---Postorder: computing likelihoods...
8.98	---Computing root node sequence and total tree likelihood...
8.98	---Attaching sequence profiles to leafs...
8.99	---Postorder: computing likelihoods...
9.08	---Computing root node sequence and total tree likelihood...
9.08	---Attaching sequence profiles to leafs...
9.09	---Postorder: computing likelihoods...
9.18	---Computing root node sequence and total tree likelihood...
9.18	---Attaching sequence profiles to leafs...
9.19	---Postorder: computing likelihoods...
9.28	---Computing root node sequence and total tree likelihood...
9.28	---Attaching sequence profiles to leafs...
9.29	---Postorder: computing likelihoods...
9.38	---Computing root node sequence and total tree likelihood...
9.38	---Attaching sequence profiles to leafs...
9.39	---Postorder: computing likelihoods...
9.48	---Computing root node sequence and total tree likelihood...
9.48	---Attaching sequence profiles to leafs...
9.49	---Postorder: computing likelihoods...
9.58	---Computing root node sequence and total tree likelihood...
9.58	---Attaching sequence profiles to leafs...
9.59	---Postorder: computing likelihoods...
9.68	---Computing root node sequence and total tree likelihood...
9.68	---Attaching sequence profiles to leafs...
9.69	---Postorder: computing likelihoods...
9.78	---Computing root node sequence and total tree likelihood...
9.78	---Attaching sequence profiles to leafs...
9.79	---Postorder: computing likelihoods...
9.88	---Computing root node sequence and total tree likelihood...
9.88	---Attaching sequence profiles to leafs...
9.89	---Postorder: computing likelihoods...
9.98	---Computing root node sequence and total tree likelihood...
9.98	---Attaching sequence profiles to leafs...
9.99	---Postorder: computing likelihoods...
10.08	---Computing root node sequence and total tree likelihood...
10.08	---Attaching sequence profiles to leafs...
10.09	---Postorder: computing likelihoods...
10.18	---Computing root node sequence and total tree likelihood...

10.18	-treeanc:optimize_gtr_rate: optimization successful. Overall rate
     	 estimated to be 3.854568
10.18	--TreeAnc.infer_gtr: counting mutations...
10.36	---TreeAnc.infer_gtr: counting mutations...done

10.36	-GTR: with alphabet: ['A', 'B', 'C', 'D', 'E']
10.36	--GTR: ambiguous character: F
10.36	----GTR: no gap symbol!
10.36	---GTR: init with dummy values!

10.36	-GTR: model inference
10.36	---GTR inference iteration 0 change: 0.447213595499958
10.36	---GTR inference iteration 1 change: 0.027711705424524325
10.36	---GTR inference iteration 2 change: 0.0007185491301363765
10.36	---Attaching sequence profiles to leafs...
10.37	---Postorder: computing likelihoods...
10.47	---Computing root node sequence and total tree likelihood...
10.47	---Attaching sequence profiles to leafs...
10.47	---Postorder: computing likelihoods...
10.57	---Computing root node sequence and total tree likelihood...
10.57	---Attaching sequence profiles to leafs...
10.58	---Postorder: computing likelihoods...
10.67	---Computing root node sequence and total tree likelihood...
10.67	---Attaching sequence profiles to leafs...
10.68	---Postorder: computing likelihoods...
10.77	---Computing root node sequence and total tree likelihood...
10.77	---Attaching sequence profiles to leafs...
10.78	---Postorder: computing likelihoods...
10.87	---Computing root node sequence and total tree likelihood...
10.87	---Attaching sequence profiles to leafs...
10.88	---Postorder: computing likelihoods...
10.97	---Computing root node sequence and total tree likelihood...
10.97	---Attaching sequence profiles to leafs...
10.98	---Postorder: computing likelihoods...
11.07	---Computing root node sequence and total tree likelihood...
11.07	---Attaching sequence profiles to leafs...
11.08	---Postorder: computing likelihoods...
11.17	---Computing root node sequence and total tree likelihood...
11.17	---Attaching sequence profiles to leafs...
11.18	---Postorder: computing likelihoods...
11.27	---Computing root node sequence and total tree likelihood...
11.27	---Attaching sequence profiles to leafs...
11.28	---Postorder: computing likelihoods...
11.37	---Computing root node sequence and total tree likelihood...
11.37	---Attaching sequence profiles to leafs...
11.38	---Postorder: computing likelihoods...
11.47	---Computing root node sequence and total tree likelihood...
11.47	---Attaching sequence profiles to leafs...
11.48	---Postorder: computing likelihoods...
11.57	---Computing root node sequence and total tree likelihood...
11.57	---Attaching sequence profiles to leafs...
11.58	---Postorder: computing likelihoods...
11.67	---Computing root node sequence and total tree likelihood...
11.67	---Attaching sequence profiles to leafs...
11.68	---Postorder: computing likelihoods...
11.77	---Computing root node sequence and total tree likelihood...
11.77	---Attaching sequence profiles to leafs...
11.78	---Postorder: computing likelihoods...
11.87	---Computing root node sequence and total tree likelihood...
11.87	---Attaching sequence profiles to leafs...
11.88	---Postorder: computing likelihoods...
11.97	---Computing root node sequence and total tree likelihood...
11.97	---Attaching sequence profiles to leafs...
11.98	---Postorder: computing likelihoods...
12.07	---Computing root node sequence and total tree likelihood...
12.07	---Attaching sequence profiles to leafs...
12.08	---Postorder: computing likelihoods...
12.17	---Computing root node sequence and total tree likelihood...

12.17	-treeanc:optimize_gtr_rate: optimization successful. Overall rate
     	 estimated to be 3.854591
12.17	--TreeAnc.infer_gtr: counting mutations...
12.35	---TreeAnc.infer_gtr: counting mutations...done

12.35	-GTR: with alphabet: ['A', 'B', 'C', 'D', 'E']
12.35	--GTR: ambiguous character: F
12.35	----GTR: no gap symbol!
12.35	---GTR: init with dummy values!

12.35	-GTR: model inference
12.35	---GTR inference iteration 0 change: 0.447213595499958
12.35	---GTR inference iteration 1 change: 0.027710881592087507
12.35	---GTR inference iteration 2 change: 0.0007185648626736412
12.36	---Attaching sequence profiles to leafs...
12.37	---Postorder: computing likelihoods...
12.46	---Computing root node sequence and total tree likelihood...
12.46	---Attaching sequence profiles to leafs...
12.47	---Postorder: computing likelihoods...
12.56	---Computing root node sequence and total tree likelihood...
12.56	---Attaching sequence profiles to leafs...
12.57	---Postorder: computing likelihoods...
12.66	---Computing root node sequence and total tree likelihood...
12.66	---Attaching sequence profiles to leafs...
12.67	---Postorder: computing likelihoods...
12.76	---Computing root node sequence and total tree likelihood...
12.76	---Attaching sequence profiles to leafs...
12.77	---Postorder: computing likelihoods...
12.86	---Computing root node sequence and total tree likelihood...
12.86	---Attaching sequence profiles to leafs...
12.87	---Postorder: computing likelihoods...
12.96	---Computing root node sequence and total tree likelihood...
12.96	---Attaching sequence profiles to leafs...
12.97	---Postorder: computing likelihoods...
13.06	---Computing root node sequence and total tree likelihood...
13.06	---Attaching sequence profiles to leafs...
13.07	---Postorder: computing likelihoods...
13.16	---Computing root node sequence and total tree likelihood...
13.16	---Attaching sequence profiles to leafs...
13.17	---Postorder: computing likelihoods...
13.26	---Computing root node sequence and total tree likelihood...
13.26	---Attaching sequence profiles to leafs...
13.27	---Postorder: computing likelihoods...
13.36	---Computing root node sequence and total tree likelihood...
13.36	---Attaching sequence profiles to leafs...
13.37	---Postorder: computing likelihoods...
13.46	---Computing root node sequence and total tree likelihood...
13.46	---Attaching sequence profiles to leafs...
13.47	---Postorder: computing likelihoods...
13.56	---Computing root node sequence and total tree likelihood...
13.56	---Attaching sequence profiles to leafs...
13.57	---Postorder: computing likelihoods...
13.65	---Computing root node sequence and total tree likelihood...
13.65	---Attaching sequence profiles to leafs...
13.66	---Postorder: computing likelihoods...
13.75	---Computing root node sequence and total tree likelihood...
13.75	---Attaching sequence profiles to leafs...
13.76	---Postorder: computing likelihoods...
13.85	---Computing root node sequence and total tree likelihood...
13.85	---Attaching sequence profiles to leafs...
13.86	---Postorder: computing likelihoods...
13.95	---Computing root node sequence and total tree likelihood...
13.95	---Attaching sequence profiles to leafs...
13.96	---Postorder: computing likelihoods...
14.05	---Computing root node sequence and total tree likelihood...
14.05	---Attaching sequence profiles to leafs...
14.06	---Postorder: computing likelihoods...
14.15	---Computing root node sequence and total tree likelihood...

14.15	-treeanc:optimize_gtr_rate: optimization successful. Overall rate
     	 estimated to be 3.854596

14.15	-TreeAnc.infer_ancestral_sequences with method: probabilistic, marginal
14.15	--TreeAnc._ml_anc_marginal: type of reconstruction: Marginal
14.15	---Attaching sequence profiles to leafs...
14.16	---Postorder: computing likelihoods...
14.25	---Computing root node sequence and total tree likelihood...
14.25	---Preorder: computing marginal profiles...
14.44	---TreeAnc._ml_anc_marginal: ...done
NOTE: previous versions (<0.7.0) of this command made a 'short-branch
length assumption. TreeTime now optimizes the overall rate numerically
and thus allows for long branches along which multiple changes
accumulated. This is expected to affect estimates of the overall rate
while leaving the relative rates mostly unchanged.
