
0.00	-TreeAnc: set-up
Assigned discrete traits to 616 out of 616 taxa.


0.37	-SequenceData: loaded alignment.

0.37	-SeqData: making compressed alignment...

0.38	-SequenceData: constructed compressed alignment...

0.42	-TreeAnc.infer_ancestral_sequences with method: ml, marginal
0.42	--TreeAnc._ml_anc_marginal: type of reconstruction: Marginal
0.42	---Attaching sequence profiles to leafs...
0.44	---Postorder: computing likelihoods...
0.60	---Computing root node sequence and total tree likelihood...
0.60	---Preorder: computing marginal profiles...
0.75	---TreeAnc._ml_anc_marginal: ...done
1.23	--TreeAnc.infer_gtr: counting mutations...
1.53	---TreeAnc.infer_gtr: counting mutations...done

1.53	-GTR: with alphabet: ['A', 'B', 'C', 'D', 'E', 'F', 'G', 'H', 'I', 'J',
    	 'K', 'L', 'M', 'N', 'O', 'P', 'Q', 'R', 'S', 'T', 'U', 'V', 'W', 'X', 'Y',
    	 'Z', '[', '\\', ']', '^', '_', '`', 'a', 'b', 'c', 'd', 'e']
1.53	--GTR: ambiguous character: f
1.53	----GTR: no gap symbol!
1.53	---GTR: init with dummy values!

1.53	-GTR: model inference
1.53	---GTR inference iteration 0 change: 0.1643989873053573
1.53	---GTR inference iteration 1 change: 0.003909494551641102
1.53	--TreeAnc._ml_anc_marginal: type of reconstruction: Marginal
1.53	---Attaching sequence profiles to leafs...
1.54	---Postorder: computing likelihoods...
1.70	---Computing root node sequence and total tree likelihood...
1.70	---Preorder: computing marginal profiles...
1.97	---TreeAnc._ml_anc_marginal: ...done
2.45	---Attaching sequence profiles to leafs...
2.46	---Postorder: computing likelihoods...
2.62	---Computing root node sequence and total tree likelihood...
2.62	---Attaching sequence profiles to leafs...
2.63	---Postorder: computing likelihoods...
2.78	---Computing root node sequence and total tree likelihood...
2.79	---Attaching sequence profiles to leafs...
2.80	---Postorder: computing likelihoods...
2.95	---Computing root node sequence and total tree likelihood...
2.95	---Attaching sequence profiles to leafs...
2.96	---Postorder: computing likelihoods...
3.12	---Computing root node sequence and total tree likelihood...
3.12	---Attaching sequence profiles to leafs...
3.13	---Postorder: computing likelihoods...
3.28	---Computing root node sequence and total tree likelihood...
3.28	---Attaching sequence profiles to leafs...
3.29	---Postorder: computing likelihoods...
3.45	---Computing root node sequence and total tree likelihood...
3.45	---Attaching sequence profiles to leafs...
3.46	---Postorder: computing likelihoods...
3.61	---Computing root node sequence and total tree likelihood...
3.61	---Attaching sequence profiles to leafs...
3.62	---Postorder: computing likelihoods...
3.78	---Computing root node sequence and total tree likelihood...
3.78	---Attaching sequence profiles to leafs...
3.79	---Postorder: computing likelihoods...
3.94	---Computing root node sequence and total tree likelihood...
3.94	---Attaching sequence profiles to leafs...
3.95	---Postorder: computing likelihoods...
4.11	---Computing root node sequence and total tree likelihood...
4.11	---Attaching sequence profiles to leafs...
4.12	---Postorder: computing likelihoods...
4.27	---Computing root node sequence and total tree likelihood...
4.27	---Attaching sequence profiles to leafs...
4.28	---Postorder: computing likelihoods...
4.44	---Computing root node sequence and total tree likelihood...
4.44	---Attaching sequence profiles to leafs...
4.45	---Postorder: computing likelihoods...
4.60	---Computing root node sequence and total tree likelihood...
4.61	---Attaching sequence profiles to leafs...
4.61	---Postorder: computing likelihoods...
4.76	---Computing root node sequence and total tree likelihood...
4.77	---Attaching sequence profiles to leafs...
4.78	---Postorder: computing likelihoods...
4.93	---Computing root node sequence and total tree likelihood...
4.93	---Attaching sequence profiles to leafs...
4.94	---Postorder: computing likelihoods...
5.08	---Computing root node sequence and total tree likelihood...
5.09	---Attaching sequence profiles to leafs...
5.10	---Postorder: computing likelihoods...
5.24	---Computing root node sequence and total tree likelihood...
5.24	---Attaching sequence profiles to leafs...
5.25	---Postorder: computing likelihoods...
5.41	---Computing root node sequence and total tree likelihood...
5.41	---Attaching sequence profiles to leafs...
5.42	---Postorder: computing likelihoods...
5.57	---Computing root node sequence and total tree likelihood...
5.57	---Attaching sequence profiles to leafs...
5.58	---Postorder: computing likelihoods...
5.73	---Computing root node sequence and total tree likelihood...
5.73	---Attaching sequence profiles to leafs...
5.74	---Postorder: computing likelihoods...
5.89	---Computing root node sequence and total tree likelihood...
5.89	---Attaching sequence profiles to leafs...
5.90	---Postorder: computing likelihoods...
6.05	---Computing root node sequence and total tree likelihood...
6.05	---Attaching sequence profiles to leafs...
6.06	---Postorder: computing likelihoods...
6.21	---Computing root node sequence and total tree likelihood...

6.21	-treeanc:optimize_gtr_rate: optimization successful. Overall rate estimated
    	 to be 35.727985
6.21	--TreeAnc.infer_gtr: counting mutations...
6.49	---TreeAnc.infer_gtr: counting mutations...done

6.49	-GTR: with alphabet: ['A', 'B', 'C', 'D', 'E', 'F', 'G', 'H', 'I', 'J',
    	 'K', 'L', 'M', 'N', 'O', 'P', 'Q', 'R', 'S', 'T', 'U', 'V', 'W', 'X', 'Y',
    	 'Z', '[', '\\', ']', '^', '_', '`', 'a', 'b', 'c', 'd', 'e']
6.49	--GTR: ambiguous character: f
6.49	----GTR: no gap symbol!
6.49	---GTR: init with dummy values!

6.50	-GTR: model inference
6.50	---GTR inference iteration 0 change: 0.1643989873053573
6.50	---GTR inference iteration 1 change: 0.003943894418528526
6.50	---Attaching sequence profiles to leafs...
6.51	---Postorder: computing likelihoods...
6.66	---Computing root node sequence and total tree likelihood...
6.66	---Attaching sequence profiles to leafs...
6.67	---Postorder: computing likelihoods...
6.82	---Computing root node sequence and total tree likelihood...
6.82	---Attaching sequence profiles to leafs...
6.83	---Postorder: computing likelihoods...
6.98	---Computing root node sequence and total tree likelihood...
6.98	---Attaching sequence profiles to leafs...
6.99	---Postorder: computing likelihoods...
7.14	---Computing root node sequence and total tree likelihood...
7.15	---Attaching sequence profiles to leafs...
7.16	---Postorder: computing likelihoods...
7.31	---Computing root node sequence and total tree likelihood...
7.31	---Attaching sequence profiles to leafs...
7.32	---Postorder: computing likelihoods...
7.47	---Computing root node sequence and total tree likelihood...
7.47	---Attaching sequence profiles to leafs...
7.48	---Postorder: computing likelihoods...
7.63	---Computing root node sequence and total tree likelihood...
7.63	---Attaching sequence profiles to leafs...
7.64	---Postorder: computing likelihoods...
7.79	---Computing root node sequence and total tree likelihood...
7.79	---Attaching sequence profiles to leafs...
7.80	---Postorder: computing likelihoods...
7.95	---Computing root node sequence and total tree likelihood...
7.95	---Attaching sequence profiles to leafs...
7.96	---Postorder: computing likelihoods...
8.11	---Computing root node sequence and total tree likelihood...
8.12	---Attaching sequence profiles to leafs...
8.13	---Postorder: computing likelihoods...
8.28	---Computing root node sequence and total tree likelihood...
8.28	---Attaching sequence profiles to leafs...
8.29	---Postorder: computing likelihoods...
8.44	---Computing root node sequence and total tree likelihood...
8.44	---Attaching sequence profiles to leafs...
8.45	---Postorder: computing likelihoods...
8.60	---Computing root node sequence and total tree likelihood...
8.60	---Attaching sequence profiles to leafs...
8.61	---Postorder: computing likelihoods...
8.76	---Computing root node sequence and total tree likelihood...
8.77	---Attaching sequence profiles to leafs...
8.78	---Postorder: computing likelihoods...
8.93	---Computing root node sequence and total tree likelihood...
8.93	---Attaching sequence profiles to leafs...
8.94	---Postorder: computing likelihoods...
9.09	---Computing root node sequence and total tree likelihood...
9.09	---Attaching sequence profiles to leafs...
9.10	---Postorder: computing likelihoods...
9.25	---Computing root node sequence and total tree likelihood...

9.25	-treeanc:optimize_gtr_rate: optimization successful. Overall rate estimated
    	 to be 35.727813
9.25	--TreeAnc.infer_gtr: counting mutations...
9.53	---TreeAnc.infer_gtr: counting mutations...done

9.53	-GTR: with alphabet: ['A', 'B', 'C', 'D', 'E', 'F', 'G', 'H', 'I', 'J',
    	 'K', 'L', 'M', 'N', 'O', 'P', 'Q', 'R', 'S', 'T', 'U', 'V', 'W', 'X', 'Y',
    	 'Z', '[', '\\', ']', '^', '_', '`', 'a', 'b', 'c', 'd', 'e']
9.54	--GTR: ambiguous character: f
9.54	----GTR: no gap symbol!
9.54	---GTR: init with dummy values!

9.54	-GTR: model inference
9.54	---GTR inference iteration 0 change: 0.1643989873053573
9.54	---GTR inference iteration 1 change: 0.003949104363377155
9.54	---Attaching sequence profiles to leafs...
9.55	---Postorder: computing likelihoods...
9.70	---Computing root node sequence and total tree likelihood...
9.70	---Attaching sequence profiles to leafs...
9.71	---Postorder: computing likelihoods...
9.86	---Computing root node sequence and total tree likelihood...
9.86	---Attaching sequence profiles to leafs...
9.87	---Postorder: computing likelihoods...
10.02	---Computing root node sequence and total tree likelihood...
10.03	---Attaching sequence profiles to leafs...
10.04	---Postorder: computing likelihoods...
10.19	---Computing root node sequence and total tree likelihood...
10.19	---Attaching sequence profiles to leafs...
10.20	---Postorder: computing likelihoods...
10.34	---Computing root node sequence and total tree likelihood...
10.35	---Attaching sequence profiles to leafs...
10.36	---Postorder: computing likelihoods...
10.51	---Computing root node sequence and total tree likelihood...
10.51	---Attaching sequence profiles to leafs...
10.52	---Postorder: computing likelihoods...
10.67	---Computing root node sequence and total tree likelihood...
10.67	---Attaching sequence profiles to leafs...
10.68	---Postorder: computing likelihoods...
10.83	---Computing root node sequence and total tree likelihood...
10.83	---Attaching sequence profiles to leafs...
10.84	---Postorder: computing likelihoods...
10.99	---Computing root node sequence and total tree likelihood...
10.99	---Attaching sequence profiles to leafs...
11.00	---Postorder: computing likelihoods...
11.15	---Computing root node sequence and total tree likelihood...
11.15	---Attaching sequence profiles to leafs...
11.16	---Postorder: computing likelihoods...
11.31	---Computing root node sequence and total tree likelihood...
11.32	---Attaching sequence profiles to leafs...
11.32	---Postorder: computing likelihoods...
11.48	---Computing root node sequence and total tree likelihood...
11.48	---Attaching sequence profiles to leafs...
11.49	---Postorder: computing likelihoods...
11.64	---Computing root node sequence and total tree likelihood...
11.64	---Attaching sequence profiles to leafs...
11.65	---Postorder: computing likelihoods...
11.80	---Computing root node sequence and total tree likelihood...
11.80	---Attaching sequence profiles to leafs...
11.81	---Postorder: computing likelihoods...
11.96	---Computing root node sequence and total tree likelihood...
11.96	---Attaching sequence profiles to leafs...
11.97	---Postorder: computing likelihoods...
12.12	---Computing root node sequence and total tree likelihood...
12.12	---Attaching sequence profiles to leafs...
12.13	---Postorder: computing likelihoods...
12.28	---Computing root node sequence and total tree likelihood...

12.28	-treeanc:optimize_gtr_rate: optimization successful. Overall rate
     	 estimated to be 35.727694
12.28	--TreeAnc.infer_gtr: counting mutations...
12.57	---TreeAnc.infer_gtr: counting mutations...done

12.57	-GTR: with alphabet: ['A', 'B', 'C', 'D', 'E', 'F', 'G', 'H', 'I', 'J',
     	 'K', 'L', 'M', 'N', 'O', 'P', 'Q', 'R', 'S', 'T', 'U', 'V', 'W', 'X',
     	 'Y', 'Z', '[', '\\', ']', '^', '_', '`', 'a', 'b', 'c', 'd', 'e']
12.57	--GTR: ambiguous character: f
12.57	----GTR: no gap symbol!
12.57	---GTR: init with dummy values!

12.57	-GTR: model inference
12.57	---GTR inference iteration 0 change: 0.1643989873053573
12.57	---GTR inference iteration 1 change: 0.00394990278490145
12.57	---Attaching sequence profiles to leafs...
12.58	---Postorder: computing likelihoods...
12.73	---Computing root node sequence and total tree likelihood...
12.73	---Attaching sequence profiles to leafs...
12.74	---Postorder: computing likelihoods...
12.89	---Computing root node sequence and total tree likelihood...
12.90	---Attaching sequence profiles to leafs...
12.91	---Postorder: computing likelihoods...
13.06	---Computing root node sequence and total tree likelihood...
13.06	---Attaching sequence profiles to leafs...
13.07	---Postorder: computing likelihoods...
13.22	---Computing root node sequence and total tree likelihood...
13.22	---Attaching sequence profiles to leafs...
13.23	---Postorder: computing likelihoods...
13.38	---Computing root node sequence and total tree likelihood...
13.38	---Attaching sequence profiles to leafs...
13.39	---Postorder: computing likelihoods...
13.54	---Computing root node sequence and total tree likelihood...
13.54	---Attaching sequence profiles to leafs...
13.55	---Postorder: computing likelihoods...
13.70	---Computing root node sequence and total tree likelihood...
13.70	---Attaching sequence profiles to leafs...
13.71	---Postorder: computing likelihoods...
13.86	---Computing root node sequence and total tree likelihood...
13.86	---Attaching sequence profiles to leafs...
13.87	---Postorder: computing likelihoods...
14.02	---Computing root node sequence and total tree likelihood...
14.03	---Attaching sequence profiles to leafs...
14.03	---Postorder: computing likelihoods...
14.18	---Computing root node sequence and total tree likelihood...
14.19	---Attaching sequence profiles to leafs...
14.20	---Postorder: computing likelihoods...
14.35	---Computing root node sequence and total tree likelihood...
14.35	---Attaching sequence profiles to leafs...
14.36	---Postorder: computing likelihoods...
14.51	---Computing root node sequence and total tree likelihood...
14.51	---Attaching sequence profiles to leafs...
14.52	---Postorder: computing likelihoods...
14.67	---Computing root node sequence and total tree likelihood...
14.67	---Attaching sequence profiles to leafs...
14.68	---Postorder: computing likelihoods...
14.83	---Computing root node sequence and total tree likelihood...
14.83	---Attaching sequence profiles to leafs...
14.84	---Postorder: computing likelihoods...
14.99	---Computing root node sequence and total tree likelihood...
14.99	---Attaching sequence profiles to leafs...
15.00	---Postorder: computing likelihoods...
15.15	---Computing root node sequence and total tree likelihood...
15.16	---Attaching sequence profiles to leafs...
15.16	---Postorder: computing likelihoods...
15.32	---Computing root node sequence and total tree likelihood...
15.32	---Attaching sequence profiles to leafs...
15.33	---Postorder: computing likelihoods...
15.48	---Computing root node sequence and total tree likelihood...

15.48	-treeanc:optimize_gtr_rate: optimization successful. Overall rate
     	 estimated to be 35.727668
15.48	--TreeAnc.infer_gtr: counting mutations...
15.76	---TreeAnc.infer_gtr: counting mutations...done

15.76	-GTR: with alphabet: ['A', 'B', 'C', 'D', 'E', 'F', 'G', 'H', 'I', 'J',
     	 'K', 'L', 'M', 'N', 'O', 'P', 'Q', 'R', 'S', 'T', 'U', 'V', 'W', 'X',
     	 'Y', 'Z', '[', '\\', ']', '^', '_', '`', 'a', 'b', 'c', 'd', 'e']
15.76	--GTR: ambiguous character: f
15.76	----GTR: no gap symbol!
15.76	---GTR: init with dummy values!

15.76	-GTR: model inference
15.76	---GTR inference iteration 0 change: 0.1643989873053573
15.76	---GTR inference iteration 1 change: 0.003950027956654891
15.76	---Attaching sequence profiles to leafs...
15.77	---Postorder: computing likelihoods...
15.93	---Computing root node sequence and total tree likelihood...
15.93	---Attaching sequence profiles to leafs...
15.94	---Postorder: computing likelihoods...
16.09	---Computing root node sequence and total tree likelihood...
16.09	---Attaching sequence profiles to leafs...
16.10	---Postorder: computing likelihoods...
16.25	---Computing root node sequence and total tree likelihood...
16.25	---Attaching sequence profiles to leafs...
16.26	---Postorder: computing likelihoods...
16.41	---Computing root node sequence and total tree likelihood...
16.41	---Attaching sequence profiles to leafs...
16.42	---Postorder: computing likelihoods...
16.57	---Computing root node sequence and total tree likelihood...
16.57	---Attaching sequence profiles to leafs...
16.58	---Postorder: computing likelihoods...
16.73	---Computing root node sequence and total tree likelihood...
16.73	---Attaching sequence profiles to leafs...
16.74	---Postorder: computing likelihoods...
16.89	---Computing root node sequence and total tree likelihood...
16.89	---Attaching sequence profiles to leafs...
16.90	---Postorder: computing likelihoods...
17.05	---Computing root node sequence and total tree likelihood...
17.06	---Attaching sequence profiles to leafs...
17.07	---Postorder: computing likelihoods...
17.22	---Computing root node sequence and total tree likelihood...
17.22	---Attaching sequence profiles to leafs...
17.23	---Postorder: computing likelihoods...
17.38	---Computing root node sequence and total tree likelihood...
17.38	---Attaching sequence profiles to leafs...
17.39	---Postorder: computing likelihoods...
17.54	---Computing root node sequence and total tree likelihood...
17.54	---Attaching sequence profiles to leafs...
17.55	---Postorder: computing likelihoods...
17.70	---Computing root node sequence and total tree likelihood...
17.70	---Attaching sequence profiles to leafs...
17.71	---Postorder: computing likelihoods...
17.86	---Computing root node sequence and total tree likelihood...
17.87	---Attaching sequence profiles to leafs...
17.87	---Postorder: computing likelihoods...
18.03	---Computing root node sequence and total tree likelihood...
18.03	---Attaching sequence profiles to leafs...
18.04	---Postorder: computing likelihoods...
18.19	---Computing root node sequence and total tree likelihood...
18.19	---Attaching sequence profiles to leafs...
18.20	---Postorder: computing likelihoods...
18.35	---Computing root node sequence and total tree likelihood...
18.35	---Attaching sequence profiles to leafs...
18.36	---Postorder: computing likelihoods...
18.51	---Computing root node sequence and total tree likelihood...
18.51	---Attaching sequence profiles to leafs...
18.52	---Postorder: computing likelihoods...
18.67	---Computing root node sequence and total tree likelihood...
18.67	---Attaching sequence profiles to leafs...
18.68	---Postorder: computing likelihoods...
18.83	---Computing root node sequence and total tree likelihood...

18.84	-treeanc:optimize_gtr_rate: optimization successful. Overall rate
     	 estimated to be 35.727662
18.84	--TreeAnc.infer_gtr: counting mutations...
19.12	---TreeAnc.infer_gtr: counting mutations...done

19.12	-GTR: with alphabet: ['A', 'B', 'C', 'D', 'E', 'F', 'G', 'H', 'I', 'J',
     	 'K', 'L', 'M', 'N', 'O', 'P', 'Q', 'R', 'S', 'T', 'U', 'V', 'W', 'X',
     	 'Y', 'Z', '[', '\\', ']', '^', '_', '`', 'a', 'b', 'c', 'd', 'e']
19.12	--GTR: ambiguous character: f
19.12	----GTR: no gap symbol!
19.12	---GTR: init with dummy values!

19.12	-GTR: model inference
19.12	---GTR inference iteration 0 change: 0.1643989873053573
19.12	---GTR inference iteration 1 change: 0.003950048209876757
19.12	---Attaching sequence profiles to leafs...
19.13	---Postorder: computing likelihoods...
19.28	---Computing root node sequence and total tree likelihood...
19.29	---Attaching sequence profiles to leafs...
19.29	---Postorder: computing likelihoods...
19.45	---Computing root node sequence and total tree likelihood...
19.45	---Attaching sequence profiles to leafs...
19.46	---Postorder: computing likelihoods...
19.61	---Computing root node sequence and total tree likelihood...
19.61	---Attaching sequence profiles to leafs...
19.62	---Postorder: computing likelihoods...
19.77	---Computing root node sequence and total tree likelihood...
19.77	---Attaching sequence profiles to leafs...
19.78	---Postorder: computing likelihoods...
19.93	---Computing root node sequence and total tree likelihood...
19.93	---Attaching sequence profiles to leafs...
19.94	---Postorder: computing likelihoods...
20.09	---Computing root node sequence and total tree likelihood...
20.10	---Attaching sequence profiles to leafs...
20.11	---Postorder: computing likelihoods...
20.26	---Computing root node sequence and total tree likelihood...
20.26	---Attaching sequence profiles to leafs...
20.27	---Postorder: computing likelihoods...
20.42	---Computing root node sequence and total tree likelihood...
20.42	---Attaching sequence profiles to leafs...
20.43	---Postorder: computing likelihoods...
20.58	---Computing root node sequence and total tree likelihood...
20.58	---Attaching sequence profiles to leafs...
20.59	---Postorder: computing likelihoods...
20.74	---Computing root node sequence and total tree likelihood...
20.74	---Attaching sequence profiles to leafs...
20.75	---Postorder: computing likelihoods...
20.90	---Computing root node sequence and total tree likelihood...
20.91	---Attaching sequence profiles to leafs...
20.92	---Postorder: computing likelihoods...
21.07	---Computing root node sequence and total tree likelihood...
21.07	---Attaching sequence profiles to leafs...
21.08	---Postorder: computing likelihoods...
21.23	---Computing root node sequence and total tree likelihood...
21.23	---Attaching sequence profiles to leafs...
21.24	---Postorder: computing likelihoods...
21.39	---Computing root node sequence and total tree likelihood...
21.39	---Attaching sequence profiles to leafs...
21.40	---Postorder: computing likelihoods...
21.55	---Computing root node sequence and total tree likelihood...
21.55	---Attaching sequence profiles to leafs...
21.56	---Postorder: computing likelihoods...
21.71	---Computing root node sequence and total tree likelihood...
21.72	---Attaching sequence profiles to leafs...
21.73	---Postorder: computing likelihoods...
21.88	---Computing root node sequence and total tree likelihood...
21.88	---Attaching sequence profiles to leafs...
21.89	---Postorder: computing likelihoods...
22.04	---Computing root node sequence and total tree likelihood...

22.04	-treeanc:optimize_gtr_rate: optimization successful. Overall rate
     	 estimated to be 35.727662

22.04	-TreeAnc.infer_ancestral_sequences with method: probabilistic, marginal
22.04	--TreeAnc._ml_anc_marginal: type of reconstruction: Marginal
22.04	---Attaching sequence profiles to leafs...
22.05	---Postorder: computing likelihoods...
22.20	---Computing root node sequence and total tree likelihood...
22.20	---Preorder: computing marginal profiles...
22.46	---TreeAnc._ml_anc_marginal: ...done
NOTE: previous versions (<0.7.0) of this command made a 'short-branch
length assumption. TreeTime now optimizes the overall rate numerically
and thus allows for long branches along which multiple changes
accumulated. This is expected to affect estimates of the overall rate
while leaving the relative rates mostly unchanged.
