
0.00	-TreeAnc: set-up
Assigned discrete traits to 569 out of 616 taxa.


0.37	-SequenceData: loaded alignment.

0.37	-SeqData: making compressed alignment...

0.37	-SequenceData: constructed compressed alignment...

0.42	-TreeAnc.infer_ancestral_sequences with method: ml, marginal
0.42	--TreeAnc._ml_anc_marginal: type of reconstruction: Marginal
0.42	---Attaching sequence profiles to leafs...
0.44	---Postorder: computing likelihoods...
1.51	---Computing root node sequence and total tree likelihood...
1.51	---Preorder: computing marginal profiles...
2.05	---TreeAnc._ml_anc_marginal: ...done
2.54	--TreeAnc.infer_gtr: counting mutations...
3.91	---TreeAnc.infer_gtr: counting mutations...done

3.92	-GTR: with alphabet: ['A', 'B', 'C', 'D', 'E', 'F', 'G', 'H', 'I', 'J',
    	 'K', 'L', 'M', 'N', 'O', 'P', 'Q', 'R', 'S', 'T', 'U', 'V', 'W', 'X', 'Y',
    	 'Z', '[', '\\', ']', '^', '_', '`', 'a', 'b', 'c', 'd', 'e', 'f', 'g',
    	 'h', 'i', 'j', 'k', 'l', 'm', 'n', 'o', 'p', 'q', 'r', 's', 't', 'u', 'v',
    	 'w', 'x', 'y', 'z', '{', '|', '}', '~', '\x7f', '\x80', '\x81', '\x82',
    	 '\x83', '\x84', '\x85', '\x86', '\x87', '\x88', '\x89', '\x8a', '\x8b',
    	 '\x8c', '\x8d', '\x8e', '\x8f', '\x90', '\x91', '\x92', '\x93', '\x94',
    	 '\x95', '\x96', '\x97', '\x98', '\x99', '\x9a', '\x9b', '\x9c', '\x9d',
    	 '\x9e', '\x9f', '\xa0', '¡', '¢', '£', '¤', '¥', '¦', '§', '¨', '©', 'ª',
    	 '«', '¬', '\xad', '®', '¯', '°']
3.92	--GTR: ambiguous character: ±
3.92	----GTR: no gap symbol!
3.92	---GTR: init with dummy values!

3.92	-GTR: model inference
3.92	---GTR inference iteration 0 change: 0.0944911182523068
3.92	---GTR inference iteration 1 change: 0.0023692050740466214
3.93	---GTR inference iteration 2 change: 2.5278982551591952e-05
3.93	--TreeAnc._ml_anc_marginal: type of reconstruction: Marginal
3.93	---Attaching sequence profiles to leafs...
3.94	---Postorder: computing likelihoods...
5.01	---Computing root node sequence and total tree likelihood...
5.02	---Preorder: computing marginal profiles...
6.22	---TreeAnc._ml_anc_marginal: ...done
6.71	---Attaching sequence profiles to leafs...
6.72	---Postorder: computing likelihoods...
7.79	---Computing root node sequence and total tree likelihood...
7.79	---Attaching sequence profiles to leafs...
7.80	---Postorder: computing likelihoods...
8.88	---Computing root node sequence and total tree likelihood...
8.88	---Attaching sequence profiles to leafs...
8.89	---Postorder: computing likelihoods...
9.95	---Computing root node sequence and total tree likelihood...
9.96	---Attaching sequence profiles to leafs...
9.97	---Postorder: computing likelihoods...
11.05	---Computing root node sequence and total tree likelihood...
11.06	---Attaching sequence profiles to leafs...
11.07	---Postorder: computing likelihoods...
12.13	---Computing root node sequence and total tree likelihood...
12.14	---Attaching sequence profiles to leafs...
12.15	---Postorder: computing likelihoods...
13.22	---Computing root node sequence and total tree likelihood...
13.22	---Attaching sequence profiles to leafs...
13.23	---Postorder: computing likelihoods...
14.30	---Computing root node sequence and total tree likelihood...
14.31	---Attaching sequence profiles to leafs...
14.32	---Postorder: computing likelihoods...
15.39	---Computing root node sequence and total tree likelihood...
15.39	---Attaching sequence profiles to leafs...
15.40	---Postorder: computing likelihoods...
16.49	---Computing root node sequence and total tree likelihood...
16.50	---Attaching sequence profiles to leafs...
16.50	---Postorder: computing likelihoods...
17.59	---Computing root node sequence and total tree likelihood...
17.59	---Attaching sequence profiles to leafs...
17.60	---Postorder: computing likelihoods...
18.68	---Computing root node sequence and total tree likelihood...
18.68	---Attaching sequence profiles to leafs...
18.69	---Postorder: computing likelihoods...
19.78	---Computing root node sequence and total tree likelihood...
19.78	---Attaching sequence profiles to leafs...
19.79	---Postorder: computing likelihoods...
20.88	---Computing root node sequence and total tree likelihood...
20.89	---Attaching sequence profiles to leafs...
20.90	---Postorder: computing likelihoods...
21.99	---Computing root node sequence and total tree likelihood...
21.99	---Attaching sequence profiles to leafs...
22.00	---Postorder: computing likelihoods...
23.08	---Computing root node sequence and total tree likelihood...
23.08	---Attaching sequence profiles to leafs...
23.09	---Postorder: computing likelihoods...
24.17	---Computing root node sequence and total tree likelihood...
24.18	---Attaching sequence profiles to leafs...
24.19	---Postorder: computing likelihoods...
25.26	---Computing root node sequence and total tree likelihood...
25.27	---Attaching sequence profiles to leafs...
25.28	---Postorder: computing likelihoods...
26.36	---Computing root node sequence and total tree likelihood...

26.37	-treeanc:optimize_gtr_rate: optimization successful. Overall rate
     	 estimated to be 202.529714
26.37	--TreeAnc.infer_gtr: counting mutations...
27.74	---TreeAnc.infer_gtr: counting mutations...done

27.74	-GTR: with alphabet: ['A', 'B', 'C', 'D', 'E', 'F', 'G', 'H', 'I', 'J',
     	 'K', 'L', 'M', 'N', 'O', 'P', 'Q', 'R', 'S', 'T', 'U', 'V', 'W', 'X',
     	 'Y', 'Z', '[', '\\', ']', '^', '_', '`', 'a', 'b', 'c', 'd', 'e', 'f',
     	 'g', 'h', 'i', 'j', 'k', 'l', 'm', 'n', 'o', 'p', 'q', 'r', 's', 't',
     	 'u', 'v', 'w', 'x', 'y', 'z', '{', '|', '}', '~', '\x7f', '\x80', '\x81',
     	 '\x82', '\x83', '\x84', '\x85', '\x86', '\x87', '\x88', '\x89', '\x8a',
     	 '\x8b', '\x8c', '\x8d', '\x8e', '\x8f', '\x90', '\x91', '\x92', '\x93',
     	 '\x94', '\x95', '\x96', '\x97', '\x98', '\x99', '\x9a', '\x9b', '\x9c',
     	 '\x9d', '\x9e', '\x9f', '\xa0', '¡', '¢', '£', '¤', '¥', '¦', '§', '¨',
     	 '©', 'ª', '«', '¬', '\xad', '®', '¯', '°']
27.74	--GTR: ambiguous character: ±
27.74	----GTR: no gap symbol!
27.74	---GTR: init with dummy values!

27.75	-GTR: model inference
27.75	---GTR inference iteration 0 change: 0.0944911182523068
27.75	---GTR inference iteration 1 change: 0.0025583115247547732
27.75	---GTR inference iteration 2 change: 2.573616650862559e-05
27.76	---Attaching sequence profiles to leafs...
27.77	---Postorder: computing likelihoods...
28.85	---Computing root node sequence and total tree likelihood...
28.85	---Attaching sequence profiles to leafs...
28.86	---Postorder: computing likelihoods...
29.95	---Computing root node sequence and total tree likelihood...
29.95	---Attaching sequence profiles to leafs...
29.96	---Postorder: computing likelihoods...
31.02	---Computing root node sequence and total tree likelihood...
31.03	---Attaching sequence profiles to leafs...
31.04	---Postorder: computing likelihoods...
32.11	---Computing root node sequence and total tree likelihood...
32.11	---Attaching sequence profiles to leafs...
32.12	---Postorder: computing likelihoods...
33.19	---Computing root node sequence and total tree likelihood...
33.19	---Attaching sequence profiles to leafs...
33.20	---Postorder: computing likelihoods...
34.27	---Computing root node sequence and total tree likelihood...
34.27	---Attaching sequence profiles to leafs...
34.28	---Postorder: computing likelihoods...
35.36	---Computing root node sequence and total tree likelihood...
35.36	---Attaching sequence profiles to leafs...
35.37	---Postorder: computing likelihoods...
36.46	---Computing root node sequence and total tree likelihood...
36.46	---Attaching sequence profiles to leafs...
36.47	---Postorder: computing likelihoods...
37.55	---Computing root node sequence and total tree likelihood...
37.55	---Attaching sequence profiles to leafs...
37.56	---Postorder: computing likelihoods...
38.64	---Computing root node sequence and total tree likelihood...
38.65	---Attaching sequence profiles to leafs...
38.66	---Postorder: computing likelihoods...
39.75	---Computing root node sequence and total tree likelihood...
39.75	---Attaching sequence profiles to leafs...
39.76	---Postorder: computing likelihoods...
40.84	---Computing root node sequence and total tree likelihood...
40.85	---Attaching sequence profiles to leafs...
40.86	---Postorder: computing likelihoods...
41.94	---Computing root node sequence and total tree likelihood...
41.95	---Attaching sequence profiles to leafs...
41.96	---Postorder: computing likelihoods...
43.02	---Computing root node sequence and total tree likelihood...
43.03	---Attaching sequence profiles to leafs...
43.04	---Postorder: computing likelihoods...
44.11	---Computing root node sequence and total tree likelihood...
44.12	---Attaching sequence profiles to leafs...
44.13	---Postorder: computing likelihoods...
45.22	---Computing root node sequence and total tree likelihood...
45.23	---Attaching sequence profiles to leafs...
45.24	---Postorder: computing likelihoods...
46.32	---Computing root node sequence and total tree likelihood...
46.32	---Attaching sequence profiles to leafs...
46.33	---Postorder: computing likelihoods...
47.41	---Computing root node sequence and total tree likelihood...
47.42	---Attaching sequence profiles to leafs...
47.43	---Postorder: computing likelihoods...
48.51	---Computing root node sequence and total tree likelihood...
48.51	---Attaching sequence profiles to leafs...
48.52	---Postorder: computing likelihoods...
49.60	---Computing root node sequence and total tree likelihood...

49.61	-treeanc:optimize_gtr_rate: optimization successful. Overall rate
     	 estimated to be 202.282653
49.61	--TreeAnc.infer_gtr: counting mutations...
50.99	---TreeAnc.infer_gtr: counting mutations...done

50.99	-GTR: with alphabet: ['A', 'B', 'C', 'D', 'E', 'F', 'G', 'H', 'I', 'J',
     	 'K', 'L', 'M', 'N', 'O', 'P', 'Q', 'R', 'S', 'T', 'U', 'V', 'W', 'X',
     	 'Y', 'Z', '[', '\\', ']', '^', '_', '`', 'a', 'b', 'c', 'd', 'e', 'f',
     	 'g', 'h', 'i', 'j', 'k', 'l', 'm', 'n', 'o', 'p', 'q', 'r', 's', 't',
     	 'u', 'v', 'w', 'x', 'y', 'z', '{', '|', '}', '~', '\x7f', '\x80', '\x81',
     	 '\x82', '\x83', '\x84', '\x85', '\x86', '\x87', '\x88', '\x89', '\x8a',
     	 '\x8b', '\x8c', '\x8d', '\x8e', '\x8f', '\x90', '\x91', '\x92', '\x93',
     	 '\x94', '\x95', '\x96', '\x97', '\x98', '\x99', '\x9a', '\x9b', '\x9c',
     	 '\x9d', '\x9e', '\x9f', '\xa0', '¡', '¢', '£', '¤', '¥', '¦', '§', '¨',
     	 '©', 'ª', '«', '¬', '\xad', '®', '¯', '°']
50.99	--GTR: ambiguous character: ±
50.99	----GTR: no gap symbol!
50.99	---GTR: init with dummy values!

51.00	-GTR: model inference
51.00	---GTR inference iteration 0 change: 0.0944911182523068
51.00	---GTR inference iteration 1 change: 0.0025765560346898346
51.00	---GTR inference iteration 2 change: 2.591813456523099e-05
51.01	---Attaching sequence profiles to leafs...
51.02	---Postorder: computing likelihoods...
52.09	---Computing root node sequence and total tree likelihood...
52.10	---Attaching sequence profiles to leafs...
52.11	---Postorder: computing likelihoods...
53.18	---Computing root node sequence and total tree likelihood...
53.19	---Attaching sequence profiles to leafs...
53.20	---Postorder: computing likelihoods...
54.26	---Computing root node sequence and total tree likelihood...
54.26	---Attaching sequence profiles to leafs...
54.27	---Postorder: computing likelihoods...
55.35	---Computing root node sequence and total tree likelihood...
55.35	---Attaching sequence profiles to leafs...
55.36	---Postorder: computing likelihoods...
56.43	---Computing root node sequence and total tree likelihood...
56.43	---Attaching sequence profiles to leafs...
56.44	---Postorder: computing likelihoods...
57.51	---Computing root node sequence and total tree likelihood...
57.52	---Attaching sequence profiles to leafs...
57.53	---Postorder: computing likelihoods...
58.59	---Computing root node sequence and total tree likelihood...
58.60	---Attaching sequence profiles to leafs...
58.61	---Postorder: computing likelihoods...
59.67	---Computing root node sequence and total tree likelihood...
59.68	---Attaching sequence profiles to leafs...
59.69	---Postorder: computing likelihoods...
60.77	---Computing root node sequence and total tree likelihood...
60.77	---Attaching sequence profiles to leafs...
60.78	---Postorder: computing likelihoods...
61.85	---Computing root node sequence and total tree likelihood...
61.86	---Attaching sequence profiles to leafs...
61.87	---Postorder: computing likelihoods...
62.94	---Computing root node sequence and total tree likelihood...
62.95	---Attaching sequence profiles to leafs...
62.96	---Postorder: computing likelihoods...
64.04	---Computing root node sequence and total tree likelihood...
64.04	---Attaching sequence profiles to leafs...
64.05	---Postorder: computing likelihoods...
65.13	---Computing root node sequence and total tree likelihood...
65.14	---Attaching sequence profiles to leafs...
65.15	---Postorder: computing likelihoods...
66.22	---Computing root node sequence and total tree likelihood...
66.23	---Attaching sequence profiles to leafs...
66.24	---Postorder: computing likelihoods...
67.31	---Computing root node sequence and total tree likelihood...
67.31	---Attaching sequence profiles to leafs...
67.32	---Postorder: computing likelihoods...
68.39	---Computing root node sequence and total tree likelihood...
68.40	---Attaching sequence profiles to leafs...
68.41	---Postorder: computing likelihoods...
69.48	---Computing root node sequence and total tree likelihood...

69.49	-treeanc:optimize_gtr_rate: optimization successful. Overall rate
     	 estimated to be 202.250596
69.49	--TreeAnc.infer_gtr: counting mutations...
70.86	---TreeAnc.infer_gtr: counting mutations...done

70.86	-GTR: with alphabet: ['A', 'B', 'C', 'D', 'E', 'F', 'G', 'H', 'I', 'J',
     	 'K', 'L', 'M', 'N', 'O', 'P', 'Q', 'R', 'S', 'T', 'U', 'V', 'W', 'X',
     	 'Y', 'Z', '[', '\\', ']', '^', '_', '`', 'a', 'b', 'c', 'd', 'e', 'f',
     	 'g', 'h', 'i', 'j', 'k', 'l', 'm', 'n', 'o', 'p', 'q', 'r', 's', 't',
     	 'u', 'v', 'w', 'x', 'y', 'z', '{', '|', '}', '~', '\x7f', '\x80', '\x81',
     	 '\x82', '\x83', '\x84', '\x85', '\x86', '\x87', '\x88', '\x89', '\x8a',
     	 '\x8b', '\x8c', '\x8d', '\x8e', '\x8f', '\x90', '\x91', '\x92', '\x93',
     	 '\x94', '\x95', '\x96', '\x97', '\x98', '\x99', '\x9a', '\x9b', '\x9c',
     	 '\x9d', '\x9e', '\x9f', '\xa0', '¡', '¢', '£', '¤', '¥', '¦', '§', '¨',
     	 '©', 'ª', '«', '¬', '\xad', '®', '¯', '°']
70.86	--GTR: ambiguous character: ±
70.86	----GTR: no gap symbol!
70.86	---GTR: init with dummy values!

70.87	-GTR: model inference
70.87	---GTR inference iteration 0 change: 0.0944911182523068
70.87	---GTR inference iteration 1 change: 0.002581159333864571
70.87	---GTR inference iteration 2 change: 2.5967211241764705e-05
70.88	---Attaching sequence profiles to leafs...
70.89	---Postorder: computing likelihoods...
71.96	---Computing root node sequence and total tree likelihood...
71.96	---Attaching sequence profiles to leafs...
71.97	---Postorder: computing likelihoods...
73.04	---Computing root node sequence and total tree likelihood...
73.05	---Attaching sequence profiles to leafs...
73.06	---Postorder: computing likelihoods...
74.12	---Computing root node sequence and total tree likelihood...
74.13	---Attaching sequence profiles to leafs...
74.14	---Postorder: computing likelihoods...
75.21	---Computing root node sequence and total tree likelihood...
75.21	---Attaching sequence profiles to leafs...
75.22	---Postorder: computing likelihoods...
76.29	---Computing root node sequence and total tree likelihood...
76.30	---Attaching sequence profiles to leafs...
76.30	---Postorder: computing likelihoods...
77.37	---Computing root node sequence and total tree likelihood...
77.38	---Attaching sequence profiles to leafs...
77.39	---Postorder: computing likelihoods...
78.45	---Computing root node sequence and total tree likelihood...
78.46	---Attaching sequence profiles to leafs...
78.47	---Postorder: computing likelihoods...
79.54	---Computing root node sequence and total tree likelihood...
79.54	---Attaching sequence profiles to leafs...
79.55	---Postorder: computing likelihoods...
80.63	---Computing root node sequence and total tree likelihood...
80.63	---Attaching sequence profiles to leafs...
80.64	---Postorder: computing likelihoods...
81.71	---Computing root node sequence and total tree likelihood...
81.72	---Attaching sequence profiles to leafs...
81.73	---Postorder: computing likelihoods...
82.81	---Computing root node sequence and total tree likelihood...
82.82	---Attaching sequence profiles to leafs...
82.83	---Postorder: computing likelihoods...
83.90	---Computing root node sequence and total tree likelihood...
83.90	---Attaching sequence profiles to leafs...
83.91	---Postorder: computing likelihoods...
84.98	---Computing root node sequence and total tree likelihood...
84.99	---Attaching sequence profiles to leafs...
85.00	---Postorder: computing likelihoods...
86.07	---Computing root node sequence and total tree likelihood...
86.08	---Attaching sequence profiles to leafs...
86.09	---Postorder: computing likelihoods...
87.16	---Computing root node sequence and total tree likelihood...
87.16	---Attaching sequence profiles to leafs...
87.17	---Postorder: computing likelihoods...
88.24	---Computing root node sequence and total tree likelihood...
88.25	---Attaching sequence profiles to leafs...
88.26	---Postorder: computing likelihoods...
89.34	---Computing root node sequence and total tree likelihood...
89.35	---Attaching sequence profiles to leafs...
89.36	---Postorder: computing likelihoods...
90.42	---Computing root node sequence and total tree likelihood...

90.43	-treeanc:optimize_gtr_rate: optimization successful. Overall rate
     	 estimated to be 202.242415
90.43	--TreeAnc.infer_gtr: counting mutations...
91.80	---TreeAnc.infer_gtr: counting mutations...done

91.80	-GTR: with alphabet: ['A', 'B', 'C', 'D', 'E', 'F', 'G', 'H', 'I', 'J',
     	 'K', 'L', 'M', 'N', 'O', 'P', 'Q', 'R', 'S', 'T', 'U', 'V', 'W', 'X',
     	 'Y', 'Z', '[', '\\', ']', '^', '_', '`', 'a', 'b', 'c', 'd', 'e', 'f',
     	 'g', 'h', 'i', 'j', 'k', 'l', 'm', 'n', 'o', 'p', 'q', 'r', 's', 't',
     	 'u', 'v', 'w', 'x', 'y', 'z', '{', '|', '}', '~', '\x7f', '\x80', '\x81',
     	 '\x82', '\x83', '\x84', '\x85', '\x86', '\x87', '\x88', '\x89', '\x8a',
     	 '\x8b', '\x8c', '\x8d', '\x8e', '\x8f', '\x90', '\x91', '\x92', '\x93',
     	 '\x94', '\x95', '\x96', '\x97', '\x98', '\x99', '\x9a', '\x9b', '\x9c',
     	 '\x9d', '\x9e', '\x9f', '\xa0', '¡', '¢', '£', '¤', '¥', '¦', '§', '¨',
     	 '©', 'ª', '«', '¬', '\xad', '®', '¯', '°']
91.81	--GTR: ambiguous character: ±
91.81	----GTR: no gap symbol!
91.81	---GTR: init with dummy values!

91.81	-GTR: model inference
91.81	---GTR inference iteration 0 change: 0.0944911182523068
91.81	---GTR inference iteration 1 change: 0.0025823137262460014
91.81	---GTR inference iteration 2 change: 2.5979738167426584e-05
91.82	---Attaching sequence profiles to leafs...
91.83	---Postorder: computing likelihoods...
92.91	---Computing root node sequence and total tree likelihood...
92.92	---Attaching sequence profiles to leafs...
92.93	---Postorder: computing likelihoods...
93.99	---Computing root node sequence and total tree likelihood...
94.00	---Attaching sequence profiles to leafs...
94.01	---Postorder: computing likelihoods...
95.07	---Computing root node sequence and total tree likelihood...
95.08	---Attaching sequence profiles to leafs...
95.09	---Postorder: computing likelihoods...
96.17	---Computing root node sequence and total tree likelihood...
96.17	---Attaching sequence profiles to leafs...
96.18	---Postorder: computing likelihoods...
97.25	---Computing root node sequence and total tree likelihood...
97.25	---Attaching sequence profiles to leafs...
97.26	---Postorder: computing likelihoods...
98.33	---Computing root node sequence and total tree likelihood...
98.33	---Attaching sequence profiles to leafs...
98.34	---Postorder: computing likelihoods...
99.41	---Computing root node sequence and total tree likelihood...
99.41	---Attaching sequence profiles to leafs...
99.42	---Postorder: computing likelihoods...
100.49	---Computing root node sequence and total tree likelihood...
100.50	---Attaching sequence profiles to leafs...
100.51	---Postorder: computing likelihoods...
101.58	---Computing root node sequence and total tree likelihood...
101.59	---Attaching sequence profiles to leafs...
101.60	---Postorder: computing likelihoods...
102.67	---Computing root node sequence and total tree likelihood...
102.68	---Attaching sequence profiles to leafs...
102.69	---Postorder: computing likelihoods...
103.77	---Computing root node sequence and total tree likelihood...
103.77	---Attaching sequence profiles to leafs...
103.78	---Postorder: computing likelihoods...
104.85	---Computing root node sequence and total tree likelihood...
104.86	---Attaching sequence profiles to leafs...
104.87	---Postorder: computing likelihoods...
105.94	---Computing root node sequence and total tree likelihood...
105.95	---Attaching sequence profiles to leafs...
105.96	---Postorder: computing likelihoods...
107.04	---Computing root node sequence and total tree likelihood...
107.05	---Attaching sequence profiles to leafs...
107.06	---Postorder: computing likelihoods...
108.13	---Computing root node sequence and total tree likelihood...
108.14	---Attaching sequence profiles to leafs...
108.15	---Postorder: computing likelihoods...
109.22	---Computing root node sequence and total tree likelihood...
109.22	---Attaching sequence profiles to leafs...
109.23	---Postorder: computing likelihoods...
110.30	---Computing root node sequence and total tree likelihood...
110.31	---Attaching sequence profiles to leafs...
110.32	---Postorder: computing likelihoods...
111.39	---Computing root node sequence and total tree likelihood...
111.39	---Attaching sequence profiles to leafs...
111.40	---Postorder: computing likelihoods...
112.47	---Computing root node sequence and total tree likelihood...
112.48	---Attaching sequence profiles to leafs...
112.49	---Postorder: computing likelihoods...
113.56	---Computing root node sequence and total tree likelihood...

113.57	-treeanc:optimize_gtr_rate: optimization successful. Overall rate
      	 estimated to be 202.240410
113.57	--TreeAnc.infer_gtr: counting mutations...
114.94	---TreeAnc.infer_gtr: counting mutations...done

114.95	-GTR: with alphabet: ['A', 'B', 'C', 'D', 'E', 'F', 'G', 'H', 'I', 'J',
      	 'K', 'L', 'M', 'N', 'O', 'P', 'Q', 'R', 'S', 'T', 'U', 'V', 'W', 'X',
      	 'Y', 'Z', '[', '\\', ']', '^', '_', '`', 'a', 'b', 'c', 'd', 'e', 'f',
      	 'g', 'h', 'i', 'j', 'k', 'l', 'm', 'n', 'o', 'p', 'q', 'r', 's', 't',
      	 'u', 'v', 'w', 'x', 'y', 'z', '{', '|', '}', '~', '\x7f', '\x80',
      	 '\x81', '\x82', '\x83', '\x84', '\x85', '\x86', '\x87', '\x88', '\x89',
      	 '\x8a', '\x8b', '\x8c', '\x8d', '\x8e', '\x8f', '\x90', '\x91', '\x92',
      	 '\x93', '\x94', '\x95', '\x96', '\x97', '\x98', '\x99', '\x9a', '\x9b',
      	 '\x9c', '\x9d', '\x9e', '\x9f', '\xa0', '¡', '¢', '£', '¤', '¥', '¦',
      	 '§', '¨', '©', 'ª', '«', '¬', '\xad', '®', '¯', '°']
114.95	--GTR: ambiguous character: ±
114.95	----GTR: no gap symbol!
114.95	---GTR: init with dummy values!

114.95	-GTR: model inference
114.95	---GTR inference iteration 0 change: 0.0944911182523068
114.95	---GTR inference iteration 1 change: 0.0025826014382429444
114.95	---GTR inference iteration 2 change: 2.5982878059874948e-05
114.97	---Attaching sequence profiles to leafs...
114.98	---Postorder: computing likelihoods...
116.05	---Computing root node sequence and total tree likelihood...
116.06	---Attaching sequence profiles to leafs...
116.07	---Postorder: computing likelihoods...
117.14	---Computing root node sequence and total tree likelihood...
117.14	---Attaching sequence profiles to leafs...
117.15	---Postorder: computing likelihoods...
118.22	---Computing root node sequence and total tree likelihood...
118.23	---Attaching sequence profiles to leafs...
118.24	---Postorder: computing likelihoods...
119.31	---Computing root node sequence and total tree likelihood...
119.31	---Attaching sequence profiles to leafs...
119.32	---Postorder: computing likelihoods...
120.39	---Computing root node sequence and total tree likelihood...
120.40	---Attaching sequence profiles to leafs...
120.41	---Postorder: computing likelihoods...
121.47	---Computing root node sequence and total tree likelihood...
121.48	---Attaching sequence profiles to leafs...
121.49	---Postorder: computing likelihoods...
122.56	---Computing root node sequence and total tree likelihood...
122.56	---Attaching sequence profiles to leafs...
122.57	---Postorder: computing likelihoods...
123.64	---Computing root node sequence and total tree likelihood...
123.64	---Attaching sequence profiles to leafs...
123.65	---Postorder: computing likelihoods...
124.73	---Computing root node sequence and total tree likelihood...
124.74	---Attaching sequence profiles to leafs...
124.75	---Postorder: computing likelihoods...
125.81	---Computing root node sequence and total tree likelihood...
125.82	---Attaching sequence profiles to leafs...
125.83	---Postorder: computing likelihoods...
126.91	---Computing root node sequence and total tree likelihood...
126.92	---Attaching sequence profiles to leafs...
126.93	---Postorder: computing likelihoods...
128.01	---Computing root node sequence and total tree likelihood...
128.01	---Attaching sequence profiles to leafs...
128.02	---Postorder: computing likelihoods...
129.11	---Computing root node sequence and total tree likelihood...
129.11	---Attaching sequence profiles to leafs...
129.12	---Postorder: computing likelihoods...
130.19	---Computing root node sequence and total tree likelihood...
130.20	---Attaching sequence profiles to leafs...
130.21	---Postorder: computing likelihoods...
131.29	---Computing root node sequence and total tree likelihood...
131.29	---Attaching sequence profiles to leafs...
131.30	---Postorder: computing likelihoods...
132.37	---Computing root node sequence and total tree likelihood...
132.38	---Attaching sequence profiles to leafs...
132.39	---Postorder: computing likelihoods...
133.47	---Computing root node sequence and total tree likelihood...
133.47	---Attaching sequence profiles to leafs...
133.48	---Postorder: computing likelihoods...
134.55	---Computing root node sequence and total tree likelihood...
134.55	---Attaching sequence profiles to leafs...
134.56	---Postorder: computing likelihoods...
135.63	---Computing root node sequence and total tree likelihood...
135.64	---Attaching sequence profiles to leafs...
135.65	---Postorder: computing likelihoods...
136.72	---Computing root node sequence and total tree likelihood...

136.73	-treeanc:optimize_gtr_rate: optimization successful. Overall rate
      	 estimated to be 202.239915

136.73	-TreeAnc.infer_ancestral_sequences with method: probabilistic, marginal
136.73	--TreeAnc._ml_anc_marginal: type of reconstruction: Marginal
136.73	---Attaching sequence profiles to leafs...
136.74	---Postorder: computing likelihoods...
137.81	---Computing root node sequence and total tree likelihood...
137.81	---Preorder: computing marginal profiles...
139.01	---TreeAnc._ml_anc_marginal: ...done
NOTE: previous versions (<0.7.0) of this command made a 'short-branch
length assumption. TreeTime now optimizes the overall rate numerically
and thus allows for long branches along which multiple changes
accumulated. This is expected to affect estimates of the overall rate
while leaving the relative rates mostly unchanged.
