
0.00	-TreeAnc: set-up
Assigned discrete traits to 604 out of 616 taxa.


0.37	-SequenceData: loaded alignment.

0.37	-SeqData: making compressed alignment...

0.37	-SequenceData: constructed compressed alignment...

0.42	-TreeAnc.infer_ancestral_sequences with method: ml, marginal
0.42	--TreeAnc._ml_anc_marginal: type of reconstruction: Marginal
0.42	---Attaching sequence profiles to leafs...
0.44	---Postorder: computing likelihoods...
0.60	---Computing root node sequence and total tree likelihood...
0.60	---Preorder: computing marginal profiles...
0.75	---TreeAnc._ml_anc_marginal: ...done
1.24	--TreeAnc.infer_gtr: counting mutations...
1.54	---TreeAnc.infer_gtr: counting mutations...done

1.54	-GTR: with alphabet: ['A', 'B', 'C', 'D', 'E', 'F', 'G', 'H', 'I', 'J',
    	 'K', 'L', 'M', 'N', 'O', 'P', 'Q', 'R', 'S', 'T', 'U', 'V', 'W', 'X', 'Y',
    	 'Z', '[', '\\', ']', '^', '_', '`', 'a', 'b', 'c', 'd', 'e', 'f']
1.54	--GTR: ambiguous character: g
1.54	----GTR: no gap symbol!
1.54	---GTR: init with dummy values!

1.54	-GTR: model inference
1.54	---GTR inference iteration 0 change: 0.16222142113076252
1.54	---GTR inference iteration 1 change: 0.021983338379954562
1.54	---GTR inference iteration 2 change: 0.0006766754176319878
1.54	---GTR inference iteration 3 change: 0.00010455285526859619
1.55	--TreeAnc._ml_anc_marginal: type of reconstruction: Marginal
1.55	---Attaching sequence profiles to leafs...
1.56	---Postorder: computing likelihoods...
1.72	---Computing root node sequence and total tree likelihood...
1.72	---Preorder: computing marginal profiles...
2.00	---TreeAnc._ml_anc_marginal: ...done
2.48	---Attaching sequence profiles to leafs...
2.49	---Postorder: computing likelihoods...
2.65	---Computing root node sequence and total tree likelihood...
2.66	---Attaching sequence profiles to leafs...
2.66	---Postorder: computing likelihoods...
2.82	---Computing root node sequence and total tree likelihood...
2.83	---Attaching sequence profiles to leafs...
2.84	---Postorder: computing likelihoods...
3.00	---Computing root node sequence and total tree likelihood...
3.00	---Attaching sequence profiles to leafs...
3.01	---Postorder: computing likelihoods...
3.17	---Computing root node sequence and total tree likelihood...
3.17	---Attaching sequence profiles to leafs...
3.18	---Postorder: computing likelihoods...
3.34	---Computing root node sequence and total tree likelihood...
3.34	---Attaching sequence profiles to leafs...
3.35	---Postorder: computing likelihoods...
3.51	---Computing root node sequence and total tree likelihood...
3.51	---Attaching sequence profiles to leafs...
3.52	---Postorder: computing likelihoods...
3.68	---Computing root node sequence and total tree likelihood...
3.68	---Attaching sequence profiles to leafs...
3.69	---Postorder: computing likelihoods...
3.85	---Computing root node sequence and total tree likelihood...
3.86	---Attaching sequence profiles to leafs...
3.86	---Postorder: computing likelihoods...
4.03	---Computing root node sequence and total tree likelihood...
4.03	---Attaching sequence profiles to leafs...
4.04	---Postorder: computing likelihoods...
4.20	---Computing root node sequence and total tree likelihood...
4.20	---Attaching sequence profiles to leafs...
4.21	---Postorder: computing likelihoods...
4.37	---Computing root node sequence and total tree likelihood...
4.37	---Attaching sequence profiles to leafs...
4.38	---Postorder: computing likelihoods...
4.54	---Computing root node sequence and total tree likelihood...
4.54	---Attaching sequence profiles to leafs...
4.55	---Postorder: computing likelihoods...
4.71	---Computing root node sequence and total tree likelihood...
4.72	---Attaching sequence profiles to leafs...
4.73	---Postorder: computing likelihoods...
4.88	---Computing root node sequence and total tree likelihood...
4.88	---Attaching sequence profiles to leafs...
4.89	---Postorder: computing likelihoods...
5.05	---Computing root node sequence and total tree likelihood...
5.05	---Attaching sequence profiles to leafs...
5.06	---Postorder: computing likelihoods...
5.21	---Computing root node sequence and total tree likelihood...
5.21	---Attaching sequence profiles to leafs...
5.22	---Postorder: computing likelihoods...
5.37	---Computing root node sequence and total tree likelihood...
5.37	---Attaching sequence profiles to leafs...
5.38	---Postorder: computing likelihoods...
5.55	---Computing root node sequence and total tree likelihood...

5.55	-treeanc:optimize_gtr_rate: optimization successful. Overall rate estimated
    	 to be 97.021301
5.55	--TreeAnc.infer_gtr: counting mutations...
5.83	---TreeAnc.infer_gtr: counting mutations...done

5.83	-GTR: with alphabet: ['A', 'B', 'C', 'D', 'E', 'F', 'G', 'H', 'I', 'J',
    	 'K', 'L', 'M', 'N', 'O', 'P', 'Q', 'R', 'S', 'T', 'U', 'V', 'W', 'X', 'Y',
    	 'Z', '[', '\\', ']', '^', '_', '`', 'a', 'b', 'c', 'd', 'e', 'f']
5.83	--GTR: ambiguous character: g
5.83	----GTR: no gap symbol!
5.83	---GTR: init with dummy values!

5.83	-GTR: model inference
5.83	---GTR inference iteration 0 change: 0.16222142113076252
5.83	---GTR inference iteration 1 change: 0.02341955541225034
5.83	---GTR inference iteration 2 change: 0.0006657902998146898
5.83	---GTR inference iteration 3 change: 0.00011934347664552589
5.83	---Attaching sequence profiles to leafs...
5.84	---Postorder: computing likelihoods...
6.00	---Computing root node sequence and total tree likelihood...
6.00	---Attaching sequence profiles to leafs...
6.01	---Postorder: computing likelihoods...
6.17	---Computing root node sequence and total tree likelihood...
6.17	---Attaching sequence profiles to leafs...
6.18	---Postorder: computing likelihoods...
6.33	---Computing root node sequence and total tree likelihood...
6.33	---Attaching sequence profiles to leafs...
6.34	---Postorder: computing likelihoods...
6.50	---Computing root node sequence and total tree likelihood...
6.50	---Attaching sequence profiles to leafs...
6.51	---Postorder: computing likelihoods...
6.66	---Computing root node sequence and total tree likelihood...
6.66	---Attaching sequence profiles to leafs...
6.67	---Postorder: computing likelihoods...
6.83	---Computing root node sequence and total tree likelihood...
6.83	---Attaching sequence profiles to leafs...
6.84	---Postorder: computing likelihoods...
6.99	---Computing root node sequence and total tree likelihood...
6.99	---Attaching sequence profiles to leafs...
7.00	---Postorder: computing likelihoods...
7.15	---Computing root node sequence and total tree likelihood...
7.15	---Attaching sequence profiles to leafs...
7.16	---Postorder: computing likelihoods...
7.31	---Computing root node sequence and total tree likelihood...
7.31	---Attaching sequence profiles to leafs...
7.32	---Postorder: computing likelihoods...
7.47	---Computing root node sequence and total tree likelihood...
7.48	---Attaching sequence profiles to leafs...
7.49	---Postorder: computing likelihoods...
7.64	---Computing root node sequence and total tree likelihood...
7.64	---Attaching sequence profiles to leafs...
7.65	---Postorder: computing likelihoods...
7.80	---Computing root node sequence and total tree likelihood...
7.80	---Attaching sequence profiles to leafs...
7.81	---Postorder: computing likelihoods...
7.96	---Computing root node sequence and total tree likelihood...
7.96	---Attaching sequence profiles to leafs...
7.97	---Postorder: computing likelihoods...
8.12	---Computing root node sequence and total tree likelihood...
8.12	---Attaching sequence profiles to leafs...
8.13	---Postorder: computing likelihoods...
8.28	---Computing root node sequence and total tree likelihood...
8.29	---Attaching sequence profiles to leafs...
8.30	---Postorder: computing likelihoods...
8.45	---Computing root node sequence and total tree likelihood...
8.45	---Attaching sequence profiles to leafs...
8.46	---Postorder: computing likelihoods...
8.62	---Computing root node sequence and total tree likelihood...

8.62	-treeanc:optimize_gtr_rate: optimization successful. Overall rate estimated
    	 to be 96.536125
8.62	--TreeAnc.infer_gtr: counting mutations...
8.90	---TreeAnc.infer_gtr: counting mutations...done

8.90	-GTR: with alphabet: ['A', 'B', 'C', 'D', 'E', 'F', 'G', 'H', 'I', 'J',
    	 'K', 'L', 'M', 'N', 'O', 'P', 'Q', 'R', 'S', 'T', 'U', 'V', 'W', 'X', 'Y',
    	 'Z', '[', '\\', ']', '^', '_', '`', 'a', 'b', 'c', 'd', 'e', 'f']
8.90	--GTR: ambiguous character: g
8.91	----GTR: no gap symbol!
8.91	---GTR: init with dummy values!

8.91	-GTR: model inference
8.91	---GTR inference iteration 0 change: 0.16222142113076252
8.91	---GTR inference iteration 1 change: 0.023540265764388606
8.91	---GTR inference iteration 2 change: 0.0006653208872657747
8.91	---GTR inference iteration 3 change: 0.0001208541007291681
8.91	---Attaching sequence profiles to leafs...
8.92	---Postorder: computing likelihoods...
9.08	---Computing root node sequence and total tree likelihood...
9.08	---Attaching sequence profiles to leafs...
9.09	---Postorder: computing likelihoods...
9.24	---Computing root node sequence and total tree likelihood...
9.25	---Attaching sequence profiles to leafs...
9.26	---Postorder: computing likelihoods...
9.41	---Computing root node sequence and total tree likelihood...
9.41	---Attaching sequence profiles to leafs...
9.42	---Postorder: computing likelihoods...
9.58	---Computing root node sequence and total tree likelihood...
9.58	---Attaching sequence profiles to leafs...
9.59	---Postorder: computing likelihoods...
9.74	---Computing root node sequence and total tree likelihood...
9.74	---Attaching sequence profiles to leafs...
9.75	---Postorder: computing likelihoods...
9.91	---Computing root node sequence and total tree likelihood...
9.91	---Attaching sequence profiles to leafs...
9.92	---Postorder: computing likelihoods...
10.08	---Computing root node sequence and total tree likelihood...
10.08	---Attaching sequence profiles to leafs...
10.09	---Postorder: computing likelihoods...
10.25	---Computing root node sequence and total tree likelihood...
10.25	---Attaching sequence profiles to leafs...
10.26	---Postorder: computing likelihoods...
10.41	---Computing root node sequence and total tree likelihood...
10.41	---Attaching sequence profiles to leafs...
10.42	---Postorder: computing likelihoods...
10.58	---Computing root node sequence and total tree likelihood...
10.58	---Attaching sequence profiles to leafs...
10.59	---Postorder: computing likelihoods...
10.75	---Computing root node sequence and total tree likelihood...
10.75	---Attaching sequence profiles to leafs...
10.76	---Postorder: computing likelihoods...
10.91	---Computing root node sequence and total tree likelihood...
10.92	---Attaching sequence profiles to leafs...
10.93	---Postorder: computing likelihoods...
11.08	---Computing root node sequence and total tree likelihood...
11.08	---Attaching sequence profiles to leafs...
11.09	---Postorder: computing likelihoods...
11.25	---Computing root node sequence and total tree likelihood...
11.25	---Attaching sequence profiles to leafs...
11.26	---Postorder: computing likelihoods...
11.42	---Computing root node sequence and total tree likelihood...
11.42	---Attaching sequence profiles to leafs...
11.43	---Postorder: computing likelihoods...
11.58	---Computing root node sequence and total tree likelihood...
11.59	---Attaching sequence profiles to leafs...
11.60	---Postorder: computing likelihoods...
11.75	---Computing root node sequence and total tree likelihood...
11.75	---Attaching sequence profiles to leafs...
11.76	---Postorder: computing likelihoods...
11.92	---Computing root node sequence and total tree likelihood...
11.92	---Attaching sequence profiles to leafs...
11.93	---Postorder: computing likelihoods...
12.09	---Computing root node sequence and total tree likelihood...

12.09	-treeanc:optimize_gtr_rate: optimization successful. Overall rate
     	 estimated to be 96.509096
12.09	--TreeAnc.infer_gtr: counting mutations...
12.38	---TreeAnc.infer_gtr: counting mutations...done

12.38	-GTR: with alphabet: ['A', 'B', 'C', 'D', 'E', 'F', 'G', 'H', 'I', 'J',
     	 'K', 'L', 'M', 'N', 'O', 'P', 'Q', 'R', 'S', 'T', 'U', 'V', 'W', 'X',
     	 'Y', 'Z', '[', '\\', ']', '^', '_', '`', 'a', 'b', 'c', 'd', 'e', 'f']
12.38	--GTR: ambiguous character: g
12.38	----GTR: no gap symbol!
12.38	---GTR: init with dummy values!

12.38	-GTR: model inference
12.38	---GTR inference iteration 0 change: 0.16222142113076252
12.38	---GTR inference iteration 1 change: 0.023559210470236742
12.38	---GTR inference iteration 2 change: 0.0006651338666103503
12.38	---GTR inference iteration 3 change: 0.00012110956794088006
12.38	---Attaching sequence profiles to leafs...
12.39	---Postorder: computing likelihoods...
12.55	---Computing root node sequence and total tree likelihood...
12.55	---Attaching sequence profiles to leafs...
12.56	---Postorder: computing likelihoods...
12.72	---Computing root node sequence and total tree likelihood...
12.72	---Attaching sequence profiles to leafs...
12.73	---Postorder: computing likelihoods...
12.88	---Computing root node sequence and total tree likelihood...
12.88	---Attaching sequence profiles to leafs...
12.89	---Postorder: computing likelihoods...
13.05	---Computing root node sequence and total tree likelihood...
13.05	---Attaching sequence profiles to leafs...
13.06	---Postorder: computing likelihoods...
13.21	---Computing root node sequence and total tree likelihood...
13.22	---Attaching sequence profiles to leafs...
13.23	---Postorder: computing likelihoods...
13.38	---Computing root node sequence and total tree likelihood...
13.38	---Attaching sequence profiles to leafs...
13.39	---Postorder: computing likelihoods...
13.55	---Computing root node sequence and total tree likelihood...
13.55	---Attaching sequence profiles to leafs...
13.56	---Postorder: computing likelihoods...
13.71	---Computing root node sequence and total tree likelihood...
13.71	---Attaching sequence profiles to leafs...
13.72	---Postorder: computing likelihoods...
13.88	---Computing root node sequence and total tree likelihood...
13.88	---Attaching sequence profiles to leafs...
13.89	---Postorder: computing likelihoods...
14.05	---Computing root node sequence and total tree likelihood...
14.05	---Attaching sequence profiles to leafs...
14.06	---Postorder: computing likelihoods...
14.21	---Computing root node sequence and total tree likelihood...
14.21	---Attaching sequence profiles to leafs...
14.22	---Postorder: computing likelihoods...
14.38	---Computing root node sequence and total tree likelihood...
14.38	---Attaching sequence profiles to leafs...
14.39	---Postorder: computing likelihoods...
14.55	---Computing root node sequence and total tree likelihood...
14.55	---Attaching sequence profiles to leafs...
14.56	---Postorder: computing likelihoods...
14.71	---Computing root node sequence and total tree likelihood...
14.71	---Attaching sequence profiles to leafs...
14.72	---Postorder: computing likelihoods...
14.87	---Computing root node sequence and total tree likelihood...
14.87	---Attaching sequence profiles to leafs...
14.88	---Postorder: computing likelihoods...
15.03	---Computing root node sequence and total tree likelihood...
15.04	---Attaching sequence profiles to leafs...
15.04	---Postorder: computing likelihoods...
15.20	---Computing root node sequence and total tree likelihood...
15.20	---Attaching sequence profiles to leafs...
15.21	---Postorder: computing likelihoods...
15.36	---Computing root node sequence and total tree likelihood...
15.36	---Attaching sequence profiles to leafs...
15.37	---Postorder: computing likelihoods...
15.52	---Computing root node sequence and total tree likelihood...
15.52	---Attaching sequence profiles to leafs...
15.53	---Postorder: computing likelihoods...
15.68	---Computing root node sequence and total tree likelihood...
15.69	---Attaching sequence profiles to leafs...
15.69	---Postorder: computing likelihoods...
15.85	---Computing root node sequence and total tree likelihood...
15.85	---Attaching sequence profiles to leafs...
15.86	---Postorder: computing likelihoods...
16.01	---Computing root node sequence and total tree likelihood...
16.01	---Attaching sequence profiles to leafs...
16.02	---Postorder: computing likelihoods...
16.17	---Computing root node sequence and total tree likelihood...
16.17	---Attaching sequence profiles to leafs...
16.18	---Postorder: computing likelihoods...
16.33	---Computing root node sequence and total tree likelihood...
16.34	---Attaching sequence profiles to leafs...
16.35	---Postorder: computing likelihoods...
16.50	---Computing root node sequence and total tree likelihood...
16.50	---Attaching sequence profiles to leafs...
16.51	---Postorder: computing likelihoods...
16.67	---Computing root node sequence and total tree likelihood...
16.67	---Attaching sequence profiles to leafs...
16.68	---Postorder: computing likelihoods...
16.83	---Computing root node sequence and total tree likelihood...
16.84	---Attaching sequence profiles to leafs...
16.85	---Postorder: computing likelihoods...
17.00	---Computing root node sequence and total tree likelihood...
17.00	---Attaching sequence profiles to leafs...
17.01	---Postorder: computing likelihoods...
17.17	---Computing root node sequence and total tree likelihood...
17.17	---Attaching sequence profiles to leafs...
17.18	---Postorder: computing likelihoods...
17.33	---Computing root node sequence and total tree likelihood...
17.33	---Attaching sequence profiles to leafs...
17.34	---Postorder: computing likelihoods...
17.50	---Computing root node sequence and total tree likelihood...
17.50	---Attaching sequence profiles to leafs...
17.51	---Postorder: computing likelihoods...
17.67	---Computing root node sequence and total tree likelihood...

17.67	-treeanc:optimize_gtr_rate: optimization successful. Overall rate
     	 estimated to be 96.503789
17.67	--TreeAnc.infer_gtr: counting mutations...
17.95	---TreeAnc.infer_gtr: counting mutations...done

17.95	-GTR: with alphabet: ['A', 'B', 'C', 'D', 'E', 'F', 'G', 'H', 'I', 'J',
     	 'K', 'L', 'M', 'N', 'O', 'P', 'Q', 'R', 'S', 'T', 'U', 'V', 'W', 'X',
     	 'Y', 'Z', '[', '\\', ']', '^', '_', '`', 'a', 'b', 'c', 'd', 'e', 'f']
17.96	--GTR: ambiguous character: g
17.96	----GTR: no gap symbol!
17.96	---GTR: init with dummy values!

17.96	-GTR: model inference
17.96	---GTR inference iteration 0 change: 0.16222142113076252
17.96	---GTR inference iteration 1 change: 0.023562338070084912
17.96	---GTR inference iteration 2 change: 0.0006650786507045949
17.96	---GTR inference iteration 3 change: 0.00012115488404624689
17.96	---Attaching sequence profiles to leafs...
17.97	---Postorder: computing likelihoods...
18.13	---Computing root node sequence and total tree likelihood...
18.13	---Attaching sequence profiles to leafs...
18.14	---Postorder: computing likelihoods...
18.29	---Computing root node sequence and total tree likelihood...
18.29	---Attaching sequence profiles to leafs...
18.30	---Postorder: computing likelihoods...
18.46	---Computing root node sequence and total tree likelihood...
18.46	---Attaching sequence profiles to leafs...
18.47	---Postorder: computing likelihoods...
18.62	---Computing root node sequence and total tree likelihood...
18.63	---Attaching sequence profiles to leafs...
18.63	---Postorder: computing likelihoods...
18.79	---Computing root node sequence and total tree likelihood...
18.79	---Attaching sequence profiles to leafs...
18.80	---Postorder: computing likelihoods...
18.96	---Computing root node sequence and total tree likelihood...
18.96	---Attaching sequence profiles to leafs...
18.97	---Postorder: computing likelihoods...
19.12	---Computing root node sequence and total tree likelihood...
19.12	---Attaching sequence profiles to leafs...
19.13	---Postorder: computing likelihoods...
19.29	---Computing root node sequence and total tree likelihood...
19.29	---Attaching sequence profiles to leafs...
19.30	---Postorder: computing likelihoods...
19.46	---Computing root node sequence and total tree likelihood...
19.46	---Attaching sequence profiles to leafs...
19.47	---Postorder: computing likelihoods...
19.62	---Computing root node sequence and total tree likelihood...
19.62	---Attaching sequence profiles to leafs...
19.63	---Postorder: computing likelihoods...
19.79	---Computing root node sequence and total tree likelihood...
19.79	---Attaching sequence profiles to leafs...
19.80	---Postorder: computing likelihoods...
19.96	---Computing root node sequence and total tree likelihood...
19.96	---Attaching sequence profiles to leafs...
19.97	---Postorder: computing likelihoods...
20.12	---Computing root node sequence and total tree likelihood...
20.13	---Attaching sequence profiles to leafs...
20.13	---Postorder: computing likelihoods...
20.29	---Computing root node sequence and total tree likelihood...
20.29	---Attaching sequence profiles to leafs...
20.30	---Postorder: computing likelihoods...
20.46	---Computing root node sequence and total tree likelihood...
20.46	---Attaching sequence profiles to leafs...
20.47	---Postorder: computing likelihoods...
20.62	---Computing root node sequence and total tree likelihood...
20.62	---Attaching sequence profiles to leafs...
20.63	---Postorder: computing likelihoods...
20.79	---Computing root node sequence and total tree likelihood...

20.79	-treeanc:optimize_gtr_rate: optimization successful. Overall rate
     	 estimated to be 96.502883
20.79	--TreeAnc.infer_gtr: counting mutations...
21.08	---TreeAnc.infer_gtr: counting mutations...done

21.08	-GTR: with alphabet: ['A', 'B', 'C', 'D', 'E', 'F', 'G', 'H', 'I', 'J',
     	 'K', 'L', 'M', 'N', 'O', 'P', 'Q', 'R', 'S', 'T', 'U', 'V', 'W', 'X',
     	 'Y', 'Z', '[', '\\', ']', '^', '_', '`', 'a', 'b', 'c', 'd', 'e', 'f']
21.08	--GTR: ambiguous character: g
21.08	----GTR: no gap symbol!
21.08	---GTR: init with dummy values!

21.08	-GTR: model inference
21.08	---GTR inference iteration 0 change: 0.16222142113076252
21.08	---GTR inference iteration 1 change: 0.023562848799833034
21.08	---GTR inference iteration 2 change: 0.0006650632622064156
21.08	---GTR inference iteration 3 change: 0.00012116245931156799
21.09	---Attaching sequence profiles to leafs...
21.10	---Postorder: computing likelihoods...
21.25	---Computing root node sequence and total tree likelihood...
21.25	---Attaching sequence profiles to leafs...
21.26	---Postorder: computing likelihoods...
21.42	---Computing root node sequence and total tree likelihood...
21.42	---Attaching sequence profiles to leafs...
21.43	---Postorder: computing likelihoods...
21.59	---Computing root node sequence and total tree likelihood...
21.59	---Attaching sequence profiles to leafs...
21.60	---Postorder: computing likelihoods...
21.75	---Computing root node sequence and total tree likelihood...
21.75	---Attaching sequence profiles to leafs...
21.76	---Postorder: computing likelihoods...
21.92	---Computing root node sequence and total tree likelihood...
21.92	---Attaching sequence profiles to leafs...
21.93	---Postorder: computing likelihoods...
22.08	---Computing root node sequence and total tree likelihood...
22.09	---Attaching sequence profiles to leafs...
22.09	---Postorder: computing likelihoods...
22.25	---Computing root node sequence and total tree likelihood...
22.25	---Attaching sequence profiles to leafs...
22.26	---Postorder: computing likelihoods...
22.42	---Computing root node sequence and total tree likelihood...
22.42	---Attaching sequence profiles to leafs...
22.43	---Postorder: computing likelihoods...
22.58	---Computing root node sequence and total tree likelihood...
22.59	---Attaching sequence profiles to leafs...
22.60	---Postorder: computing likelihoods...
22.75	---Computing root node sequence and total tree likelihood...
22.75	---Attaching sequence profiles to leafs...
22.76	---Postorder: computing likelihoods...
22.92	---Computing root node sequence and total tree likelihood...
22.92	---Attaching sequence profiles to leafs...
22.93	---Postorder: computing likelihoods...
23.09	---Computing root node sequence and total tree likelihood...
23.09	---Attaching sequence profiles to leafs...
23.10	---Postorder: computing likelihoods...
23.26	---Computing root node sequence and total tree likelihood...
23.26	---Attaching sequence profiles to leafs...
23.27	---Postorder: computing likelihoods...
23.42	---Computing root node sequence and total tree likelihood...
23.42	---Attaching sequence profiles to leafs...
23.43	---Postorder: computing likelihoods...
23.59	---Computing root node sequence and total tree likelihood...
23.59	---Attaching sequence profiles to leafs...
23.60	---Postorder: computing likelihoods...
23.76	---Computing root node sequence and total tree likelihood...
23.76	---Attaching sequence profiles to leafs...
23.77	---Postorder: computing likelihoods...
23.93	---Computing root node sequence and total tree likelihood...
23.93	---Attaching sequence profiles to leafs...
23.94	---Postorder: computing likelihoods...
24.09	---Computing root node sequence and total tree likelihood...
24.09	---Attaching sequence profiles to leafs...
24.10	---Postorder: computing likelihoods...
24.25	---Computing root node sequence and total tree likelihood...

24.26	-treeanc:optimize_gtr_rate: optimization successful. Overall rate
     	 estimated to be 96.502759

24.26	-TreeAnc.infer_ancestral_sequences with method: probabilistic, marginal
24.26	--TreeAnc._ml_anc_marginal: type of reconstruction: Marginal
24.26	---Attaching sequence profiles to leafs...
24.27	---Postorder: computing likelihoods...
24.42	---Computing root node sequence and total tree likelihood...
24.42	---Preorder: computing marginal profiles...
24.68	---TreeAnc._ml_anc_marginal: ...done
NOTE: previous versions (<0.7.0) of this command made a 'short-branch
length assumption. TreeTime now optimizes the overall rate numerically
and thus allows for long branches along which multiple changes
accumulated. This is expected to affect estimates of the overall rate
while leaving the relative rates mostly unchanged.
