
0.00	-TreeAnc: set-up
Assigned discrete traits to 521 out of 540 taxa.


0.14	-SequenceData: loaded alignment.

0.14	-SeqData: making compressed alignment...

0.14	-SequenceData: constructed compressed alignment...

0.15	-TreeAnc.infer_ancestral_sequences with method: ml, marginal
0.15	--TreeAnc._ml_anc_marginal: type of reconstruction: Marginal
0.15	---Attaching sequence profiles to leafs...
0.16	---Postorder: computing likelihoods...
0.21	---Computing root node sequence and total tree likelihood...
0.21	---Preorder: computing marginal profiles...
0.28	---TreeAnc._ml_anc_marginal: ...done
0.35	--TreeAnc.infer_gtr: counting mutations...
0.46	---TreeAnc.infer_gtr: counting mutations...done

0.46	-GTR: with alphabet: ['A', 'B', 'C', 'D', 'E', 'F', 'G', 'H', 'I', 'J',
    	 'K', 'L', 'M', 'N', 'O', 'P', 'Q', 'R', 'S', 'T', 'U', 'V', 'W', 'X', 'Y',
    	 'Z', '[', '\\', ']', '^', '_', '`', 'a']
0.46	--GTR: ambiguous character: b
0.46	----GTR: no gap symbol!
0.46	---GTR: init with dummy values!

0.46	-GTR: model inference
0.46	---GTR inference iteration 0 change: 0.17407765595569785
0.46	---GTR inference iteration 1 change: 0.004558843949563853
0.46	--TreeAnc._ml_anc_marginal: type of reconstruction: Marginal
0.46	---Attaching sequence profiles to leafs...
0.46	---Postorder: computing likelihoods...
0.52	---Computing root node sequence and total tree likelihood...
0.52	---Preorder: computing marginal profiles...
0.62	---TreeAnc._ml_anc_marginal: ...done
0.69	---Attaching sequence profiles to leafs...
0.70	---Postorder: computing likelihoods...
0.75	---Computing root node sequence and total tree likelihood...
0.75	---Attaching sequence profiles to leafs...
0.76	---Postorder: computing likelihoods...
0.81	---Computing root node sequence and total tree likelihood...
0.82	---Attaching sequence profiles to leafs...
0.83	---Postorder: computing likelihoods...
0.89	---Computing root node sequence and total tree likelihood...
0.89	---Attaching sequence profiles to leafs...
0.89	---Postorder: computing likelihoods...
0.96	---Computing root node sequence and total tree likelihood...
0.96	---Attaching sequence profiles to leafs...
0.96	---Postorder: computing likelihoods...
1.03	---Computing root node sequence and total tree likelihood...
1.03	---Attaching sequence profiles to leafs...
1.03	---Postorder: computing likelihoods...
1.09	---Computing root node sequence and total tree likelihood...
1.09	---Attaching sequence profiles to leafs...
1.09	---Postorder: computing likelihoods...
1.16	---Computing root node sequence and total tree likelihood...
1.16	---Attaching sequence profiles to leafs...
1.16	---Postorder: computing likelihoods...
1.23	---Computing root node sequence and total tree likelihood...
1.23	---Attaching sequence profiles to leafs...
1.23	---Postorder: computing likelihoods...
1.29	---Computing root node sequence and total tree likelihood...
1.29	---Attaching sequence profiles to leafs...
1.29	---Postorder: computing likelihoods...
1.36	---Computing root node sequence and total tree likelihood...
1.36	---Attaching sequence profiles to leafs...
1.37	---Postorder: computing likelihoods...
1.47	---Computing root node sequence and total tree likelihood...
1.47	---Attaching sequence profiles to leafs...
1.48	---Postorder: computing likelihoods...
1.54	---Computing root node sequence and total tree likelihood...
1.54	---Attaching sequence profiles to leafs...
1.55	---Postorder: computing likelihoods...
1.60	---Computing root node sequence and total tree likelihood...
1.60	---Attaching sequence profiles to leafs...
1.60	---Postorder: computing likelihoods...
1.68	---Computing root node sequence and total tree likelihood...
1.68	---Attaching sequence profiles to leafs...
1.68	---Postorder: computing likelihoods...
1.75	---Computing root node sequence and total tree likelihood...
1.75	---Attaching sequence profiles to leafs...
1.75	---Postorder: computing likelihoods...
1.81	---Computing root node sequence and total tree likelihood...
1.82	---Attaching sequence profiles to leafs...
1.83	---Postorder: computing likelihoods...
1.88	---Computing root node sequence and total tree likelihood...
1.88	---Attaching sequence profiles to leafs...
1.89	---Postorder: computing likelihoods...
1.96	---Computing root node sequence and total tree likelihood...
1.96	---Attaching sequence profiles to leafs...
1.96	---Postorder: computing likelihoods...
2.03	---Computing root node sequence and total tree likelihood...
2.03	---Attaching sequence profiles to leafs...
2.04	---Postorder: computing likelihoods...
2.10	---Computing root node sequence and total tree likelihood...
2.10	---Attaching sequence profiles to leafs...
2.10	---Postorder: computing likelihoods...
2.17	---Computing root node sequence and total tree likelihood...
2.17	---Attaching sequence profiles to leafs...
2.17	---Postorder: computing likelihoods...
2.24	---Computing root node sequence and total tree likelihood...
2.24	---Attaching sequence profiles to leafs...
2.24	---Postorder: computing likelihoods...
2.30	---Computing root node sequence and total tree likelihood...

2.30	-treeanc:optimize_gtr_rate: optimization successful. Overall rate estimated
    	 to be 30.818855
2.30	--TreeAnc.infer_gtr: counting mutations...
2.49	---TreeAnc.infer_gtr: counting mutations...done

2.49	-GTR: with alphabet: ['A', 'B', 'C', 'D', 'E', 'F', 'G', 'H', 'I', 'J',
    	 'K', 'L', 'M', 'N', 'O', 'P', 'Q', 'R', 'S', 'T', 'U', 'V', 'W', 'X', 'Y',
    	 'Z', '[', '\\', ']', '^', '_', '`', 'a']
2.49	--GTR: ambiguous character: b
2.49	----GTR: no gap symbol!
2.49	---GTR: init with dummy values!

2.50	-GTR: model inference
2.50	---GTR inference iteration 0 change: 0.17407765595569785
2.50	---GTR inference iteration 1 change: 0.004648654649509638
2.50	---Attaching sequence profiles to leafs...
2.50	---Postorder: computing likelihoods...
2.56	---Computing root node sequence and total tree likelihood...
2.56	---Attaching sequence profiles to leafs...
2.56	---Postorder: computing likelihoods...
2.63	---Computing root node sequence and total tree likelihood...
2.63	---Attaching sequence profiles to leafs...
2.64	---Postorder: computing likelihoods...
2.69	---Computing root node sequence and total tree likelihood...
2.69	---Attaching sequence profiles to leafs...
2.70	---Postorder: computing likelihoods...
2.77	---Computing root node sequence and total tree likelihood...
2.77	---Attaching sequence profiles to leafs...
2.77	---Postorder: computing likelihoods...
2.84	---Computing root node sequence and total tree likelihood...
2.84	---Attaching sequence profiles to leafs...
2.84	---Postorder: computing likelihoods...
2.90	---Computing root node sequence and total tree likelihood...
2.90	---Attaching sequence profiles to leafs...
2.90	---Postorder: computing likelihoods...
2.97	---Computing root node sequence and total tree likelihood...
2.97	---Attaching sequence profiles to leafs...
2.97	---Postorder: computing likelihoods...
3.04	---Computing root node sequence and total tree likelihood...
3.05	---Attaching sequence profiles to leafs...
3.05	---Postorder: computing likelihoods...
3.10	---Computing root node sequence and total tree likelihood...
3.10	---Attaching sequence profiles to leafs...
3.11	---Postorder: computing likelihoods...
3.17	---Computing root node sequence and total tree likelihood...
3.17	---Attaching sequence profiles to leafs...
3.18	---Postorder: computing likelihoods...
3.25	---Computing root node sequence and total tree likelihood...
3.25	---Attaching sequence profiles to leafs...
3.25	---Postorder: computing likelihoods...
3.31	---Computing root node sequence and total tree likelihood...
3.31	---Attaching sequence profiles to leafs...
3.31	---Postorder: computing likelihoods...
3.37	---Computing root node sequence and total tree likelihood...
3.38	---Attaching sequence profiles to leafs...
3.38	---Postorder: computing likelihoods...
3.44	---Computing root node sequence and total tree likelihood...
3.45	---Attaching sequence profiles to leafs...
3.45	---Postorder: computing likelihoods...
3.50	---Computing root node sequence and total tree likelihood...
3.50	---Attaching sequence profiles to leafs...
3.51	---Postorder: computing likelihoods...
3.57	---Computing root node sequence and total tree likelihood...
3.57	---Attaching sequence profiles to leafs...
3.58	---Postorder: computing likelihoods...
3.64	---Computing root node sequence and total tree likelihood...
3.64	---Attaching sequence profiles to leafs...
3.65	---Postorder: computing likelihoods...
3.70	---Computing root node sequence and total tree likelihood...
3.70	---Attaching sequence profiles to leafs...
3.71	---Postorder: computing likelihoods...
3.77	---Computing root node sequence and total tree likelihood...
3.77	---Attaching sequence profiles to leafs...
3.77	---Postorder: computing likelihoods...
3.84	---Computing root node sequence and total tree likelihood...

3.84	-treeanc:optimize_gtr_rate: optimization successful. Overall rate estimated
    	 to be 30.807822
3.84	--TreeAnc.infer_gtr: counting mutations...
3.96	---TreeAnc.infer_gtr: counting mutations...done

3.96	-GTR: with alphabet: ['A', 'B', 'C', 'D', 'E', 'F', 'G', 'H', 'I', 'J',
    	 'K', 'L', 'M', 'N', 'O', 'P', 'Q', 'R', 'S', 'T', 'U', 'V', 'W', 'X', 'Y',
    	 'Z', '[', '\\', ']', '^', '_', '`', 'a']
3.96	--GTR: ambiguous character: b
3.96	----GTR: no gap symbol!
3.96	---GTR: init with dummy values!

3.96	-GTR: model inference
3.96	---GTR inference iteration 0 change: 0.17407765595569785
3.96	---GTR inference iteration 1 change: 0.004654831604143436
3.96	---Attaching sequence profiles to leafs...
3.97	---Postorder: computing likelihoods...
4.02	---Computing root node sequence and total tree likelihood...
4.02	---Attaching sequence profiles to leafs...
4.02	---Postorder: computing likelihoods...
4.08	---Computing root node sequence and total tree likelihood...
4.08	---Attaching sequence profiles to leafs...
4.08	---Postorder: computing likelihoods...
4.15	---Computing root node sequence and total tree likelihood...
4.15	---Attaching sequence profiles to leafs...
4.15	---Postorder: computing likelihoods...
4.21	---Computing root node sequence and total tree likelihood...
4.21	---Attaching sequence profiles to leafs...
4.21	---Postorder: computing likelihoods...
4.28	---Computing root node sequence and total tree likelihood...
4.28	---Attaching sequence profiles to leafs...
4.28	---Postorder: computing likelihoods...
4.35	---Computing root node sequence and total tree likelihood...
4.35	---Attaching sequence profiles to leafs...
4.35	---Postorder: computing likelihoods...
4.41	---Computing root node sequence and total tree likelihood...
4.42	---Attaching sequence profiles to leafs...
4.43	---Postorder: computing likelihoods...
4.48	---Computing root node sequence and total tree likelihood...
4.48	---Attaching sequence profiles to leafs...
4.49	---Postorder: computing likelihoods...
4.55	---Computing root node sequence and total tree likelihood...
4.55	---Attaching sequence profiles to leafs...
4.56	---Postorder: computing likelihoods...
4.61	---Computing root node sequence and total tree likelihood...
4.62	---Attaching sequence profiles to leafs...
4.63	---Postorder: computing likelihoods...
4.68	---Computing root node sequence and total tree likelihood...
4.68	---Attaching sequence profiles to leafs...
4.69	---Postorder: computing likelihoods...
4.75	---Computing root node sequence and total tree likelihood...
4.75	---Attaching sequence profiles to leafs...
4.76	---Postorder: computing likelihoods...
4.81	---Computing root node sequence and total tree likelihood...
4.82	---Attaching sequence profiles to leafs...
4.83	---Postorder: computing likelihoods...
4.88	---Computing root node sequence and total tree likelihood...
4.88	---Attaching sequence profiles to leafs...
4.89	---Postorder: computing likelihoods...
4.95	---Computing root node sequence and total tree likelihood...
4.95	---Attaching sequence profiles to leafs...
4.96	---Postorder: computing likelihoods...
5.01	---Computing root node sequence and total tree likelihood...
5.02	---Attaching sequence profiles to leafs...
5.03	---Postorder: computing likelihoods...
5.08	---Computing root node sequence and total tree likelihood...
5.08	---Attaching sequence profiles to leafs...
5.09	---Postorder: computing likelihoods...
5.15	---Computing root node sequence and total tree likelihood...
5.16	---Attaching sequence profiles to leafs...
5.16	---Postorder: computing likelihoods...
5.22	---Computing root node sequence and total tree likelihood...
5.23	---Attaching sequence profiles to leafs...
5.23	---Postorder: computing likelihoods...
5.28	---Computing root node sequence and total tree likelihood...

5.28	-treeanc:optimize_gtr_rate: optimization successful. Overall rate estimated
    	 to be 30.807448
5.28	--TreeAnc.infer_gtr: counting mutations...
5.40	---TreeAnc.infer_gtr: counting mutations...done

5.40	-GTR: with alphabet: ['A', 'B', 'C', 'D', 'E', 'F', 'G', 'H', 'I', 'J',
    	 'K', 'L', 'M', 'N', 'O', 'P', 'Q', 'R', 'S', 'T', 'U', 'V', 'W', 'X', 'Y',
    	 'Z', '[', '\\', ']', '^', '_', '`', 'a']
5.40	--GTR: ambiguous character: b
5.40	----GTR: no gap symbol!
5.40	---GTR: init with dummy values!

5.40	-GTR: model inference
5.40	---GTR inference iteration 0 change: 0.17407765595569785
5.40	---GTR inference iteration 1 change: 0.00465576856793131
5.40	---Attaching sequence profiles to leafs...
5.41	---Postorder: computing likelihoods...
5.46	---Computing root node sequence and total tree likelihood...
5.46	---Attaching sequence profiles to leafs...
5.46	---Postorder: computing likelihoods...
5.53	---Computing root node sequence and total tree likelihood...
5.53	---Attaching sequence profiles to leafs...
5.53	---Postorder: computing likelihoods...
5.59	---Computing root node sequence and total tree likelihood...
5.59	---Attaching sequence profiles to leafs...
5.59	---Postorder: computing likelihoods...
5.66	---Computing root node sequence and total tree likelihood...
5.66	---Attaching sequence profiles to leafs...
5.66	---Postorder: computing likelihoods...
5.73	---Computing root node sequence and total tree likelihood...
5.73	---Attaching sequence profiles to leafs...
5.73	---Postorder: computing likelihoods...
5.79	---Computing root node sequence and total tree likelihood...
5.79	---Attaching sequence profiles to leafs...
5.79	---Postorder: computing likelihoods...
5.86	---Computing root node sequence and total tree likelihood...
5.86	---Attaching sequence profiles to leafs...
5.86	---Postorder: computing likelihoods...
5.93	---Computing root node sequence and total tree likelihood...
5.94	---Attaching sequence profiles to leafs...
5.94	---Postorder: computing likelihoods...
5.99	---Computing root node sequence and total tree likelihood...
5.99	---Attaching sequence profiles to leafs...
6.00	---Postorder: computing likelihoods...
6.07	---Computing root node sequence and total tree likelihood...
6.07	---Attaching sequence profiles to leafs...
6.08	---Postorder: computing likelihoods...
6.14	---Computing root node sequence and total tree likelihood...
6.14	---Attaching sequence profiles to leafs...
6.15	---Postorder: computing likelihoods...
6.20	---Computing root node sequence and total tree likelihood...
6.20	---Attaching sequence profiles to leafs...
6.21	---Postorder: computing likelihoods...
6.27	---Computing root node sequence and total tree likelihood...
6.27	---Attaching sequence profiles to leafs...
6.27	---Postorder: computing likelihoods...
6.34	---Computing root node sequence and total tree likelihood...
6.35	---Attaching sequence profiles to leafs...
6.35	---Postorder: computing likelihoods...
6.40	---Computing root node sequence and total tree likelihood...
6.40	---Attaching sequence profiles to leafs...
6.42	---Postorder: computing likelihoods...
6.48	---Computing root node sequence and total tree likelihood...
6.48	---Attaching sequence profiles to leafs...
6.48	---Postorder: computing likelihoods...
6.55	---Computing root node sequence and total tree likelihood...
6.55	---Attaching sequence profiles to leafs...
6.55	---Postorder: computing likelihoods...
6.61	---Computing root node sequence and total tree likelihood...
6.61	---Attaching sequence profiles to leafs...
6.62	---Postorder: computing likelihoods...
6.68	---Computing root node sequence and total tree likelihood...
6.68	---Attaching sequence profiles to leafs...
6.68	---Postorder: computing likelihoods...
6.75	---Computing root node sequence and total tree likelihood...

6.75	-treeanc:optimize_gtr_rate: optimization successful. Overall rate estimated
    	 to be 30.807391
6.75	--TreeAnc.infer_gtr: counting mutations...
6.86	---TreeAnc.infer_gtr: counting mutations...done

6.86	-GTR: with alphabet: ['A', 'B', 'C', 'D', 'E', 'F', 'G', 'H', 'I', 'J',
    	 'K', 'L', 'M', 'N', 'O', 'P', 'Q', 'R', 'S', 'T', 'U', 'V', 'W', 'X', 'Y',
    	 'Z', '[', '\\', ']', '^', '_', '`', 'a']
6.86	--GTR: ambiguous character: b
6.86	----GTR: no gap symbol!
6.86	---GTR: init with dummy values!

6.86	-GTR: model inference
6.86	---GTR inference iteration 0 change: 0.17407765595569785
6.86	---GTR inference iteration 1 change: 0.004655914145647192
6.86	---Attaching sequence profiles to leafs...
6.87	---Postorder: computing likelihoods...
6.92	---Computing root node sequence and total tree likelihood...
6.92	---Attaching sequence profiles to leafs...
6.93	---Postorder: computing likelihoods...
6.98	---Computing root node sequence and total tree likelihood...
6.98	---Attaching sequence profiles to leafs...
6.98	---Postorder: computing likelihoods...
7.06	---Computing root node sequence and total tree likelihood...
7.06	---Attaching sequence profiles to leafs...
7.06	---Postorder: computing likelihoods...
7.13	---Computing root node sequence and total tree likelihood...
7.14	---Attaching sequence profiles to leafs...
7.14	---Postorder: computing likelihoods...
7.19	---Computing root node sequence and total tree likelihood...
7.19	---Attaching sequence profiles to leafs...
7.20	---Postorder: computing likelihoods...
7.26	---Computing root node sequence and total tree likelihood...
7.26	---Attaching sequence profiles to leafs...
7.27	---Postorder: computing likelihoods...
7.34	---Computing root node sequence and total tree likelihood...
7.34	---Attaching sequence profiles to leafs...
7.34	---Postorder: computing likelihoods...
7.40	---Computing root node sequence and total tree likelihood...
7.40	---Attaching sequence profiles to leafs...
7.40	---Postorder: computing likelihoods...
7.47	---Computing root node sequence and total tree likelihood...
7.47	---Attaching sequence profiles to leafs...
7.47	---Postorder: computing likelihoods...
7.54	---Computing root node sequence and total tree likelihood...
7.54	---Attaching sequence profiles to leafs...
7.55	---Postorder: computing likelihoods...
7.60	---Computing root node sequence and total tree likelihood...
7.60	---Attaching sequence profiles to leafs...
7.61	---Postorder: computing likelihoods...
7.67	---Computing root node sequence and total tree likelihood...
7.67	---Attaching sequence profiles to leafs...
7.68	---Postorder: computing likelihoods...
7.74	---Computing root node sequence and total tree likelihood...
7.74	---Attaching sequence profiles to leafs...
7.75	---Postorder: computing likelihoods...
7.80	---Computing root node sequence and total tree likelihood...
7.80	---Attaching sequence profiles to leafs...
7.80	---Postorder: computing likelihoods...
7.87	---Computing root node sequence and total tree likelihood...
7.87	---Attaching sequence profiles to leafs...
7.87	---Postorder: computing likelihoods...
7.95	---Computing root node sequence and total tree likelihood...
7.95	---Attaching sequence profiles to leafs...
7.95	---Postorder: computing likelihoods...
8.00	---Computing root node sequence and total tree likelihood...

8.00	-treeanc:optimize_gtr_rate: optimization successful. Overall rate estimated
    	 to be 30.807386
8.00	--TreeAnc.infer_gtr: counting mutations...
8.12	---TreeAnc.infer_gtr: counting mutations...done

8.13	-GTR: with alphabet: ['A', 'B', 'C', 'D', 'E', 'F', 'G', 'H', 'I', 'J',
    	 'K', 'L', 'M', 'N', 'O', 'P', 'Q', 'R', 'S', 'T', 'U', 'V', 'W', 'X', 'Y',
    	 'Z', '[', '\\', ']', '^', '_', '`', 'a']
8.13	--GTR: ambiguous character: b
8.13	----GTR: no gap symbol!
8.13	---GTR: init with dummy values!

8.13	-GTR: model inference
8.13	---GTR inference iteration 0 change: 0.17407765595569785
8.13	---GTR inference iteration 1 change: 0.004655937459114246
8.13	---Attaching sequence profiles to leafs...
8.13	---Postorder: computing likelihoods...
8.19	---Computing root node sequence and total tree likelihood...
8.19	---Attaching sequence profiles to leafs...
8.19	---Postorder: computing likelihoods...
8.25	---Computing root node sequence and total tree likelihood...
8.25	---Attaching sequence profiles to leafs...
8.26	---Postorder: computing likelihoods...
8.33	---Computing root node sequence and total tree likelihood...
8.33	---Attaching sequence profiles to leafs...
8.33	---Postorder: computing likelihoods...
8.39	---Computing root node sequence and total tree likelihood...
8.39	---Attaching sequence profiles to leafs...
8.39	---Postorder: computing likelihoods...
8.46	---Computing root node sequence and total tree likelihood...
8.46	---Attaching sequence profiles to leafs...
8.46	---Postorder: computing likelihoods...
8.53	---Computing root node sequence and total tree likelihood...
8.54	---Attaching sequence profiles to leafs...
8.54	---Postorder: computing likelihoods...
8.59	---Computing root node sequence and total tree likelihood...
8.59	---Attaching sequence profiles to leafs...
8.60	---Postorder: computing likelihoods...
8.66	---Computing root node sequence and total tree likelihood...
8.66	---Attaching sequence profiles to leafs...
8.67	---Postorder: computing likelihoods...
8.74	---Computing root node sequence and total tree likelihood...
8.74	---Attaching sequence profiles to leafs...
8.74	---Postorder: computing likelihoods...
8.80	---Computing root node sequence and total tree likelihood...
8.80	---Attaching sequence profiles to leafs...
8.80	---Postorder: computing likelihoods...
8.87	---Computing root node sequence and total tree likelihood...
8.87	---Attaching sequence profiles to leafs...
8.87	---Postorder: computing likelihoods...
8.94	---Computing root node sequence and total tree likelihood...
8.94	---Attaching sequence profiles to leafs...
8.94	---Postorder: computing likelihoods...
9.00	---Computing root node sequence and total tree likelihood...
9.00	---Attaching sequence profiles to leafs...
9.00	---Postorder: computing likelihoods...
9.07	---Computing root node sequence and total tree likelihood...
9.07	---Attaching sequence profiles to leafs...
9.07	---Postorder: computing likelihoods...
9.14	---Computing root node sequence and total tree likelihood...
9.14	---Attaching sequence profiles to leafs...
9.15	---Postorder: computing likelihoods...
9.20	---Computing root node sequence and total tree likelihood...
9.20	---Attaching sequence profiles to leafs...
9.20	---Postorder: computing likelihoods...
9.27	---Computing root node sequence and total tree likelihood...
9.27	---Attaching sequence profiles to leafs...
9.27	---Postorder: computing likelihoods...
9.34	---Computing root node sequence and total tree likelihood...
9.34	---Attaching sequence profiles to leafs...
9.34	---Postorder: computing likelihoods...
9.40	---Computing root node sequence and total tree likelihood...

9.40	-treeanc:optimize_gtr_rate: optimization successful. Overall rate estimated
    	 to be 30.807385

9.40	-TreeAnc.infer_ancestral_sequences with method: probabilistic, marginal
9.40	--TreeAnc._ml_anc_marginal: type of reconstruction: Marginal
9.40	---Attaching sequence profiles to leafs...
9.40	---Postorder: computing likelihoods...
9.47	---Computing root node sequence and total tree likelihood...
9.47	---Preorder: computing marginal profiles...
9.58	---TreeAnc._ml_anc_marginal: ...done
NOTE: previous versions (<0.7.0) of this command made a 'short-branch
length assumption. TreeTime now optimizes the overall rate numerically
and thus allows for long branches along which multiple changes
accumulated. This is expected to affect estimates of the overall rate
while leaving the relative rates mostly unchanged.
