
0.00	-TreeAnc: set-up
Assigned discrete traits to 605 out of 634 taxa.


0.37	-SequenceData: loaded alignment.

0.37	-SeqData: making compressed alignment...

0.37	-SequenceData: constructed compressed alignment...

0.41	-TreeAnc.infer_ancestral_sequences with method: ml, marginal
0.41	--TreeAnc._ml_anc_marginal: type of reconstruction: Marginal
0.41	---Attaching sequence profiles to leafs...
0.42	---Postorder: computing likelihoods...
0.61	---Computing root node sequence and total tree likelihood...
0.61	---Preorder: computing marginal profiles...
0.80	---TreeAnc._ml_anc_marginal: ...done
0.88	--TreeAnc.infer_gtr: counting mutations...
1.18	---TreeAnc.infer_gtr: counting mutations...done

1.18	-GTR: with alphabet: ['A', 'B', 'C', 'D', 'E', 'F', 'G', 'H', 'I', 'J',
    	 'K', 'L', 'M', 'N', 'O', 'P', 'Q', 'R', 'S', 'T', 'U', 'V', 'W', 'X', 'Y',
    	 'Z', '[', '\\', ']', '^', '_', '`', 'a', 'b', 'c', 'd', 'e', 'f']
1.19	--GTR: ambiguous character: g
1.19	----GTR: no gap symbol!
1.19	---GTR: init with dummy values!

1.19	-GTR: model inference
1.19	---GTR inference iteration 0 change: 0.16222142113076252
1.19	---GTR inference iteration 1 change: 0.021232112770396168
1.19	---GTR inference iteration 2 change: 0.0006376276573960636
1.19	---GTR inference iteration 3 change: 0.00010958500066172416
1.19	--TreeAnc._ml_anc_marginal: type of reconstruction: Marginal
1.19	---Attaching sequence profiles to leafs...
1.20	---Postorder: computing likelihoods...
1.39	---Computing root node sequence and total tree likelihood...
1.39	---Preorder: computing marginal profiles...
1.70	---TreeAnc._ml_anc_marginal: ...done
1.78	---Attaching sequence profiles to leafs...
1.78	---Postorder: computing likelihoods...
1.98	---Computing root node sequence and total tree likelihood...
1.98	---Attaching sequence profiles to leafs...
1.99	---Postorder: computing likelihoods...
2.18	---Computing root node sequence and total tree likelihood...
2.18	---Attaching sequence profiles to leafs...
2.19	---Postorder: computing likelihoods...
4.85	---Computing root node sequence and total tree likelihood...
4.85	---Attaching sequence profiles to leafs...
4.86	---Postorder: computing likelihoods...
5.06	---Computing root node sequence and total tree likelihood...
5.07	---Attaching sequence profiles to leafs...
5.08	---Postorder: computing likelihoods...
5.31	---Computing root node sequence and total tree likelihood...
5.31	---Attaching sequence profiles to leafs...
5.33	---Postorder: computing likelihoods...
5.53	---Computing root node sequence and total tree likelihood...
5.53	---Attaching sequence profiles to leafs...
5.54	---Postorder: computing likelihoods...
5.75	---Computing root node sequence and total tree likelihood...
5.75	---Attaching sequence profiles to leafs...
5.76	---Postorder: computing likelihoods...
5.97	---Computing root node sequence and total tree likelihood...
5.97	---Attaching sequence profiles to leafs...
5.98	---Postorder: computing likelihoods...
6.18	---Computing root node sequence and total tree likelihood...
6.18	---Attaching sequence profiles to leafs...
6.19	---Postorder: computing likelihoods...
6.38	---Computing root node sequence and total tree likelihood...
6.38	---Attaching sequence profiles to leafs...
6.39	---Postorder: computing likelihoods...
6.59	---Computing root node sequence and total tree likelihood...
6.59	---Attaching sequence profiles to leafs...
6.60	---Postorder: computing likelihoods...
6.79	---Computing root node sequence and total tree likelihood...
6.79	---Attaching sequence profiles to leafs...
6.80	---Postorder: computing likelihoods...
6.98	---Computing root node sequence and total tree likelihood...
6.98	---Attaching sequence profiles to leafs...
6.99	---Postorder: computing likelihoods...
7.18	---Computing root node sequence and total tree likelihood...
7.18	---Attaching sequence profiles to leafs...
7.19	---Postorder: computing likelihoods...
7.38	---Computing root node sequence and total tree likelihood...
7.38	---Attaching sequence profiles to leafs...
7.39	---Postorder: computing likelihoods...
7.58	---Computing root node sequence and total tree likelihood...
7.58	---Attaching sequence profiles to leafs...
7.59	---Postorder: computing likelihoods...
7.78	---Computing root node sequence and total tree likelihood...
7.78	---Attaching sequence profiles to leafs...
7.78	---Postorder: computing likelihoods...
7.98	---Computing root node sequence and total tree likelihood...
7.98	---Attaching sequence profiles to leafs...
7.99	---Postorder: computing likelihoods...
8.18	---Computing root node sequence and total tree likelihood...
8.18	---Attaching sequence profiles to leafs...
8.19	---Postorder: computing likelihoods...
8.42	---Computing root node sequence and total tree likelihood...

8.42	-treeanc:optimize_gtr_rate: optimization successful. Overall rate estimated
    	 to be 80.600199
8.42	--TreeAnc.infer_gtr: counting mutations...
8.79	---TreeAnc.infer_gtr: counting mutations...done

8.79	-GTR: with alphabet: ['A', 'B', 'C', 'D', 'E', 'F', 'G', 'H', 'I', 'J',
    	 'K', 'L', 'M', 'N', 'O', 'P', 'Q', 'R', 'S', 'T', 'U', 'V', 'W', 'X', 'Y',
    	 'Z', '[', '\\', ']', '^', '_', '`', 'a', 'b', 'c', 'd', 'e', 'f']
8.79	--GTR: ambiguous character: g
8.79	----GTR: no gap symbol!
8.79	---GTR: init with dummy values!

8.79	-GTR: model inference
8.79	---GTR inference iteration 0 change: 0.16222142113076252
8.79	---GTR inference iteration 1 change: 0.022839820435722094
8.79	---GTR inference iteration 2 change: 0.0006194702311931588
8.79	---GTR inference iteration 3 change: 0.00012524780634881358
8.80	---Attaching sequence profiles to leafs...
8.80	---Postorder: computing likelihoods...
9.00	---Computing root node sequence and total tree likelihood...
9.00	---Attaching sequence profiles to leafs...
9.01	---Postorder: computing likelihoods...
9.19	---Computing root node sequence and total tree likelihood...
9.19	---Attaching sequence profiles to leafs...
9.20	---Postorder: computing likelihoods...
9.40	---Computing root node sequence and total tree likelihood...
9.40	---Attaching sequence profiles to leafs...
9.41	---Postorder: computing likelihoods...
9.60	---Computing root node sequence and total tree likelihood...
9.60	---Attaching sequence profiles to leafs...
9.61	---Postorder: computing likelihoods...
9.80	---Computing root node sequence and total tree likelihood...
9.80	---Attaching sequence profiles to leafs...
9.81	---Postorder: computing likelihoods...
9.99	---Computing root node sequence and total tree likelihood...
9.99	---Attaching sequence profiles to leafs...
10.00	---Postorder: computing likelihoods...
10.19	---Computing root node sequence and total tree likelihood...
10.19	---Attaching sequence profiles to leafs...
10.20	---Postorder: computing likelihoods...
10.38	---Computing root node sequence and total tree likelihood...
10.38	---Attaching sequence profiles to leafs...
10.39	---Postorder: computing likelihoods...
10.57	---Computing root node sequence and total tree likelihood...
10.57	---Attaching sequence profiles to leafs...
10.58	---Postorder: computing likelihoods...
10.77	---Computing root node sequence and total tree likelihood...
10.77	---Attaching sequence profiles to leafs...
10.78	---Postorder: computing likelihoods...
10.96	---Computing root node sequence and total tree likelihood...
10.96	---Attaching sequence profiles to leafs...
10.97	---Postorder: computing likelihoods...
11.16	---Computing root node sequence and total tree likelihood...
11.16	---Attaching sequence profiles to leafs...
11.17	---Postorder: computing likelihoods...
11.36	---Computing root node sequence and total tree likelihood...
11.36	---Attaching sequence profiles to leafs...
11.37	---Postorder: computing likelihoods...
11.55	---Computing root node sequence and total tree likelihood...
11.55	---Attaching sequence profiles to leafs...
11.56	---Postorder: computing likelihoods...
11.75	---Computing root node sequence and total tree likelihood...
11.75	---Attaching sequence profiles to leafs...
11.76	---Postorder: computing likelihoods...
11.95	---Computing root node sequence and total tree likelihood...
11.95	---Attaching sequence profiles to leafs...
11.96	---Postorder: computing likelihoods...
12.14	---Computing root node sequence and total tree likelihood...
12.14	---Attaching sequence profiles to leafs...
12.15	---Postorder: computing likelihoods...
12.34	---Computing root node sequence and total tree likelihood...
12.34	---Attaching sequence profiles to leafs...
12.35	---Postorder: computing likelihoods...
12.53	---Computing root node sequence and total tree likelihood...

12.53	-treeanc:optimize_gtr_rate: optimization successful. Overall rate
     	 estimated to be 80.061776
12.53	--TreeAnc.infer_gtr: counting mutations...
12.85	---TreeAnc.infer_gtr: counting mutations...done

12.85	-GTR: with alphabet: ['A', 'B', 'C', 'D', 'E', 'F', 'G', 'H', 'I', 'J',
     	 'K', 'L', 'M', 'N', 'O', 'P', 'Q', 'R', 'S', 'T', 'U', 'V', 'W', 'X',
     	 'Y', 'Z', '[', '\\', ']', '^', '_', '`', 'a', 'b', 'c', 'd', 'e', 'f']
12.85	--GTR: ambiguous character: g
12.85	----GTR: no gap symbol!
12.85	---GTR: init with dummy values!

12.85	-GTR: model inference
12.85	---GTR inference iteration 0 change: 0.16222142113076252
12.85	---GTR inference iteration 1 change: 0.023026170339634968
12.85	---GTR inference iteration 2 change: 0.0006188166704529575
12.85	---GTR inference iteration 3 change: 0.00012729721087031704
12.86	---Attaching sequence profiles to leafs...
12.86	---Postorder: computing likelihoods...
13.05	---Computing root node sequence and total tree likelihood...
13.05	---Attaching sequence profiles to leafs...
13.06	---Postorder: computing likelihoods...
13.24	---Computing root node sequence and total tree likelihood...
13.25	---Attaching sequence profiles to leafs...
13.25	---Postorder: computing likelihoods...
13.46	---Computing root node sequence and total tree likelihood...
13.46	---Attaching sequence profiles to leafs...
13.47	---Postorder: computing likelihoods...
13.66	---Computing root node sequence and total tree likelihood...
13.66	---Attaching sequence profiles to leafs...
13.67	---Postorder: computing likelihoods...
13.86	---Computing root node sequence and total tree likelihood...
13.86	---Attaching sequence profiles to leafs...
13.87	---Postorder: computing likelihoods...
14.05	---Computing root node sequence and total tree likelihood...
14.05	---Attaching sequence profiles to leafs...
14.06	---Postorder: computing likelihoods...
14.25	---Computing root node sequence and total tree likelihood...
14.25	---Attaching sequence profiles to leafs...
14.26	---Postorder: computing likelihoods...
14.45	---Computing root node sequence and total tree likelihood...
14.45	---Attaching sequence profiles to leafs...
14.46	---Postorder: computing likelihoods...
14.64	---Computing root node sequence and total tree likelihood...
14.64	---Attaching sequence profiles to leafs...
14.65	---Postorder: computing likelihoods...
14.84	---Computing root node sequence and total tree likelihood...
14.84	---Attaching sequence profiles to leafs...
14.85	---Postorder: computing likelihoods...
15.04	---Computing root node sequence and total tree likelihood...
15.04	---Attaching sequence profiles to leafs...
15.05	---Postorder: computing likelihoods...
15.24	---Computing root node sequence and total tree likelihood...
15.24	---Attaching sequence profiles to leafs...
15.25	---Postorder: computing likelihoods...
15.47	---Computing root node sequence and total tree likelihood...
15.47	---Attaching sequence profiles to leafs...
15.48	---Postorder: computing likelihoods...
15.67	---Computing root node sequence and total tree likelihood...
15.67	---Attaching sequence profiles to leafs...
15.68	---Postorder: computing likelihoods...
15.88	---Computing root node sequence and total tree likelihood...
15.88	---Attaching sequence profiles to leafs...
15.89	---Postorder: computing likelihoods...
16.07	---Computing root node sequence and total tree likelihood...
16.08	---Attaching sequence profiles to leafs...
16.08	---Postorder: computing likelihoods...
16.27	---Computing root node sequence and total tree likelihood...

16.27	-treeanc:optimize_gtr_rate: optimization successful. Overall rate
     	 estimated to be 80.023612
16.27	--TreeAnc.infer_gtr: counting mutations...
16.61	---TreeAnc.infer_gtr: counting mutations...done

16.61	-GTR: with alphabet: ['A', 'B', 'C', 'D', 'E', 'F', 'G', 'H', 'I', 'J',
     	 'K', 'L', 'M', 'N', 'O', 'P', 'Q', 'R', 'S', 'T', 'U', 'V', 'W', 'X',
     	 'Y', 'Z', '[', '\\', ']', '^', '_', '`', 'a', 'b', 'c', 'd', 'e', 'f']
16.61	--GTR: ambiguous character: g
16.61	----GTR: no gap symbol!
16.61	---GTR: init with dummy values!

16.61	-GTR: model inference
16.61	---GTR inference iteration 0 change: 0.16222142113076252
16.61	---GTR inference iteration 1 change: 0.023060907542461217
16.61	---GTR inference iteration 2 change: 0.00061852976796688
16.61	---GTR inference iteration 3 change: 0.00012767381522553193
16.61	---Attaching sequence profiles to leafs...
16.62	---Postorder: computing likelihoods...
16.81	---Computing root node sequence and total tree likelihood...
16.81	---Attaching sequence profiles to leafs...
16.82	---Postorder: computing likelihoods...
17.00	---Computing root node sequence and total tree likelihood...
17.01	---Attaching sequence profiles to leafs...
17.01	---Postorder: computing likelihoods...
17.20	---Computing root node sequence and total tree likelihood...
17.21	---Attaching sequence profiles to leafs...
17.21	---Postorder: computing likelihoods...
17.41	---Computing root node sequence and total tree likelihood...
17.41	---Attaching sequence profiles to leafs...
17.42	---Postorder: computing likelihoods...
17.61	---Computing root node sequence and total tree likelihood...
17.61	---Attaching sequence profiles to leafs...
17.62	---Postorder: computing likelihoods...
17.82	---Computing root node sequence and total tree likelihood...
17.82	---Attaching sequence profiles to leafs...
17.82	---Postorder: computing likelihoods...
18.02	---Computing root node sequence and total tree likelihood...
18.02	---Attaching sequence profiles to leafs...
18.03	---Postorder: computing likelihoods...
18.21	---Computing root node sequence and total tree likelihood...
18.21	---Attaching sequence profiles to leafs...
18.22	---Postorder: computing likelihoods...
18.41	---Computing root node sequence and total tree likelihood...
18.41	---Attaching sequence profiles to leafs...
18.42	---Postorder: computing likelihoods...
18.60	---Computing root node sequence and total tree likelihood...
18.60	---Attaching sequence profiles to leafs...
18.61	---Postorder: computing likelihoods...
18.80	---Computing root node sequence and total tree likelihood...
18.80	---Attaching sequence profiles to leafs...
18.81	---Postorder: computing likelihoods...
19.00	---Computing root node sequence and total tree likelihood...
19.00	---Attaching sequence profiles to leafs...
19.01	---Postorder: computing likelihoods...
19.19	---Computing root node sequence and total tree likelihood...
19.19	---Attaching sequence profiles to leafs...
19.20	---Postorder: computing likelihoods...
19.39	---Computing root node sequence and total tree likelihood...
19.39	---Attaching sequence profiles to leafs...
19.40	---Postorder: computing likelihoods...
19.59	---Computing root node sequence and total tree likelihood...
19.59	---Attaching sequence profiles to leafs...
19.60	---Postorder: computing likelihoods...
19.79	---Computing root node sequence and total tree likelihood...
19.79	---Attaching sequence profiles to leafs...
19.80	---Postorder: computing likelihoods...
19.98	---Computing root node sequence and total tree likelihood...
19.98	---Attaching sequence profiles to leafs...
19.99	---Postorder: computing likelihoods...
20.20	---Computing root node sequence and total tree likelihood...
20.20	---Attaching sequence profiles to leafs...
20.21	---Postorder: computing likelihoods...
20.41	---Computing root node sequence and total tree likelihood...

20.41	-treeanc:optimize_gtr_rate: optimization successful. Overall rate
     	 estimated to be 80.016766
20.41	--TreeAnc.infer_gtr: counting mutations...
20.78	---TreeAnc.infer_gtr: counting mutations...done

20.78	-GTR: with alphabet: ['A', 'B', 'C', 'D', 'E', 'F', 'G', 'H', 'I', 'J',
     	 'K', 'L', 'M', 'N', 'O', 'P', 'Q', 'R', 'S', 'T', 'U', 'V', 'W', 'X',
     	 'Y', 'Z', '[', '\\', ']', '^', '_', '`', 'a', 'b', 'c', 'd', 'e', 'f']
20.78	--GTR: ambiguous character: g
20.78	----GTR: no gap symbol!
20.78	---GTR: init with dummy values!

20.78	-GTR: model inference
20.78	---GTR inference iteration 0 change: 0.16222142113076252
20.78	---GTR inference iteration 1 change: 0.02306781608514168
20.78	---GTR inference iteration 2 change: 0.0006184384624245037
20.79	---GTR inference iteration 3 change: 0.00012775193695171516
20.79	---Attaching sequence profiles to leafs...
20.80	---Postorder: computing likelihoods...
21.02	---Computing root node sequence and total tree likelihood...
21.02	---Attaching sequence profiles to leafs...
21.03	---Postorder: computing likelihoods...
21.27	---Computing root node sequence and total tree likelihood...
21.27	---Attaching sequence profiles to leafs...
21.28	---Postorder: computing likelihoods...
21.51	---Computing root node sequence and total tree likelihood...
21.51	---Attaching sequence profiles to leafs...
21.52	---Postorder: computing likelihoods...
21.73	---Computing root node sequence and total tree likelihood...
21.74	---Attaching sequence profiles to leafs...
21.75	---Postorder: computing likelihoods...
21.96	---Computing root node sequence and total tree likelihood...
21.97	---Attaching sequence profiles to leafs...
21.97	---Postorder: computing likelihoods...
22.19	---Computing root node sequence and total tree likelihood...
22.19	---Attaching sequence profiles to leafs...
22.20	---Postorder: computing likelihoods...
22.53	---Computing root node sequence and total tree likelihood...
22.53	---Attaching sequence profiles to leafs...
22.54	---Postorder: computing likelihoods...
22.78	---Computing root node sequence and total tree likelihood...
22.78	---Attaching sequence profiles to leafs...
22.79	---Postorder: computing likelihoods...
22.99	---Computing root node sequence and total tree likelihood...
23.00	---Attaching sequence profiles to leafs...
23.01	---Postorder: computing likelihoods...
23.22	---Computing root node sequence and total tree likelihood...
23.22	---Attaching sequence profiles to leafs...
23.23	---Postorder: computing likelihoods...
23.43	---Computing root node sequence and total tree likelihood...
23.43	---Attaching sequence profiles to leafs...
23.44	---Postorder: computing likelihoods...
23.65	---Computing root node sequence and total tree likelihood...
23.65	---Attaching sequence profiles to leafs...
23.66	---Postorder: computing likelihoods...
23.88	---Computing root node sequence and total tree likelihood...
23.88	---Attaching sequence profiles to leafs...
23.89	---Postorder: computing likelihoods...
24.11	---Computing root node sequence and total tree likelihood...
24.11	---Attaching sequence profiles to leafs...
24.12	---Postorder: computing likelihoods...
24.33	---Computing root node sequence and total tree likelihood...
24.33	---Attaching sequence profiles to leafs...
24.34	---Postorder: computing likelihoods...
24.55	---Computing root node sequence and total tree likelihood...
24.55	---Attaching sequence profiles to leafs...
24.56	---Postorder: computing likelihoods...
24.77	---Computing root node sequence and total tree likelihood...
24.78	---Attaching sequence profiles to leafs...
24.79	---Postorder: computing likelihoods...
24.99	---Computing root node sequence and total tree likelihood...

24.99	-treeanc:optimize_gtr_rate: optimization successful. Overall rate
     	 estimated to be 80.015566
24.99	--TreeAnc.infer_gtr: counting mutations...
25.48	---TreeAnc.infer_gtr: counting mutations...done

25.48	-GTR: with alphabet: ['A', 'B', 'C', 'D', 'E', 'F', 'G', 'H', 'I', 'J',
     	 'K', 'L', 'M', 'N', 'O', 'P', 'Q', 'R', 'S', 'T', 'U', 'V', 'W', 'X',
     	 'Y', 'Z', '[', '\\', ']', '^', '_', '`', 'a', 'b', 'c', 'd', 'e', 'f']
25.48	--GTR: ambiguous character: g
25.48	----GTR: no gap symbol!
25.48	---GTR: init with dummy values!

25.48	-GTR: model inference
25.48	---GTR inference iteration 0 change: 0.16222142113076252
25.48	---GTR inference iteration 1 change: 0.023069210092893578
25.48	---GTR inference iteration 2 change: 0.0006184112281593907
25.48	---GTR inference iteration 3 change: 0.00012776867905094948
25.48	---Attaching sequence profiles to leafs...
25.50	---Postorder: computing likelihoods...
25.73	---Computing root node sequence and total tree likelihood...
25.73	---Attaching sequence profiles to leafs...
25.75	---Postorder: computing likelihoods...
25.94	---Computing root node sequence and total tree likelihood...
25.94	---Attaching sequence profiles to leafs...
25.95	---Postorder: computing likelihoods...
26.14	---Computing root node sequence and total tree likelihood...
26.15	---Attaching sequence profiles to leafs...
26.15	---Postorder: computing likelihoods...
26.35	---Computing root node sequence and total tree likelihood...
26.35	---Attaching sequence profiles to leafs...
26.36	---Postorder: computing likelihoods...
26.54	---Computing root node sequence and total tree likelihood...
26.54	---Attaching sequence profiles to leafs...
26.55	---Postorder: computing likelihoods...
26.75	---Computing root node sequence and total tree likelihood...
26.75	---Attaching sequence profiles to leafs...
26.76	---Postorder: computing likelihoods...
26.96	---Computing root node sequence and total tree likelihood...
26.96	---Attaching sequence profiles to leafs...
26.96	---Postorder: computing likelihoods...
27.16	---Computing root node sequence and total tree likelihood...
27.16	---Attaching sequence profiles to leafs...
27.17	---Postorder: computing likelihoods...
27.38	---Computing root node sequence and total tree likelihood...
27.38	---Attaching sequence profiles to leafs...
27.39	---Postorder: computing likelihoods...
27.62	---Computing root node sequence and total tree likelihood...
27.62	---Attaching sequence profiles to leafs...
27.62	---Postorder: computing likelihoods...
27.88	---Computing root node sequence and total tree likelihood...
27.88	---Attaching sequence profiles to leafs...
27.89	---Postorder: computing likelihoods...
28.13	---Computing root node sequence and total tree likelihood...
28.13	---Attaching sequence profiles to leafs...
28.15	---Postorder: computing likelihoods...
28.36	---Computing root node sequence and total tree likelihood...
28.36	---Attaching sequence profiles to leafs...
28.37	---Postorder: computing likelihoods...
28.60	---Computing root node sequence and total tree likelihood...
28.60	---Attaching sequence profiles to leafs...
28.61	---Postorder: computing likelihoods...
28.80	---Computing root node sequence and total tree likelihood...
28.81	---Attaching sequence profiles to leafs...
28.81	---Postorder: computing likelihoods...
29.04	---Computing root node sequence and total tree likelihood...
29.04	---Attaching sequence profiles to leafs...
29.05	---Postorder: computing likelihoods...
29.25	---Computing root node sequence and total tree likelihood...
29.26	---Attaching sequence profiles to leafs...
29.26	---Postorder: computing likelihoods...
29.61	---Computing root node sequence and total tree likelihood...

29.61	-treeanc:optimize_gtr_rate: optimization successful. Overall rate
     	 estimated to be 80.015370

29.61	-TreeAnc.infer_ancestral_sequences with method: probabilistic, marginal
29.61	--TreeAnc._ml_anc_marginal: type of reconstruction: Marginal
29.61	---Attaching sequence profiles to leafs...
29.63	---Postorder: computing likelihoods...
29.84	---Computing root node sequence and total tree likelihood...
29.84	---Preorder: computing marginal profiles...
30.15	---TreeAnc._ml_anc_marginal: ...done
NOTE: previous versions (<0.7.0) of this command made a 'short-branch
length assumption. TreeTime now optimizes the overall rate numerically
and thus allows for long branches along which multiple changes
accumulated. This is expected to affect estimates of the overall rate
while leaving the relative rates mostly unchanged.
