
0.00	-TreeAnc: set-up
Assigned discrete traits to 570 out of 617 taxa.


0.30	-SequenceData: loaded alignment.

0.30	-SeqData: making compressed alignment...

0.30	-SequenceData: constructed compressed alignment...

0.33	-TreeAnc.infer_ancestral_sequences with method: ml, marginal
0.33	--TreeAnc._ml_anc_marginal: type of reconstruction: Marginal
0.33	---Attaching sequence profiles to leafs...
0.35	---Postorder: computing likelihoods...
0.81	---Computing root node sequence and total tree likelihood...
0.81	---Preorder: computing marginal profiles...
1.10	---TreeAnc._ml_anc_marginal: ...done
1.28	--TreeAnc.infer_gtr: counting mutations...
2.00	---TreeAnc.infer_gtr: counting mutations...done

2.01	-GTR: with alphabet: ['A', 'B', 'C', 'D', 'E', 'F', 'G', 'H', 'I', 'J',
    	 'K', 'L', 'M', 'N', 'O', 'P', 'Q', 'R', 'S', 'T', 'U', 'V', 'W', 'X', 'Y',
    	 'Z', '[', '\\', ']', '^', '_', '`', 'a', 'b', 'c', 'd', 'e', 'f', 'g',
    	 'h', 'i', 'j', 'k', 'l', 'm', 'n', 'o', 'p', 'q', 'r', 's', 't', 'u', 'v',
    	 'w', 'x', 'y', 'z', '{', '|', '}', '~', '\x7f', '\x80', '\x81', '\x82',
    	 '\x83', '\x84', '\x85', '\x86', '\x87', '\x88', '\x89', '\x8a', '\x8b',
    	 '\x8c', '\x8d', '\x8e', '\x8f', '\x90', '\x91', '\x92', '\x93', '\x94',
    	 '\x95', '\x96', '\x97', '\x98', '\x99', '\x9a', '\x9b', '\x9c', '\x9d',
    	 '\x9e', '\x9f', '\xa0', '¡', '¢', '£', '¤', '¥', '¦', '§', '¨', '©', 'ª',
    	 '«', '¬', '\xad', '®', '¯', '°']
2.01	--GTR: ambiguous character: ±
2.01	----GTR: no gap symbol!
2.01	---GTR: init with dummy values!

2.01	-GTR: model inference
2.01	---GTR inference iteration 0 change: 0.0944911182523068
2.01	---GTR inference iteration 1 change: 0.002422382407405483
2.01	---GTR inference iteration 2 change: 2.5237016252842983e-05
2.02	--TreeAnc._ml_anc_marginal: type of reconstruction: Marginal
2.02	---Attaching sequence profiles to leafs...
2.03	---Postorder: computing likelihoods...
2.48	---Computing root node sequence and total tree likelihood...
2.48	---Preorder: computing marginal profiles...
3.09	---TreeAnc._ml_anc_marginal: ...done
3.27	---Attaching sequence profiles to leafs...
3.28	---Postorder: computing likelihoods...
3.74	---Computing root node sequence and total tree likelihood...
3.75	---Attaching sequence profiles to leafs...
3.75	---Postorder: computing likelihoods...
4.21	---Computing root node sequence and total tree likelihood...
4.21	---Attaching sequence profiles to leafs...
4.22	---Postorder: computing likelihoods...
4.68	---Computing root node sequence and total tree likelihood...
4.69	---Attaching sequence profiles to leafs...
4.69	---Postorder: computing likelihoods...
5.14	---Computing root node sequence and total tree likelihood...
5.15	---Attaching sequence profiles to leafs...
5.15	---Postorder: computing likelihoods...
5.60	---Computing root node sequence and total tree likelihood...
5.61	---Attaching sequence profiles to leafs...
5.61	---Postorder: computing likelihoods...
6.07	---Computing root node sequence and total tree likelihood...
6.07	---Attaching sequence profiles to leafs...
6.08	---Postorder: computing likelihoods...
6.53	---Computing root node sequence and total tree likelihood...
6.54	---Attaching sequence profiles to leafs...
6.54	---Postorder: computing likelihoods...
7.01	---Computing root node sequence and total tree likelihood...
7.01	---Attaching sequence profiles to leafs...
7.02	---Postorder: computing likelihoods...
7.47	---Computing root node sequence and total tree likelihood...
7.48	---Attaching sequence profiles to leafs...
7.49	---Postorder: computing likelihoods...
7.95	---Computing root node sequence and total tree likelihood...
7.95	---Attaching sequence profiles to leafs...
7.96	---Postorder: computing likelihoods...
8.40	---Computing root node sequence and total tree likelihood...
8.41	---Attaching sequence profiles to leafs...
8.42	---Postorder: computing likelihoods...
8.87	---Computing root node sequence and total tree likelihood...
8.88	---Attaching sequence profiles to leafs...
8.89	---Postorder: computing likelihoods...
9.34	---Computing root node sequence and total tree likelihood...
9.34	---Attaching sequence profiles to leafs...
9.35	---Postorder: computing likelihoods...
9.81	---Computing root node sequence and total tree likelihood...
9.82	---Attaching sequence profiles to leafs...
9.82	---Postorder: computing likelihoods...
10.27	---Computing root node sequence and total tree likelihood...
10.28	---Attaching sequence profiles to leafs...
10.28	---Postorder: computing likelihoods...
10.75	---Computing root node sequence and total tree likelihood...
10.75	---Attaching sequence profiles to leafs...
10.76	---Postorder: computing likelihoods...
11.21	---Computing root node sequence and total tree likelihood...
11.22	---Attaching sequence profiles to leafs...
11.22	---Postorder: computing likelihoods...
11.67	---Computing root node sequence and total tree likelihood...

11.67	-treeanc:optimize_gtr_rate: optimization successful. Overall rate
     	 estimated to be 201.910005
11.67	--TreeAnc.infer_gtr: counting mutations...
12.39	---TreeAnc.infer_gtr: counting mutations...done

12.39	-GTR: with alphabet: ['A', 'B', 'C', 'D', 'E', 'F', 'G', 'H', 'I', 'J',
     	 'K', 'L', 'M', 'N', 'O', 'P', 'Q', 'R', 'S', 'T', 'U', 'V', 'W', 'X',
     	 'Y', 'Z', '[', '\\', ']', '^', '_', '`', 'a', 'b', 'c', 'd', 'e', 'f',
     	 'g', 'h', 'i', 'j', 'k', 'l', 'm', 'n', 'o', 'p', 'q', 'r', 's', 't',
     	 'u', 'v', 'w', 'x', 'y', 'z', '{', '|', '}', '~', '\x7f', '\x80', '\x81',
     	 '\x82', '\x83', '\x84', '\x85', '\x86', '\x87', '\x88', '\x89', '\x8a',
     	 '\x8b', '\x8c', '\x8d', '\x8e', '\x8f', '\x90', '\x91', '\x92', '\x93',
     	 '\x94', '\x95', '\x96', '\x97', '\x98', '\x99', '\x9a', '\x9b', '\x9c',
     	 '\x9d', '\x9e', '\x9f', '\xa0', '¡', '¢', '£', '¤', '¥', '¦', '§', '¨',
     	 '©', 'ª', '«', '¬', '\xad', '®', '¯', '°']
12.39	--GTR: ambiguous character: ±
12.39	----GTR: no gap symbol!
12.39	---GTR: init with dummy values!

12.40	-GTR: model inference
12.40	---GTR inference iteration 0 change: 0.0944911182523068
12.40	---GTR inference iteration 1 change: 0.0026079899938287704
12.40	---GTR inference iteration 2 change: 2.5480694469213717e-05
12.41	---Attaching sequence profiles to leafs...
12.42	---Postorder: computing likelihoods...
12.91	---Computing root node sequence and total tree likelihood...
12.91	---Attaching sequence profiles to leafs...
12.92	---Postorder: computing likelihoods...
13.37	---Computing root node sequence and total tree likelihood...
13.37	---Attaching sequence profiles to leafs...
13.38	---Postorder: computing likelihoods...
13.84	---Computing root node sequence and total tree likelihood...
13.85	---Attaching sequence profiles to leafs...
13.85	---Postorder: computing likelihoods...
14.31	---Computing root node sequence and total tree likelihood...
14.31	---Attaching sequence profiles to leafs...
14.32	---Postorder: computing likelihoods...
14.78	---Computing root node sequence and total tree likelihood...
14.78	---Attaching sequence profiles to leafs...
14.79	---Postorder: computing likelihoods...
15.25	---Computing root node sequence and total tree likelihood...
15.26	---Attaching sequence profiles to leafs...
15.26	---Postorder: computing likelihoods...
15.71	---Computing root node sequence and total tree likelihood...
15.71	---Attaching sequence profiles to leafs...
15.72	---Postorder: computing likelihoods...
16.22	---Computing root node sequence and total tree likelihood...
16.22	---Attaching sequence profiles to leafs...
16.23	---Postorder: computing likelihoods...
16.70	---Computing root node sequence and total tree likelihood...
16.71	---Attaching sequence profiles to leafs...
16.72	---Postorder: computing likelihoods...
17.17	---Computing root node sequence and total tree likelihood...
17.18	---Attaching sequence profiles to leafs...
17.19	---Postorder: computing likelihoods...
17.64	---Computing root node sequence and total tree likelihood...
17.64	---Attaching sequence profiles to leafs...
17.65	---Postorder: computing likelihoods...
18.12	---Computing root node sequence and total tree likelihood...
18.12	---Attaching sequence profiles to leafs...
18.13	---Postorder: computing likelihoods...
18.59	---Computing root node sequence and total tree likelihood...
18.59	---Attaching sequence profiles to leafs...
18.60	---Postorder: computing likelihoods...
19.05	---Computing root node sequence and total tree likelihood...
19.06	---Attaching sequence profiles to leafs...
19.06	---Postorder: computing likelihoods...
19.54	---Computing root node sequence and total tree likelihood...
19.55	---Attaching sequence profiles to leafs...
19.56	---Postorder: computing likelihoods...
20.01	---Computing root node sequence and total tree likelihood...
20.02	---Attaching sequence profiles to leafs...
20.02	---Postorder: computing likelihoods...
20.62	---Computing root node sequence and total tree likelihood...

20.63	-treeanc:optimize_gtr_rate: optimization successful. Overall rate
     	 estimated to be 201.680682
20.63	--TreeAnc.infer_gtr: counting mutations...
21.39	---TreeAnc.infer_gtr: counting mutations...done

21.40	-GTR: with alphabet: ['A', 'B', 'C', 'D', 'E', 'F', 'G', 'H', 'I', 'J',
     	 'K', 'L', 'M', 'N', 'O', 'P', 'Q', 'R', 'S', 'T', 'U', 'V', 'W', 'X',
     	 'Y', 'Z', '[', '\\', ']', '^', '_', '`', 'a', 'b', 'c', 'd', 'e', 'f',
     	 'g', 'h', 'i', 'j', 'k', 'l', 'm', 'n', 'o', 'p', 'q', 'r', 's', 't',
     	 'u', 'v', 'w', 'x', 'y', 'z', '{', '|', '}', '~', '\x7f', '\x80', '\x81',
     	 '\x82', '\x83', '\x84', '\x85', '\x86', '\x87', '\x88', '\x89', '\x8a',
     	 '\x8b', '\x8c', '\x8d', '\x8e', '\x8f', '\x90', '\x91', '\x92', '\x93',
     	 '\x94', '\x95', '\x96', '\x97', '\x98', '\x99', '\x9a', '\x9b', '\x9c',
     	 '\x9d', '\x9e', '\x9f', '\xa0', '¡', '¢', '£', '¤', '¥', '¦', '§', '¨',
     	 '©', 'ª', '«', '¬', '\xad', '®', '¯', '°']
21.40	--GTR: ambiguous character: ±
21.40	----GTR: no gap symbol!
21.40	---GTR: init with dummy values!

21.40	-GTR: model inference
21.40	---GTR inference iteration 0 change: 0.0944911182523068
21.40	---GTR inference iteration 1 change: 0.002624471986696337
21.40	---GTR inference iteration 2 change: 2.563866135274429e-05
21.41	---Attaching sequence profiles to leafs...
21.42	---Postorder: computing likelihoods...
21.88	---Computing root node sequence and total tree likelihood...
21.88	---Attaching sequence profiles to leafs...
21.89	---Postorder: computing likelihoods...
22.34	---Computing root node sequence and total tree likelihood...
22.35	---Attaching sequence profiles to leafs...
22.35	---Postorder: computing likelihoods...
22.83	---Computing root node sequence and total tree likelihood...
22.83	---Attaching sequence profiles to leafs...
22.84	---Postorder: computing likelihoods...
23.28	---Computing root node sequence and total tree likelihood...
23.29	---Attaching sequence profiles to leafs...
23.30	---Postorder: computing likelihoods...
23.74	---Computing root node sequence and total tree likelihood...
23.75	---Attaching sequence profiles to leafs...
23.75	---Postorder: computing likelihoods...
24.21	---Computing root node sequence and total tree likelihood...
24.21	---Attaching sequence profiles to leafs...
24.22	---Postorder: computing likelihoods...
24.67	---Computing root node sequence and total tree likelihood...
24.68	---Attaching sequence profiles to leafs...
24.69	---Postorder: computing likelihoods...
25.15	---Computing root node sequence and total tree likelihood...
25.15	---Attaching sequence profiles to leafs...
25.16	---Postorder: computing likelihoods...
25.61	---Computing root node sequence and total tree likelihood...
25.62	---Attaching sequence profiles to leafs...
25.62	---Postorder: computing likelihoods...
26.09	---Computing root node sequence and total tree likelihood...
26.10	---Attaching sequence profiles to leafs...
26.10	---Postorder: computing likelihoods...
26.55	---Computing root node sequence and total tree likelihood...
26.55	---Attaching sequence profiles to leafs...
26.56	---Postorder: computing likelihoods...
27.02	---Computing root node sequence and total tree likelihood...
27.03	---Attaching sequence profiles to leafs...
27.04	---Postorder: computing likelihoods...
27.48	---Computing root node sequence and total tree likelihood...
27.48	---Attaching sequence profiles to leafs...
27.49	---Postorder: computing likelihoods...
27.96	---Computing root node sequence and total tree likelihood...
27.97	---Attaching sequence profiles to leafs...
27.98	---Postorder: computing likelihoods...
28.42	---Computing root node sequence and total tree likelihood...
28.43	---Attaching sequence profiles to leafs...
28.43	---Postorder: computing likelihoods...
28.90	---Computing root node sequence and total tree likelihood...
28.91	---Attaching sequence profiles to leafs...
28.92	---Postorder: computing likelihoods...
29.38	---Computing root node sequence and total tree likelihood...

29.38	-treeanc:optimize_gtr_rate: optimization successful. Overall rate
     	 estimated to be 201.648257
29.38	--TreeAnc.infer_gtr: counting mutations...
30.10	---TreeAnc.infer_gtr: counting mutations...done

30.11	-GTR: with alphabet: ['A', 'B', 'C', 'D', 'E', 'F', 'G', 'H', 'I', 'J',
     	 'K', 'L', 'M', 'N', 'O', 'P', 'Q', 'R', 'S', 'T', 'U', 'V', 'W', 'X',
     	 'Y', 'Z', '[', '\\', ']', '^', '_', '`', 'a', 'b', 'c', 'd', 'e', 'f',
     	 'g', 'h', 'i', 'j', 'k', 'l', 'm', 'n', 'o', 'p', 'q', 'r', 's', 't',
     	 'u', 'v', 'w', 'x', 'y', 'z', '{', '|', '}', '~', '\x7f', '\x80', '\x81',
     	 '\x82', '\x83', '\x84', '\x85', '\x86', '\x87', '\x88', '\x89', '\x8a',
     	 '\x8b', '\x8c', '\x8d', '\x8e', '\x8f', '\x90', '\x91', '\x92', '\x93',
     	 '\x94', '\x95', '\x96', '\x97', '\x98', '\x99', '\x9a', '\x9b', '\x9c',
     	 '\x9d', '\x9e', '\x9f', '\xa0', '¡', '¢', '£', '¤', '¥', '¦', '§', '¨',
     	 '©', 'ª', '«', '¬', '\xad', '®', '¯', '°']
30.11	--GTR: ambiguous character: ±
30.11	----GTR: no gap symbol!
30.11	---GTR: init with dummy values!

30.11	-GTR: model inference
30.11	---GTR inference iteration 0 change: 0.0944911182523068
30.11	---GTR inference iteration 1 change: 0.0026283905041850388
30.11	---GTR inference iteration 2 change: 2.5679252651537477e-05
30.12	---Attaching sequence profiles to leafs...
30.13	---Postorder: computing likelihoods...
30.58	---Computing root node sequence and total tree likelihood...
30.58	---Attaching sequence profiles to leafs...
30.59	---Postorder: computing likelihoods...
31.08	---Computing root node sequence and total tree likelihood...
31.09	---Attaching sequence profiles to leafs...
31.10	---Postorder: computing likelihoods...
31.56	---Computing root node sequence and total tree likelihood...
31.56	---Attaching sequence profiles to leafs...
31.57	---Postorder: computing likelihoods...
32.02	---Computing root node sequence and total tree likelihood...
32.02	---Attaching sequence profiles to leafs...
32.03	---Postorder: computing likelihoods...
32.48	---Computing root node sequence and total tree likelihood...
32.49	---Attaching sequence profiles to leafs...
32.49	---Postorder: computing likelihoods...
32.96	---Computing root node sequence and total tree likelihood...
32.96	---Attaching sequence profiles to leafs...
32.97	---Postorder: computing likelihoods...
33.41	---Computing root node sequence and total tree likelihood...
33.42	---Attaching sequence profiles to leafs...
33.43	---Postorder: computing likelihoods...
33.89	---Computing root node sequence and total tree likelihood...
33.89	---Attaching sequence profiles to leafs...
33.90	---Postorder: computing likelihoods...
34.35	---Computing root node sequence and total tree likelihood...
34.35	---Attaching sequence profiles to leafs...
34.36	---Postorder: computing likelihoods...
34.82	---Computing root node sequence and total tree likelihood...
34.83	---Attaching sequence profiles to leafs...
34.83	---Postorder: computing likelihoods...
35.28	---Computing root node sequence and total tree likelihood...
35.29	---Attaching sequence profiles to leafs...
35.29	---Postorder: computing likelihoods...
35.75	---Computing root node sequence and total tree likelihood...
35.75	---Attaching sequence profiles to leafs...
35.76	---Postorder: computing likelihoods...
36.21	---Computing root node sequence and total tree likelihood...
36.22	---Attaching sequence profiles to leafs...
36.22	---Postorder: computing likelihoods...
36.67	---Computing root node sequence and total tree likelihood...
36.68	---Attaching sequence profiles to leafs...
36.69	---Postorder: computing likelihoods...
37.14	---Computing root node sequence and total tree likelihood...
37.15	---Attaching sequence profiles to leafs...
37.15	---Postorder: computing likelihoods...
37.61	---Computing root node sequence and total tree likelihood...
37.61	---Attaching sequence profiles to leafs...
37.62	---Postorder: computing likelihoods...
38.07	---Computing root node sequence and total tree likelihood...
38.08	---Attaching sequence profiles to leafs...
38.09	---Postorder: computing likelihoods...
38.54	---Computing root node sequence and total tree likelihood...
38.54	---Attaching sequence profiles to leafs...
38.55	---Postorder: computing likelihoods...
39.02	---Computing root node sequence and total tree likelihood...
39.02	---Attaching sequence profiles to leafs...
39.03	---Postorder: computing likelihoods...
39.48	---Computing root node sequence and total tree likelihood...
39.49	---Attaching sequence profiles to leafs...
39.50	---Postorder: computing likelihoods...
39.96	---Computing root node sequence and total tree likelihood...
39.96	---Attaching sequence profiles to leafs...
39.97	---Postorder: computing likelihoods...
40.42	---Computing root node sequence and total tree likelihood...

40.43	-treeanc:optimize_gtr_rate: optimization successful. Overall rate
     	 estimated to be 201.640361
40.43	--TreeAnc.infer_gtr: counting mutations...
41.16	---TreeAnc.infer_gtr: counting mutations...done

41.17	-GTR: with alphabet: ['A', 'B', 'C', 'D', 'E', 'F', 'G', 'H', 'I', 'J',
     	 'K', 'L', 'M', 'N', 'O', 'P', 'Q', 'R', 'S', 'T', 'U', 'V', 'W', 'X',
     	 'Y', 'Z', '[', '\\', ']', '^', '_', '`', 'a', 'b', 'c', 'd', 'e', 'f',
     	 'g', 'h', 'i', 'j', 'k', 'l', 'm', 'n', 'o', 'p', 'q', 'r', 's', 't',
     	 'u', 'v', 'w', 'x', 'y', 'z', '{', '|', '}', '~', '\x7f', '\x80', '\x81',
     	 '\x82', '\x83', '\x84', '\x85', '\x86', '\x87', '\x88', '\x89', '\x8a',
     	 '\x8b', '\x8c', '\x8d', '\x8e', '\x8f', '\x90', '\x91', '\x92', '\x93',
     	 '\x94', '\x95', '\x96', '\x97', '\x98', '\x99', '\x9a', '\x9b', '\x9c',
     	 '\x9d', '\x9e', '\x9f', '\xa0', '¡', '¢', '£', '¤', '¥', '¦', '§', '¨',
     	 '©', 'ª', '«', '¬', '\xad', '®', '¯', '°']
41.17	--GTR: ambiguous character: ±
41.17	----GTR: no gap symbol!
41.17	---GTR: init with dummy values!

41.17	-GTR: model inference
41.17	---GTR inference iteration 0 change: 0.0944911182523068
41.17	---GTR inference iteration 1 change: 0.00262932041637848
41.18	---GTR inference iteration 2 change: 2.568910986091833e-05
41.19	---Attaching sequence profiles to leafs...
41.19	---Postorder: computing likelihoods...
41.64	---Computing root node sequence and total tree likelihood...
41.64	---Attaching sequence profiles to leafs...
41.65	---Postorder: computing likelihoods...
42.10	---Computing root node sequence and total tree likelihood...
42.11	---Attaching sequence profiles to leafs...
42.11	---Postorder: computing likelihoods...
42.57	---Computing root node sequence and total tree likelihood...
42.58	---Attaching sequence profiles to leafs...
42.59	---Postorder: computing likelihoods...
43.08	---Computing root node sequence and total tree likelihood...
43.08	---Attaching sequence profiles to leafs...
43.09	---Postorder: computing likelihoods...
43.55	---Computing root node sequence and total tree likelihood...
43.55	---Attaching sequence profiles to leafs...
43.56	---Postorder: computing likelihoods...
44.05	---Computing root node sequence and total tree likelihood...
44.05	---Attaching sequence profiles to leafs...
44.06	---Postorder: computing likelihoods...
44.52	---Computing root node sequence and total tree likelihood...
44.52	---Attaching sequence profiles to leafs...
44.53	---Postorder: computing likelihoods...
44.98	---Computing root node sequence and total tree likelihood...
44.99	---Attaching sequence profiles to leafs...
45.00	---Postorder: computing likelihoods...
45.44	---Computing root node sequence and total tree likelihood...
45.45	---Attaching sequence profiles to leafs...
45.45	---Postorder: computing likelihoods...
45.91	---Computing root node sequence and total tree likelihood...
45.91	---Attaching sequence profiles to leafs...
45.92	---Postorder: computing likelihoods...
46.37	---Computing root node sequence and total tree likelihood...
46.38	---Attaching sequence profiles to leafs...
46.38	---Postorder: computing likelihoods...
46.87	---Computing root node sequence and total tree likelihood...
46.87	---Attaching sequence profiles to leafs...
46.88	---Postorder: computing likelihoods...
47.34	---Computing root node sequence and total tree likelihood...
47.34	---Attaching sequence profiles to leafs...
47.35	---Postorder: computing likelihoods...
47.81	---Computing root node sequence and total tree likelihood...
47.81	---Attaching sequence profiles to leafs...
47.82	---Postorder: computing likelihoods...
48.27	---Computing root node sequence and total tree likelihood...
48.28	---Attaching sequence profiles to leafs...
48.29	---Postorder: computing likelihoods...
48.73	---Computing root node sequence and total tree likelihood...
48.75	---Attaching sequence profiles to leafs...
48.76	---Postorder: computing likelihoods...
49.20	---Computing root node sequence and total tree likelihood...

49.20	-treeanc:optimize_gtr_rate: optimization successful. Overall rate
     	 estimated to be 201.638443
49.20	--TreeAnc.infer_gtr: counting mutations...
50.12	---TreeAnc.infer_gtr: counting mutations...done

50.13	-GTR: with alphabet: ['A', 'B', 'C', 'D', 'E', 'F', 'G', 'H', 'I', 'J',
     	 'K', 'L', 'M', 'N', 'O', 'P', 'Q', 'R', 'S', 'T', 'U', 'V', 'W', 'X',
     	 'Y', 'Z', '[', '\\', ']', '^', '_', '`', 'a', 'b', 'c', 'd', 'e', 'f',
     	 'g', 'h', 'i', 'j', 'k', 'l', 'm', 'n', 'o', 'p', 'q', 'r', 's', 't',
     	 'u', 'v', 'w', 'x', 'y', 'z', '{', '|', '}', '~', '\x7f', '\x80', '\x81',
     	 '\x82', '\x83', '\x84', '\x85', '\x86', '\x87', '\x88', '\x89', '\x8a',
     	 '\x8b', '\x8c', '\x8d', '\x8e', '\x8f', '\x90', '\x91', '\x92', '\x93',
     	 '\x94', '\x95', '\x96', '\x97', '\x98', '\x99', '\x9a', '\x9b', '\x9c',
     	 '\x9d', '\x9e', '\x9f', '\xa0', '¡', '¢', '£', '¤', '¥', '¦', '§', '¨',
     	 '©', 'ª', '«', '¬', '\xad', '®', '¯', '°']
50.13	--GTR: ambiguous character: ±
50.13	----GTR: no gap symbol!
50.13	---GTR: init with dummy values!

50.13	-GTR: model inference
50.13	---GTR inference iteration 0 change: 0.0944911182523068
50.13	---GTR inference iteration 1 change: 0.002629542702232809
50.13	---GTR inference iteration 2 change: 2.5691502878559095e-05
50.14	---Attaching sequence profiles to leafs...
50.15	---Postorder: computing likelihoods...
50.61	---Computing root node sequence and total tree likelihood...
50.62	---Attaching sequence profiles to leafs...
50.63	---Postorder: computing likelihoods...
51.14	---Computing root node sequence and total tree likelihood...
51.14	---Attaching sequence profiles to leafs...
51.15	---Postorder: computing likelihoods...
51.62	---Computing root node sequence and total tree likelihood...
51.62	---Attaching sequence profiles to leafs...
51.63	---Postorder: computing likelihoods...
52.10	---Computing root node sequence and total tree likelihood...
52.11	---Attaching sequence profiles to leafs...
52.11	---Postorder: computing likelihoods...
52.56	---Computing root node sequence and total tree likelihood...
52.57	---Attaching sequence profiles to leafs...
52.58	---Postorder: computing likelihoods...
53.04	---Computing root node sequence and total tree likelihood...
53.04	---Attaching sequence profiles to leafs...
53.05	---Postorder: computing likelihoods...
53.50	---Computing root node sequence and total tree likelihood...
53.50	---Attaching sequence profiles to leafs...
53.51	---Postorder: computing likelihoods...
53.96	---Computing root node sequence and total tree likelihood...
53.96	---Attaching sequence profiles to leafs...
53.97	---Postorder: computing likelihoods...
54.43	---Computing root node sequence and total tree likelihood...
54.43	---Attaching sequence profiles to leafs...
54.44	---Postorder: computing likelihoods...
54.91	---Computing root node sequence and total tree likelihood...
54.91	---Attaching sequence profiles to leafs...
54.92	---Postorder: computing likelihoods...
55.38	---Computing root node sequence and total tree likelihood...
55.38	---Attaching sequence profiles to leafs...
55.39	---Postorder: computing likelihoods...
55.86	---Computing root node sequence and total tree likelihood...
55.86	---Attaching sequence profiles to leafs...
55.87	---Postorder: computing likelihoods...
56.32	---Computing root node sequence and total tree likelihood...
56.32	---Attaching sequence profiles to leafs...
56.33	---Postorder: computing likelihoods...
56.78	---Computing root node sequence and total tree likelihood...
56.79	---Attaching sequence profiles to leafs...
56.80	---Postorder: computing likelihoods...
57.24	---Computing root node sequence and total tree likelihood...
57.25	---Attaching sequence profiles to leafs...
57.26	---Postorder: computing likelihoods...
57.69	---Computing root node sequence and total tree likelihood...
57.70	---Attaching sequence profiles to leafs...
57.70	---Postorder: computing likelihoods...
58.19	---Computing root node sequence and total tree likelihood...
58.20	---Attaching sequence profiles to leafs...
58.20	---Postorder: computing likelihoods...
58.65	---Computing root node sequence and total tree likelihood...
58.65	---Attaching sequence profiles to leafs...
58.66	---Postorder: computing likelihoods...
59.12	---Computing root node sequence and total tree likelihood...
59.13	---Attaching sequence profiles to leafs...
59.14	---Postorder: computing likelihoods...
59.59	---Computing root node sequence and total tree likelihood...
59.59	---Attaching sequence profiles to leafs...
59.60	---Postorder: computing likelihoods...
60.41	---Computing root node sequence and total tree likelihood...
60.42	---Attaching sequence profiles to leafs...
60.43	---Postorder: computing likelihoods...
60.90	---Computing root node sequence and total tree likelihood...
60.90	---Attaching sequence profiles to leafs...
60.91	---Postorder: computing likelihoods...
61.36	---Computing root node sequence and total tree likelihood...
61.36	---Attaching sequence profiles to leafs...
61.37	---Postorder: computing likelihoods...
62.01	---Computing root node sequence and total tree likelihood...
62.02	---Attaching sequence profiles to leafs...
62.02	---Postorder: computing likelihoods...
62.47	---Computing root node sequence and total tree likelihood...
62.48	---Attaching sequence profiles to leafs...
62.49	---Postorder: computing likelihoods...
62.98	---Computing root node sequence and total tree likelihood...
62.98	---Attaching sequence profiles to leafs...
62.99	---Postorder: computing likelihoods...
63.44	---Computing root node sequence and total tree likelihood...
63.44	---Attaching sequence profiles to leafs...
63.45	---Postorder: computing likelihoods...
63.94	---Computing root node sequence and total tree likelihood...
63.94	---Attaching sequence profiles to leafs...
63.95	---Postorder: computing likelihoods...
64.41	---Computing root node sequence and total tree likelihood...
64.41	---Attaching sequence profiles to leafs...
64.42	---Postorder: computing likelihoods...
64.89	---Computing root node sequence and total tree likelihood...
64.90	---Attaching sequence profiles to leafs...
64.90	---Postorder: computing likelihoods...
65.35	---Computing root node sequence and total tree likelihood...
65.36	---Attaching sequence profiles to leafs...
65.36	---Postorder: computing likelihoods...
65.82	---Computing root node sequence and total tree likelihood...
65.82	---Attaching sequence profiles to leafs...
65.83	---Postorder: computing likelihoods...
66.46	---Computing root node sequence and total tree likelihood...

66.46	-treeanc:optimize_gtr_rate: optimization successful. Overall rate
     	 estimated to be 201.637939

66.46	-TreeAnc.infer_ancestral_sequences with method: probabilistic, marginal
66.46	--TreeAnc._ml_anc_marginal: type of reconstruction: Marginal
66.46	---Attaching sequence profiles to leafs...
66.47	---Postorder: computing likelihoods...
66.93	---Computing root node sequence and total tree likelihood...
66.93	---Preorder: computing marginal profiles...
67.53	---TreeAnc._ml_anc_marginal: ...done
NOTE: previous versions (<0.7.0) of this command made a 'short-branch
length assumption. TreeTime now optimizes the overall rate numerically
and thus allows for long branches along which multiple changes
accumulated. This is expected to affect estimates of the overall rate
while leaving the relative rates mostly unchanged.
