
0.00	-TreeAnc: set-up
Assigned discrete traits to 617 out of 617 taxa.


0.29	-SequenceData: loaded alignment.

0.29	-SeqData: making compressed alignment...

0.29	-SequenceData: constructed compressed alignment...

0.33	-TreeAnc.infer_ancestral_sequences with method: ml, marginal
0.33	--TreeAnc._ml_anc_marginal: type of reconstruction: Marginal
0.33	---Attaching sequence profiles to leafs...
0.34	---Postorder: computing likelihoods...
0.43	---Computing root node sequence and total tree likelihood...
0.43	---Preorder: computing marginal profiles...
0.55	---TreeAnc._ml_anc_marginal: ...done
0.62	--TreeAnc.infer_gtr: counting mutations...
0.80	---TreeAnc.infer_gtr: counting mutations...done

0.80	-GTR: with alphabet: ['A', 'B', 'C', 'D', 'E']
0.80	--GTR: ambiguous character: F
0.80	----GTR: no gap symbol!
0.80	---GTR: init with dummy values!

0.80	-GTR: model inference
0.80	---GTR inference iteration 0 change: 0.447213595499958
0.80	---GTR inference iteration 1 change: 0.028626166785666367
0.80	---GTR inference iteration 2 change: 0.0007456593320110304
0.80	--TreeAnc._ml_anc_marginal: type of reconstruction: Marginal
0.80	---Attaching sequence profiles to leafs...
0.81	---Postorder: computing likelihoods...
0.90	---Computing root node sequence and total tree likelihood...
0.90	---Preorder: computing marginal profiles...
1.10	---TreeAnc._ml_anc_marginal: ...done
1.17	---Attaching sequence profiles to leafs...
1.17	---Postorder: computing likelihoods...
1.27	---Computing root node sequence and total tree likelihood...
1.27	---Attaching sequence profiles to leafs...
1.28	---Postorder: computing likelihoods...
1.37	---Computing root node sequence and total tree likelihood...
1.37	---Attaching sequence profiles to leafs...
1.37	---Postorder: computing likelihoods...
1.47	---Computing root node sequence and total tree likelihood...
1.47	---Attaching sequence profiles to leafs...
1.47	---Postorder: computing likelihoods...
1.56	---Computing root node sequence and total tree likelihood...
1.56	---Attaching sequence profiles to leafs...
1.57	---Postorder: computing likelihoods...
1.66	---Computing root node sequence and total tree likelihood...
1.66	---Attaching sequence profiles to leafs...
1.67	---Postorder: computing likelihoods...
1.76	---Computing root node sequence and total tree likelihood...
1.76	---Attaching sequence profiles to leafs...
1.77	---Postorder: computing likelihoods...
1.86	---Computing root node sequence and total tree likelihood...
1.86	---Attaching sequence profiles to leafs...
1.86	---Postorder: computing likelihoods...
1.95	---Computing root node sequence and total tree likelihood...
1.95	---Attaching sequence profiles to leafs...
1.96	---Postorder: computing likelihoods...
2.05	---Computing root node sequence and total tree likelihood...
2.05	---Attaching sequence profiles to leafs...
2.06	---Postorder: computing likelihoods...
2.14	---Computing root node sequence and total tree likelihood...
2.14	---Attaching sequence profiles to leafs...
2.15	---Postorder: computing likelihoods...
2.24	---Computing root node sequence and total tree likelihood...
2.24	---Attaching sequence profiles to leafs...
2.25	---Postorder: computing likelihoods...
2.34	---Computing root node sequence and total tree likelihood...
2.34	---Attaching sequence profiles to leafs...
2.34	---Postorder: computing likelihoods...
2.43	---Computing root node sequence and total tree likelihood...
2.43	---Attaching sequence profiles to leafs...
2.44	---Postorder: computing likelihoods...
2.53	---Computing root node sequence and total tree likelihood...
2.53	---Attaching sequence profiles to leafs...
2.53	---Postorder: computing likelihoods...
2.62	---Computing root node sequence and total tree likelihood...
2.63	---Attaching sequence profiles to leafs...
2.63	---Postorder: computing likelihoods...
2.73	---Computing root node sequence and total tree likelihood...
2.73	---Attaching sequence profiles to leafs...
2.74	---Postorder: computing likelihoods...
2.85	---Computing root node sequence and total tree likelihood...
2.85	---Attaching sequence profiles to leafs...
2.85	---Postorder: computing likelihoods...
2.95	---Computing root node sequence and total tree likelihood...

2.95	-treeanc:optimize_gtr_rate: optimization successful. Overall rate estimated
    	 to be 3.826193
2.95	--TreeAnc.infer_gtr: counting mutations...
3.13	---TreeAnc.infer_gtr: counting mutations...done

3.13	-GTR: with alphabet: ['A', 'B', 'C', 'D', 'E']
3.13	--GTR: ambiguous character: F
3.13	----GTR: no gap symbol!
3.13	---GTR: init with dummy values!

3.13	-GTR: model inference
3.13	---GTR inference iteration 0 change: 0.447213595499958
3.13	---GTR inference iteration 1 change: 0.028011107992733444
3.13	---GTR inference iteration 2 change: 0.0007281831358583148
3.14	---Attaching sequence profiles to leafs...
3.14	---Postorder: computing likelihoods...
3.24	---Computing root node sequence and total tree likelihood...
3.24	---Attaching sequence profiles to leafs...
3.25	---Postorder: computing likelihoods...
3.34	---Computing root node sequence and total tree likelihood...
3.34	---Attaching sequence profiles to leafs...
3.34	---Postorder: computing likelihoods...
3.44	---Computing root node sequence and total tree likelihood...
3.44	---Attaching sequence profiles to leafs...
3.44	---Postorder: computing likelihoods...
3.55	---Computing root node sequence and total tree likelihood...
3.56	---Attaching sequence profiles to leafs...
3.56	---Postorder: computing likelihoods...
3.68	---Computing root node sequence and total tree likelihood...
3.68	---Attaching sequence profiles to leafs...
3.68	---Postorder: computing likelihoods...
3.79	---Computing root node sequence and total tree likelihood...
3.80	---Attaching sequence profiles to leafs...
3.80	---Postorder: computing likelihoods...
3.91	---Computing root node sequence and total tree likelihood...
3.91	---Attaching sequence profiles to leafs...
3.91	---Postorder: computing likelihoods...
4.00	---Computing root node sequence and total tree likelihood...
4.00	---Attaching sequence profiles to leafs...
4.01	---Postorder: computing likelihoods...
4.10	---Computing root node sequence and total tree likelihood...
4.10	---Attaching sequence profiles to leafs...
4.11	---Postorder: computing likelihoods...
4.21	---Computing root node sequence and total tree likelihood...
4.21	---Attaching sequence profiles to leafs...
4.22	---Postorder: computing likelihoods...
4.32	---Computing root node sequence and total tree likelihood...
4.32	---Attaching sequence profiles to leafs...
4.33	---Postorder: computing likelihoods...
4.44	---Computing root node sequence and total tree likelihood...
4.44	---Attaching sequence profiles to leafs...
4.45	---Postorder: computing likelihoods...
4.55	---Computing root node sequence and total tree likelihood...
4.55	---Attaching sequence profiles to leafs...
4.56	---Postorder: computing likelihoods...
4.65	---Computing root node sequence and total tree likelihood...
4.65	---Attaching sequence profiles to leafs...
4.66	---Postorder: computing likelihoods...
4.75	---Computing root node sequence and total tree likelihood...
4.75	---Attaching sequence profiles to leafs...
4.75	---Postorder: computing likelihoods...
4.85	---Computing root node sequence and total tree likelihood...
4.85	---Attaching sequence profiles to leafs...
4.86	---Postorder: computing likelihoods...
4.96	---Computing root node sequence and total tree likelihood...
4.96	---Attaching sequence profiles to leafs...
4.97	---Postorder: computing likelihoods...
5.06	---Computing root node sequence and total tree likelihood...
5.06	---Attaching sequence profiles to leafs...
5.07	---Postorder: computing likelihoods...
5.16	---Computing root node sequence and total tree likelihood...

5.16	-treeanc:optimize_gtr_rate: optimization successful. Overall rate estimated
    	 to be 3.825790
5.16	--TreeAnc.infer_gtr: counting mutations...
5.36	---TreeAnc.infer_gtr: counting mutations...done

5.36	-GTR: with alphabet: ['A', 'B', 'C', 'D', 'E']
5.36	--GTR: ambiguous character: F
5.36	----GTR: no gap symbol!
5.36	---GTR: init with dummy values!

5.36	-GTR: model inference
5.36	---GTR inference iteration 0 change: 0.447213595499958
5.36	---GTR inference iteration 1 change: 0.027897481640118904
5.36	---GTR inference iteration 2 change: 0.0007278696965521617
5.36	---Attaching sequence profiles to leafs...
5.37	---Postorder: computing likelihoods...
5.47	---Computing root node sequence and total tree likelihood...
5.47	---Attaching sequence profiles to leafs...
5.48	---Postorder: computing likelihoods...
5.57	---Computing root node sequence and total tree likelihood...
5.57	---Attaching sequence profiles to leafs...
5.58	---Postorder: computing likelihoods...
5.68	---Computing root node sequence and total tree likelihood...
5.68	---Attaching sequence profiles to leafs...
5.68	---Postorder: computing likelihoods...
5.78	---Computing root node sequence and total tree likelihood...
5.78	---Attaching sequence profiles to leafs...
5.78	---Postorder: computing likelihoods...
5.87	---Computing root node sequence and total tree likelihood...
5.87	---Attaching sequence profiles to leafs...
5.88	---Postorder: computing likelihoods...
5.97	---Computing root node sequence and total tree likelihood...
5.97	---Attaching sequence profiles to leafs...
5.98	---Postorder: computing likelihoods...
6.07	---Computing root node sequence and total tree likelihood...
6.07	---Attaching sequence profiles to leafs...
6.08	---Postorder: computing likelihoods...
6.18	---Computing root node sequence and total tree likelihood...
6.18	---Attaching sequence profiles to leafs...
6.19	---Postorder: computing likelihoods...
6.29	---Computing root node sequence and total tree likelihood...
6.29	---Attaching sequence profiles to leafs...
6.30	---Postorder: computing likelihoods...
6.39	---Computing root node sequence and total tree likelihood...
6.39	---Attaching sequence profiles to leafs...
6.39	---Postorder: computing likelihoods...
6.49	---Computing root node sequence and total tree likelihood...
6.49	---Attaching sequence profiles to leafs...
6.49	---Postorder: computing likelihoods...
6.58	---Computing root node sequence and total tree likelihood...
6.59	---Attaching sequence profiles to leafs...
6.59	---Postorder: computing likelihoods...
6.70	---Computing root node sequence and total tree likelihood...
6.70	---Attaching sequence profiles to leafs...
6.71	---Postorder: computing likelihoods...
6.81	---Computing root node sequence and total tree likelihood...
6.81	---Attaching sequence profiles to leafs...
6.82	---Postorder: computing likelihoods...
6.92	---Computing root node sequence and total tree likelihood...
6.92	---Attaching sequence profiles to leafs...
6.93	---Postorder: computing likelihoods...
7.02	---Computing root node sequence and total tree likelihood...

7.02	-treeanc:optimize_gtr_rate: optimization successful. Overall rate estimated
    	 to be 3.826096
7.02	--TreeAnc.infer_gtr: counting mutations...
7.23	---TreeAnc.infer_gtr: counting mutations...done

7.23	-GTR: with alphabet: ['A', 'B', 'C', 'D', 'E']
7.23	--GTR: ambiguous character: F
7.23	----GTR: no gap symbol!
7.23	---GTR: init with dummy values!

7.23	-GTR: model inference
7.23	---GTR inference iteration 0 change: 0.447213595499958
7.23	---GTR inference iteration 1 change: 0.02787553673292916
7.23	---GTR inference iteration 2 change: 0.0007280586968312373
7.23	---Attaching sequence profiles to leafs...
7.24	---Postorder: computing likelihoods...
7.33	---Computing root node sequence and total tree likelihood...
7.33	---Attaching sequence profiles to leafs...
7.34	---Postorder: computing likelihoods...
7.43	---Computing root node sequence and total tree likelihood...
7.43	---Attaching sequence profiles to leafs...
7.44	---Postorder: computing likelihoods...
7.54	---Computing root node sequence and total tree likelihood...
7.54	---Attaching sequence profiles to leafs...
7.55	---Postorder: computing likelihoods...
7.64	---Computing root node sequence and total tree likelihood...
7.64	---Attaching sequence profiles to leafs...
7.64	---Postorder: computing likelihoods...
7.74	---Computing root node sequence and total tree likelihood...
7.74	---Attaching sequence profiles to leafs...
7.74	---Postorder: computing likelihoods...
7.84	---Computing root node sequence and total tree likelihood...
7.84	---Attaching sequence profiles to leafs...
7.84	---Postorder: computing likelihoods...
7.94	---Computing root node sequence and total tree likelihood...
7.94	---Attaching sequence profiles to leafs...
7.94	---Postorder: computing likelihoods...
8.03	---Computing root node sequence and total tree likelihood...
8.03	---Attaching sequence profiles to leafs...
8.04	---Postorder: computing likelihoods...
8.13	---Computing root node sequence and total tree likelihood...
8.13	---Attaching sequence profiles to leafs...
8.13	---Postorder: computing likelihoods...
8.23	---Computing root node sequence and total tree likelihood...
8.23	---Attaching sequence profiles to leafs...
8.23	---Postorder: computing likelihoods...
8.33	---Computing root node sequence and total tree likelihood...
8.33	---Attaching sequence profiles to leafs...
8.34	---Postorder: computing likelihoods...
8.43	---Computing root node sequence and total tree likelihood...
8.43	---Attaching sequence profiles to leafs...
8.44	---Postorder: computing likelihoods...
8.53	---Computing root node sequence and total tree likelihood...
8.53	---Attaching sequence profiles to leafs...
8.53	---Postorder: computing likelihoods...
8.62	---Computing root node sequence and total tree likelihood...
8.62	---Attaching sequence profiles to leafs...
8.63	---Postorder: computing likelihoods...
8.72	---Computing root node sequence and total tree likelihood...
8.72	---Attaching sequence profiles to leafs...
8.72	---Postorder: computing likelihoods...
8.81	---Computing root node sequence and total tree likelihood...
8.81	---Attaching sequence profiles to leafs...
8.82	---Postorder: computing likelihoods...
8.91	---Computing root node sequence and total tree likelihood...
8.91	---Attaching sequence profiles to leafs...
8.92	---Postorder: computing likelihoods...
9.01	---Computing root node sequence and total tree likelihood...
9.01	---Attaching sequence profiles to leafs...
9.01	---Postorder: computing likelihoods...
9.10	---Computing root node sequence and total tree likelihood...
9.10	---Attaching sequence profiles to leafs...
9.11	---Postorder: computing likelihoods...
9.20	---Computing root node sequence and total tree likelihood...

9.20	-treeanc:optimize_gtr_rate: optimization successful. Overall rate estimated
    	 to be 3.826193
9.20	--TreeAnc.infer_gtr: counting mutations...
9.38	---TreeAnc.infer_gtr: counting mutations...done

9.38	-GTR: with alphabet: ['A', 'B', 'C', 'D', 'E']
9.38	--GTR: ambiguous character: F
9.38	----GTR: no gap symbol!
9.38	---GTR: init with dummy values!

9.38	-GTR: model inference
9.38	---GTR inference iteration 0 change: 0.447213595499958
9.38	---GTR inference iteration 1 change: 0.02787129659061076
9.38	---GTR inference iteration 2 change: 0.0007281227544156145
9.38	---Attaching sequence profiles to leafs...
9.39	---Postorder: computing likelihoods...
9.47	---Computing root node sequence and total tree likelihood...
9.48	---Attaching sequence profiles to leafs...
9.48	---Postorder: computing likelihoods...
9.57	---Computing root node sequence and total tree likelihood...
9.57	---Attaching sequence profiles to leafs...
9.58	---Postorder: computing likelihoods...
9.67	---Computing root node sequence and total tree likelihood...
9.67	---Attaching sequence profiles to leafs...
9.67	---Postorder: computing likelihoods...
9.77	---Computing root node sequence and total tree likelihood...
9.77	---Attaching sequence profiles to leafs...
9.77	---Postorder: computing likelihoods...
9.86	---Computing root node sequence and total tree likelihood...
9.86	---Attaching sequence profiles to leafs...
9.87	---Postorder: computing likelihoods...
9.96	---Computing root node sequence and total tree likelihood...
9.96	---Attaching sequence profiles to leafs...
9.96	---Postorder: computing likelihoods...
10.05	---Computing root node sequence and total tree likelihood...
10.05	---Attaching sequence profiles to leafs...
10.06	---Postorder: computing likelihoods...
10.15	---Computing root node sequence and total tree likelihood...
10.15	---Attaching sequence profiles to leafs...
10.16	---Postorder: computing likelihoods...
10.25	---Computing root node sequence and total tree likelihood...
10.25	---Attaching sequence profiles to leafs...
10.26	---Postorder: computing likelihoods...
10.34	---Computing root node sequence and total tree likelihood...
10.35	---Attaching sequence profiles to leafs...
10.35	---Postorder: computing likelihoods...
10.44	---Computing root node sequence and total tree likelihood...
10.44	---Attaching sequence profiles to leafs...
10.45	---Postorder: computing likelihoods...
10.54	---Computing root node sequence and total tree likelihood...
10.54	---Attaching sequence profiles to leafs...
10.54	---Postorder: computing likelihoods...
10.63	---Computing root node sequence and total tree likelihood...
10.63	---Attaching sequence profiles to leafs...
10.64	---Postorder: computing likelihoods...
10.73	---Computing root node sequence and total tree likelihood...
10.74	---Attaching sequence profiles to leafs...
10.74	---Postorder: computing likelihoods...
10.84	---Computing root node sequence and total tree likelihood...
10.84	---Attaching sequence profiles to leafs...
10.84	---Postorder: computing likelihoods...
10.93	---Computing root node sequence and total tree likelihood...
10.93	---Attaching sequence profiles to leafs...
10.94	---Postorder: computing likelihoods...
11.03	---Computing root node sequence and total tree likelihood...

11.03	-treeanc:optimize_gtr_rate: optimization successful. Overall rate
     	 estimated to be 3.826216
11.03	--TreeAnc.infer_gtr: counting mutations...
11.21	---TreeAnc.infer_gtr: counting mutations...done

11.21	-GTR: with alphabet: ['A', 'B', 'C', 'D', 'E']
11.21	--GTR: ambiguous character: F
11.21	----GTR: no gap symbol!
11.21	---GTR: init with dummy values!

11.21	-GTR: model inference
11.21	---GTR inference iteration 0 change: 0.447213595499958
11.21	---GTR inference iteration 1 change: 0.02787048409243404
11.21	---GTR inference iteration 2 change: 0.0007281383597883808
11.21	---Attaching sequence profiles to leafs...
11.22	---Postorder: computing likelihoods...
11.31	---Computing root node sequence and total tree likelihood...
11.31	---Attaching sequence profiles to leafs...
11.31	---Postorder: computing likelihoods...
11.41	---Computing root node sequence and total tree likelihood...
11.41	---Attaching sequence profiles to leafs...
11.41	---Postorder: computing likelihoods...
11.50	---Computing root node sequence and total tree likelihood...
11.51	---Attaching sequence profiles to leafs...
11.51	---Postorder: computing likelihoods...
11.60	---Computing root node sequence and total tree likelihood...
11.60	---Attaching sequence profiles to leafs...
11.61	---Postorder: computing likelihoods...
11.70	---Computing root node sequence and total tree likelihood...
11.70	---Attaching sequence profiles to leafs...
11.71	---Postorder: computing likelihoods...
11.80	---Computing root node sequence and total tree likelihood...
11.80	---Attaching sequence profiles to leafs...
11.80	---Postorder: computing likelihoods...
11.89	---Computing root node sequence and total tree likelihood...
11.89	---Attaching sequence profiles to leafs...
11.90	---Postorder: computing likelihoods...
11.99	---Computing root node sequence and total tree likelihood...
11.99	---Attaching sequence profiles to leafs...
11.99	---Postorder: computing likelihoods...
12.09	---Computing root node sequence and total tree likelihood...
12.09	---Attaching sequence profiles to leafs...
12.09	---Postorder: computing likelihoods...
12.18	---Computing root node sequence and total tree likelihood...
12.18	---Attaching sequence profiles to leafs...
12.19	---Postorder: computing likelihoods...
12.28	---Computing root node sequence and total tree likelihood...
12.28	---Attaching sequence profiles to leafs...
12.29	---Postorder: computing likelihoods...
12.38	---Computing root node sequence and total tree likelihood...
12.38	---Attaching sequence profiles to leafs...
12.38	---Postorder: computing likelihoods...
12.47	---Computing root node sequence and total tree likelihood...
12.47	---Attaching sequence profiles to leafs...
12.48	---Postorder: computing likelihoods...
12.57	---Computing root node sequence and total tree likelihood...
12.57	---Attaching sequence profiles to leafs...
12.58	---Postorder: computing likelihoods...
12.67	---Computing root node sequence and total tree likelihood...
12.67	---Attaching sequence profiles to leafs...
12.67	---Postorder: computing likelihoods...
12.77	---Computing root node sequence and total tree likelihood...
12.77	---Attaching sequence profiles to leafs...
12.77	---Postorder: computing likelihoods...
12.86	---Computing root node sequence and total tree likelihood...

12.87	-treeanc:optimize_gtr_rate: optimization successful. Overall rate
     	 estimated to be 3.826221

12.87	-TreeAnc.infer_ancestral_sequences with method: probabilistic, marginal
12.87	--TreeAnc._ml_anc_marginal: type of reconstruction: Marginal
12.87	---Attaching sequence profiles to leafs...
12.87	---Postorder: computing likelihoods...
12.96	---Computing root node sequence and total tree likelihood...
12.97	---Preorder: computing marginal profiles...
13.16	---TreeAnc._ml_anc_marginal: ...done
NOTE: previous versions (<0.7.0) of this command made a 'short-branch
length assumption. TreeTime now optimizes the overall rate numerically
and thus allows for long branches along which multiple changes
accumulated. This is expected to affect estimates of the overall rate
while leaving the relative rates mostly unchanged.
