
0.00	-TreeAnc: set-up
Assigned discrete traits to 617 out of 617 taxa.


0.29	-SequenceData: loaded alignment.

0.29	-SeqData: making compressed alignment...

0.29	-SequenceData: constructed compressed alignment...

0.32	-TreeAnc.infer_ancestral_sequences with method: ml, marginal
0.32	--TreeAnc._ml_anc_marginal: type of reconstruction: Marginal
0.32	---Attaching sequence profiles to leafs...
0.34	---Postorder: computing likelihoods...
0.43	---Computing root node sequence and total tree likelihood...
0.43	---Preorder: computing marginal profiles...
0.56	---TreeAnc._ml_anc_marginal: ...done
0.63	--TreeAnc.infer_gtr: counting mutations...
0.81	---TreeAnc.infer_gtr: counting mutations...done

0.81	-GTR: with alphabet: ['A', 'B', 'C', 'D', 'E', 'F', 'G', 'H', 'I', 'J',
    	 'K']
0.81	--GTR: ambiguous character: L
0.81	----GTR: no gap symbol!
0.81	---GTR: init with dummy values!

0.81	-GTR: model inference
0.81	---GTR inference iteration 0 change: 0.30151134457776363
0.81	---GTR inference iteration 1 change: 0.10755279895453321
0.81	---GTR inference iteration 2 change: 0.0423778680829909
0.81	---GTR inference iteration 3 change: 0.017786878328210933
0.82	---GTR inference iteration 4 change: 0.008116767258962798
0.82	---GTR inference iteration 5 change: 0.00391077583139148
0.82	---GTR inference iteration 6 change: 0.001957352329114089
0.82	---GTR inference iteration 7 change: 0.001010050728464066
0.82	---GTR inference iteration 8 change: 0.0005352287833410748
0.82	---GTR inference iteration 9 change: 0.0002902844539804115
0.82	---GTR inference iteration 10 change: 0.00016056140252385107
0.82	---GTR inference iteration 11 change: 9.022302363277778e-05
0.82	---GTR inference iteration 12 change: 5.131276923353715e-05
0.82	---GTR inference iteration 13 change: 2.9440185496027676e-05
0.82	---GTR inference iteration 14 change: 1.6994801378710458e-05
0.82	--TreeAnc._ml_anc_marginal: type of reconstruction: Marginal
0.82	---Attaching sequence profiles to leafs...
0.83	---Postorder: computing likelihoods...
0.93	---Computing root node sequence and total tree likelihood...
0.93	---Preorder: computing marginal profiles...
1.15	---TreeAnc._ml_anc_marginal: ...done
1.22	---Attaching sequence profiles to leafs...
1.23	---Postorder: computing likelihoods...
1.33	---Computing root node sequence and total tree likelihood...
1.33	---Attaching sequence profiles to leafs...
1.34	---Postorder: computing likelihoods...
1.44	---Computing root node sequence and total tree likelihood...
1.44	---Attaching sequence profiles to leafs...
1.45	---Postorder: computing likelihoods...
1.55	---Computing root node sequence and total tree likelihood...

1.55	-treeanc:optimize_gtr_rate: optimization failed, continuing with previous
    	 mu
1.55	--TreeAnc.infer_gtr: counting mutations...
1.75	---TreeAnc.infer_gtr: counting mutations...done

1.75	-GTR: with alphabet: ['A', 'B', 'C', 'D', 'E', 'F', 'G', 'H', 'I', 'J',
    	 'K']
1.75	--GTR: ambiguous character: L
1.75	----GTR: no gap symbol!
1.75	---GTR: init with dummy values!

1.75	-GTR: model inference
1.75	---GTR inference iteration 0 change: 0.30151134457776363
1.75	---GTR inference iteration 1 change: 0.14947101819016692
1.75	---GTR inference iteration 2 change: 0.06737329135508226
1.75	---GTR inference iteration 3 change: 0.0294808305719342
1.75	---GTR inference iteration 4 change: 0.012689624043868647
1.75	---GTR inference iteration 5 change: 0.005445620516865418
1.75	---GTR inference iteration 6 change: 0.0023654319196833953
1.75	---GTR inference iteration 7 change: 0.0010531399409210486
1.75	---GTR inference iteration 8 change: 0.0004828380861638485
1.75	---GTR inference iteration 9 change: 0.0002273453975956133
1.75	---GTR inference iteration 10 change: 0.00010926747888355488
1.75	---GTR inference iteration 11 change: 5.328132273203327e-05
1.75	---GTR inference iteration 12 change: 2.623792829655376e-05
1.75	---GTR inference iteration 13 change: 1.3008076920012618e-05
1.75	---Attaching sequence profiles to leafs...
1.76	---Postorder: computing likelihoods...
1.87	---Computing root node sequence and total tree likelihood...
1.87	---Attaching sequence profiles to leafs...
1.88	---Postorder: computing likelihoods...
1.98	---Computing root node sequence and total tree likelihood...
1.98	---Attaching sequence profiles to leafs...
1.99	---Postorder: computing likelihoods...
2.09	---Computing root node sequence and total tree likelihood...
2.09	---Attaching sequence profiles to leafs...
2.10	---Postorder: computing likelihoods...
2.20	---Computing root node sequence and total tree likelihood...
2.20	---Attaching sequence profiles to leafs...
2.21	---Postorder: computing likelihoods...
2.31	---Computing root node sequence and total tree likelihood...
2.31	---Attaching sequence profiles to leafs...
2.32	---Postorder: computing likelihoods...
2.42	---Computing root node sequence and total tree likelihood...
2.42	---Attaching sequence profiles to leafs...
2.43	---Postorder: computing likelihoods...
2.53	---Computing root node sequence and total tree likelihood...
2.53	---Attaching sequence profiles to leafs...
2.54	---Postorder: computing likelihoods...
2.64	---Computing root node sequence and total tree likelihood...
2.64	---Attaching sequence profiles to leafs...
2.65	---Postorder: computing likelihoods...
2.75	---Computing root node sequence and total tree likelihood...
2.75	---Attaching sequence profiles to leafs...
2.76	---Postorder: computing likelihoods...
2.86	---Computing root node sequence and total tree likelihood...
2.86	---Attaching sequence profiles to leafs...
2.87	---Postorder: computing likelihoods...
2.97	---Computing root node sequence and total tree likelihood...
2.97	---Attaching sequence profiles to leafs...
2.98	---Postorder: computing likelihoods...
3.09	---Computing root node sequence and total tree likelihood...
3.09	---Attaching sequence profiles to leafs...
3.09	---Postorder: computing likelihoods...
3.19	---Computing root node sequence and total tree likelihood...
3.20	---Attaching sequence profiles to leafs...
3.20	---Postorder: computing likelihoods...
3.30	---Computing root node sequence and total tree likelihood...
3.31	---Attaching sequence profiles to leafs...
3.31	---Postorder: computing likelihoods...
3.41	---Computing root node sequence and total tree likelihood...
3.41	---Attaching sequence profiles to leafs...
3.42	---Postorder: computing likelihoods...
3.52	---Computing root node sequence and total tree likelihood...
3.52	---Attaching sequence profiles to leafs...
3.53	---Postorder: computing likelihoods...
3.63	---Computing root node sequence and total tree likelihood...
3.63	---Attaching sequence profiles to leafs...
3.64	---Postorder: computing likelihoods...
3.74	---Computing root node sequence and total tree likelihood...
3.74	---Attaching sequence profiles to leafs...
3.75	---Postorder: computing likelihoods...
3.85	---Computing root node sequence and total tree likelihood...
3.85	---Attaching sequence profiles to leafs...
3.86	---Postorder: computing likelihoods...
3.96	---Computing root node sequence and total tree likelihood...
3.96	---Attaching sequence profiles to leafs...
3.97	---Postorder: computing likelihoods...
4.07	---Computing root node sequence and total tree likelihood...

4.07	-treeanc:optimize_gtr_rate: optimization successful. Overall rate estimated
    	 to be 0.000156
4.07	--TreeAnc.infer_gtr: counting mutations...
4.27	---TreeAnc.infer_gtr: counting mutations...done

4.27	-GTR: with alphabet: ['A', 'B', 'C', 'D', 'E', 'F', 'G', 'H', 'I', 'J',
    	 'K']
4.27	--GTR: ambiguous character: L
4.27	----GTR: no gap symbol!
4.27	---GTR: init with dummy values!

4.27	-GTR: model inference
4.27	---GTR inference iteration 0 change: 0.30151134457776363
4.27	---GTR inference iteration 1 change: 0.06300123850199316
4.27	---GTR inference iteration 2 change: 0.03719184534988132
4.27	---GTR inference iteration 3 change: 0.005654779118300027
4.27	---GTR inference iteration 4 change: 0.0032082101799479805
4.27	---GTR inference iteration 5 change: 0.0013071484794683788
4.27	---GTR inference iteration 6 change: 0.00010375583034438553
4.27	---GTR inference iteration 7 change: 0.00014665848827915515
4.27	---GTR inference iteration 8 change: 4.804232907131146e-05
4.27	---Attaching sequence profiles to leafs...
4.28	---Postorder: computing likelihoods...
4.38	---Computing root node sequence and total tree likelihood...
4.38	---Attaching sequence profiles to leafs...
4.39	---Postorder: computing likelihoods...
4.49	---Computing root node sequence and total tree likelihood...
4.49	---Attaching sequence profiles to leafs...
4.50	---Postorder: computing likelihoods...
4.60	---Computing root node sequence and total tree likelihood...
4.60	---Attaching sequence profiles to leafs...
4.61	---Postorder: computing likelihoods...
4.71	---Computing root node sequence and total tree likelihood...
4.71	---Attaching sequence profiles to leafs...
4.72	---Postorder: computing likelihoods...
4.82	---Computing root node sequence and total tree likelihood...
4.82	---Attaching sequence profiles to leafs...
4.83	---Postorder: computing likelihoods...
4.93	---Computing root node sequence and total tree likelihood...
4.93	---Attaching sequence profiles to leafs...
4.94	---Postorder: computing likelihoods...
5.04	---Computing root node sequence and total tree likelihood...
5.04	---Attaching sequence profiles to leafs...
5.05	---Postorder: computing likelihoods...
5.15	---Computing root node sequence and total tree likelihood...
5.15	---Attaching sequence profiles to leafs...
5.16	---Postorder: computing likelihoods...
5.26	---Computing root node sequence and total tree likelihood...
5.26	---Attaching sequence profiles to leafs...
5.27	---Postorder: computing likelihoods...
5.37	---Computing root node sequence and total tree likelihood...
5.37	---Attaching sequence profiles to leafs...
5.38	---Postorder: computing likelihoods...
5.48	---Computing root node sequence and total tree likelihood...
5.48	---Attaching sequence profiles to leafs...
5.49	---Postorder: computing likelihoods...
5.60	---Computing root node sequence and total tree likelihood...
5.60	---Attaching sequence profiles to leafs...
5.61	---Postorder: computing likelihoods...
5.71	---Computing root node sequence and total tree likelihood...
5.71	---Attaching sequence profiles to leafs...
5.72	---Postorder: computing likelihoods...
5.83	---Computing root node sequence and total tree likelihood...
5.83	---Attaching sequence profiles to leafs...
5.83	---Postorder: computing likelihoods...
5.93	---Computing root node sequence and total tree likelihood...
5.94	---Attaching sequence profiles to leafs...
5.94	---Postorder: computing likelihoods...
6.04	---Computing root node sequence and total tree likelihood...
6.04	---Attaching sequence profiles to leafs...
6.05	---Postorder: computing likelihoods...
6.15	---Computing root node sequence and total tree likelihood...

6.15	-treeanc:optimize_gtr_rate: optimization successful. Overall rate estimated
    	 to be 0.000221
6.15	--TreeAnc.infer_gtr: counting mutations...
6.38	---TreeAnc.infer_gtr: counting mutations...done

6.38	-GTR: with alphabet: ['A', 'B', 'C', 'D', 'E', 'F', 'G', 'H', 'I', 'J',
    	 'K']
6.38	--GTR: ambiguous character: L
6.38	----GTR: no gap symbol!
6.38	---GTR: init with dummy values!

6.38	-GTR: model inference
6.38	---GTR inference iteration 0 change: 0.30151134457776363
6.38	---GTR inference iteration 1 change: 0.03834313261327124
6.38	---GTR inference iteration 2 change: 0.03005717971234943
6.38	---GTR inference iteration 3 change: 0.0050287901362926464
6.38	---GTR inference iteration 4 change: 0.002139662823790643
6.39	---GTR inference iteration 5 change: 0.0008599158946031328
6.39	---GTR inference iteration 6 change: 6.679230132636687e-05
6.39	---GTR inference iteration 7 change: 8.447346809553337e-05
6.39	---GTR inference iteration 8 change: 2.5206777681079987e-05
6.39	---Attaching sequence profiles to leafs...
6.39	---Postorder: computing likelihoods...
6.50	---Computing root node sequence and total tree likelihood...
6.50	---Attaching sequence profiles to leafs...
6.50	---Postorder: computing likelihoods...
6.61	---Computing root node sequence and total tree likelihood...
6.61	---Attaching sequence profiles to leafs...
6.61	---Postorder: computing likelihoods...
6.72	---Computing root node sequence and total tree likelihood...
6.72	---Attaching sequence profiles to leafs...
6.72	---Postorder: computing likelihoods...
6.83	---Computing root node sequence and total tree likelihood...
6.83	---Attaching sequence profiles to leafs...
6.84	---Postorder: computing likelihoods...
6.94	---Computing root node sequence and total tree likelihood...
6.94	---Attaching sequence profiles to leafs...
6.94	---Postorder: computing likelihoods...
7.05	---Computing root node sequence and total tree likelihood...
7.05	---Attaching sequence profiles to leafs...
7.05	---Postorder: computing likelihoods...
7.15	---Computing root node sequence and total tree likelihood...
7.16	---Attaching sequence profiles to leafs...
7.16	---Postorder: computing likelihoods...
7.27	---Computing root node sequence and total tree likelihood...
7.27	---Attaching sequence profiles to leafs...
7.27	---Postorder: computing likelihoods...
7.38	---Computing root node sequence and total tree likelihood...
7.38	---Attaching sequence profiles to leafs...
7.38	---Postorder: computing likelihoods...
7.48	---Computing root node sequence and total tree likelihood...
7.49	---Attaching sequence profiles to leafs...
7.49	---Postorder: computing likelihoods...
7.59	---Computing root node sequence and total tree likelihood...
7.59	---Attaching sequence profiles to leafs...
7.60	---Postorder: computing likelihoods...
7.70	---Computing root node sequence and total tree likelihood...
7.70	---Attaching sequence profiles to leafs...
7.71	---Postorder: computing likelihoods...
7.82	---Computing root node sequence and total tree likelihood...
7.82	---Attaching sequence profiles to leafs...
7.82	---Postorder: computing likelihoods...
7.92	---Computing root node sequence and total tree likelihood...
7.93	---Attaching sequence profiles to leafs...
7.93	---Postorder: computing likelihoods...
8.03	---Computing root node sequence and total tree likelihood...
8.03	---Attaching sequence profiles to leafs...
8.04	---Postorder: computing likelihoods...
8.14	---Computing root node sequence and total tree likelihood...
8.14	---Attaching sequence profiles to leafs...
8.15	---Postorder: computing likelihoods...
8.25	---Computing root node sequence and total tree likelihood...
8.25	---Attaching sequence profiles to leafs...
8.26	---Postorder: computing likelihoods...
8.36	---Computing root node sequence and total tree likelihood...
8.36	---Attaching sequence profiles to leafs...
8.37	---Postorder: computing likelihoods...
8.47	---Computing root node sequence and total tree likelihood...

8.47	-treeanc:optimize_gtr_rate: optimization successful. Overall rate estimated
    	 to be 0.000236
8.47	--TreeAnc.infer_gtr: counting mutations...
8.67	---TreeAnc.infer_gtr: counting mutations...done

8.67	-GTR: with alphabet: ['A', 'B', 'C', 'D', 'E', 'F', 'G', 'H', 'I', 'J',
    	 'K']
8.67	--GTR: ambiguous character: L
8.67	----GTR: no gap symbol!
8.67	---GTR: init with dummy values!

8.67	-GTR: model inference
8.67	---GTR inference iteration 0 change: 0.30151134457776363
8.67	---GTR inference iteration 1 change: 0.0352002640648944
8.67	---GTR inference iteration 2 change: 0.029150474323477123
8.67	---GTR inference iteration 3 change: 0.004962939817033779
8.67	---GTR inference iteration 4 change: 0.0020108771486069483
8.67	---GTR inference iteration 5 change: 0.0008100394356570205
8.67	---GTR inference iteration 6 change: 6.292725794103588e-05
8.67	---GTR inference iteration 7 change: 7.765967123335133e-05
8.67	---GTR inference iteration 8 change: 2.302060179135704e-05
8.67	---Attaching sequence profiles to leafs...
8.68	---Postorder: computing likelihoods...
8.79	---Computing root node sequence and total tree likelihood...
8.79	---Attaching sequence profiles to leafs...
8.80	---Postorder: computing likelihoods...
8.90	---Computing root node sequence and total tree likelihood...
8.90	---Attaching sequence profiles to leafs...
8.91	---Postorder: computing likelihoods...
9.01	---Computing root node sequence and total tree likelihood...
9.01	---Attaching sequence profiles to leafs...
9.02	---Postorder: computing likelihoods...
9.12	---Computing root node sequence and total tree likelihood...
9.12	---Attaching sequence profiles to leafs...
9.13	---Postorder: computing likelihoods...
9.23	---Computing root node sequence and total tree likelihood...
9.23	---Attaching sequence profiles to leafs...
9.24	---Postorder: computing likelihoods...
9.34	---Computing root node sequence and total tree likelihood...
9.34	---Attaching sequence profiles to leafs...
9.35	---Postorder: computing likelihoods...
9.45	---Computing root node sequence and total tree likelihood...
9.45	---Attaching sequence profiles to leafs...
9.45	---Postorder: computing likelihoods...
9.56	---Computing root node sequence and total tree likelihood...
9.56	---Attaching sequence profiles to leafs...
9.56	---Postorder: computing likelihoods...
9.67	---Computing root node sequence and total tree likelihood...
9.67	---Attaching sequence profiles to leafs...
9.67	---Postorder: computing likelihoods...
9.77	---Computing root node sequence and total tree likelihood...
9.78	---Attaching sequence profiles to leafs...
9.78	---Postorder: computing likelihoods...
9.96	---Computing root node sequence and total tree likelihood...
9.96	---Attaching sequence profiles to leafs...
9.97	---Postorder: computing likelihoods...
10.07	---Computing root node sequence and total tree likelihood...
10.07	---Attaching sequence profiles to leafs...
10.08	---Postorder: computing likelihoods...
10.18	---Computing root node sequence and total tree likelihood...
10.18	---Attaching sequence profiles to leafs...
10.19	---Postorder: computing likelihoods...
10.29	---Computing root node sequence and total tree likelihood...
10.29	---Attaching sequence profiles to leafs...
10.30	---Postorder: computing likelihoods...
10.40	---Computing root node sequence and total tree likelihood...
10.40	---Attaching sequence profiles to leafs...
10.40	---Postorder: computing likelihoods...
10.51	---Computing root node sequence and total tree likelihood...
10.51	---Attaching sequence profiles to leafs...
10.51	---Postorder: computing likelihoods...
10.62	---Computing root node sequence and total tree likelihood...
10.62	---Attaching sequence profiles to leafs...
10.62	---Postorder: computing likelihoods...
10.73	---Computing root node sequence and total tree likelihood...
10.73	---Attaching sequence profiles to leafs...
10.73	---Postorder: computing likelihoods...
10.84	---Computing root node sequence and total tree likelihood...
10.84	---Attaching sequence profiles to leafs...
10.85	---Postorder: computing likelihoods...
10.95	---Computing root node sequence and total tree likelihood...
10.95	---Attaching sequence profiles to leafs...
10.96	---Postorder: computing likelihoods...
11.06	---Computing root node sequence and total tree likelihood...
11.06	---Attaching sequence profiles to leafs...
11.07	---Postorder: computing likelihoods...
11.17	---Computing root node sequence and total tree likelihood...
11.17	---Attaching sequence profiles to leafs...
11.18	---Postorder: computing likelihoods...
11.28	---Computing root node sequence and total tree likelihood...
11.28	---Attaching sequence profiles to leafs...
11.29	---Postorder: computing likelihoods...
11.39	---Computing root node sequence and total tree likelihood...

11.39	-treeanc:optimize_gtr_rate: optimization successful. Overall rate
     	 estimated to be 0.000238
11.39	--TreeAnc.infer_gtr: counting mutations...
11.59	---TreeAnc.infer_gtr: counting mutations...done

11.59	-GTR: with alphabet: ['A', 'B', 'C', 'D', 'E', 'F', 'G', 'H', 'I', 'J',
     	 'K']
11.59	--GTR: ambiguous character: L
11.59	----GTR: no gap symbol!
11.59	---GTR: init with dummy values!

11.59	-GTR: model inference
11.59	---GTR inference iteration 0 change: 0.30151134457776363
11.59	---GTR inference iteration 1 change: 0.034816845434402374
11.59	---GTR inference iteration 2 change: 0.029049633133985654
11.59	---GTR inference iteration 3 change: 0.004958676478246665
11.59	---GTR inference iteration 4 change: 0.001996418662941819
11.59	---GTR inference iteration 5 change: 0.0008048419722667858
11.59	---GTR inference iteration 6 change: 6.25619746727507e-05
11.59	---GTR inference iteration 7 change: 7.69282737462202e-05
11.59	---GTR inference iteration 8 change: 2.280516951414072e-05
11.59	---Attaching sequence profiles to leafs...
11.60	---Postorder: computing likelihoods...
11.70	---Computing root node sequence and total tree likelihood...
11.70	---Attaching sequence profiles to leafs...
11.71	---Postorder: computing likelihoods...
11.81	---Computing root node sequence and total tree likelihood...
11.81	---Attaching sequence profiles to leafs...
11.82	---Postorder: computing likelihoods...
11.92	---Computing root node sequence and total tree likelihood...
11.92	---Attaching sequence profiles to leafs...
11.93	---Postorder: computing likelihoods...
12.03	---Computing root node sequence and total tree likelihood...
12.03	---Attaching sequence profiles to leafs...
12.04	---Postorder: computing likelihoods...
12.14	---Computing root node sequence and total tree likelihood...
12.14	---Attaching sequence profiles to leafs...
12.15	---Postorder: computing likelihoods...
12.25	---Computing root node sequence and total tree likelihood...
12.25	---Attaching sequence profiles to leafs...
12.26	---Postorder: computing likelihoods...
12.36	---Computing root node sequence and total tree likelihood...
12.36	---Attaching sequence profiles to leafs...
12.37	---Postorder: computing likelihoods...
12.47	---Computing root node sequence and total tree likelihood...
12.47	---Attaching sequence profiles to leafs...
12.48	---Postorder: computing likelihoods...
12.58	---Computing root node sequence and total tree likelihood...
12.58	---Attaching sequence profiles to leafs...
12.59	---Postorder: computing likelihoods...
12.70	---Computing root node sequence and total tree likelihood...
12.70	---Attaching sequence profiles to leafs...
12.70	---Postorder: computing likelihoods...
12.81	---Computing root node sequence and total tree likelihood...
12.81	---Attaching sequence profiles to leafs...
12.81	---Postorder: computing likelihoods...
12.92	---Computing root node sequence and total tree likelihood...
12.92	---Attaching sequence profiles to leafs...
12.92	---Postorder: computing likelihoods...
13.03	---Computing root node sequence and total tree likelihood...
13.03	---Attaching sequence profiles to leafs...
13.03	---Postorder: computing likelihoods...
13.14	---Computing root node sequence and total tree likelihood...
13.14	---Attaching sequence profiles to leafs...
13.14	---Postorder: computing likelihoods...
13.25	---Computing root node sequence and total tree likelihood...
13.25	---Attaching sequence profiles to leafs...
13.25	---Postorder: computing likelihoods...
13.36	---Computing root node sequence and total tree likelihood...
13.36	---Attaching sequence profiles to leafs...
13.36	---Postorder: computing likelihoods...
13.46	---Computing root node sequence and total tree likelihood...
13.46	---Attaching sequence profiles to leafs...
13.47	---Postorder: computing likelihoods...
13.58	---Computing root node sequence and total tree likelihood...
13.58	---Attaching sequence profiles to leafs...
13.58	---Postorder: computing likelihoods...
13.69	---Computing root node sequence and total tree likelihood...

13.69	-treeanc:optimize_gtr_rate: optimization successful. Overall rate
     	 estimated to be 0.000239

13.69	-TreeAnc.infer_ancestral_sequences with method: probabilistic, marginal
13.69	--TreeAnc._ml_anc_marginal: type of reconstruction: Marginal
13.69	---Attaching sequence profiles to leafs...
13.69	---Postorder: computing likelihoods...
13.80	---Computing root node sequence and total tree likelihood...
13.80	---Preorder: computing marginal profiles...
14.01	---TreeAnc._ml_anc_marginal: ...done
NOTE: previous versions (<0.7.0) of this command made a 'short-branch
length assumption. TreeTime now optimizes the overall rate numerically
and thus allows for long branches along which multiple changes
accumulated. This is expected to affect estimates of the overall rate
while leaving the relative rates mostly unchanged.
