
0.00	-TreeAnc: set-up
Assigned discrete traits to 617 out of 617 taxa.


0.30	-SequenceData: loaded alignment.

0.30	-SeqData: making compressed alignment...

0.30	-SequenceData: constructed compressed alignment...

0.34	-TreeAnc.infer_ancestral_sequences with method: ml, marginal
0.34	--TreeAnc._ml_anc_marginal: type of reconstruction: Marginal
0.34	---Attaching sequence profiles to leafs...
0.35	---Postorder: computing likelihoods...
0.50	---Computing root node sequence and total tree likelihood...
0.50	---Preorder: computing marginal profiles...
0.65	---TreeAnc._ml_anc_marginal: ...done
0.82	--TreeAnc.infer_gtr: counting mutations...
1.10	---TreeAnc.infer_gtr: counting mutations...done

1.10	-GTR: with alphabet: ['A', 'B', 'C', 'D', 'E', 'F', 'G', 'H', 'I', 'J',
    	 'K', 'L', 'M', 'N', 'O', 'P', 'Q', 'R', 'S', 'T', 'U', 'V', 'W', 'X', 'Y',
    	 'Z', '[', '\\', ']', '^', '_', '`', 'a', 'b', 'c', 'd', 'e']
1.10	--GTR: ambiguous character: f
1.10	----GTR: no gap symbol!
1.10	---GTR: init with dummy values!

1.10	-GTR: model inference
1.10	---GTR inference iteration 0 change: 0.1643989873053573
1.10	---GTR inference iteration 1 change: 0.00394876803157789
1.10	--TreeAnc._ml_anc_marginal: type of reconstruction: Marginal
1.10	---Attaching sequence profiles to leafs...
1.11	---Postorder: computing likelihoods...
1.27	---Computing root node sequence and total tree likelihood...
1.27	---Preorder: computing marginal profiles...
1.54	---TreeAnc._ml_anc_marginal: ...done
1.71	---Attaching sequence profiles to leafs...
1.72	---Postorder: computing likelihoods...
1.88	---Computing root node sequence and total tree likelihood...
1.88	---Attaching sequence profiles to leafs...
1.88	---Postorder: computing likelihoods...
2.04	---Computing root node sequence and total tree likelihood...
2.04	---Attaching sequence profiles to leafs...
2.05	---Postorder: computing likelihoods...
2.22	---Computing root node sequence and total tree likelihood...
2.22	---Attaching sequence profiles to leafs...
2.23	---Postorder: computing likelihoods...
2.39	---Computing root node sequence and total tree likelihood...
2.39	---Attaching sequence profiles to leafs...
2.39	---Postorder: computing likelihoods...
2.55	---Computing root node sequence and total tree likelihood...
2.55	---Attaching sequence profiles to leafs...
2.56	---Postorder: computing likelihoods...
2.72	---Computing root node sequence and total tree likelihood...
2.72	---Attaching sequence profiles to leafs...
2.73	---Postorder: computing likelihoods...
2.89	---Computing root node sequence and total tree likelihood...
2.89	---Attaching sequence profiles to leafs...
2.90	---Postorder: computing likelihoods...
3.05	---Computing root node sequence and total tree likelihood...
3.05	---Attaching sequence profiles to leafs...
3.06	---Postorder: computing likelihoods...
3.23	---Computing root node sequence and total tree likelihood...
3.23	---Attaching sequence profiles to leafs...
3.24	---Postorder: computing likelihoods...
3.39	---Computing root node sequence and total tree likelihood...
3.40	---Attaching sequence profiles to leafs...
3.40	---Postorder: computing likelihoods...
3.57	---Computing root node sequence and total tree likelihood...
3.57	---Attaching sequence profiles to leafs...
3.58	---Postorder: computing likelihoods...
3.73	---Computing root node sequence and total tree likelihood...
3.73	---Attaching sequence profiles to leafs...
3.74	---Postorder: computing likelihoods...
3.91	---Computing root node sequence and total tree likelihood...
3.91	---Attaching sequence profiles to leafs...
3.92	---Postorder: computing likelihoods...
4.08	---Computing root node sequence and total tree likelihood...
4.08	---Attaching sequence profiles to leafs...
4.09	---Postorder: computing likelihoods...
4.24	---Computing root node sequence and total tree likelihood...
4.24	---Attaching sequence profiles to leafs...
4.25	---Postorder: computing likelihoods...
4.41	---Computing root node sequence and total tree likelihood...
4.41	---Attaching sequence profiles to leafs...
4.42	---Postorder: computing likelihoods...
4.58	---Computing root node sequence and total tree likelihood...
4.58	---Attaching sequence profiles to leafs...
4.58	---Postorder: computing likelihoods...
4.74	---Computing root node sequence and total tree likelihood...

4.74	-treeanc:optimize_gtr_rate: optimization successful. Overall rate estimated
    	 to be 35.457362
4.74	--TreeAnc.infer_gtr: counting mutations...
5.03	---TreeAnc.infer_gtr: counting mutations...done

5.03	-GTR: with alphabet: ['A', 'B', 'C', 'D', 'E', 'F', 'G', 'H', 'I', 'J',
    	 'K', 'L', 'M', 'N', 'O', 'P', 'Q', 'R', 'S', 'T', 'U', 'V', 'W', 'X', 'Y',
    	 'Z', '[', '\\', ']', '^', '_', '`', 'a', 'b', 'c', 'd', 'e']
5.03	--GTR: ambiguous character: f
5.03	----GTR: no gap symbol!
5.03	---GTR: init with dummy values!

5.03	-GTR: model inference
5.03	---GTR inference iteration 0 change: 0.1643989873053573
5.04	---GTR inference iteration 1 change: 0.003983575665464694
5.04	---Attaching sequence profiles to leafs...
5.04	---Postorder: computing likelihoods...
5.20	---Computing root node sequence and total tree likelihood...
5.20	---Attaching sequence profiles to leafs...
5.21	---Postorder: computing likelihoods...
5.37	---Computing root node sequence and total tree likelihood...
5.37	---Attaching sequence profiles to leafs...
5.37	---Postorder: computing likelihoods...
5.53	---Computing root node sequence and total tree likelihood...
5.53	---Attaching sequence profiles to leafs...
5.54	---Postorder: computing likelihoods...
5.70	---Computing root node sequence and total tree likelihood...
5.70	---Attaching sequence profiles to leafs...
5.71	---Postorder: computing likelihoods...
5.86	---Computing root node sequence and total tree likelihood...
5.86	---Attaching sequence profiles to leafs...
5.87	---Postorder: computing likelihoods...
6.03	---Computing root node sequence and total tree likelihood...
6.03	---Attaching sequence profiles to leafs...
6.04	---Postorder: computing likelihoods...
6.20	---Computing root node sequence and total tree likelihood...
6.21	---Attaching sequence profiles to leafs...
6.21	---Postorder: computing likelihoods...
6.37	---Computing root node sequence and total tree likelihood...
6.38	---Attaching sequence profiles to leafs...
6.38	---Postorder: computing likelihoods...
6.57	---Computing root node sequence and total tree likelihood...
6.57	---Attaching sequence profiles to leafs...
6.59	---Postorder: computing likelihoods...
6.78	---Computing root node sequence and total tree likelihood...
6.78	---Attaching sequence profiles to leafs...
6.79	---Postorder: computing likelihoods...
6.97	---Computing root node sequence and total tree likelihood...
6.97	---Attaching sequence profiles to leafs...
6.98	---Postorder: computing likelihoods...
7.17	---Computing root node sequence and total tree likelihood...
7.18	---Attaching sequence profiles to leafs...
7.19	---Postorder: computing likelihoods...
7.37	---Computing root node sequence and total tree likelihood...
7.37	---Attaching sequence profiles to leafs...
7.39	---Postorder: computing likelihoods...
7.57	---Computing root node sequence and total tree likelihood...
7.57	---Attaching sequence profiles to leafs...
7.58	---Postorder: computing likelihoods...
7.76	---Computing root node sequence and total tree likelihood...
7.76	---Attaching sequence profiles to leafs...
7.77	---Postorder: computing likelihoods...
7.97	---Computing root node sequence and total tree likelihood...
7.97	---Attaching sequence profiles to leafs...
7.97	---Postorder: computing likelihoods...
8.16	---Computing root node sequence and total tree likelihood...
8.16	---Attaching sequence profiles to leafs...
8.17	---Postorder: computing likelihoods...
8.35	---Computing root node sequence and total tree likelihood...
8.35	---Attaching sequence profiles to leafs...
8.36	---Postorder: computing likelihoods...
8.54	---Computing root node sequence and total tree likelihood...
8.55	---Attaching sequence profiles to leafs...
8.56	---Postorder: computing likelihoods...
8.75	---Computing root node sequence and total tree likelihood...

8.75	-treeanc:optimize_gtr_rate: optimization successful. Overall rate estimated
    	 to be 35.457306
8.75	--TreeAnc.infer_gtr: counting mutations...
9.07	---TreeAnc.infer_gtr: counting mutations...done

9.07	-GTR: with alphabet: ['A', 'B', 'C', 'D', 'E', 'F', 'G', 'H', 'I', 'J',
    	 'K', 'L', 'M', 'N', 'O', 'P', 'Q', 'R', 'S', 'T', 'U', 'V', 'W', 'X', 'Y',
    	 'Z', '[', '\\', ']', '^', '_', '`', 'a', 'b', 'c', 'd', 'e']
9.07	--GTR: ambiguous character: f
9.07	----GTR: no gap symbol!
9.07	---GTR: init with dummy values!

9.07	-GTR: model inference
9.07	---GTR inference iteration 0 change: 0.1643989873053573
9.07	---GTR inference iteration 1 change: 0.003988868016815352
9.08	---Attaching sequence profiles to leafs...
9.09	---Postorder: computing likelihoods...
9.28	---Computing root node sequence and total tree likelihood...
9.28	---Attaching sequence profiles to leafs...
9.29	---Postorder: computing likelihoods...
9.45	---Computing root node sequence and total tree likelihood...
9.45	---Attaching sequence profiles to leafs...
9.46	---Postorder: computing likelihoods...
9.65	---Computing root node sequence and total tree likelihood...
9.65	---Attaching sequence profiles to leafs...
9.66	---Postorder: computing likelihoods...
9.84	---Computing root node sequence and total tree likelihood...
9.85	---Attaching sequence profiles to leafs...
9.86	---Postorder: computing likelihoods...
10.06	---Computing root node sequence and total tree likelihood...
10.06	---Attaching sequence profiles to leafs...
10.07	---Postorder: computing likelihoods...
10.22	---Computing root node sequence and total tree likelihood...
10.22	---Attaching sequence profiles to leafs...
10.23	---Postorder: computing likelihoods...
10.43	---Computing root node sequence and total tree likelihood...
10.43	---Attaching sequence profiles to leafs...
10.44	---Postorder: computing likelihoods...
10.62	---Computing root node sequence and total tree likelihood...
10.62	---Attaching sequence profiles to leafs...
10.63	---Postorder: computing likelihoods...
10.82	---Computing root node sequence and total tree likelihood...
10.82	---Attaching sequence profiles to leafs...
10.83	---Postorder: computing likelihoods...
11.02	---Computing root node sequence and total tree likelihood...
11.02	---Attaching sequence profiles to leafs...
11.02	---Postorder: computing likelihoods...
11.21	---Computing root node sequence and total tree likelihood...
11.22	---Attaching sequence profiles to leafs...
11.23	---Postorder: computing likelihoods...
11.39	---Computing root node sequence and total tree likelihood...
11.39	---Attaching sequence profiles to leafs...
11.40	---Postorder: computing likelihoods...
11.59	---Computing root node sequence and total tree likelihood...
11.59	---Attaching sequence profiles to leafs...
11.60	---Postorder: computing likelihoods...
11.77	---Computing root node sequence and total tree likelihood...
11.77	---Attaching sequence profiles to leafs...
11.78	---Postorder: computing likelihoods...
11.96	---Computing root node sequence and total tree likelihood...
11.96	---Attaching sequence profiles to leafs...
11.97	---Postorder: computing likelihoods...
12.17	---Computing root node sequence and total tree likelihood...
12.17	---Attaching sequence profiles to leafs...
12.17	---Postorder: computing likelihoods...
12.36	---Computing root node sequence and total tree likelihood...
12.36	---Attaching sequence profiles to leafs...
12.37	---Postorder: computing likelihoods...
12.56	---Computing root node sequence and total tree likelihood...
12.57	---Attaching sequence profiles to leafs...
12.58	---Postorder: computing likelihoods...
12.77	---Computing root node sequence and total tree likelihood...

12.77	-treeanc:optimize_gtr_rate: optimization successful. Overall rate
     	 estimated to be 35.457188
12.77	--TreeAnc.infer_gtr: counting mutations...
13.09	---TreeAnc.infer_gtr: counting mutations...done

13.09	-GTR: with alphabet: ['A', 'B', 'C', 'D', 'E', 'F', 'G', 'H', 'I', 'J',
     	 'K', 'L', 'M', 'N', 'O', 'P', 'Q', 'R', 'S', 'T', 'U', 'V', 'W', 'X',
     	 'Y', 'Z', '[', '\\', ']', '^', '_', '`', 'a', 'b', 'c', 'd', 'e']
13.09	--GTR: ambiguous character: f
13.09	----GTR: no gap symbol!
13.09	---GTR: init with dummy values!

13.09	-GTR: model inference
13.09	---GTR inference iteration 0 change: 0.1643989873053573
13.10	---GTR inference iteration 1 change: 0.00398967782135941
13.10	---Attaching sequence profiles to leafs...
13.11	---Postorder: computing likelihoods...
13.30	---Computing root node sequence and total tree likelihood...
13.30	---Attaching sequence profiles to leafs...
13.30	---Postorder: computing likelihoods...
13.46	---Computing root node sequence and total tree likelihood...
13.47	---Attaching sequence profiles to leafs...
13.47	---Postorder: computing likelihoods...
13.63	---Computing root node sequence and total tree likelihood...
13.63	---Attaching sequence profiles to leafs...
13.64	---Postorder: computing likelihoods...
13.82	---Computing root node sequence and total tree likelihood...
13.84	---Attaching sequence profiles to leafs...
13.84	---Postorder: computing likelihoods...
14.02	---Computing root node sequence and total tree likelihood...
14.02	---Attaching sequence profiles to leafs...
14.03	---Postorder: computing likelihoods...
14.20	---Computing root node sequence and total tree likelihood...
14.20	---Attaching sequence profiles to leafs...
14.20	---Postorder: computing likelihoods...
14.37	---Computing root node sequence and total tree likelihood...
14.37	---Attaching sequence profiles to leafs...
14.38	---Postorder: computing likelihoods...
14.55	---Computing root node sequence and total tree likelihood...
14.55	---Attaching sequence profiles to leafs...
14.55	---Postorder: computing likelihoods...
14.71	---Computing root node sequence and total tree likelihood...
14.71	---Attaching sequence profiles to leafs...
14.72	---Postorder: computing likelihoods...
14.89	---Computing root node sequence and total tree likelihood...
14.89	---Attaching sequence profiles to leafs...
14.90	---Postorder: computing likelihoods...
15.08	---Computing root node sequence and total tree likelihood...
15.09	---Attaching sequence profiles to leafs...
15.09	---Postorder: computing likelihoods...
15.28	---Computing root node sequence and total tree likelihood...
15.28	---Attaching sequence profiles to leafs...
15.29	---Postorder: computing likelihoods...
15.46	---Computing root node sequence and total tree likelihood...
15.47	---Attaching sequence profiles to leafs...
15.47	---Postorder: computing likelihoods...
15.65	---Computing root node sequence and total tree likelihood...
15.65	---Attaching sequence profiles to leafs...
15.66	---Postorder: computing likelihoods...
15.82	---Computing root node sequence and total tree likelihood...
15.82	---Attaching sequence profiles to leafs...
15.83	---Postorder: computing likelihoods...
15.99	---Computing root node sequence and total tree likelihood...
15.99	---Attaching sequence profiles to leafs...
15.99	---Postorder: computing likelihoods...
16.16	---Computing root node sequence and total tree likelihood...

16.16	-treeanc:optimize_gtr_rate: optimization successful. Overall rate
     	 estimated to be 35.457162
16.16	--TreeAnc.infer_gtr: counting mutations...
16.44	---TreeAnc.infer_gtr: counting mutations...done

16.45	-GTR: with alphabet: ['A', 'B', 'C', 'D', 'E', 'F', 'G', 'H', 'I', 'J',
     	 'K', 'L', 'M', 'N', 'O', 'P', 'Q', 'R', 'S', 'T', 'U', 'V', 'W', 'X',
     	 'Y', 'Z', '[', '\\', ']', '^', '_', '`', 'a', 'b', 'c', 'd', 'e']
16.45	--GTR: ambiguous character: f
16.45	----GTR: no gap symbol!
16.45	---GTR: init with dummy values!

16.45	-GTR: model inference
16.45	---GTR inference iteration 0 change: 0.1643989873053573
16.45	---GTR inference iteration 1 change: 0.003989804617454772
16.45	---Attaching sequence profiles to leafs...
16.46	---Postorder: computing likelihoods...
16.61	---Computing root node sequence and total tree likelihood...
16.61	---Attaching sequence profiles to leafs...
16.62	---Postorder: computing likelihoods...
16.78	---Computing root node sequence and total tree likelihood...
16.78	---Attaching sequence profiles to leafs...
16.79	---Postorder: computing likelihoods...
16.94	---Computing root node sequence and total tree likelihood...
16.94	---Attaching sequence profiles to leafs...
16.95	---Postorder: computing likelihoods...
17.11	---Computing root node sequence and total tree likelihood...
17.11	---Attaching sequence profiles to leafs...
17.12	---Postorder: computing likelihoods...
17.28	---Computing root node sequence and total tree likelihood...
17.28	---Attaching sequence profiles to leafs...
17.28	---Postorder: computing likelihoods...
17.44	---Computing root node sequence and total tree likelihood...
17.44	---Attaching sequence profiles to leafs...
17.45	---Postorder: computing likelihoods...
17.61	---Computing root node sequence and total tree likelihood...
17.61	---Attaching sequence profiles to leafs...
17.61	---Postorder: computing likelihoods...
17.78	---Computing root node sequence and total tree likelihood...
17.78	---Attaching sequence profiles to leafs...
17.78	---Postorder: computing likelihoods...
17.94	---Computing root node sequence and total tree likelihood...
17.94	---Attaching sequence profiles to leafs...
17.95	---Postorder: computing likelihoods...
18.11	---Computing root node sequence and total tree likelihood...
18.11	---Attaching sequence profiles to leafs...
18.11	---Postorder: computing likelihoods...
18.28	---Computing root node sequence and total tree likelihood...
18.28	---Attaching sequence profiles to leafs...
18.29	---Postorder: computing likelihoods...
18.44	---Computing root node sequence and total tree likelihood...
18.44	---Attaching sequence profiles to leafs...
18.45	---Postorder: computing likelihoods...
18.61	---Computing root node sequence and total tree likelihood...
18.61	---Attaching sequence profiles to leafs...
18.62	---Postorder: computing likelihoods...
18.78	---Computing root node sequence and total tree likelihood...
18.78	---Attaching sequence profiles to leafs...
18.79	---Postorder: computing likelihoods...
18.95	---Computing root node sequence and total tree likelihood...
18.95	---Attaching sequence profiles to leafs...
18.95	---Postorder: computing likelihoods...
19.11	---Computing root node sequence and total tree likelihood...
19.11	---Attaching sequence profiles to leafs...
19.12	---Postorder: computing likelihoods...
19.27	---Computing root node sequence and total tree likelihood...
19.27	---Attaching sequence profiles to leafs...
19.28	---Postorder: computing likelihoods...
19.43	---Computing root node sequence and total tree likelihood...

19.43	-treeanc:optimize_gtr_rate: optimization successful. Overall rate
     	 estimated to be 35.457160
19.43	--TreeAnc.infer_gtr: counting mutations...
19.72	---TreeAnc.infer_gtr: counting mutations...done

19.72	-GTR: with alphabet: ['A', 'B', 'C', 'D', 'E', 'F', 'G', 'H', 'I', 'J',
     	 'K', 'L', 'M', 'N', 'O', 'P', 'Q', 'R', 'S', 'T', 'U', 'V', 'W', 'X',
     	 'Y', 'Z', '[', '\\', ']', '^', '_', '`', 'a', 'b', 'c', 'd', 'e']
19.72	--GTR: ambiguous character: f
19.72	----GTR: no gap symbol!
19.72	---GTR: init with dummy values!

19.73	-GTR: model inference
19.73	---GTR inference iteration 0 change: 0.1643989873053573
19.73	---GTR inference iteration 1 change: 0.003989825175127743
19.73	---Attaching sequence profiles to leafs...
19.74	---Postorder: computing likelihoods...
19.89	---Computing root node sequence and total tree likelihood...
19.89	---Attaching sequence profiles to leafs...
19.90	---Postorder: computing likelihoods...
20.05	---Computing root node sequence and total tree likelihood...
20.06	---Attaching sequence profiles to leafs...
20.06	---Postorder: computing likelihoods...
20.22	---Computing root node sequence and total tree likelihood...
20.22	---Attaching sequence profiles to leafs...
20.23	---Postorder: computing likelihoods...
20.38	---Computing root node sequence and total tree likelihood...
20.39	---Attaching sequence profiles to leafs...
20.39	---Postorder: computing likelihoods...
20.55	---Computing root node sequence and total tree likelihood...
20.55	---Attaching sequence profiles to leafs...
20.56	---Postorder: computing likelihoods...
20.72	---Computing root node sequence and total tree likelihood...
20.72	---Attaching sequence profiles to leafs...
20.72	---Postorder: computing likelihoods...
20.88	---Computing root node sequence and total tree likelihood...
20.89	---Attaching sequence profiles to leafs...
20.89	---Postorder: computing likelihoods...
21.05	---Computing root node sequence and total tree likelihood...
21.05	---Attaching sequence profiles to leafs...
21.06	---Postorder: computing likelihoods...
21.21	---Computing root node sequence and total tree likelihood...
21.22	---Attaching sequence profiles to leafs...
21.22	---Postorder: computing likelihoods...
21.38	---Computing root node sequence and total tree likelihood...
21.38	---Attaching sequence profiles to leafs...
21.39	---Postorder: computing likelihoods...
21.54	---Computing root node sequence and total tree likelihood...
21.54	---Attaching sequence profiles to leafs...
21.55	---Postorder: computing likelihoods...
21.71	---Computing root node sequence and total tree likelihood...
21.71	---Attaching sequence profiles to leafs...
21.72	---Postorder: computing likelihoods...
21.87	---Computing root node sequence and total tree likelihood...
21.87	---Attaching sequence profiles to leafs...
21.88	---Postorder: computing likelihoods...
22.04	---Computing root node sequence and total tree likelihood...
22.04	---Attaching sequence profiles to leafs...
22.04	---Postorder: computing likelihoods...
22.20	---Computing root node sequence and total tree likelihood...
22.21	---Attaching sequence profiles to leafs...
22.21	---Postorder: computing likelihoods...
22.37	---Computing root node sequence and total tree likelihood...
22.37	---Attaching sequence profiles to leafs...
22.38	---Postorder: computing likelihoods...
22.54	---Computing root node sequence and total tree likelihood...
22.54	---Attaching sequence profiles to leafs...
22.55	---Postorder: computing likelihoods...
22.71	---Computing root node sequence and total tree likelihood...
22.71	---Attaching sequence profiles to leafs...
22.71	---Postorder: computing likelihoods...
22.87	---Computing root node sequence and total tree likelihood...

22.87	-treeanc:optimize_gtr_rate: optimization successful. Overall rate
     	 estimated to be 35.457156

22.87	-TreeAnc.infer_ancestral_sequences with method: probabilistic, marginal
22.87	--TreeAnc._ml_anc_marginal: type of reconstruction: Marginal
22.87	---Attaching sequence profiles to leafs...
22.88	---Postorder: computing likelihoods...
23.03	---Computing root node sequence and total tree likelihood...
23.03	---Preorder: computing marginal profiles...
23.30	---TreeAnc._ml_anc_marginal: ...done
NOTE: previous versions (<0.7.0) of this command made a 'short-branch
length assumption. TreeTime now optimizes the overall rate numerically
and thus allows for long branches along which multiple changes
accumulated. This is expected to affect estimates of the overall rate
while leaving the relative rates mostly unchanged.
