
0.00	-TreeAnc: set-up
Assigned discrete traits to 522 out of 523 taxa.


0.25	-SequenceData: loaded alignment.

0.25	-SeqData: making compressed alignment...

0.25	-SequenceData: constructed compressed alignment...

0.27	-TreeAnc.infer_ancestral_sequences with method: ml, marginal
0.27	--TreeAnc._ml_anc_marginal: type of reconstruction: Marginal
0.27	---Attaching sequence profiles to leafs...
0.27	---Postorder: computing likelihoods...
0.33	---Computing root node sequence and total tree likelihood...
0.33	---Preorder: computing marginal profiles...
0.40	---TreeAnc._ml_anc_marginal: ...done
0.48	--TreeAnc.infer_gtr: counting mutations...
0.59	---TreeAnc.infer_gtr: counting mutations...done

0.59	-GTR: with alphabet: ['A', 'B', 'C', 'D', 'E', 'F', 'G', 'H', 'I', 'J',
    	 'K', 'L', 'M', 'N', 'O', 'P', 'Q', 'R', 'S', 'T', 'U', 'V', 'W', 'X', 'Y',
    	 'Z', '[', '\\', ']', '^', '_', '`', 'a']
0.59	--GTR: ambiguous character: b
0.59	----GTR: no gap symbol!
0.59	---GTR: init with dummy values!

0.59	-GTR: model inference
0.59	---GTR inference iteration 0 change: 0.17407765595569785
0.59	---GTR inference iteration 1 change: 0.0046925778379350355
0.59	--TreeAnc._ml_anc_marginal: type of reconstruction: Marginal
0.59	---Attaching sequence profiles to leafs...
0.60	---Postorder: computing likelihoods...
0.70	---Computing root node sequence and total tree likelihood...
0.70	---Preorder: computing marginal profiles...
0.80	---TreeAnc._ml_anc_marginal: ...done
0.88	---Attaching sequence profiles to leafs...
0.89	---Postorder: computing likelihoods...
0.99	---Computing root node sequence and total tree likelihood...
0.99	---Attaching sequence profiles to leafs...
1.00	---Postorder: computing likelihoods...
1.11	---Computing root node sequence and total tree likelihood...
1.11	---Attaching sequence profiles to leafs...
1.12	---Postorder: computing likelihoods...
1.26	---Computing root node sequence and total tree likelihood...
1.26	---Attaching sequence profiles to leafs...
1.27	---Postorder: computing likelihoods...
1.37	---Computing root node sequence and total tree likelihood...
1.37	---Attaching sequence profiles to leafs...
1.38	---Postorder: computing likelihoods...
1.48	---Computing root node sequence and total tree likelihood...
1.49	---Attaching sequence profiles to leafs...
1.49	---Postorder: computing likelihoods...
1.60	---Computing root node sequence and total tree likelihood...
1.60	---Attaching sequence profiles to leafs...
1.61	---Postorder: computing likelihoods...
1.71	---Computing root node sequence and total tree likelihood...
1.71	---Attaching sequence profiles to leafs...
1.72	---Postorder: computing likelihoods...
1.88	---Computing root node sequence and total tree likelihood...
1.88	---Attaching sequence profiles to leafs...
1.88	---Postorder: computing likelihoods...
1.97	---Computing root node sequence and total tree likelihood...
1.98	---Attaching sequence profiles to leafs...
1.98	---Postorder: computing likelihoods...
2.11	---Computing root node sequence and total tree likelihood...
2.12	---Attaching sequence profiles to leafs...
2.15	---Postorder: computing likelihoods...
2.28	---Computing root node sequence and total tree likelihood...
2.28	---Attaching sequence profiles to leafs...
2.29	---Postorder: computing likelihoods...
2.39	---Computing root node sequence and total tree likelihood...
2.39	---Attaching sequence profiles to leafs...
2.40	---Postorder: computing likelihoods...
2.51	---Computing root node sequence and total tree likelihood...
2.52	---Attaching sequence profiles to leafs...
2.54	---Postorder: computing likelihoods...
2.66	---Computing root node sequence and total tree likelihood...
2.67	---Attaching sequence profiles to leafs...
2.69	---Postorder: computing likelihoods...
2.81	---Computing root node sequence and total tree likelihood...
2.83	---Attaching sequence profiles to leafs...
2.85	---Postorder: computing likelihoods...
2.99	---Computing root node sequence and total tree likelihood...
3.00	---Attaching sequence profiles to leafs...
3.02	---Postorder: computing likelihoods...
3.17	---Computing root node sequence and total tree likelihood...
3.18	---Attaching sequence profiles to leafs...
3.19	---Postorder: computing likelihoods...
3.32	---Computing root node sequence and total tree likelihood...

3.34	-treeanc:optimize_gtr_rate: optimization successful. Overall rate estimated
    	 to be 31.177268
3.34	--TreeAnc.infer_gtr: counting mutations...
3.57	---TreeAnc.infer_gtr: counting mutations...done

3.57	-GTR: with alphabet: ['A', 'B', 'C', 'D', 'E', 'F', 'G', 'H', 'I', 'J',
    	 'K', 'L', 'M', 'N', 'O', 'P', 'Q', 'R', 'S', 'T', 'U', 'V', 'W', 'X', 'Y',
    	 'Z', '[', '\\', ']', '^', '_', '`', 'a']
3.57	--GTR: ambiguous character: b
3.57	----GTR: no gap symbol!
3.57	---GTR: init with dummy values!

3.57	-GTR: model inference
3.57	---GTR inference iteration 0 change: 0.17407765595569785
3.57	---GTR inference iteration 1 change: 0.004731058429413075
3.58	---Attaching sequence profiles to leafs...
3.60	---Postorder: computing likelihoods...
3.75	---Computing root node sequence and total tree likelihood...
3.76	---Attaching sequence profiles to leafs...
3.78	---Postorder: computing likelihoods...
3.90	---Computing root node sequence and total tree likelihood...
3.90	---Attaching sequence profiles to leafs...
3.91	---Postorder: computing likelihoods...
4.05	---Computing root node sequence and total tree likelihood...
4.05	---Attaching sequence profiles to leafs...
4.06	---Postorder: computing likelihoods...
4.16	---Computing root node sequence and total tree likelihood...
4.16	---Attaching sequence profiles to leafs...
4.17	---Postorder: computing likelihoods...
4.27	---Computing root node sequence and total tree likelihood...
4.28	---Attaching sequence profiles to leafs...
4.28	---Postorder: computing likelihoods...
4.39	---Computing root node sequence and total tree likelihood...
4.40	---Attaching sequence profiles to leafs...
4.40	---Postorder: computing likelihoods...
4.51	---Computing root node sequence and total tree likelihood...
4.52	---Attaching sequence profiles to leafs...
4.54	---Postorder: computing likelihoods...
4.66	---Computing root node sequence and total tree likelihood...
4.66	---Attaching sequence profiles to leafs...
4.67	---Postorder: computing likelihoods...
4.76	---Computing root node sequence and total tree likelihood...
4.76	---Attaching sequence profiles to leafs...
4.77	---Postorder: computing likelihoods...
4.91	---Computing root node sequence and total tree likelihood...
4.91	---Attaching sequence profiles to leafs...
4.91	---Postorder: computing likelihoods...
5.05	---Computing root node sequence and total tree likelihood...
5.05	---Attaching sequence profiles to leafs...
5.05	---Postorder: computing likelihoods...
5.17	---Computing root node sequence and total tree likelihood...
5.17	---Attaching sequence profiles to leafs...
5.18	---Postorder: computing likelihoods...
5.30	---Computing root node sequence and total tree likelihood...
5.31	---Attaching sequence profiles to leafs...
5.31	---Postorder: computing likelihoods...
5.46	---Computing root node sequence and total tree likelihood...
5.47	---Attaching sequence profiles to leafs...
5.48	---Postorder: computing likelihoods...
5.60	---Computing root node sequence and total tree likelihood...
5.60	---Attaching sequence profiles to leafs...
5.61	---Postorder: computing likelihoods...
5.74	---Computing root node sequence and total tree likelihood...
5.74	---Attaching sequence profiles to leafs...
5.75	---Postorder: computing likelihoods...
5.87	---Computing root node sequence and total tree likelihood...
5.87	---Attaching sequence profiles to leafs...
5.88	---Postorder: computing likelihoods...
5.99	---Computing root node sequence and total tree likelihood...
6.00	---Attaching sequence profiles to leafs...
6.01	---Postorder: computing likelihoods...
6.11	---Computing root node sequence and total tree likelihood...
6.12	---Attaching sequence profiles to leafs...
6.15	---Postorder: computing likelihoods...
6.26	---Computing root node sequence and total tree likelihood...
6.27	---Attaching sequence profiles to leafs...
6.28	---Postorder: computing likelihoods...
6.38	---Computing root node sequence and total tree likelihood...
6.38	---Attaching sequence profiles to leafs...
6.39	---Postorder: computing likelihoods...
6.51	---Computing root node sequence and total tree likelihood...
6.51	---Attaching sequence profiles to leafs...
6.52	---Postorder: computing likelihoods...
6.63	---Computing root node sequence and total tree likelihood...
6.66	---Attaching sequence profiles to leafs...
6.67	---Postorder: computing likelihoods...
6.80	---Computing root node sequence and total tree likelihood...
6.80	---Attaching sequence profiles to leafs...
6.81	---Postorder: computing likelihoods...
6.90	---Computing root node sequence and total tree likelihood...

6.90	-treeanc:optimize_gtr_rate: optimization successful. Overall rate estimated
    	 to be 31.173555
6.90	--TreeAnc.infer_gtr: counting mutations...
7.06	---TreeAnc.infer_gtr: counting mutations...done

7.06	-GTR: with alphabet: ['A', 'B', 'C', 'D', 'E', 'F', 'G', 'H', 'I', 'J',
    	 'K', 'L', 'M', 'N', 'O', 'P', 'Q', 'R', 'S', 'T', 'U', 'V', 'W', 'X', 'Y',
    	 'Z', '[', '\\', ']', '^', '_', '`', 'a']
7.06	--GTR: ambiguous character: b
7.06	----GTR: no gap symbol!
7.06	---GTR: init with dummy values!

7.07	-GTR: model inference
7.07	---GTR inference iteration 0 change: 0.17407765595569785
7.07	---GTR inference iteration 1 change: 0.0047366613627756095
7.07	---Attaching sequence profiles to leafs...
7.08	---Postorder: computing likelihoods...
7.20	---Computing root node sequence and total tree likelihood...
7.20	---Attaching sequence profiles to leafs...
7.20	---Postorder: computing likelihoods...
7.32	---Computing root node sequence and total tree likelihood...
7.32	---Attaching sequence profiles to leafs...
7.34	---Postorder: computing likelihoods...
7.48	---Computing root node sequence and total tree likelihood...
7.48	---Attaching sequence profiles to leafs...
7.49	---Postorder: computing likelihoods...
7.58	---Computing root node sequence and total tree likelihood...
7.58	---Attaching sequence profiles to leafs...
7.59	---Postorder: computing likelihoods...
7.72	---Computing root node sequence and total tree likelihood...
7.72	---Attaching sequence profiles to leafs...
7.73	---Postorder: computing likelihoods...
7.85	---Computing root node sequence and total tree likelihood...
7.85	---Attaching sequence profiles to leafs...
7.86	---Postorder: computing likelihoods...
7.98	---Computing root node sequence and total tree likelihood...
7.98	---Attaching sequence profiles to leafs...
7.99	---Postorder: computing likelihoods...
8.09	---Computing root node sequence and total tree likelihood...
8.10	---Attaching sequence profiles to leafs...
8.11	---Postorder: computing likelihoods...
8.20	---Computing root node sequence and total tree likelihood...
8.20	---Attaching sequence profiles to leafs...
8.21	---Postorder: computing likelihoods...
8.36	---Computing root node sequence and total tree likelihood...
8.37	---Attaching sequence profiles to leafs...
8.37	---Postorder: computing likelihoods...
8.48	---Computing root node sequence and total tree likelihood...
8.48	---Attaching sequence profiles to leafs...
8.49	---Postorder: computing likelihoods...
8.59	---Computing root node sequence and total tree likelihood...
8.60	---Attaching sequence profiles to leafs...
8.60	---Postorder: computing likelihoods...
8.71	---Computing root node sequence and total tree likelihood...
8.72	---Attaching sequence profiles to leafs...
8.74	---Postorder: computing likelihoods...
8.84	---Computing root node sequence and total tree likelihood...
8.84	---Attaching sequence profiles to leafs...
8.85	---Postorder: computing likelihoods...
8.98	---Computing root node sequence and total tree likelihood...
8.98	---Attaching sequence profiles to leafs...
8.99	---Postorder: computing likelihoods...
9.09	---Computing root node sequence and total tree likelihood...
9.09	---Attaching sequence profiles to leafs...
9.09	---Postorder: computing likelihoods...
9.20	---Computing root node sequence and total tree likelihood...
9.20	---Attaching sequence profiles to leafs...
9.21	---Postorder: computing likelihoods...
9.37	---Computing root node sequence and total tree likelihood...

9.37	-treeanc:optimize_gtr_rate: optimization successful. Overall rate estimated
    	 to be 31.173256
9.37	--TreeAnc.infer_gtr: counting mutations...
9.51	---TreeAnc.infer_gtr: counting mutations...done

9.52	-GTR: with alphabet: ['A', 'B', 'C', 'D', 'E', 'F', 'G', 'H', 'I', 'J',
    	 'K', 'L', 'M', 'N', 'O', 'P', 'Q', 'R', 'S', 'T', 'U', 'V', 'W', 'X', 'Y',
    	 'Z', '[', '\\', ']', '^', '_', '`', 'a']
9.52	--GTR: ambiguous character: b
9.52	----GTR: no gap symbol!
9.52	---GTR: init with dummy values!

9.52	-GTR: model inference
9.52	---GTR inference iteration 0 change: 0.17407765595569785
9.52	---GTR inference iteration 1 change: 0.004737544397714132
9.52	---Attaching sequence profiles to leafs...
9.53	---Postorder: computing likelihoods...
9.60	---Computing root node sequence and total tree likelihood...
9.64	---Attaching sequence profiles to leafs...
9.64	---Postorder: computing likelihoods...
9.75	---Computing root node sequence and total tree likelihood...
9.75	---Attaching sequence profiles to leafs...
9.76	---Postorder: computing likelihoods...
9.86	---Computing root node sequence and total tree likelihood...
9.86	---Attaching sequence profiles to leafs...
9.87	---Postorder: computing likelihoods...
9.98	---Computing root node sequence and total tree likelihood...
9.98	---Attaching sequence profiles to leafs...
9.99	---Postorder: computing likelihoods...
10.10	---Computing root node sequence and total tree likelihood...
10.10	---Attaching sequence profiles to leafs...
10.11	---Postorder: computing likelihoods...
10.24	---Computing root node sequence and total tree likelihood...
10.25	---Attaching sequence profiles to leafs...
10.25	---Postorder: computing likelihoods...
10.35	---Computing root node sequence and total tree likelihood...
10.35	---Attaching sequence profiles to leafs...
10.35	---Postorder: computing likelihoods...
10.46	---Computing root node sequence and total tree likelihood...
10.46	---Attaching sequence profiles to leafs...
10.47	---Postorder: computing likelihoods...
10.57	---Computing root node sequence and total tree likelihood...
10.57	---Attaching sequence profiles to leafs...
10.58	---Postorder: computing likelihoods...
10.67	---Computing root node sequence and total tree likelihood...
10.67	---Attaching sequence profiles to leafs...
10.68	---Postorder: computing likelihoods...
10.77	---Computing root node sequence and total tree likelihood...
10.77	---Attaching sequence profiles to leafs...
10.78	---Postorder: computing likelihoods...
10.88	---Computing root node sequence and total tree likelihood...
10.88	---Attaching sequence profiles to leafs...
10.89	---Postorder: computing likelihoods...
10.98	---Computing root node sequence and total tree likelihood...
10.98	---Attaching sequence profiles to leafs...
10.99	---Postorder: computing likelihoods...
11.09	---Computing root node sequence and total tree likelihood...
11.09	---Attaching sequence profiles to leafs...
11.09	---Postorder: computing likelihoods...
11.21	---Computing root node sequence and total tree likelihood...
11.21	---Attaching sequence profiles to leafs...
11.24	---Postorder: computing likelihoods...
11.36	---Computing root node sequence and total tree likelihood...
11.36	---Attaching sequence profiles to leafs...
11.37	---Postorder: computing likelihoods...
11.48	---Computing root node sequence and total tree likelihood...

11.48	-treeanc:optimize_gtr_rate: optimization successful. Overall rate
     	 estimated to be 31.173214
11.48	--TreeAnc.infer_gtr: counting mutations...
11.66	---TreeAnc.infer_gtr: counting mutations...done

11.66	-GTR: with alphabet: ['A', 'B', 'C', 'D', 'E', 'F', 'G', 'H', 'I', 'J',
     	 'K', 'L', 'M', 'N', 'O', 'P', 'Q', 'R', 'S', 'T', 'U', 'V', 'W', 'X',
     	 'Y', 'Z', '[', '\\', ']', '^', '_', '`', 'a']
11.66	--GTR: ambiguous character: b
11.66	----GTR: no gap symbol!
11.66	---GTR: init with dummy values!

11.66	-GTR: model inference
11.66	---GTR inference iteration 0 change: 0.17407765595569785
11.66	---GTR inference iteration 1 change: 0.004737680478404572
11.67	---Attaching sequence profiles to leafs...
11.67	---Postorder: computing likelihoods...
11.77	---Computing root node sequence and total tree likelihood...
11.78	---Attaching sequence profiles to leafs...
11.78	---Postorder: computing likelihoods...
11.89	---Computing root node sequence and total tree likelihood...
11.89	---Attaching sequence profiles to leafs...
11.90	---Postorder: computing likelihoods...
11.99	---Computing root node sequence and total tree likelihood...
11.99	---Attaching sequence profiles to leafs...
11.99	---Postorder: computing likelihoods...
12.12	---Computing root node sequence and total tree likelihood...
12.12	---Attaching sequence profiles to leafs...
12.13	---Postorder: computing likelihoods...
12.26	---Computing root node sequence and total tree likelihood...
12.26	---Attaching sequence profiles to leafs...
12.27	---Postorder: computing likelihoods...
12.36	---Computing root node sequence and total tree likelihood...
12.36	---Attaching sequence profiles to leafs...
12.37	---Postorder: computing likelihoods...
12.49	---Computing root node sequence and total tree likelihood...
12.49	---Attaching sequence profiles to leafs...
12.50	---Postorder: computing likelihoods...
12.60	---Computing root node sequence and total tree likelihood...
12.60	---Attaching sequence profiles to leafs...
12.61	---Postorder: computing likelihoods...
12.75	---Computing root node sequence and total tree likelihood...
12.75	---Attaching sequence profiles to leafs...
12.75	---Postorder: computing likelihoods...
12.88	---Computing root node sequence and total tree likelihood...
12.88	---Attaching sequence profiles to leafs...
12.89	---Postorder: computing likelihoods...
12.99	---Computing root node sequence and total tree likelihood...
13.01	---Attaching sequence profiles to leafs...
13.02	---Postorder: computing likelihoods...
13.16	---Computing root node sequence and total tree likelihood...
13.16	---Attaching sequence profiles to leafs...
13.17	---Postorder: computing likelihoods...
13.28	---Computing root node sequence and total tree likelihood...
13.28	---Attaching sequence profiles to leafs...
13.29	---Postorder: computing likelihoods...
13.40	---Computing root node sequence and total tree likelihood...
13.40	---Attaching sequence profiles to leafs...
13.41	---Postorder: computing likelihoods...
13.55	---Computing root node sequence and total tree likelihood...
13.55	---Attaching sequence profiles to leafs...
13.55	---Postorder: computing likelihoods...
13.65	---Computing root node sequence and total tree likelihood...
13.65	---Attaching sequence profiles to leafs...
13.65	---Postorder: computing likelihoods...
13.78	---Computing root node sequence and total tree likelihood...
13.78	---Attaching sequence profiles to leafs...
13.78	---Postorder: computing likelihoods...
13.89	---Computing root node sequence and total tree likelihood...
13.89	---Attaching sequence profiles to leafs...
13.90	---Postorder: computing likelihoods...
14.02	---Computing root node sequence and total tree likelihood...
14.02	---Attaching sequence profiles to leafs...
14.04	---Postorder: computing likelihoods...
14.16	---Computing root node sequence and total tree likelihood...

14.16	-treeanc:optimize_gtr_rate: optimization successful. Overall rate
     	 estimated to be 31.173205
14.16	--TreeAnc.infer_gtr: counting mutations...
14.30	---TreeAnc.infer_gtr: counting mutations...done

14.30	-GTR: with alphabet: ['A', 'B', 'C', 'D', 'E', 'F', 'G', 'H', 'I', 'J',
     	 'K', 'L', 'M', 'N', 'O', 'P', 'Q', 'R', 'S', 'T', 'U', 'V', 'W', 'X',
     	 'Y', 'Z', '[', '\\', ']', '^', '_', '`', 'a']
14.30	--GTR: ambiguous character: b
14.30	----GTR: no gap symbol!
14.30	---GTR: init with dummy values!

14.30	-GTR: model inference
14.30	---GTR inference iteration 0 change: 0.17407765595569785
14.31	---GTR inference iteration 1 change: 0.004737701867727097
14.31	---Attaching sequence profiles to leafs...
14.31	---Postorder: computing likelihoods...
14.38	---Computing root node sequence and total tree likelihood...
14.38	---Attaching sequence profiles to leafs...
14.38	---Postorder: computing likelihoods...
14.50	---Computing root node sequence and total tree likelihood...
14.50	---Attaching sequence profiles to leafs...
14.51	---Postorder: computing likelihoods...
14.61	---Computing root node sequence and total tree likelihood...
14.61	---Attaching sequence profiles to leafs...
14.64	---Postorder: computing likelihoods...
14.78	---Computing root node sequence and total tree likelihood...
14.78	---Attaching sequence profiles to leafs...
14.78	---Postorder: computing likelihoods...
14.88	---Computing root node sequence and total tree likelihood...
14.89	---Attaching sequence profiles to leafs...
14.89	---Postorder: computing likelihoods...
15.01	---Computing root node sequence and total tree likelihood...
15.01	---Attaching sequence profiles to leafs...
15.01	---Postorder: computing likelihoods...
15.16	---Computing root node sequence and total tree likelihood...
15.16	---Attaching sequence profiles to leafs...
15.17	---Postorder: computing likelihoods...
15.28	---Computing root node sequence and total tree likelihood...
15.28	---Attaching sequence profiles to leafs...
15.29	---Postorder: computing likelihoods...
15.36	---Computing root node sequence and total tree likelihood...
15.36	---Attaching sequence profiles to leafs...
15.37	---Postorder: computing likelihoods...
15.47	---Computing root node sequence and total tree likelihood...
15.47	---Attaching sequence profiles to leafs...
15.48	---Postorder: computing likelihoods...
15.57	---Computing root node sequence and total tree likelihood...
15.57	---Attaching sequence profiles to leafs...
15.57	---Postorder: computing likelihoods...
15.69	---Computing root node sequence and total tree likelihood...
15.69	---Attaching sequence profiles to leafs...
15.70	---Postorder: computing likelihoods...
15.80	---Computing root node sequence and total tree likelihood...
15.80	---Attaching sequence profiles to leafs...
15.81	---Postorder: computing likelihoods...
15.96	---Computing root node sequence and total tree likelihood...
15.96	---Attaching sequence profiles to leafs...
15.97	---Postorder: computing likelihoods...
16.06	---Computing root node sequence and total tree likelihood...
16.06	---Attaching sequence profiles to leafs...
16.07	---Postorder: computing likelihoods...
16.18	---Computing root node sequence and total tree likelihood...
16.18	---Attaching sequence profiles to leafs...
16.19	---Postorder: computing likelihoods...
16.29	---Computing root node sequence and total tree likelihood...

16.29	-treeanc:optimize_gtr_rate: optimization successful. Overall rate
     	 estimated to be 31.173209

16.29	-TreeAnc.infer_ancestral_sequences with method: probabilistic, marginal
16.29	--TreeAnc._ml_anc_marginal: type of reconstruction: Marginal
16.29	---Attaching sequence profiles to leafs...
16.30	---Postorder: computing likelihoods...
16.40	---Computing root node sequence and total tree likelihood...
16.40	---Preorder: computing marginal profiles...
16.53	---TreeAnc._ml_anc_marginal: ...done
NOTE: previous versions (<0.7.0) of this command made a 'short-branch
length assumption. TreeTime now optimizes the overall rate numerically
and thus allows for long branches along which multiple changes
accumulated. This is expected to affect estimates of the overall rate
while leaving the relative rates mostly unchanged.
